<?xml version="1.0" encoding="UTF-8" ?>
<testsuite failures="0" time="0.457" errors="0" skipped="0" tests="1264" name="org.bukkit.craftbukkit.inventory.FactoryItemMaterialTest">
  <properties>
    <property name="java.vendor" value="Oracle Corporation"/>
    <property name="JOB_NAME" value="Spigot"/>
    <property name="PWD" value="/var/lib/jenkins"/>
    <property name="sun.java.launcher" value="SUN_STANDARD"/>
    <property name="sun.management.compiler" value="HotSpot 64-Bit Tiered Compilers"/>
    <property name="JENKINS_HOME" value="/var/lib/jenkins"/>
    <property name="PATH" value="/usr/local/bin:/usr/bin:/bin:/usr/local/games:/usr/games"/>
    <property name="HUDSON_SERVER_COOKIE" value="94eaa43a402a04c2"/>
    <property name="POM_ARTIFACTID" value="spigot-parent"/>
    <property name="os.name" value="Linux"/>
    <property name="sun.boot.class.path" value="/usr/lib/jvm/java-7-openjdk-amd64/jre/lib/resources.jar:/usr/lib/jvm/java-7-openjdk-amd64/jre/lib/rt.jar:/usr/lib/jvm/java-7-openjdk-amd64/jre/lib/sunrsasign.jar:/usr/lib/jvm/java-7-openjdk-amd64/jre/lib/jsse.jar:/usr/lib/jvm/java-7-openjdk-amd64/jre/lib/jce.jar:/usr/lib/jvm/java-7-openjdk-amd64/jre/lib/charsets.jar:/usr/lib/jvm/java-7-openjdk-amd64/jre/lib/rhino.jar:/usr/lib/jvm/java-7-openjdk-amd64/jre/lib/jfr.jar:/usr/lib/jvm/java-7-openjdk-amd64/jre/classes"/>
    <property name="EXECUTOR_NUMBER" value="2"/>
    <property name="build.number" value="1649"/>
    <property name="java.vm.specification.vendor" value="Oracle Corporation"/>
    <property name="POM_DISPLAYNAME" value="Spigot-Parent"/>
    <property name="NODE_LABELS" value="master"/>
    <property name="java.runtime.version" value="1.7.0_65-b32"/>
    <property name="GIT_COMMITTER_EMAIL" value="staff@spigotmc.org"/>
    <property name="user.name" value="jenkins"/>
    <property name="guice.disable.misplaced.annotation.check" value="true"/>
    <property name="XDG_SESSION_COOKIE" value="48df2681aa611a608d379994518a3a3c-1406531790.613283-314715490"/>
    <property name="user.language" value="en"/>
    <property name="BUILD_DISPLAY_NAME" value="#1649"/>
    <property name="sun.boot.library.path" value="/usr/lib/jvm/java-7-openjdk-amd64/jre/lib/amd64"/>
    <property name="java.version" value="1.7.0_65"/>
    <property name="user.timezone" value="America/New_York"/>
    <property name="GIT_AUTHOR_NAME" value="SpigotMC"/>
    <property name="sun.arch.data.model" value="64"/>
    <property name="NODE_NAME" value="master"/>
    <property name="TERM" value="xterm"/>
    <property name="java.endorsed.dirs" value="/usr/lib/jvm/java-7-openjdk-amd64/jre/lib/endorsed"/>
    <property name="BUILD_ID" value="2014-09-04_05-23-53"/>
    <property name="sun.cpu.isalist" value=""/>
    <property name="sun.jnu.encoding" value="UTF-8"/>
    <property name="file.encoding.pkg" value="sun.io"/>
    <property name="SHELL" value="/bin/bash"/>
    <property name="file.separator" value="/"/>
    <property name="java.specification.name" value="Java Platform API Specification"/>
    <property name="java.class.version" value="51.0"/>
    <property name="user.country" value="US"/>
    <property name="securerandom.source" value="file:/dev/./urandom"/>
    <property name="java.home" value="/usr/lib/jvm/java-7-openjdk-amd64/jre"/>
    <property name="java.vm.info" value="mixed mode"/>
    <property name="os.version" value="3.2.0-4-amd64"/>
    <property name="POM_VERSION" value="dev-SNAPSHOT"/>
    <property name="sun.font.fontmanager" value="sun.awt.X11FontManager"/>
    <property name="path.separator" value=":"/>
    <property name="java.vm.version" value="24.65-b04"/>
    <property name="GIT_PREVIOUS_COMMIT" value="32742c697cf6cf4c93ab91ea4c42fce311a41a57"/>
    <property name="SHLVL" value="1"/>
    <property name="_" value="/usr/bin/daemon"/>
    <property name="java.awt.printerjob" value="sun.print.PSPrinterJob"/>
    <property name="sun.io.unicode.encoding" value="UnicodeLittle"/>
    <property name="awt.toolkit" value="sun.awt.X11.XToolkit"/>
    <property name="LOGNAME" value="jenkins"/>
    <property name="POM_PACKAGING" value="pom"/>
    <property name="HOME" value="/var/lib/jenkins"/>
    <property name="POM_GROUPID" value="org.spigotmc"/>
    <property name="user.home" value="/var/lib/jenkins"/>
    <property name="GIT_COMMITTER_NAME" value="SpigotMC"/>
    <property name="BUILD_TAG" value="jenkins-Spigot-1649"/>
    <property name="JENKINS_SERVER_COOKIE" value="94eaa43a402a04c2"/>
    <property name="HUDSON_URL" value="http://ci.md-5.net/"/>
    <property name="java.specification.vendor" value="Oracle Corporation"/>
    <property name="CLASSPATH" value=""/>
    <property name="java.library.path" value="/usr/java/packages/lib/amd64:/usr/lib/x86_64-linux-gnu/jni:/lib/x86_64-linux-gnu:/usr/lib/x86_64-linux-gnu:/usr/lib/jni:/lib:/usr/lib"/>
    <property name="java.vendor.url" value="http://java.oracle.com/"/>
    <property name="java.vm.vendor" value="Oracle Corporation"/>
    <property name="maven.home" value="/var/lib/jenkins/tools/Maven/Maven"/>
    <property name="java.runtime.name" value="OpenJDK Runtime Environment"/>
    <property name="java.class.path" value="/var/lib/jenkins/plugins/maven-plugin/WEB-INF/lib/maven3-agent-1.5.jar:/var/lib/jenkins/tools/Maven/Maven/boot/plexus-classworlds-2.4.jar"/>
    <property name="sun.java.command" value="org.jvnet.hudson.maven3.agent.Maven3Main /var/lib/jenkins/tools/Maven/Maven/ /var/cache/jenkins/war/WEB-INF/lib/remoting-2.43.jar /var/lib/jenkins/plugins/maven-plugin/WEB-INF/lib/maven3-interceptor-1.5.jar /var/lib/jenkins/plugins/maven-plugin/WEB-INF/lib/maven3-interceptor-commons-1.5.jar 39699"/>
    <property name="java.vm.specification.name" value="Java Virtual Machine Specification"/>
    <property name="java.vm.specification.version" value="1.7"/>
    <property name="sun.os.patch.level" value="unknown"/>
    <property name="sun.cpu.endian" value="little"/>
    <property name="M2_HOME" value="/var/lib/jenkins/tools/Maven/Maven/"/>
    <property name="MAIL" value="/var/mail/jenkins"/>
    <property name="java.io.tmpdir" value="/tmp"/>
    <property name="HUDSON_HOME" value="/var/lib/jenkins"/>
    <property name="PATH+MAVEN" value="/var/lib/jenkins/tools/Maven/Maven//bin"/>
    <property name="BUILD_URL" value="http://ci.md-5.net/job/Spigot/1649/"/>
    <property name="java.vendor.url.bug" value="http://bugreport.sun.com/bugreport/"/>
    <property name="MAVEN_OPTS" value="-Dbuild.number=1649"/>
    <property name="java.awt.graphicsenv" value="sun.awt.X11GraphicsEnvironment"/>
    <property name="os.arch" value="amd64"/>
    <property name="java.ext.dirs" value="/usr/lib/jvm/java-7-openjdk-amd64/jre/lib/ext:/usr/java/packages/lib/ext"/>
    <property name="user.dir" value="/var/lib/jenkins/jobs/Spigot/workspace"/>
    <property name="JOB_URL" value="http://ci.md-5.net/job/Spigot/"/>
    <property name="line.separator" value="
"/>
    <property name="MAVEN_HOME" value="/var/lib/jenkins/tools/Maven/Maven/"/>
    <property name="java.vm.name" value="OpenJDK 64-Bit Server VM"/>
    <property name="BUILD_NUMBER" value="1649"/>
    <property name="JENKINS_URL" value="http://ci.md-5.net/"/>
    <property name="GIT_BRANCH" value="origin/master"/>
    <property name="GIT_COMMIT" value="25b4191f0ff904b2c413f16a09a156f7973221b4"/>
    <property name="file.encoding" value="UTF-8"/>
    <property name="LANG" value="en_US.UTF-8"/>
    <property name="maven3.interceptor" value="/var/lib/jenkins/plugins/maven-plugin/WEB-INF/lib/maven3-interceptor-1.5.jar"/>
    <property name="WORKSPACE" value="/var/lib/jenkins/jobs/Spigot/workspace"/>
    <property name="maven3.interceptor.common" value="/var/lib/jenkins/plugins/maven-plugin/WEB-INF/lib/maven3-interceptor-commons-1.5.jar"/>
    <property name="GIT_AUTHOR_EMAIL" value="staff@spigotmc.org"/>
    <property name="java.specification.version" value="1.7"/>
    <property name="USER" value="jenkins"/>
    <property name="GIT_URL" value="https://github.com/SpigotMC/Spigot.git"/>
  </properties>
  <testcase time="0" classname="org.bukkit.craftbukkit.inventory.FactoryItemMaterialTest" name="blankEqualities[Material[0]:AIR]"/>
  <testcase time="0.001" classname="org.bukkit.craftbukkit.inventory.FactoryItemMaterialTest" name="generalCase[Material[0]:AIR]"/>
  <testcase time="0" classname="org.bukkit.craftbukkit.inventory.FactoryItemMaterialTest" name="asMetaFor[Material[0]:AIR]"/>
  <testcase time="0" classname="org.bukkit.craftbukkit.inventory.FactoryItemMaterialTest" name="itemStack[Material[0]:AIR]"/>
  <testcase time="0.009" classname="org.bukkit.craftbukkit.inventory.FactoryItemMaterialTest" name="blankEqualities[Material[1]:STONE]"/>
  <testcase time="0" classname="org.bukkit.craftbukkit.inventory.FactoryItemMaterialTest" name="generalCase[Material[1]:STONE]"/>
  <testcase time="0.008" classname="org.bukkit.craftbukkit.inventory.FactoryItemMaterialTest" name="asMetaFor[Material[1]:STONE]"/>
  <testcase time="0" classname="org.bukkit.craftbukkit.inventory.FactoryItemMaterialTest" name="itemStack[Material[1]:STONE]"/>
  <testcase time="0.005" classname="org.bukkit.craftbukkit.inventory.FactoryItemMaterialTest" name="blankEqualities[Material[2]:GRASS]"/>
  <testcase time="0" classname="org.bukkit.craftbukkit.inventory.FactoryItemMaterialTest" name="generalCase[Material[2]:GRASS]"/>
  <testcase time="0.006" classname="org.bukkit.craftbukkit.inventory.FactoryItemMaterialTest" name="asMetaFor[Material[2]:GRASS]"/>
  <testcase time="0" classname="org.bukkit.craftbukkit.inventory.FactoryItemMaterialTest" name="itemStack[Material[2]:GRASS]"/>
  <testcase time="0.005" classname="org.bukkit.craftbukkit.inventory.FactoryItemMaterialTest" name="blankEqualities[Material[3]:DIRT]"/>
  <testcase time="0" classname="org.bukkit.craftbukkit.inventory.FactoryItemMaterialTest" name="generalCase[Material[3]:DIRT]"/>
  <testcase time="0.005" classname="org.bukkit.craftbukkit.inventory.FactoryItemMaterialTest" name="asMetaFor[Material[3]:DIRT]"/>
  <testcase time="0" classname="org.bukkit.craftbukkit.inventory.FactoryItemMaterialTest" name="itemStack[Material[3]:DIRT]"/>
  <testcase time="0.005" classname="org.bukkit.craftbukkit.inventory.FactoryItemMaterialTest" name="blankEqualities[Material[4]:COBBLESTONE]"/>
  <testcase time="0" classname="org.bukkit.craftbukkit.inventory.FactoryItemMaterialTest" name="generalCase[Material[4]:COBBLESTONE]"/>
  <testcase time="0.005" classname="org.bukkit.craftbukkit.inventory.FactoryItemMaterialTest" name="asMetaFor[Material[4]:COBBLESTONE]"/>
  <testcase time="0" classname="org.bukkit.craftbukkit.inventory.FactoryItemMaterialTest" name="itemStack[Material[4]:COBBLESTONE]"/>
  <testcase time="0.005" classname="org.bukkit.craftbukkit.inventory.FactoryItemMaterialTest" name="blankEqualities[Material[5]:WOOD]"/>
  <testcase time="0.001" classname="org.bukkit.craftbukkit.inventory.FactoryItemMaterialTest" name="generalCase[Material[5]:WOOD]"/>
  <testcase time="0.005" classname="org.bukkit.craftbukkit.inventory.FactoryItemMaterialTest" name="asMetaFor[Material[5]:WOOD]"/>
  <testcase time="0" classname="org.bukkit.craftbukkit.inventory.FactoryItemMaterialTest" name="itemStack[Material[5]:WOOD]"/>
  <testcase time="0.005" classname="org.bukkit.craftbukkit.inventory.FactoryItemMaterialTest" name="blankEqualities[Material[6]:SAPLING]"/>
  <testcase time="0.001" classname="org.bukkit.craftbukkit.inventory.FactoryItemMaterialTest" name="generalCase[Material[6]:SAPLING]"/>
  <testcase time="0.005" classname="org.bukkit.craftbukkit.inventory.FactoryItemMaterialTest" name="asMetaFor[Material[6]:SAPLING]"/>
  <testcase time="0" classname="org.bukkit.craftbukkit.inventory.FactoryItemMaterialTest" name="itemStack[Material[6]:SAPLING]"/>
  <testcase time="0.005" classname="org.bukkit.craftbukkit.inventory.FactoryItemMaterialTest" name="blankEqualities[Material[7]:BEDROCK]"/>
  <testcase time="0" classname="org.bukkit.craftbukkit.inventory.FactoryItemMaterialTest" name="generalCase[Material[7]:BEDROCK]"/>
  <testcase time="0.004" classname="org.bukkit.craftbukkit.inventory.FactoryItemMaterialTest" name="asMetaFor[Material[7]:BEDROCK]"/>
  <testcase time="0" classname="org.bukkit.craftbukkit.inventory.FactoryItemMaterialTest" name="itemStack[Material[7]:BEDROCK]"/>
  <testcase time="0.005" classname="org.bukkit.craftbukkit.inventory.FactoryItemMaterialTest" name="blankEqualities[Material[8]:WATER]"/>
  <testcase time="0" classname="org.bukkit.craftbukkit.inventory.FactoryItemMaterialTest" name="generalCase[Material[8]:WATER]"/>
  <testcase time="0.004" classname="org.bukkit.craftbukkit.inventory.FactoryItemMaterialTest" name="asMetaFor[Material[8]:WATER]"/>
  <testcase time="0" classname="org.bukkit.craftbukkit.inventory.FactoryItemMaterialTest" name="itemStack[Material[8]:WATER]"/>
  <testcase time="0.004" classname="org.bukkit.craftbukkit.inventory.FactoryItemMaterialTest" name="blankEqualities[Material[9]:STATIONARY_WATER]"/>
  <testcase time="0" classname="org.bukkit.craftbukkit.inventory.FactoryItemMaterialTest" name="generalCase[Material[9]:STATIONARY_WATER]"/>
  <testcase time="0.003" classname="org.bukkit.craftbukkit.inventory.FactoryItemMaterialTest" name="asMetaFor[Material[9]:STATIONARY_WATER]"/>
  <testcase time="0" classname="org.bukkit.craftbukkit.inventory.FactoryItemMaterialTest" name="itemStack[Material[9]:STATIONARY_WATER]"/>
  <testcase time="0.003" classname="org.bukkit.craftbukkit.inventory.FactoryItemMaterialTest" name="blankEqualities[Material[10]:LAVA]"/>
  <testcase time="0" classname="org.bukkit.craftbukkit.inventory.FactoryItemMaterialTest" name="generalCase[Material[10]:LAVA]"/>
  <testcase time="0.003" classname="org.bukkit.craftbukkit.inventory.FactoryItemMaterialTest" name="asMetaFor[Material[10]:LAVA]"/>
  <testcase time="0" classname="org.bukkit.craftbukkit.inventory.FactoryItemMaterialTest" name="itemStack[Material[10]:LAVA]"/>
  <testcase time="0.002" classname="org.bukkit.craftbukkit.inventory.FactoryItemMaterialTest" name="blankEqualities[Material[11]:STATIONARY_LAVA]"/>
  <testcase time="0" classname="org.bukkit.craftbukkit.inventory.FactoryItemMaterialTest" name="generalCase[Material[11]:STATIONARY_LAVA]"/>
  <testcase time="0.004" classname="org.bukkit.craftbukkit.inventory.FactoryItemMaterialTest" name="asMetaFor[Material[11]:STATIONARY_LAVA]"/>
  <testcase time="0" classname="org.bukkit.craftbukkit.inventory.FactoryItemMaterialTest" name="itemStack[Material[11]:STATIONARY_LAVA]"/>
  <testcase time="0.001" classname="org.bukkit.craftbukkit.inventory.FactoryItemMaterialTest" name="blankEqualities[Material[12]:SAND]"/>
  <testcase time="0" classname="org.bukkit.craftbukkit.inventory.FactoryItemMaterialTest" name="generalCase[Material[12]:SAND]"/>
  <testcase time="0.004" classname="org.bukkit.craftbukkit.inventory.FactoryItemMaterialTest" name="asMetaFor[Material[12]:SAND]"/>
  <testcase time="0" classname="org.bukkit.craftbukkit.inventory.FactoryItemMaterialTest" name="itemStack[Material[12]:SAND]"/>
  <testcase time="0.002" classname="org.bukkit.craftbukkit.inventory.FactoryItemMaterialTest" name="blankEqualities[Material[13]:GRAVEL]"/>
  <testcase time="0" classname="org.bukkit.craftbukkit.inventory.FactoryItemMaterialTest" name="generalCase[Material[13]:GRAVEL]"/>
  <testcase time="0.005" classname="org.bukkit.craftbukkit.inventory.FactoryItemMaterialTest" name="asMetaFor[Material[13]:GRAVEL]"/>
  <testcase time="0" classname="org.bukkit.craftbukkit.inventory.FactoryItemMaterialTest" name="itemStack[Material[13]:GRAVEL]"/>
  <testcase time="0.002" classname="org.bukkit.craftbukkit.inventory.FactoryItemMaterialTest" name="blankEqualities[Material[14]:GOLD_ORE]"/>
  <testcase time="0" classname="org.bukkit.craftbukkit.inventory.FactoryItemMaterialTest" name="generalCase[Material[14]:GOLD_ORE]"/>
  <testcase time="0.004" classname="org.bukkit.craftbukkit.inventory.FactoryItemMaterialTest" name="asMetaFor[Material[14]:GOLD_ORE]"/>
  <testcase time="0" classname="org.bukkit.craftbukkit.inventory.FactoryItemMaterialTest" name="itemStack[Material[14]:GOLD_ORE]"/>
  <testcase time="0.002" classname="org.bukkit.craftbukkit.inventory.FactoryItemMaterialTest" name="blankEqualities[Material[15]:IRON_ORE]"/>
  <testcase time="0.001" classname="org.bukkit.craftbukkit.inventory.FactoryItemMaterialTest" name="generalCase[Material[15]:IRON_ORE]"/>
  <testcase time="0.003" classname="org.bukkit.craftbukkit.inventory.FactoryItemMaterialTest" name="asMetaFor[Material[15]:IRON_ORE]"/>
  <testcase time="0.001" classname="org.bukkit.craftbukkit.inventory.FactoryItemMaterialTest" name="itemStack[Material[15]:IRON_ORE]"/>
  <testcase time="0.002" classname="org.bukkit.craftbukkit.inventory.FactoryItemMaterialTest" name="blankEqualities[Material[16]:COAL_ORE]"/>
  <testcase time="0" classname="org.bukkit.craftbukkit.inventory.FactoryItemMaterialTest" name="generalCase[Material[16]:COAL_ORE]"/>
  <testcase time="0.001" classname="org.bukkit.craftbukkit.inventory.FactoryItemMaterialTest" name="asMetaFor[Material[16]:COAL_ORE]"/>
  <testcase time="0" classname="org.bukkit.craftbukkit.inventory.FactoryItemMaterialTest" name="itemStack[Material[16]:COAL_ORE]"/>
  <testcase time="0.001" classname="org.bukkit.craftbukkit.inventory.FactoryItemMaterialTest" name="blankEqualities[Material[17]:LOG]"/>
  <testcase time="0" classname="org.bukkit.craftbukkit.inventory.FactoryItemMaterialTest" name="generalCase[Material[17]:LOG]"/>
  <testcase time="0.002" classname="org.bukkit.craftbukkit.inventory.FactoryItemMaterialTest" name="asMetaFor[Material[17]:LOG]"/>
  <testcase time="0" classname="org.bukkit.craftbukkit.inventory.FactoryItemMaterialTest" name="itemStack[Material[17]:LOG]"/>
  <testcase time="0.009" classname="org.bukkit.craftbukkit.inventory.FactoryItemMaterialTest" name="blankEqualities[Material[18]:LEAVES]"/>
  <testcase time="0" classname="org.bukkit.craftbukkit.inventory.FactoryItemMaterialTest" name="generalCase[Material[18]:LEAVES]"/>
  <testcase time="0.002" classname="org.bukkit.craftbukkit.inventory.FactoryItemMaterialTest" name="asMetaFor[Material[18]:LEAVES]"/>
  <testcase time="0" classname="org.bukkit.craftbukkit.inventory.FactoryItemMaterialTest" name="itemStack[Material[18]:LEAVES]"/>
  <testcase time="0" classname="org.bukkit.craftbukkit.inventory.FactoryItemMaterialTest" name="blankEqualities[Material[19]:SPONGE]"/>
  <testcase time="0.001" classname="org.bukkit.craftbukkit.inventory.FactoryItemMaterialTest" name="generalCase[Material[19]:SPONGE]"/>
  <testcase time="0.002" classname="org.bukkit.craftbukkit.inventory.FactoryItemMaterialTest" name="asMetaFor[Material[19]:SPONGE]"/>
  <testcase time="0" classname="org.bukkit.craftbukkit.inventory.FactoryItemMaterialTest" name="itemStack[Material[19]:SPONGE]"/>
  <testcase time="0.001" classname="org.bukkit.craftbukkit.inventory.FactoryItemMaterialTest" name="blankEqualities[Material[20]:GLASS]"/>
  <testcase time="0" classname="org.bukkit.craftbukkit.inventory.FactoryItemMaterialTest" name="generalCase[Material[20]:GLASS]"/>
  <testcase time="0.002" classname="org.bukkit.craftbukkit.inventory.FactoryItemMaterialTest" name="asMetaFor[Material[20]:GLASS]"/>
  <testcase time="0" classname="org.bukkit.craftbukkit.inventory.FactoryItemMaterialTest" name="itemStack[Material[20]:GLASS]"/>
  <testcase time="0.001" classname="org.bukkit.craftbukkit.inventory.FactoryItemMaterialTest" name="blankEqualities[Material[21]:LAPIS_ORE]"/>
  <testcase time="0" classname="org.bukkit.craftbukkit.inventory.FactoryItemMaterialTest" name="generalCase[Material[21]:LAPIS_ORE]"/>
  <testcase time="0.003" classname="org.bukkit.craftbukkit.inventory.FactoryItemMaterialTest" name="asMetaFor[Material[21]:LAPIS_ORE]"/>
  <testcase time="0" classname="org.bukkit.craftbukkit.inventory.FactoryItemMaterialTest" name="itemStack[Material[21]:LAPIS_ORE]"/>
  <testcase time="0.001" classname="org.bukkit.craftbukkit.inventory.FactoryItemMaterialTest" name="blankEqualities[Material[22]:LAPIS_BLOCK]"/>
  <testcase time="0" classname="org.bukkit.craftbukkit.inventory.FactoryItemMaterialTest" name="generalCase[Material[22]:LAPIS_BLOCK]"/>
  <testcase time="0.002" classname="org.bukkit.craftbukkit.inventory.FactoryItemMaterialTest" name="asMetaFor[Material[22]:LAPIS_BLOCK]"/>
  <testcase time="0" classname="org.bukkit.craftbukkit.inventory.FactoryItemMaterialTest" name="itemStack[Material[22]:LAPIS_BLOCK]"/>
  <testcase time="0.001" classname="org.bukkit.craftbukkit.inventory.FactoryItemMaterialTest" name="blankEqualities[Material[23]:DISPENSER]"/>
  <testcase time="0" classname="org.bukkit.craftbukkit.inventory.FactoryItemMaterialTest" name="generalCase[Material[23]:DISPENSER]"/>
  <testcase time="0.002" classname="org.bukkit.craftbukkit.inventory.FactoryItemMaterialTest" name="asMetaFor[Material[23]:DISPENSER]"/>
  <testcase time="0" classname="org.bukkit.craftbukkit.inventory.FactoryItemMaterialTest" name="itemStack[Material[23]:DISPENSER]"/>
  <testcase time="0.001" classname="org.bukkit.craftbukkit.inventory.FactoryItemMaterialTest" name="blankEqualities[Material[24]:SANDSTONE]"/>
  <testcase time="0" classname="org.bukkit.craftbukkit.inventory.FactoryItemMaterialTest" name="generalCase[Material[24]:SANDSTONE]"/>
  <testcase time="0.002" classname="org.bukkit.craftbukkit.inventory.FactoryItemMaterialTest" name="asMetaFor[Material[24]:SANDSTONE]"/>
  <testcase time="0" classname="org.bukkit.craftbukkit.inventory.FactoryItemMaterialTest" name="itemStack[Material[24]:SANDSTONE]"/>
  <testcase time="0.001" classname="org.bukkit.craftbukkit.inventory.FactoryItemMaterialTest" name="blankEqualities[Material[25]:NOTE_BLOCK]"/>
  <testcase time="0" classname="org.bukkit.craftbukkit.inventory.FactoryItemMaterialTest" name="generalCase[Material[25]:NOTE_BLOCK]"/>
  <testcase time="0.002" classname="org.bukkit.craftbukkit.inventory.FactoryItemMaterialTest" name="asMetaFor[Material[25]:NOTE_BLOCK]"/>
  <testcase time="0" classname="org.bukkit.craftbukkit.inventory.FactoryItemMaterialTest" name="itemStack[Material[25]:NOTE_BLOCK]"/>
  <testcase time="0" classname="org.bukkit.craftbukkit.inventory.FactoryItemMaterialTest" name="blankEqualities[Material[26]:POWERED_RAIL]"/>
  <testcase time="0" classname="org.bukkit.craftbukkit.inventory.FactoryItemMaterialTest" name="generalCase[Material[26]:POWERED_RAIL]"/>
  <testcase time="0.001" classname="org.bukkit.craftbukkit.inventory.FactoryItemMaterialTest" name="asMetaFor[Material[26]:POWERED_RAIL]"/>
  <testcase time="0" classname="org.bukkit.craftbukkit.inventory.FactoryItemMaterialTest" name="itemStack[Material[26]:POWERED_RAIL]"/>
  <testcase time="0.001" classname="org.bukkit.craftbukkit.inventory.FactoryItemMaterialTest" name="blankEqualities[Material[27]:DETECTOR_RAIL]"/>
  <testcase time="0" classname="org.bukkit.craftbukkit.inventory.FactoryItemMaterialTest" name="generalCase[Material[27]:DETECTOR_RAIL]"/>
  <testcase time="0.001" classname="org.bukkit.craftbukkit.inventory.FactoryItemMaterialTest" name="asMetaFor[Material[27]:DETECTOR_RAIL]"/>
  <testcase time="0" classname="org.bukkit.craftbukkit.inventory.FactoryItemMaterialTest" name="itemStack[Material[27]:DETECTOR_RAIL]"/>
  <testcase time="0.001" classname="org.bukkit.craftbukkit.inventory.FactoryItemMaterialTest" name="blankEqualities[Material[28]:PISTON_STICKY_BASE]"/>
  <testcase time="0" classname="org.bukkit.craftbukkit.inventory.FactoryItemMaterialTest" name="generalCase[Material[28]:PISTON_STICKY_BASE]"/>
  <testcase time="0.002" classname="org.bukkit.craftbukkit.inventory.FactoryItemMaterialTest" name="asMetaFor[Material[28]:PISTON_STICKY_BASE]"/>
  <testcase time="0" classname="org.bukkit.craftbukkit.inventory.FactoryItemMaterialTest" name="itemStack[Material[28]:PISTON_STICKY_BASE]"/>
  <testcase time="0" classname="org.bukkit.craftbukkit.inventory.FactoryItemMaterialTest" name="blankEqualities[Material[29]:WEB]"/>
  <testcase time="0" classname="org.bukkit.craftbukkit.inventory.FactoryItemMaterialTest" name="generalCase[Material[29]:WEB]"/>
  <testcase time="0.002" classname="org.bukkit.craftbukkit.inventory.FactoryItemMaterialTest" name="asMetaFor[Material[29]:WEB]"/>
  <testcase time="0" classname="org.bukkit.craftbukkit.inventory.FactoryItemMaterialTest" name="itemStack[Material[29]:WEB]"/>
  <testcase time="0.001" classname="org.bukkit.craftbukkit.inventory.FactoryItemMaterialTest" name="blankEqualities[Material[30]:LONG_GRASS]"/>
  <testcase time="0" classname="org.bukkit.craftbukkit.inventory.FactoryItemMaterialTest" name="generalCase[Material[30]:LONG_GRASS]"/>
  <testcase time="0.001" classname="org.bukkit.craftbukkit.inventory.FactoryItemMaterialTest" name="asMetaFor[Material[30]:LONG_GRASS]"/>
  <testcase time="0" classname="org.bukkit.craftbukkit.inventory.FactoryItemMaterialTest" name="itemStack[Material[30]:LONG_GRASS]"/>
  <testcase time="0.001" classname="org.bukkit.craftbukkit.inventory.FactoryItemMaterialTest" name="blankEqualities[Material[31]:DEAD_BUSH]"/>
  <testcase time="0" classname="org.bukkit.craftbukkit.inventory.FactoryItemMaterialTest" name="generalCase[Material[31]:DEAD_BUSH]"/>
  <testcase time="0.001" classname="org.bukkit.craftbukkit.inventory.FactoryItemMaterialTest" name="asMetaFor[Material[31]:DEAD_BUSH]"/>
  <testcase time="0" classname="org.bukkit.craftbukkit.inventory.FactoryItemMaterialTest" name="itemStack[Material[31]:DEAD_BUSH]"/>
  <testcase time="0.001" classname="org.bukkit.craftbukkit.inventory.FactoryItemMaterialTest" name="blankEqualities[Material[32]:PISTON_BASE]"/>
  <testcase time="0" classname="org.bukkit.craftbukkit.inventory.FactoryItemMaterialTest" name="generalCase[Material[32]:PISTON_BASE]"/>
  <testcase time="0.001" classname="org.bukkit.craftbukkit.inventory.FactoryItemMaterialTest" name="asMetaFor[Material[32]:PISTON_BASE]"/>
  <testcase time="0" classname="org.bukkit.craftbukkit.inventory.FactoryItemMaterialTest" name="itemStack[Material[32]:PISTON_BASE]"/>
  <testcase time="0" classname="org.bukkit.craftbukkit.inventory.FactoryItemMaterialTest" name="blankEqualities[Material[33]:WOOL]"/>
  <testcase time="0" classname="org.bukkit.craftbukkit.inventory.FactoryItemMaterialTest" name="generalCase[Material[33]:WOOL]"/>
  <testcase time="0.001" classname="org.bukkit.craftbukkit.inventory.FactoryItemMaterialTest" name="asMetaFor[Material[33]:WOOL]"/>
  <testcase time="0.001" classname="org.bukkit.craftbukkit.inventory.FactoryItemMaterialTest" name="itemStack[Material[33]:WOOL]"/>
  <testcase time="0" classname="org.bukkit.craftbukkit.inventory.FactoryItemMaterialTest" name="blankEqualities[Material[34]:YELLOW_FLOWER]"/>
  <testcase time="0" classname="org.bukkit.craftbukkit.inventory.FactoryItemMaterialTest" name="generalCase[Material[34]:YELLOW_FLOWER]"/>
  <testcase time="0" classname="org.bukkit.craftbukkit.inventory.FactoryItemMaterialTest" name="asMetaFor[Material[34]:YELLOW_FLOWER]"/>
  <testcase time="0" classname="org.bukkit.craftbukkit.inventory.FactoryItemMaterialTest" name="itemStack[Material[34]:YELLOW_FLOWER]"/>
  <testcase time="0" classname="org.bukkit.craftbukkit.inventory.FactoryItemMaterialTest" name="blankEqualities[Material[35]:RED_ROSE]"/>
  <testcase time="0" classname="org.bukkit.craftbukkit.inventory.FactoryItemMaterialTest" name="generalCase[Material[35]:RED_ROSE]"/>
  <testcase time="0" classname="org.bukkit.craftbukkit.inventory.FactoryItemMaterialTest" name="asMetaFor[Material[35]:RED_ROSE]"/>
  <testcase time="0.001" classname="org.bukkit.craftbukkit.inventory.FactoryItemMaterialTest" name="itemStack[Material[35]:RED_ROSE]"/>
  <testcase time="0" classname="org.bukkit.craftbukkit.inventory.FactoryItemMaterialTest" name="blankEqualities[Material[36]:BROWN_MUSHROOM]"/>
  <testcase time="0" classname="org.bukkit.craftbukkit.inventory.FactoryItemMaterialTest" name="generalCase[Material[36]:BROWN_MUSHROOM]"/>
  <testcase time="0.001" classname="org.bukkit.craftbukkit.inventory.FactoryItemMaterialTest" name="asMetaFor[Material[36]:BROWN_MUSHROOM]"/>
  <testcase time="0" classname="org.bukkit.craftbukkit.inventory.FactoryItemMaterialTest" name="itemStack[Material[36]:BROWN_MUSHROOM]"/>
  <testcase time="0" classname="org.bukkit.craftbukkit.inventory.FactoryItemMaterialTest" name="blankEqualities[Material[37]:RED_MUSHROOM]"/>
  <testcase time="0" classname="org.bukkit.craftbukkit.inventory.FactoryItemMaterialTest" name="generalCase[Material[37]:RED_MUSHROOM]"/>
  <testcase time="0.001" classname="org.bukkit.craftbukkit.inventory.FactoryItemMaterialTest" name="asMetaFor[Material[37]:RED_MUSHROOM]"/>
  <testcase time="0" classname="org.bukkit.craftbukkit.inventory.FactoryItemMaterialTest" name="itemStack[Material[37]:RED_MUSHROOM]"/>
  <testcase time="0.001" classname="org.bukkit.craftbukkit.inventory.FactoryItemMaterialTest" name="blankEqualities[Material[38]:GOLD_BLOCK]"/>
  <testcase time="0" classname="org.bukkit.craftbukkit.inventory.FactoryItemMaterialTest" name="generalCase[Material[38]:GOLD_BLOCK]"/>
  <testcase time="0.001" classname="org.bukkit.craftbukkit.inventory.FactoryItemMaterialTest" name="asMetaFor[Material[38]:GOLD_BLOCK]"/>
  <testcase time="0" classname="org.bukkit.craftbukkit.inventory.FactoryItemMaterialTest" name="itemStack[Material[38]:GOLD_BLOCK]"/>
  <testcase time="0" classname="org.bukkit.craftbukkit.inventory.FactoryItemMaterialTest" name="blankEqualities[Material[39]:IRON_BLOCK]"/>
  <testcase time="0" classname="org.bukkit.craftbukkit.inventory.FactoryItemMaterialTest" name="generalCase[Material[39]:IRON_BLOCK]"/>
  <testcase time="0.001" classname="org.bukkit.craftbukkit.inventory.FactoryItemMaterialTest" name="asMetaFor[Material[39]:IRON_BLOCK]"/>
  <testcase time="0" classname="org.bukkit.craftbukkit.inventory.FactoryItemMaterialTest" name="itemStack[Material[39]:IRON_BLOCK]"/>
  <testcase time="0.002" classname="org.bukkit.craftbukkit.inventory.FactoryItemMaterialTest" name="blankEqualities[Material[40]:DOUBLE_STEP]"/>
  <testcase time="0" classname="org.bukkit.craftbukkit.inventory.FactoryItemMaterialTest" name="generalCase[Material[40]:DOUBLE_STEP]"/>
  <testcase time="0" classname="org.bukkit.craftbukkit.inventory.FactoryItemMaterialTest" name="asMetaFor[Material[40]:DOUBLE_STEP]"/>
  <testcase time="0" classname="org.bukkit.craftbukkit.inventory.FactoryItemMaterialTest" name="itemStack[Material[40]:DOUBLE_STEP]"/>
  <testcase time="0" classname="org.bukkit.craftbukkit.inventory.FactoryItemMaterialTest" name="blankEqualities[Material[41]:STEP]"/>
  <testcase time="0" classname="org.bukkit.craftbukkit.inventory.FactoryItemMaterialTest" name="generalCase[Material[41]:STEP]"/>
  <testcase time="0.001" classname="org.bukkit.craftbukkit.inventory.FactoryItemMaterialTest" name="asMetaFor[Material[41]:STEP]"/>
  <testcase time="0" classname="org.bukkit.craftbukkit.inventory.FactoryItemMaterialTest" name="itemStack[Material[41]:STEP]"/>
  <testcase time="0.001" classname="org.bukkit.craftbukkit.inventory.FactoryItemMaterialTest" name="blankEqualities[Material[42]:BRICK]"/>
  <testcase time="0" classname="org.bukkit.craftbukkit.inventory.FactoryItemMaterialTest" name="generalCase[Material[42]:BRICK]"/>
  <testcase time="0" classname="org.bukkit.craftbukkit.inventory.FactoryItemMaterialTest" name="asMetaFor[Material[42]:BRICK]"/>
  <testcase time="0" classname="org.bukkit.craftbukkit.inventory.FactoryItemMaterialTest" name="itemStack[Material[42]:BRICK]"/>
  <testcase time="0" classname="org.bukkit.craftbukkit.inventory.FactoryItemMaterialTest" name="blankEqualities[Material[43]:TNT]"/>
  <testcase time="0" classname="org.bukkit.craftbukkit.inventory.FactoryItemMaterialTest" name="generalCase[Material[43]:TNT]"/>
  <testcase time="0.001" classname="org.bukkit.craftbukkit.inventory.FactoryItemMaterialTest" name="asMetaFor[Material[43]:TNT]"/>
  <testcase time="0" classname="org.bukkit.craftbukkit.inventory.FactoryItemMaterialTest" name="itemStack[Material[43]:TNT]"/>
  <testcase time="0" classname="org.bukkit.craftbukkit.inventory.FactoryItemMaterialTest" name="blankEqualities[Material[44]:BOOKSHELF]"/>
  <testcase time="0" classname="org.bukkit.craftbukkit.inventory.FactoryItemMaterialTest" name="generalCase[Material[44]:BOOKSHELF]"/>
  <testcase time="0.001" classname="org.bukkit.craftbukkit.inventory.FactoryItemMaterialTest" name="asMetaFor[Material[44]:BOOKSHELF]"/>
  <testcase time="0" classname="org.bukkit.craftbukkit.inventory.FactoryItemMaterialTest" name="itemStack[Material[44]:BOOKSHELF]"/>
  <testcase time="0.001" classname="org.bukkit.craftbukkit.inventory.FactoryItemMaterialTest" name="blankEqualities[Material[45]:MOSSY_COBBLESTONE]"/>
  <testcase time="0" classname="org.bukkit.craftbukkit.inventory.FactoryItemMaterialTest" name="generalCase[Material[45]:MOSSY_COBBLESTONE]"/>
  <testcase time="0" classname="org.bukkit.craftbukkit.inventory.FactoryItemMaterialTest" name="asMetaFor[Material[45]:MOSSY_COBBLESTONE]"/>
  <testcase time="0" classname="org.bukkit.craftbukkit.inventory.FactoryItemMaterialTest" name="itemStack[Material[45]:MOSSY_COBBLESTONE]"/>
  <testcase time="0" classname="org.bukkit.craftbukkit.inventory.FactoryItemMaterialTest" name="blankEqualities[Material[46]:OBSIDIAN]"/>
  <testcase time="0" classname="org.bukkit.craftbukkit.inventory.FactoryItemMaterialTest" name="generalCase[Material[46]:OBSIDIAN]"/>
  <testcase time="0.001" classname="org.bukkit.craftbukkit.inventory.FactoryItemMaterialTest" name="asMetaFor[Material[46]:OBSIDIAN]"/>
  <testcase time="0" classname="org.bukkit.craftbukkit.inventory.FactoryItemMaterialTest" name="itemStack[Material[46]:OBSIDIAN]"/>
  <testcase time="0" classname="org.bukkit.craftbukkit.inventory.FactoryItemMaterialTest" name="blankEqualities[Material[47]:TORCH]"/>
  <testcase time="0" classname="org.bukkit.craftbukkit.inventory.FactoryItemMaterialTest" name="generalCase[Material[47]:TORCH]"/>
  <testcase time="0" classname="org.bukkit.craftbukkit.inventory.FactoryItemMaterialTest" name="asMetaFor[Material[47]:TORCH]"/>
  <testcase time="0.001" classname="org.bukkit.craftbukkit.inventory.FactoryItemMaterialTest" name="itemStack[Material[47]:TORCH]"/>
  <testcase time="0" classname="org.bukkit.craftbukkit.inventory.FactoryItemMaterialTest" name="blankEqualities[Material[48]:FIRE]"/>
  <testcase time="0" classname="org.bukkit.craftbukkit.inventory.FactoryItemMaterialTest" name="generalCase[Material[48]:FIRE]"/>
  <testcase time="0" classname="org.bukkit.craftbukkit.inventory.FactoryItemMaterialTest" name="asMetaFor[Material[48]:FIRE]"/>
  <testcase time="0" classname="org.bukkit.craftbukkit.inventory.FactoryItemMaterialTest" name="itemStack[Material[48]:FIRE]"/>
  <testcase time="0.001" classname="org.bukkit.craftbukkit.inventory.FactoryItemMaterialTest" name="blankEqualities[Material[49]:MOB_SPAWNER]"/>
  <testcase time="0" classname="org.bukkit.craftbukkit.inventory.FactoryItemMaterialTest" name="generalCase[Material[49]:MOB_SPAWNER]"/>
  <testcase time="0" classname="org.bukkit.craftbukkit.inventory.FactoryItemMaterialTest" name="asMetaFor[Material[49]:MOB_SPAWNER]"/>
  <testcase time="0" classname="org.bukkit.craftbukkit.inventory.FactoryItemMaterialTest" name="itemStack[Material[49]:MOB_SPAWNER]"/>
  <testcase time="0" classname="org.bukkit.craftbukkit.inventory.FactoryItemMaterialTest" name="blankEqualities[Material[50]:WOOD_STAIRS]"/>
  <testcase time="0" classname="org.bukkit.craftbukkit.inventory.FactoryItemMaterialTest" name="generalCase[Material[50]:WOOD_STAIRS]"/>
  <testcase time="0.001" classname="org.bukkit.craftbukkit.inventory.FactoryItemMaterialTest" name="asMetaFor[Material[50]:WOOD_STAIRS]"/>
  <testcase time="0" classname="org.bukkit.craftbukkit.inventory.FactoryItemMaterialTest" name="itemStack[Material[50]:WOOD_STAIRS]"/>
  <testcase time="0" classname="org.bukkit.craftbukkit.inventory.FactoryItemMaterialTest" name="blankEqualities[Material[51]:CHEST]"/>
  <testcase time="0" classname="org.bukkit.craftbukkit.inventory.FactoryItemMaterialTest" name="generalCase[Material[51]:CHEST]"/>
  <testcase time="0" classname="org.bukkit.craftbukkit.inventory.FactoryItemMaterialTest" name="asMetaFor[Material[51]:CHEST]"/>
  <testcase time="0.001" classname="org.bukkit.craftbukkit.inventory.FactoryItemMaterialTest" name="itemStack[Material[51]:CHEST]"/>
  <testcase time="0" classname="org.bukkit.craftbukkit.inventory.FactoryItemMaterialTest" name="blankEqualities[Material[52]:DIAMOND_ORE]"/>
  <testcase time="0" classname="org.bukkit.craftbukkit.inventory.FactoryItemMaterialTest" name="generalCase[Material[52]:DIAMOND_ORE]"/>
  <testcase time="0" classname="org.bukkit.craftbukkit.inventory.FactoryItemMaterialTest" name="asMetaFor[Material[52]:DIAMOND_ORE]"/>
  <testcase time="0" classname="org.bukkit.craftbukkit.inventory.FactoryItemMaterialTest" name="itemStack[Material[52]:DIAMOND_ORE]"/>
  <testcase time="0.001" classname="org.bukkit.craftbukkit.inventory.FactoryItemMaterialTest" name="blankEqualities[Material[53]:DIAMOND_BLOCK]"/>
  <testcase time="0" classname="org.bukkit.craftbukkit.inventory.FactoryItemMaterialTest" name="generalCase[Material[53]:DIAMOND_BLOCK]"/>
  <testcase time="0" classname="org.bukkit.craftbukkit.inventory.FactoryItemMaterialTest" name="asMetaFor[Material[53]:DIAMOND_BLOCK]"/>
  <testcase time="0" classname="org.bukkit.craftbukkit.inventory.FactoryItemMaterialTest" name="itemStack[Material[53]:DIAMOND_BLOCK]"/>
  <testcase time="0" classname="org.bukkit.craftbukkit.inventory.FactoryItemMaterialTest" name="blankEqualities[Material[54]:WORKBENCH]"/>
  <testcase time="0" classname="org.bukkit.craftbukkit.inventory.FactoryItemMaterialTest" name="generalCase[Material[54]:WORKBENCH]"/>
  <testcase time="0.001" classname="org.bukkit.craftbukkit.inventory.FactoryItemMaterialTest" name="asMetaFor[Material[54]:WORKBENCH]"/>
  <testcase time="0" classname="org.bukkit.craftbukkit.inventory.FactoryItemMaterialTest" name="itemStack[Material[54]:WORKBENCH]"/>
  <testcase time="0" classname="org.bukkit.craftbukkit.inventory.FactoryItemMaterialTest" name="blankEqualities[Material[55]:SOIL]"/>
  <testcase time="0" classname="org.bukkit.craftbukkit.inventory.FactoryItemMaterialTest" name="generalCase[Material[55]:SOIL]"/>
  <testcase time="0.001" classname="org.bukkit.craftbukkit.inventory.FactoryItemMaterialTest" name="asMetaFor[Material[55]:SOIL]"/>
  <testcase time="0" classname="org.bukkit.craftbukkit.inventory.FactoryItemMaterialTest" name="itemStack[Material[55]:SOIL]"/>
  <testcase time="0" classname="org.bukkit.craftbukkit.inventory.FactoryItemMaterialTest" name="blankEqualities[Material[56]:FURNACE]"/>
  <testcase time="0" classname="org.bukkit.craftbukkit.inventory.FactoryItemMaterialTest" name="generalCase[Material[56]:FURNACE]"/>
  <testcase time="0" classname="org.bukkit.craftbukkit.inventory.FactoryItemMaterialTest" name="asMetaFor[Material[56]:FURNACE]"/>
  <testcase time="0" classname="org.bukkit.craftbukkit.inventory.FactoryItemMaterialTest" name="itemStack[Material[56]:FURNACE]"/>
  <testcase time="0.001" classname="org.bukkit.craftbukkit.inventory.FactoryItemMaterialTest" name="blankEqualities[Material[57]:BURNING_FURNACE]"/>
  <testcase time="0" classname="org.bukkit.craftbukkit.inventory.FactoryItemMaterialTest" name="generalCase[Material[57]:BURNING_FURNACE]"/>
  <testcase time="0" classname="org.bukkit.craftbukkit.inventory.FactoryItemMaterialTest" name="asMetaFor[Material[57]:BURNING_FURNACE]"/>
  <testcase time="0" classname="org.bukkit.craftbukkit.inventory.FactoryItemMaterialTest" name="itemStack[Material[57]:BURNING_FURNACE]"/>
  <testcase time="0" classname="org.bukkit.craftbukkit.inventory.FactoryItemMaterialTest" name="blankEqualities[Material[58]:LADDER]"/>
  <testcase time="0.001" classname="org.bukkit.craftbukkit.inventory.FactoryItemMaterialTest" name="generalCase[Material[58]:LADDER]"/>
  <testcase time="0" classname="org.bukkit.craftbukkit.inventory.FactoryItemMaterialTest" name="asMetaFor[Material[58]:LADDER]"/>
  <testcase time="0" classname="org.bukkit.craftbukkit.inventory.FactoryItemMaterialTest" name="itemStack[Material[58]:LADDER]"/>
  <testcase time="0" classname="org.bukkit.craftbukkit.inventory.FactoryItemMaterialTest" name="blankEqualities[Material[59]:RAILS]"/>
  <testcase time="0" classname="org.bukkit.craftbukkit.inventory.FactoryItemMaterialTest" name="generalCase[Material[59]:RAILS]"/>
  <testcase time="0.001" classname="org.bukkit.craftbukkit.inventory.FactoryItemMaterialTest" name="asMetaFor[Material[59]:RAILS]"/>
  <testcase time="0" classname="org.bukkit.craftbukkit.inventory.FactoryItemMaterialTest" name="itemStack[Material[59]:RAILS]"/>
  <testcase time="0" classname="org.bukkit.craftbukkit.inventory.FactoryItemMaterialTest" name="blankEqualities[Material[60]:COBBLESTONE_STAIRS]"/>
  <testcase time="0" classname="org.bukkit.craftbukkit.inventory.FactoryItemMaterialTest" name="generalCase[Material[60]:COBBLESTONE_STAIRS]"/>
  <testcase time="0" classname="org.bukkit.craftbukkit.inventory.FactoryItemMaterialTest" name="asMetaFor[Material[60]:COBBLESTONE_STAIRS]"/>
  <testcase time="0" classname="org.bukkit.craftbukkit.inventory.FactoryItemMaterialTest" name="itemStack[Material[60]:COBBLESTONE_STAIRS]"/>
  <testcase time="0.001" classname="org.bukkit.craftbukkit.inventory.FactoryItemMaterialTest" name="blankEqualities[Material[61]:LEVER]"/>
  <testcase time="0" classname="org.bukkit.craftbukkit.inventory.FactoryItemMaterialTest" name="generalCase[Material[61]:LEVER]"/>
  <testcase time="0" classname="org.bukkit.craftbukkit.inventory.FactoryItemMaterialTest" name="asMetaFor[Material[61]:LEVER]"/>
  <testcase time="0" classname="org.bukkit.craftbukkit.inventory.FactoryItemMaterialTest" name="itemStack[Material[61]:LEVER]"/>
  <testcase time="0" classname="org.bukkit.craftbukkit.inventory.FactoryItemMaterialTest" name="blankEqualities[Material[62]:STONE_PLATE]"/>
  <testcase time="0" classname="org.bukkit.craftbukkit.inventory.FactoryItemMaterialTest" name="generalCase[Material[62]:STONE_PLATE]"/>
  <testcase time="0.001" classname="org.bukkit.craftbukkit.inventory.FactoryItemMaterialTest" name="asMetaFor[Material[62]:STONE_PLATE]"/>
  <testcase time="0" classname="org.bukkit.craftbukkit.inventory.FactoryItemMaterialTest" name="itemStack[Material[62]:STONE_PLATE]"/>
  <testcase time="0" classname="org.bukkit.craftbukkit.inventory.FactoryItemMaterialTest" name="blankEqualities[Material[63]:WOOD_PLATE]"/>
  <testcase time="0" classname="org.bukkit.craftbukkit.inventory.FactoryItemMaterialTest" name="generalCase[Material[63]:WOOD_PLATE]"/>
  <testcase time="0" classname="org.bukkit.craftbukkit.inventory.FactoryItemMaterialTest" name="asMetaFor[Material[63]:WOOD_PLATE]"/>
  <testcase time="0" classname="org.bukkit.craftbukkit.inventory.FactoryItemMaterialTest" name="itemStack[Material[63]:WOOD_PLATE]"/>
  <testcase time="0" classname="org.bukkit.craftbukkit.inventory.FactoryItemMaterialTest" name="blankEqualities[Material[64]:REDSTONE_ORE]"/>
  <testcase time="0" classname="org.bukkit.craftbukkit.inventory.FactoryItemMaterialTest" name="generalCase[Material[64]:REDSTONE_ORE]"/>
  <testcase time="0" classname="org.bukkit.craftbukkit.inventory.FactoryItemMaterialTest" name="asMetaFor[Material[64]:REDSTONE_ORE]"/>
  <testcase time="0" classname="org.bukkit.craftbukkit.inventory.FactoryItemMaterialTest" name="itemStack[Material[64]:REDSTONE_ORE]"/>
  <testcase time="0" classname="org.bukkit.craftbukkit.inventory.FactoryItemMaterialTest" name="blankEqualities[Material[65]:REDSTONE_TORCH_ON]"/>
  <testcase time="0" classname="org.bukkit.craftbukkit.inventory.FactoryItemMaterialTest" name="generalCase[Material[65]:REDSTONE_TORCH_ON]"/>
  <testcase time="0" classname="org.bukkit.craftbukkit.inventory.FactoryItemMaterialTest" name="asMetaFor[Material[65]:REDSTONE_TORCH_ON]"/>
  <testcase time="0" classname="org.bukkit.craftbukkit.inventory.FactoryItemMaterialTest" name="itemStack[Material[65]:REDSTONE_TORCH_ON]"/>
  <testcase time="0.001" classname="org.bukkit.craftbukkit.inventory.FactoryItemMaterialTest" name="blankEqualities[Material[66]:STONE_BUTTON]"/>
  <testcase time="0" classname="org.bukkit.craftbukkit.inventory.FactoryItemMaterialTest" name="generalCase[Material[66]:STONE_BUTTON]"/>
  <testcase time="0" classname="org.bukkit.craftbukkit.inventory.FactoryItemMaterialTest" name="asMetaFor[Material[66]:STONE_BUTTON]"/>
  <testcase time="0" classname="org.bukkit.craftbukkit.inventory.FactoryItemMaterialTest" name="itemStack[Material[66]:STONE_BUTTON]"/>
  <testcase time="0" classname="org.bukkit.craftbukkit.inventory.FactoryItemMaterialTest" name="blankEqualities[Material[67]:SNOW]"/>
  <testcase time="0" classname="org.bukkit.craftbukkit.inventory.FactoryItemMaterialTest" name="generalCase[Material[67]:SNOW]"/>
  <testcase time="0" classname="org.bukkit.craftbukkit.inventory.FactoryItemMaterialTest" name="asMetaFor[Material[67]:SNOW]"/>
  <testcase time="0" classname="org.bukkit.craftbukkit.inventory.FactoryItemMaterialTest" name="itemStack[Material[67]:SNOW]"/>
  <testcase time="0" classname="org.bukkit.craftbukkit.inventory.FactoryItemMaterialTest" name="blankEqualities[Material[68]:ICE]"/>
  <testcase time="0" classname="org.bukkit.craftbukkit.inventory.FactoryItemMaterialTest" name="generalCase[Material[68]:ICE]"/>
  <testcase time="0.001" classname="org.bukkit.craftbukkit.inventory.FactoryItemMaterialTest" name="asMetaFor[Material[68]:ICE]"/>
  <testcase time="0" classname="org.bukkit.craftbukkit.inventory.FactoryItemMaterialTest" name="itemStack[Material[68]:ICE]"/>
  <testcase time="0" classname="org.bukkit.craftbukkit.inventory.FactoryItemMaterialTest" name="blankEqualities[Material[69]:SNOW_BLOCK]"/>
  <testcase time="0" classname="org.bukkit.craftbukkit.inventory.FactoryItemMaterialTest" name="generalCase[Material[69]:SNOW_BLOCK]"/>
  <testcase time="0" classname="org.bukkit.craftbukkit.inventory.FactoryItemMaterialTest" name="asMetaFor[Material[69]:SNOW_BLOCK]"/>
  <testcase time="0" classname="org.bukkit.craftbukkit.inventory.FactoryItemMaterialTest" name="itemStack[Material[69]:SNOW_BLOCK]"/>
  <testcase time="0.001" classname="org.bukkit.craftbukkit.inventory.FactoryItemMaterialTest" name="blankEqualities[Material[70]:CACTUS]"/>
  <testcase time="0" classname="org.bukkit.craftbukkit.inventory.FactoryItemMaterialTest" name="generalCase[Material[70]:CACTUS]"/>
  <testcase time="0" classname="org.bukkit.craftbukkit.inventory.FactoryItemMaterialTest" name="asMetaFor[Material[70]:CACTUS]"/>
  <testcase time="0" classname="org.bukkit.craftbukkit.inventory.FactoryItemMaterialTest" name="itemStack[Material[70]:CACTUS]"/>
  <testcase time="0" classname="org.bukkit.craftbukkit.inventory.FactoryItemMaterialTest" name="blankEqualities[Material[71]:CLAY]"/>
  <testcase time="0.001" classname="org.bukkit.craftbukkit.inventory.FactoryItemMaterialTest" name="generalCase[Material[71]:CLAY]"/>
  <testcase time="0" classname="org.bukkit.craftbukkit.inventory.FactoryItemMaterialTest" name="asMetaFor[Material[71]:CLAY]"/>
  <testcase time="0" classname="org.bukkit.craftbukkit.inventory.FactoryItemMaterialTest" name="itemStack[Material[71]:CLAY]"/>
  <testcase time="0" classname="org.bukkit.craftbukkit.inventory.FactoryItemMaterialTest" name="blankEqualities[Material[72]:JUKEBOX]"/>
  <testcase time="0" classname="org.bukkit.craftbukkit.inventory.FactoryItemMaterialTest" name="generalCase[Material[72]:JUKEBOX]"/>
  <testcase time="0.001" classname="org.bukkit.craftbukkit.inventory.FactoryItemMaterialTest" name="asMetaFor[Material[72]:JUKEBOX]"/>
  <testcase time="0" classname="org.bukkit.craftbukkit.inventory.FactoryItemMaterialTest" name="itemStack[Material[72]:JUKEBOX]"/>
  <testcase time="0" classname="org.bukkit.craftbukkit.inventory.FactoryItemMaterialTest" name="blankEqualities[Material[73]:FENCE]"/>
  <testcase time="0" classname="org.bukkit.craftbukkit.inventory.FactoryItemMaterialTest" name="generalCase[Material[73]:FENCE]"/>
  <testcase time="0" classname="org.bukkit.craftbukkit.inventory.FactoryItemMaterialTest" name="asMetaFor[Material[73]:FENCE]"/>
  <testcase time="0" classname="org.bukkit.craftbukkit.inventory.FactoryItemMaterialTest" name="itemStack[Material[73]:FENCE]"/>
  <testcase time="0.001" classname="org.bukkit.craftbukkit.inventory.FactoryItemMaterialTest" name="blankEqualities[Material[74]:PUMPKIN]"/>
  <testcase time="0" classname="org.bukkit.craftbukkit.inventory.FactoryItemMaterialTest" name="generalCase[Material[74]:PUMPKIN]"/>
  <testcase time="0" classname="org.bukkit.craftbukkit.inventory.FactoryItemMaterialTest" name="asMetaFor[Material[74]:PUMPKIN]"/>
  <testcase time="0" classname="org.bukkit.craftbukkit.inventory.FactoryItemMaterialTest" name="itemStack[Material[74]:PUMPKIN]"/>
  <testcase time="0.001" classname="org.bukkit.craftbukkit.inventory.FactoryItemMaterialTest" name="blankEqualities[Material[75]:NETHERRACK]"/>
  <testcase time="0" classname="org.bukkit.craftbukkit.inventory.FactoryItemMaterialTest" name="generalCase[Material[75]:NETHERRACK]"/>
  <testcase time="0" classname="org.bukkit.craftbukkit.inventory.FactoryItemMaterialTest" name="asMetaFor[Material[75]:NETHERRACK]"/>
  <testcase time="0" classname="org.bukkit.craftbukkit.inventory.FactoryItemMaterialTest" name="itemStack[Material[75]:NETHERRACK]"/>
  <testcase time="0.001" classname="org.bukkit.craftbukkit.inventory.FactoryItemMaterialTest" name="blankEqualities[Material[76]:SOUL_SAND]"/>
  <testcase time="0" classname="org.bukkit.craftbukkit.inventory.FactoryItemMaterialTest" name="generalCase[Material[76]:SOUL_SAND]"/>
  <testcase time="0" classname="org.bukkit.craftbukkit.inventory.FactoryItemMaterialTest" name="asMetaFor[Material[76]:SOUL_SAND]"/>
  <testcase time="0" classname="org.bukkit.craftbukkit.inventory.FactoryItemMaterialTest" name="itemStack[Material[76]:SOUL_SAND]"/>
  <testcase time="0.001" classname="org.bukkit.craftbukkit.inventory.FactoryItemMaterialTest" name="blankEqualities[Material[77]:GLOWSTONE]"/>
  <testcase time="0" classname="org.bukkit.craftbukkit.inventory.FactoryItemMaterialTest" name="generalCase[Material[77]:GLOWSTONE]"/>
  <testcase time="0" classname="org.bukkit.craftbukkit.inventory.FactoryItemMaterialTest" name="asMetaFor[Material[77]:GLOWSTONE]"/>
  <testcase time="0" classname="org.bukkit.craftbukkit.inventory.FactoryItemMaterialTest" name="itemStack[Material[77]:GLOWSTONE]"/>
  <testcase time="0" classname="org.bukkit.craftbukkit.inventory.FactoryItemMaterialTest" name="blankEqualities[Material[78]:PORTAL]"/>
  <testcase time="0.001" classname="org.bukkit.craftbukkit.inventory.FactoryItemMaterialTest" name="generalCase[Material[78]:PORTAL]"/>
  <testcase time="0.001" classname="org.bukkit.craftbukkit.inventory.FactoryItemMaterialTest" name="asMetaFor[Material[78]:PORTAL]"/>
  <testcase time="0" classname="org.bukkit.craftbukkit.inventory.FactoryItemMaterialTest" name="itemStack[Material[78]:PORTAL]"/>
  <testcase time="0" classname="org.bukkit.craftbukkit.inventory.FactoryItemMaterialTest" name="blankEqualities[Material[79]:JACK_O_LANTERN]"/>
  <testcase time="0" classname="org.bukkit.craftbukkit.inventory.FactoryItemMaterialTest" name="generalCase[Material[79]:JACK_O_LANTERN]"/>
  <testcase time="0" classname="org.bukkit.craftbukkit.inventory.FactoryItemMaterialTest" name="asMetaFor[Material[79]:JACK_O_LANTERN]"/>
  <testcase time="0" classname="org.bukkit.craftbukkit.inventory.FactoryItemMaterialTest" name="itemStack[Material[79]:JACK_O_LANTERN]"/>
  <testcase time="0" classname="org.bukkit.craftbukkit.inventory.FactoryItemMaterialTest" name="blankEqualities[Material[80]:STAINED_GLASS]"/>
  <testcase time="0" classname="org.bukkit.craftbukkit.inventory.FactoryItemMaterialTest" name="generalCase[Material[80]:STAINED_GLASS]"/>
  <testcase time="0" classname="org.bukkit.craftbukkit.inventory.FactoryItemMaterialTest" name="asMetaFor[Material[80]:STAINED_GLASS]"/>
  <testcase time="0" classname="org.bukkit.craftbukkit.inventory.FactoryItemMaterialTest" name="itemStack[Material[80]:STAINED_GLASS]"/>
  <testcase time="0" classname="org.bukkit.craftbukkit.inventory.FactoryItemMaterialTest" name="blankEqualities[Material[81]:TRAP_DOOR]"/>
  <testcase time="0" classname="org.bukkit.craftbukkit.inventory.FactoryItemMaterialTest" name="generalCase[Material[81]:TRAP_DOOR]"/>
  <testcase time="0" classname="org.bukkit.craftbukkit.inventory.FactoryItemMaterialTest" name="asMetaFor[Material[81]:TRAP_DOOR]"/>
  <testcase time="0" classname="org.bukkit.craftbukkit.inventory.FactoryItemMaterialTest" name="itemStack[Material[81]:TRAP_DOOR]"/>
  <testcase time="0" classname="org.bukkit.craftbukkit.inventory.FactoryItemMaterialTest" name="blankEqualities[Material[82]:MONSTER_EGGS]"/>
  <testcase time="0" classname="org.bukkit.craftbukkit.inventory.FactoryItemMaterialTest" name="generalCase[Material[82]:MONSTER_EGGS]"/>
  <testcase time="0" classname="org.bukkit.craftbukkit.inventory.FactoryItemMaterialTest" name="asMetaFor[Material[82]:MONSTER_EGGS]"/>
  <testcase time="0" classname="org.bukkit.craftbukkit.inventory.FactoryItemMaterialTest" name="itemStack[Material[82]:MONSTER_EGGS]"/>
  <testcase time="0" classname="org.bukkit.craftbukkit.inventory.FactoryItemMaterialTest" name="blankEqualities[Material[83]:SMOOTH_BRICK]"/>
  <testcase time="0" classname="org.bukkit.craftbukkit.inventory.FactoryItemMaterialTest" name="generalCase[Material[83]:SMOOTH_BRICK]"/>
  <testcase time="0" classname="org.bukkit.craftbukkit.inventory.FactoryItemMaterialTest" name="asMetaFor[Material[83]:SMOOTH_BRICK]"/>
  <testcase time="0" classname="org.bukkit.craftbukkit.inventory.FactoryItemMaterialTest" name="itemStack[Material[83]:SMOOTH_BRICK]"/>
  <testcase time="0" classname="org.bukkit.craftbukkit.inventory.FactoryItemMaterialTest" name="blankEqualities[Material[84]:HUGE_MUSHROOM_1]"/>
  <testcase time="0" classname="org.bukkit.craftbukkit.inventory.FactoryItemMaterialTest" name="generalCase[Material[84]:HUGE_MUSHROOM_1]"/>
  <testcase time="0" classname="org.bukkit.craftbukkit.inventory.FactoryItemMaterialTest" name="asMetaFor[Material[84]:HUGE_MUSHROOM_1]"/>
  <testcase time="0" classname="org.bukkit.craftbukkit.inventory.FactoryItemMaterialTest" name="itemStack[Material[84]:HUGE_MUSHROOM_1]"/>
  <testcase time="0" classname="org.bukkit.craftbukkit.inventory.FactoryItemMaterialTest" name="blankEqualities[Material[85]:HUGE_MUSHROOM_2]"/>
  <testcase time="0" classname="org.bukkit.craftbukkit.inventory.FactoryItemMaterialTest" name="generalCase[Material[85]:HUGE_MUSHROOM_2]"/>
  <testcase time="0" classname="org.bukkit.craftbukkit.inventory.FactoryItemMaterialTest" name="asMetaFor[Material[85]:HUGE_MUSHROOM_2]"/>
  <testcase time="0" classname="org.bukkit.craftbukkit.inventory.FactoryItemMaterialTest" name="itemStack[Material[85]:HUGE_MUSHROOM_2]"/>
  <testcase time="0" classname="org.bukkit.craftbukkit.inventory.FactoryItemMaterialTest" name="blankEqualities[Material[86]:IRON_FENCE]"/>
  <testcase time="0" classname="org.bukkit.craftbukkit.inventory.FactoryItemMaterialTest" name="generalCase[Material[86]:IRON_FENCE]"/>
  <testcase time="0" classname="org.bukkit.craftbukkit.inventory.FactoryItemMaterialTest" name="asMetaFor[Material[86]:IRON_FENCE]"/>
  <testcase time="0" classname="org.bukkit.craftbukkit.inventory.FactoryItemMaterialTest" name="itemStack[Material[86]:IRON_FENCE]"/>
  <testcase time="0" classname="org.bukkit.craftbukkit.inventory.FactoryItemMaterialTest" name="blankEqualities[Material[87]:THIN_GLASS]"/>
  <testcase time="0" classname="org.bukkit.craftbukkit.inventory.FactoryItemMaterialTest" name="generalCase[Material[87]:THIN_GLASS]"/>
  <testcase time="0" classname="org.bukkit.craftbukkit.inventory.FactoryItemMaterialTest" name="asMetaFor[Material[87]:THIN_GLASS]"/>
  <testcase time="0" classname="org.bukkit.craftbukkit.inventory.FactoryItemMaterialTest" name="itemStack[Material[87]:THIN_GLASS]"/>
  <testcase time="0" classname="org.bukkit.craftbukkit.inventory.FactoryItemMaterialTest" name="blankEqualities[Material[88]:MELON_BLOCK]"/>
  <testcase time="0" classname="org.bukkit.craftbukkit.inventory.FactoryItemMaterialTest" name="generalCase[Material[88]:MELON_BLOCK]"/>
  <testcase time="0" classname="org.bukkit.craftbukkit.inventory.FactoryItemMaterialTest" name="asMetaFor[Material[88]:MELON_BLOCK]"/>
  <testcase time="0" classname="org.bukkit.craftbukkit.inventory.FactoryItemMaterialTest" name="itemStack[Material[88]:MELON_BLOCK]"/>
  <testcase time="0" classname="org.bukkit.craftbukkit.inventory.FactoryItemMaterialTest" name="blankEqualities[Material[89]:VINE]"/>
  <testcase time="0" classname="org.bukkit.craftbukkit.inventory.FactoryItemMaterialTest" name="generalCase[Material[89]:VINE]"/>
  <testcase time="0" classname="org.bukkit.craftbukkit.inventory.FactoryItemMaterialTest" name="asMetaFor[Material[89]:VINE]"/>
  <testcase time="0" classname="org.bukkit.craftbukkit.inventory.FactoryItemMaterialTest" name="itemStack[Material[89]:VINE]"/>
  <testcase time="0" classname="org.bukkit.craftbukkit.inventory.FactoryItemMaterialTest" name="blankEqualities[Material[90]:FENCE_GATE]"/>
  <testcase time="0" classname="org.bukkit.craftbukkit.inventory.FactoryItemMaterialTest" name="generalCase[Material[90]:FENCE_GATE]"/>
  <testcase time="0" classname="org.bukkit.craftbukkit.inventory.FactoryItemMaterialTest" name="asMetaFor[Material[90]:FENCE_GATE]"/>
  <testcase time="0" classname="org.bukkit.craftbukkit.inventory.FactoryItemMaterialTest" name="itemStack[Material[90]:FENCE_GATE]"/>
  <testcase time="0" classname="org.bukkit.craftbukkit.inventory.FactoryItemMaterialTest" name="blankEqualities[Material[91]:BRICK_STAIRS]"/>
  <testcase time="0" classname="org.bukkit.craftbukkit.inventory.FactoryItemMaterialTest" name="generalCase[Material[91]:BRICK_STAIRS]"/>
  <testcase time="0" classname="org.bukkit.craftbukkit.inventory.FactoryItemMaterialTest" name="asMetaFor[Material[91]:BRICK_STAIRS]"/>
  <testcase time="0" classname="org.bukkit.craftbukkit.inventory.FactoryItemMaterialTest" name="itemStack[Material[91]:BRICK_STAIRS]"/>
  <testcase time="0" classname="org.bukkit.craftbukkit.inventory.FactoryItemMaterialTest" name="blankEqualities[Material[92]:SMOOTH_STAIRS]"/>
  <testcase time="0" classname="org.bukkit.craftbukkit.inventory.FactoryItemMaterialTest" name="generalCase[Material[92]:SMOOTH_STAIRS]"/>
  <testcase time="0" classname="org.bukkit.craftbukkit.inventory.FactoryItemMaterialTest" name="asMetaFor[Material[92]:SMOOTH_STAIRS]"/>
  <testcase time="0" classname="org.bukkit.craftbukkit.inventory.FactoryItemMaterialTest" name="itemStack[Material[92]:SMOOTH_STAIRS]"/>
  <testcase time="0" classname="org.bukkit.craftbukkit.inventory.FactoryItemMaterialTest" name="blankEqualities[Material[93]:MYCEL]"/>
  <testcase time="0" classname="org.bukkit.craftbukkit.inventory.FactoryItemMaterialTest" name="generalCase[Material[93]:MYCEL]"/>
  <testcase time="0" classname="org.bukkit.craftbukkit.inventory.FactoryItemMaterialTest" name="asMetaFor[Material[93]:MYCEL]"/>
  <testcase time="0" classname="org.bukkit.craftbukkit.inventory.FactoryItemMaterialTest" name="itemStack[Material[93]:MYCEL]"/>
  <testcase time="0.001" classname="org.bukkit.craftbukkit.inventory.FactoryItemMaterialTest" name="blankEqualities[Material[94]:WATER_LILY]"/>
  <testcase time="0" classname="org.bukkit.craftbukkit.inventory.FactoryItemMaterialTest" name="generalCase[Material[94]:WATER_LILY]"/>
  <testcase time="0" classname="org.bukkit.craftbukkit.inventory.FactoryItemMaterialTest" name="asMetaFor[Material[94]:WATER_LILY]"/>
  <testcase time="0" classname="org.bukkit.craftbukkit.inventory.FactoryItemMaterialTest" name="itemStack[Material[94]:WATER_LILY]"/>
  <testcase time="0" classname="org.bukkit.craftbukkit.inventory.FactoryItemMaterialTest" name="blankEqualities[Material[95]:NETHER_BRICK]"/>
  <testcase time="0.001" classname="org.bukkit.craftbukkit.inventory.FactoryItemMaterialTest" name="generalCase[Material[95]:NETHER_BRICK]"/>
  <testcase time="0" classname="org.bukkit.craftbukkit.inventory.FactoryItemMaterialTest" name="asMetaFor[Material[95]:NETHER_BRICK]"/>
  <testcase time="0" classname="org.bukkit.craftbukkit.inventory.FactoryItemMaterialTest" name="itemStack[Material[95]:NETHER_BRICK]"/>
  <testcase time="0" classname="org.bukkit.craftbukkit.inventory.FactoryItemMaterialTest" name="blankEqualities[Material[96]:NETHER_FENCE]"/>
  <testcase time="0" classname="org.bukkit.craftbukkit.inventory.FactoryItemMaterialTest" name="generalCase[Material[96]:NETHER_FENCE]"/>
  <testcase time="0.001" classname="org.bukkit.craftbukkit.inventory.FactoryItemMaterialTest" name="asMetaFor[Material[96]:NETHER_FENCE]"/>
  <testcase time="0" classname="org.bukkit.craftbukkit.inventory.FactoryItemMaterialTest" name="itemStack[Material[96]:NETHER_FENCE]"/>
  <testcase time="0" classname="org.bukkit.craftbukkit.inventory.FactoryItemMaterialTest" name="blankEqualities[Material[97]:NETHER_BRICK_STAIRS]"/>
  <testcase time="0" classname="org.bukkit.craftbukkit.inventory.FactoryItemMaterialTest" name="generalCase[Material[97]:NETHER_BRICK_STAIRS]"/>
  <testcase time="0" classname="org.bukkit.craftbukkit.inventory.FactoryItemMaterialTest" name="asMetaFor[Material[97]:NETHER_BRICK_STAIRS]"/>
  <testcase time="0" classname="org.bukkit.craftbukkit.inventory.FactoryItemMaterialTest" name="itemStack[Material[97]:NETHER_BRICK_STAIRS]"/>
  <testcase time="0" classname="org.bukkit.craftbukkit.inventory.FactoryItemMaterialTest" name="blankEqualities[Material[98]:ENCHANTMENT_TABLE]"/>
  <testcase time="0" classname="org.bukkit.craftbukkit.inventory.FactoryItemMaterialTest" name="generalCase[Material[98]:ENCHANTMENT_TABLE]"/>
  <testcase time="0" classname="org.bukkit.craftbukkit.inventory.FactoryItemMaterialTest" name="asMetaFor[Material[98]:ENCHANTMENT_TABLE]"/>
  <testcase time="0" classname="org.bukkit.craftbukkit.inventory.FactoryItemMaterialTest" name="itemStack[Material[98]:ENCHANTMENT_TABLE]"/>
  <testcase time="0.001" classname="org.bukkit.craftbukkit.inventory.FactoryItemMaterialTest" name="blankEqualities[Material[99]:ENDER_PORTAL]"/>
  <testcase time="0" classname="org.bukkit.craftbukkit.inventory.FactoryItemMaterialTest" name="generalCase[Material[99]:ENDER_PORTAL]"/>
  <testcase time="0" classname="org.bukkit.craftbukkit.inventory.FactoryItemMaterialTest" name="asMetaFor[Material[99]:ENDER_PORTAL]"/>
  <testcase time="0" classname="org.bukkit.craftbukkit.inventory.FactoryItemMaterialTest" name="itemStack[Material[99]:ENDER_PORTAL]"/>
  <testcase time="0.001" classname="org.bukkit.craftbukkit.inventory.FactoryItemMaterialTest" name="blankEqualities[Material[100]:ENDER_PORTAL_FRAME]"/>
  <testcase time="0" classname="org.bukkit.craftbukkit.inventory.FactoryItemMaterialTest" name="generalCase[Material[100]:ENDER_PORTAL_FRAME]"/>
  <testcase time="0" classname="org.bukkit.craftbukkit.inventory.FactoryItemMaterialTest" name="asMetaFor[Material[100]:ENDER_PORTAL_FRAME]"/>
  <testcase time="0" classname="org.bukkit.craftbukkit.inventory.FactoryItemMaterialTest" name="itemStack[Material[100]:ENDER_PORTAL_FRAME]"/>
  <testcase time="0" classname="org.bukkit.craftbukkit.inventory.FactoryItemMaterialTest" name="blankEqualities[Material[101]:ENDER_STONE]"/>
  <testcase time="0" classname="org.bukkit.craftbukkit.inventory.FactoryItemMaterialTest" name="generalCase[Material[101]:ENDER_STONE]"/>
  <testcase time="0" classname="org.bukkit.craftbukkit.inventory.FactoryItemMaterialTest" name="asMetaFor[Material[101]:ENDER_STONE]"/>
  <testcase time="0.001" classname="org.bukkit.craftbukkit.inventory.FactoryItemMaterialTest" name="itemStack[Material[101]:ENDER_STONE]"/>
  <testcase time="0" classname="org.bukkit.craftbukkit.inventory.FactoryItemMaterialTest" name="blankEqualities[Material[102]:DRAGON_EGG]"/>
  <testcase time="0" classname="org.bukkit.craftbukkit.inventory.FactoryItemMaterialTest" name="generalCase[Material[102]:DRAGON_EGG]"/>
  <testcase time="0" classname="org.bukkit.craftbukkit.inventory.FactoryItemMaterialTest" name="asMetaFor[Material[102]:DRAGON_EGG]"/>
  <testcase time="0" classname="org.bukkit.craftbukkit.inventory.FactoryItemMaterialTest" name="itemStack[Material[102]:DRAGON_EGG]"/>
  <testcase time="0.001" classname="org.bukkit.craftbukkit.inventory.FactoryItemMaterialTest" name="blankEqualities[Material[103]:REDSTONE_LAMP_OFF]"/>
  <testcase time="0" classname="org.bukkit.craftbukkit.inventory.FactoryItemMaterialTest" name="generalCase[Material[103]:REDSTONE_LAMP_OFF]"/>
  <testcase time="0" classname="org.bukkit.craftbukkit.inventory.FactoryItemMaterialTest" name="asMetaFor[Material[103]:REDSTONE_LAMP_OFF]"/>
  <testcase time="0" classname="org.bukkit.craftbukkit.inventory.FactoryItemMaterialTest" name="itemStack[Material[103]:REDSTONE_LAMP_OFF]"/>
  <testcase time="0" classname="org.bukkit.craftbukkit.inventory.FactoryItemMaterialTest" name="blankEqualities[Material[104]:WOOD_DOUBLE_STEP]"/>
  <testcase time="0" classname="org.bukkit.craftbukkit.inventory.FactoryItemMaterialTest" name="generalCase[Material[104]:WOOD_DOUBLE_STEP]"/>
  <testcase time="0" classname="org.bukkit.craftbukkit.inventory.FactoryItemMaterialTest" name="asMetaFor[Material[104]:WOOD_DOUBLE_STEP]"/>
  <testcase time="0" classname="org.bukkit.craftbukkit.inventory.FactoryItemMaterialTest" name="itemStack[Material[104]:WOOD_DOUBLE_STEP]"/>
  <testcase time="0" classname="org.bukkit.craftbukkit.inventory.FactoryItemMaterialTest" name="blankEqualities[Material[105]:WOOD_STEP]"/>
  <testcase time="0" classname="org.bukkit.craftbukkit.inventory.FactoryItemMaterialTest" name="generalCase[Material[105]:WOOD_STEP]"/>
  <testcase time="0" classname="org.bukkit.craftbukkit.inventory.FactoryItemMaterialTest" name="asMetaFor[Material[105]:WOOD_STEP]"/>
  <testcase time="0" classname="org.bukkit.craftbukkit.inventory.FactoryItemMaterialTest" name="itemStack[Material[105]:WOOD_STEP]"/>
  <testcase time="0" classname="org.bukkit.craftbukkit.inventory.FactoryItemMaterialTest" name="blankEqualities[Material[106]:COCOA]"/>
  <testcase time="0" classname="org.bukkit.craftbukkit.inventory.FactoryItemMaterialTest" name="generalCase[Material[106]:COCOA]"/>
  <testcase time="0.001" classname="org.bukkit.craftbukkit.inventory.FactoryItemMaterialTest" name="asMetaFor[Material[106]:COCOA]"/>
  <testcase time="0" classname="org.bukkit.craftbukkit.inventory.FactoryItemMaterialTest" name="itemStack[Material[106]:COCOA]"/>
  <testcase time="0" classname="org.bukkit.craftbukkit.inventory.FactoryItemMaterialTest" name="blankEqualities[Material[107]:SANDSTONE_STAIRS]"/>
  <testcase time="0" classname="org.bukkit.craftbukkit.inventory.FactoryItemMaterialTest" name="generalCase[Material[107]:SANDSTONE_STAIRS]"/>
  <testcase time="0" classname="org.bukkit.craftbukkit.inventory.FactoryItemMaterialTest" name="asMetaFor[Material[107]:SANDSTONE_STAIRS]"/>
  <testcase time="0" classname="org.bukkit.craftbukkit.inventory.FactoryItemMaterialTest" name="itemStack[Material[107]:SANDSTONE_STAIRS]"/>
  <testcase time="0" classname="org.bukkit.craftbukkit.inventory.FactoryItemMaterialTest" name="blankEqualities[Material[108]:EMERALD_ORE]"/>
  <testcase time="0" classname="org.bukkit.craftbukkit.inventory.FactoryItemMaterialTest" name="generalCase[Material[108]:EMERALD_ORE]"/>
  <testcase time="0" classname="org.bukkit.craftbukkit.inventory.FactoryItemMaterialTest" name="asMetaFor[Material[108]:EMERALD_ORE]"/>
  <testcase time="0" classname="org.bukkit.craftbukkit.inventory.FactoryItemMaterialTest" name="itemStack[Material[108]:EMERALD_ORE]"/>
  <testcase time="0" classname="org.bukkit.craftbukkit.inventory.FactoryItemMaterialTest" name="blankEqualities[Material[109]:ENDER_CHEST]"/>
  <testcase time="0" classname="org.bukkit.craftbukkit.inventory.FactoryItemMaterialTest" name="generalCase[Material[109]:ENDER_CHEST]"/>
  <testcase time="0" classname="org.bukkit.craftbukkit.inventory.FactoryItemMaterialTest" name="asMetaFor[Material[109]:ENDER_CHEST]"/>
  <testcase time="0" classname="org.bukkit.craftbukkit.inventory.FactoryItemMaterialTest" name="itemStack[Material[109]:ENDER_CHEST]"/>
  <testcase time="0" classname="org.bukkit.craftbukkit.inventory.FactoryItemMaterialTest" name="blankEqualities[Material[110]:TRIPWIRE_HOOK]"/>
  <testcase time="0" classname="org.bukkit.craftbukkit.inventory.FactoryItemMaterialTest" name="generalCase[Material[110]:TRIPWIRE_HOOK]"/>
  <testcase time="0" classname="org.bukkit.craftbukkit.inventory.FactoryItemMaterialTest" name="asMetaFor[Material[110]:TRIPWIRE_HOOK]"/>
  <testcase time="0" classname="org.bukkit.craftbukkit.inventory.FactoryItemMaterialTest" name="itemStack[Material[110]:TRIPWIRE_HOOK]"/>
  <testcase time="0" classname="org.bukkit.craftbukkit.inventory.FactoryItemMaterialTest" name="blankEqualities[Material[111]:EMERALD_BLOCK]"/>
  <testcase time="0" classname="org.bukkit.craftbukkit.inventory.FactoryItemMaterialTest" name="generalCase[Material[111]:EMERALD_BLOCK]"/>
  <testcase time="0" classname="org.bukkit.craftbukkit.inventory.FactoryItemMaterialTest" name="asMetaFor[Material[111]:EMERALD_BLOCK]"/>
  <testcase time="0" classname="org.bukkit.craftbukkit.inventory.FactoryItemMaterialTest" name="itemStack[Material[111]:EMERALD_BLOCK]"/>
  <testcase time="0" classname="org.bukkit.craftbukkit.inventory.FactoryItemMaterialTest" name="blankEqualities[Material[112]:SPRUCE_WOOD_STAIRS]"/>
  <testcase time="0" classname="org.bukkit.craftbukkit.inventory.FactoryItemMaterialTest" name="generalCase[Material[112]:SPRUCE_WOOD_STAIRS]"/>
  <testcase time="0" classname="org.bukkit.craftbukkit.inventory.FactoryItemMaterialTest" name="asMetaFor[Material[112]:SPRUCE_WOOD_STAIRS]"/>
  <testcase time="0" classname="org.bukkit.craftbukkit.inventory.FactoryItemMaterialTest" name="itemStack[Material[112]:SPRUCE_WOOD_STAIRS]"/>
  <testcase time="0.001" classname="org.bukkit.craftbukkit.inventory.FactoryItemMaterialTest" name="blankEqualities[Material[113]:BIRCH_WOOD_STAIRS]"/>
  <testcase time="0" classname="org.bukkit.craftbukkit.inventory.FactoryItemMaterialTest" name="generalCase[Material[113]:BIRCH_WOOD_STAIRS]"/>
  <testcase time="0" classname="org.bukkit.craftbukkit.inventory.FactoryItemMaterialTest" name="asMetaFor[Material[113]:BIRCH_WOOD_STAIRS]"/>
  <testcase time="0" classname="org.bukkit.craftbukkit.inventory.FactoryItemMaterialTest" name="itemStack[Material[113]:BIRCH_WOOD_STAIRS]"/>
  <testcase time="0" classname="org.bukkit.craftbukkit.inventory.FactoryItemMaterialTest" name="blankEqualities[Material[114]:JUNGLE_WOOD_STAIRS]"/>
  <testcase time="0" classname="org.bukkit.craftbukkit.inventory.FactoryItemMaterialTest" name="generalCase[Material[114]:JUNGLE_WOOD_STAIRS]"/>
  <testcase time="0" classname="org.bukkit.craftbukkit.inventory.FactoryItemMaterialTest" name="asMetaFor[Material[114]:JUNGLE_WOOD_STAIRS]"/>
  <testcase time="0" classname="org.bukkit.craftbukkit.inventory.FactoryItemMaterialTest" name="itemStack[Material[114]:JUNGLE_WOOD_STAIRS]"/>
  <testcase time="0.001" classname="org.bukkit.craftbukkit.inventory.FactoryItemMaterialTest" name="blankEqualities[Material[115]:COMMAND]"/>
  <testcase time="0" classname="org.bukkit.craftbukkit.inventory.FactoryItemMaterialTest" name="generalCase[Material[115]:COMMAND]"/>
  <testcase time="0" classname="org.bukkit.craftbukkit.inventory.FactoryItemMaterialTest" name="asMetaFor[Material[115]:COMMAND]"/>
  <testcase time="0" classname="org.bukkit.craftbukkit.inventory.FactoryItemMaterialTest" name="itemStack[Material[115]:COMMAND]"/>
  <testcase time="0" classname="org.bukkit.craftbukkit.inventory.FactoryItemMaterialTest" name="blankEqualities[Material[116]:BEACON]"/>
  <testcase time="0" classname="org.bukkit.craftbukkit.inventory.FactoryItemMaterialTest" name="generalCase[Material[116]:BEACON]"/>
  <testcase time="0" classname="org.bukkit.craftbukkit.inventory.FactoryItemMaterialTest" name="asMetaFor[Material[116]:BEACON]"/>
  <testcase time="0" classname="org.bukkit.craftbukkit.inventory.FactoryItemMaterialTest" name="itemStack[Material[116]:BEACON]"/>
  <testcase time="0" classname="org.bukkit.craftbukkit.inventory.FactoryItemMaterialTest" name="blankEqualities[Material[117]:COBBLE_WALL]"/>
  <testcase time="0" classname="org.bukkit.craftbukkit.inventory.FactoryItemMaterialTest" name="generalCase[Material[117]:COBBLE_WALL]"/>
  <testcase time="0.002" classname="org.bukkit.craftbukkit.inventory.FactoryItemMaterialTest" name="asMetaFor[Material[117]:COBBLE_WALL]"/>
  <testcase time="0" classname="org.bukkit.craftbukkit.inventory.FactoryItemMaterialTest" name="itemStack[Material[117]:COBBLE_WALL]"/>
  <testcase time="0" classname="org.bukkit.craftbukkit.inventory.FactoryItemMaterialTest" name="blankEqualities[Material[118]:CARROT]"/>
  <testcase time="0" classname="org.bukkit.craftbukkit.inventory.FactoryItemMaterialTest" name="generalCase[Material[118]:CARROT]"/>
  <testcase time="0" classname="org.bukkit.craftbukkit.inventory.FactoryItemMaterialTest" name="asMetaFor[Material[118]:CARROT]"/>
  <testcase time="0" classname="org.bukkit.craftbukkit.inventory.FactoryItemMaterialTest" name="itemStack[Material[118]:CARROT]"/>
  <testcase time="0" classname="org.bukkit.craftbukkit.inventory.FactoryItemMaterialTest" name="blankEqualities[Material[119]:POTATO]"/>
  <testcase time="0" classname="org.bukkit.craftbukkit.inventory.FactoryItemMaterialTest" name="generalCase[Material[119]:POTATO]"/>
  <testcase time="0" classname="org.bukkit.craftbukkit.inventory.FactoryItemMaterialTest" name="asMetaFor[Material[119]:POTATO]"/>
  <testcase time="0" classname="org.bukkit.craftbukkit.inventory.FactoryItemMaterialTest" name="itemStack[Material[119]:POTATO]"/>
  <testcase time="0" classname="org.bukkit.craftbukkit.inventory.FactoryItemMaterialTest" name="blankEqualities[Material[120]:WOOD_BUTTON]"/>
  <testcase time="0" classname="org.bukkit.craftbukkit.inventory.FactoryItemMaterialTest" name="generalCase[Material[120]:WOOD_BUTTON]"/>
  <testcase time="0" classname="org.bukkit.craftbukkit.inventory.FactoryItemMaterialTest" name="asMetaFor[Material[120]:WOOD_BUTTON]"/>
  <testcase time="0" classname="org.bukkit.craftbukkit.inventory.FactoryItemMaterialTest" name="itemStack[Material[120]:WOOD_BUTTON]"/>
  <testcase time="0" classname="org.bukkit.craftbukkit.inventory.FactoryItemMaterialTest" name="blankEqualities[Material[121]:ANVIL]"/>
  <testcase time="0" classname="org.bukkit.craftbukkit.inventory.FactoryItemMaterialTest" name="generalCase[Material[121]:ANVIL]"/>
  <testcase time="0" classname="org.bukkit.craftbukkit.inventory.FactoryItemMaterialTest" name="asMetaFor[Material[121]:ANVIL]"/>
  <testcase time="0" classname="org.bukkit.craftbukkit.inventory.FactoryItemMaterialTest" name="itemStack[Material[121]:ANVIL]"/>
  <testcase time="0" classname="org.bukkit.craftbukkit.inventory.FactoryItemMaterialTest" name="blankEqualities[Material[122]:TRAPPED_CHEST]"/>
  <testcase time="0" classname="org.bukkit.craftbukkit.inventory.FactoryItemMaterialTest" name="generalCase[Material[122]:TRAPPED_CHEST]"/>
  <testcase time="0" classname="org.bukkit.craftbukkit.inventory.FactoryItemMaterialTest" name="asMetaFor[Material[122]:TRAPPED_CHEST]"/>
  <testcase time="0" classname="org.bukkit.craftbukkit.inventory.FactoryItemMaterialTest" name="itemStack[Material[122]:TRAPPED_CHEST]"/>
  <testcase time="0" classname="org.bukkit.craftbukkit.inventory.FactoryItemMaterialTest" name="blankEqualities[Material[123]:GOLD_PLATE]"/>
  <testcase time="0" classname="org.bukkit.craftbukkit.inventory.FactoryItemMaterialTest" name="generalCase[Material[123]:GOLD_PLATE]"/>
  <testcase time="0" classname="org.bukkit.craftbukkit.inventory.FactoryItemMaterialTest" name="asMetaFor[Material[123]:GOLD_PLATE]"/>
  <testcase time="0" classname="org.bukkit.craftbukkit.inventory.FactoryItemMaterialTest" name="itemStack[Material[123]:GOLD_PLATE]"/>
  <testcase time="0" classname="org.bukkit.craftbukkit.inventory.FactoryItemMaterialTest" name="blankEqualities[Material[124]:IRON_PLATE]"/>
  <testcase time="0" classname="org.bukkit.craftbukkit.inventory.FactoryItemMaterialTest" name="generalCase[Material[124]:IRON_PLATE]"/>
  <testcase time="0" classname="org.bukkit.craftbukkit.inventory.FactoryItemMaterialTest" name="asMetaFor[Material[124]:IRON_PLATE]"/>
  <testcase time="0" classname="org.bukkit.craftbukkit.inventory.FactoryItemMaterialTest" name="itemStack[Material[124]:IRON_PLATE]"/>
  <testcase time="0" classname="org.bukkit.craftbukkit.inventory.FactoryItemMaterialTest" name="blankEqualities[Material[125]:DAYLIGHT_DETECTOR]"/>
  <testcase time="0.001" classname="org.bukkit.craftbukkit.inventory.FactoryItemMaterialTest" name="generalCase[Material[125]:DAYLIGHT_DETECTOR]"/>
  <testcase time="0" classname="org.bukkit.craftbukkit.inventory.FactoryItemMaterialTest" name="asMetaFor[Material[125]:DAYLIGHT_DETECTOR]"/>
  <testcase time="0" classname="org.bukkit.craftbukkit.inventory.FactoryItemMaterialTest" name="itemStack[Material[125]:DAYLIGHT_DETECTOR]"/>
  <testcase time="0" classname="org.bukkit.craftbukkit.inventory.FactoryItemMaterialTest" name="blankEqualities[Material[126]:REDSTONE_BLOCK]"/>
  <testcase time="0" classname="org.bukkit.craftbukkit.inventory.FactoryItemMaterialTest" name="generalCase[Material[126]:REDSTONE_BLOCK]"/>
  <testcase time="0" classname="org.bukkit.craftbukkit.inventory.FactoryItemMaterialTest" name="asMetaFor[Material[126]:REDSTONE_BLOCK]"/>
  <testcase time="0" classname="org.bukkit.craftbukkit.inventory.FactoryItemMaterialTest" name="itemStack[Material[126]:REDSTONE_BLOCK]"/>
  <testcase time="0" classname="org.bukkit.craftbukkit.inventory.FactoryItemMaterialTest" name="blankEqualities[Material[127]:QUARTZ_ORE]"/>
  <testcase time="0" classname="org.bukkit.craftbukkit.inventory.FactoryItemMaterialTest" name="generalCase[Material[127]:QUARTZ_ORE]"/>
  <testcase time="0.001" classname="org.bukkit.craftbukkit.inventory.FactoryItemMaterialTest" name="asMetaFor[Material[127]:QUARTZ_ORE]"/>
  <testcase time="0" classname="org.bukkit.craftbukkit.inventory.FactoryItemMaterialTest" name="itemStack[Material[127]:QUARTZ_ORE]"/>
  <testcase time="0" classname="org.bukkit.craftbukkit.inventory.FactoryItemMaterialTest" name="blankEqualities[Material[128]:HOPPER]"/>
  <testcase time="0" classname="org.bukkit.craftbukkit.inventory.FactoryItemMaterialTest" name="generalCase[Material[128]:HOPPER]"/>
  <testcase time="0" classname="org.bukkit.craftbukkit.inventory.FactoryItemMaterialTest" name="asMetaFor[Material[128]:HOPPER]"/>
  <testcase time="0" classname="org.bukkit.craftbukkit.inventory.FactoryItemMaterialTest" name="itemStack[Material[128]:HOPPER]"/>
  <testcase time="0" classname="org.bukkit.craftbukkit.inventory.FactoryItemMaterialTest" name="blankEqualities[Material[129]:QUARTZ_BLOCK]"/>
  <testcase time="0" classname="org.bukkit.craftbukkit.inventory.FactoryItemMaterialTest" name="generalCase[Material[129]:QUARTZ_BLOCK]"/>
  <testcase time="0.001" classname="org.bukkit.craftbukkit.inventory.FactoryItemMaterialTest" name="asMetaFor[Material[129]:QUARTZ_BLOCK]"/>
  <testcase time="0" classname="org.bukkit.craftbukkit.inventory.FactoryItemMaterialTest" name="itemStack[Material[129]:QUARTZ_BLOCK]"/>
  <testcase time="0" classname="org.bukkit.craftbukkit.inventory.FactoryItemMaterialTest" name="blankEqualities[Material[130]:QUARTZ_STAIRS]"/>
  <testcase time="0" classname="org.bukkit.craftbukkit.inventory.FactoryItemMaterialTest" name="generalCase[Material[130]:QUARTZ_STAIRS]"/>
  <testcase time="0" classname="org.bukkit.craftbukkit.inventory.FactoryItemMaterialTest" name="asMetaFor[Material[130]:QUARTZ_STAIRS]"/>
  <testcase time="0" classname="org.bukkit.craftbukkit.inventory.FactoryItemMaterialTest" name="itemStack[Material[130]:QUARTZ_STAIRS]"/>
  <testcase time="0" classname="org.bukkit.craftbukkit.inventory.FactoryItemMaterialTest" name="blankEqualities[Material[131]:ACTIVATOR_RAIL]"/>
  <testcase time="0" classname="org.bukkit.craftbukkit.inventory.FactoryItemMaterialTest" name="generalCase[Material[131]:ACTIVATOR_RAIL]"/>
  <testcase time="0" classname="org.bukkit.craftbukkit.inventory.FactoryItemMaterialTest" name="asMetaFor[Material[131]:ACTIVATOR_RAIL]"/>
  <testcase time="0" classname="org.bukkit.craftbukkit.inventory.FactoryItemMaterialTest" name="itemStack[Material[131]:ACTIVATOR_RAIL]"/>
  <testcase time="0" classname="org.bukkit.craftbukkit.inventory.FactoryItemMaterialTest" name="blankEqualities[Material[132]:DROPPER]"/>
  <testcase time="0" classname="org.bukkit.craftbukkit.inventory.FactoryItemMaterialTest" name="generalCase[Material[132]:DROPPER]"/>
  <testcase time="0" classname="org.bukkit.craftbukkit.inventory.FactoryItemMaterialTest" name="asMetaFor[Material[132]:DROPPER]"/>
  <testcase time="0" classname="org.bukkit.craftbukkit.inventory.FactoryItemMaterialTest" name="itemStack[Material[132]:DROPPER]"/>
  <testcase time="0" classname="org.bukkit.craftbukkit.inventory.FactoryItemMaterialTest" name="blankEqualities[Material[133]:STAINED_CLAY]"/>
  <testcase time="0" classname="org.bukkit.craftbukkit.inventory.FactoryItemMaterialTest" name="generalCase[Material[133]:STAINED_CLAY]"/>
  <testcase time="0" classname="org.bukkit.craftbukkit.inventory.FactoryItemMaterialTest" name="asMetaFor[Material[133]:STAINED_CLAY]"/>
  <testcase time="0" classname="org.bukkit.craftbukkit.inventory.FactoryItemMaterialTest" name="itemStack[Material[133]:STAINED_CLAY]"/>
  <testcase time="0" classname="org.bukkit.craftbukkit.inventory.FactoryItemMaterialTest" name="blankEqualities[Material[134]:STAINED_GLASS_PANE]"/>
  <testcase time="0" classname="org.bukkit.craftbukkit.inventory.FactoryItemMaterialTest" name="generalCase[Material[134]:STAINED_GLASS_PANE]"/>
  <testcase time="0" classname="org.bukkit.craftbukkit.inventory.FactoryItemMaterialTest" name="asMetaFor[Material[134]:STAINED_GLASS_PANE]"/>
  <testcase time="0" classname="org.bukkit.craftbukkit.inventory.FactoryItemMaterialTest" name="itemStack[Material[134]:STAINED_GLASS_PANE]"/>
  <testcase time="0" classname="org.bukkit.craftbukkit.inventory.FactoryItemMaterialTest" name="blankEqualities[Material[135]:LEAVES_2]"/>
  <testcase time="0" classname="org.bukkit.craftbukkit.inventory.FactoryItemMaterialTest" name="generalCase[Material[135]:LEAVES_2]"/>
  <testcase time="0" classname="org.bukkit.craftbukkit.inventory.FactoryItemMaterialTest" name="asMetaFor[Material[135]:LEAVES_2]"/>
  <testcase time="0" classname="org.bukkit.craftbukkit.inventory.FactoryItemMaterialTest" name="itemStack[Material[135]:LEAVES_2]"/>
  <testcase time="0" classname="org.bukkit.craftbukkit.inventory.FactoryItemMaterialTest" name="blankEqualities[Material[136]:LOG_2]"/>
  <testcase time="0" classname="org.bukkit.craftbukkit.inventory.FactoryItemMaterialTest" name="generalCase[Material[136]:LOG_2]"/>
  <testcase time="0" classname="org.bukkit.craftbukkit.inventory.FactoryItemMaterialTest" name="asMetaFor[Material[136]:LOG_2]"/>
  <testcase time="0" classname="org.bukkit.craftbukkit.inventory.FactoryItemMaterialTest" name="itemStack[Material[136]:LOG_2]"/>
  <testcase time="0" classname="org.bukkit.craftbukkit.inventory.FactoryItemMaterialTest" name="blankEqualities[Material[137]:ACACIA_STAIRS]"/>
  <testcase time="0" classname="org.bukkit.craftbukkit.inventory.FactoryItemMaterialTest" name="generalCase[Material[137]:ACACIA_STAIRS]"/>
  <testcase time="0" classname="org.bukkit.craftbukkit.inventory.FactoryItemMaterialTest" name="asMetaFor[Material[137]:ACACIA_STAIRS]"/>
  <testcase time="0" classname="org.bukkit.craftbukkit.inventory.FactoryItemMaterialTest" name="itemStack[Material[137]:ACACIA_STAIRS]"/>
  <testcase time="0" classname="org.bukkit.craftbukkit.inventory.FactoryItemMaterialTest" name="blankEqualities[Material[138]:DARK_OAK_STAIRS]"/>
  <testcase time="0" classname="org.bukkit.craftbukkit.inventory.FactoryItemMaterialTest" name="generalCase[Material[138]:DARK_OAK_STAIRS]"/>
  <testcase time="0" classname="org.bukkit.craftbukkit.inventory.FactoryItemMaterialTest" name="asMetaFor[Material[138]:DARK_OAK_STAIRS]"/>
  <testcase time="0" classname="org.bukkit.craftbukkit.inventory.FactoryItemMaterialTest" name="itemStack[Material[138]:DARK_OAK_STAIRS]"/>
  <testcase time="0" classname="org.bukkit.craftbukkit.inventory.FactoryItemMaterialTest" name="blankEqualities[Material[139]:HAY_BLOCK]"/>
  <testcase time="0" classname="org.bukkit.craftbukkit.inventory.FactoryItemMaterialTest" name="generalCase[Material[139]:HAY_BLOCK]"/>
  <testcase time="0" classname="org.bukkit.craftbukkit.inventory.FactoryItemMaterialTest" name="asMetaFor[Material[139]:HAY_BLOCK]"/>
  <testcase time="0" classname="org.bukkit.craftbukkit.inventory.FactoryItemMaterialTest" name="itemStack[Material[139]:HAY_BLOCK]"/>
  <testcase time="0.001" classname="org.bukkit.craftbukkit.inventory.FactoryItemMaterialTest" name="blankEqualities[Material[140]:CARPET]"/>
  <testcase time="0" classname="org.bukkit.craftbukkit.inventory.FactoryItemMaterialTest" name="generalCase[Material[140]:CARPET]"/>
  <testcase time="0" classname="org.bukkit.craftbukkit.inventory.FactoryItemMaterialTest" name="asMetaFor[Material[140]:CARPET]"/>
  <testcase time="0" classname="org.bukkit.craftbukkit.inventory.FactoryItemMaterialTest" name="itemStack[Material[140]:CARPET]"/>
  <testcase time="0" classname="org.bukkit.craftbukkit.inventory.FactoryItemMaterialTest" name="blankEqualities[Material[141]:HARD_CLAY]"/>
  <testcase time="0" classname="org.bukkit.craftbukkit.inventory.FactoryItemMaterialTest" name="generalCase[Material[141]:HARD_CLAY]"/>
  <testcase time="0" classname="org.bukkit.craftbukkit.inventory.FactoryItemMaterialTest" name="asMetaFor[Material[141]:HARD_CLAY]"/>
  <testcase time="0" classname="org.bukkit.craftbukkit.inventory.FactoryItemMaterialTest" name="itemStack[Material[141]:HARD_CLAY]"/>
  <testcase time="0.001" classname="org.bukkit.craftbukkit.inventory.FactoryItemMaterialTest" name="blankEqualities[Material[142]:COAL_BLOCK]"/>
  <testcase time="0" classname="org.bukkit.craftbukkit.inventory.FactoryItemMaterialTest" name="generalCase[Material[142]:COAL_BLOCK]"/>
  <testcase time="0" classname="org.bukkit.craftbukkit.inventory.FactoryItemMaterialTest" name="asMetaFor[Material[142]:COAL_BLOCK]"/>
  <testcase time="0" classname="org.bukkit.craftbukkit.inventory.FactoryItemMaterialTest" name="itemStack[Material[142]:COAL_BLOCK]"/>
  <testcase time="0" classname="org.bukkit.craftbukkit.inventory.FactoryItemMaterialTest" name="blankEqualities[Material[143]:PACKED_ICE]"/>
  <testcase time="0" classname="org.bukkit.craftbukkit.inventory.FactoryItemMaterialTest" name="generalCase[Material[143]:PACKED_ICE]"/>
  <testcase time="0" classname="org.bukkit.craftbukkit.inventory.FactoryItemMaterialTest" name="asMetaFor[Material[143]:PACKED_ICE]"/>
  <testcase time="0" classname="org.bukkit.craftbukkit.inventory.FactoryItemMaterialTest" name="itemStack[Material[143]:PACKED_ICE]"/>
  <testcase time="0" classname="org.bukkit.craftbukkit.inventory.FactoryItemMaterialTest" name="blankEqualities[Material[144]:DOUBLE_PLANT]"/>
  <testcase time="0" classname="org.bukkit.craftbukkit.inventory.FactoryItemMaterialTest" name="generalCase[Material[144]:DOUBLE_PLANT]"/>
  <testcase time="0" classname="org.bukkit.craftbukkit.inventory.FactoryItemMaterialTest" name="asMetaFor[Material[144]:DOUBLE_PLANT]"/>
  <testcase time="0" classname="org.bukkit.craftbukkit.inventory.FactoryItemMaterialTest" name="itemStack[Material[144]:DOUBLE_PLANT]"/>
  <testcase time="0" classname="org.bukkit.craftbukkit.inventory.FactoryItemMaterialTest" name="blankEqualities[Material[145]:IRON_SPADE]"/>
  <testcase time="0" classname="org.bukkit.craftbukkit.inventory.FactoryItemMaterialTest" name="generalCase[Material[145]:IRON_SPADE]"/>
  <testcase time="0" classname="org.bukkit.craftbukkit.inventory.FactoryItemMaterialTest" name="asMetaFor[Material[145]:IRON_SPADE]"/>
  <testcase time="0" classname="org.bukkit.craftbukkit.inventory.FactoryItemMaterialTest" name="itemStack[Material[145]:IRON_SPADE]"/>
  <testcase time="0" classname="org.bukkit.craftbukkit.inventory.FactoryItemMaterialTest" name="blankEqualities[Material[146]:IRON_PICKAXE]"/>
  <testcase time="0" classname="org.bukkit.craftbukkit.inventory.FactoryItemMaterialTest" name="generalCase[Material[146]:IRON_PICKAXE]"/>
  <testcase time="0" classname="org.bukkit.craftbukkit.inventory.FactoryItemMaterialTest" name="asMetaFor[Material[146]:IRON_PICKAXE]"/>
  <testcase time="0" classname="org.bukkit.craftbukkit.inventory.FactoryItemMaterialTest" name="itemStack[Material[146]:IRON_PICKAXE]"/>
  <testcase time="0" classname="org.bukkit.craftbukkit.inventory.FactoryItemMaterialTest" name="blankEqualities[Material[147]:IRON_AXE]"/>
  <testcase time="0" classname="org.bukkit.craftbukkit.inventory.FactoryItemMaterialTest" name="generalCase[Material[147]:IRON_AXE]"/>
  <testcase time="0" classname="org.bukkit.craftbukkit.inventory.FactoryItemMaterialTest" name="asMetaFor[Material[147]:IRON_AXE]"/>
  <testcase time="0" classname="org.bukkit.craftbukkit.inventory.FactoryItemMaterialTest" name="itemStack[Material[147]:IRON_AXE]"/>
  <testcase time="0" classname="org.bukkit.craftbukkit.inventory.FactoryItemMaterialTest" name="blankEqualities[Material[148]:FLINT_AND_STEEL]"/>
  <testcase time="0" classname="org.bukkit.craftbukkit.inventory.FactoryItemMaterialTest" name="generalCase[Material[148]:FLINT_AND_STEEL]"/>
  <testcase time="0" classname="org.bukkit.craftbukkit.inventory.FactoryItemMaterialTest" name="asMetaFor[Material[148]:FLINT_AND_STEEL]"/>
  <testcase time="0" classname="org.bukkit.craftbukkit.inventory.FactoryItemMaterialTest" name="itemStack[Material[148]:FLINT_AND_STEEL]"/>
  <testcase time="0" classname="org.bukkit.craftbukkit.inventory.FactoryItemMaterialTest" name="blankEqualities[Material[149]:APPLE]"/>
  <testcase time="0" classname="org.bukkit.craftbukkit.inventory.FactoryItemMaterialTest" name="generalCase[Material[149]:APPLE]"/>
  <testcase time="0" classname="org.bukkit.craftbukkit.inventory.FactoryItemMaterialTest" name="asMetaFor[Material[149]:APPLE]"/>
  <testcase time="0" classname="org.bukkit.craftbukkit.inventory.FactoryItemMaterialTest" name="itemStack[Material[149]:APPLE]"/>
  <testcase time="0" classname="org.bukkit.craftbukkit.inventory.FactoryItemMaterialTest" name="blankEqualities[Material[150]:BOW]"/>
  <testcase time="0" classname="org.bukkit.craftbukkit.inventory.FactoryItemMaterialTest" name="generalCase[Material[150]:BOW]"/>
  <testcase time="0.001" classname="org.bukkit.craftbukkit.inventory.FactoryItemMaterialTest" name="asMetaFor[Material[150]:BOW]"/>
  <testcase time="0" classname="org.bukkit.craftbukkit.inventory.FactoryItemMaterialTest" name="itemStack[Material[150]:BOW]"/>
  <testcase time="0" classname="org.bukkit.craftbukkit.inventory.FactoryItemMaterialTest" name="blankEqualities[Material[151]:ARROW]"/>
  <testcase time="0" classname="org.bukkit.craftbukkit.inventory.FactoryItemMaterialTest" name="generalCase[Material[151]:ARROW]"/>
  <testcase time="0" classname="org.bukkit.craftbukkit.inventory.FactoryItemMaterialTest" name="asMetaFor[Material[151]:ARROW]"/>
  <testcase time="0" classname="org.bukkit.craftbukkit.inventory.FactoryItemMaterialTest" name="itemStack[Material[151]:ARROW]"/>
  <testcase time="0" classname="org.bukkit.craftbukkit.inventory.FactoryItemMaterialTest" name="blankEqualities[Material[152]:COAL]"/>
  <testcase time="0" classname="org.bukkit.craftbukkit.inventory.FactoryItemMaterialTest" name="generalCase[Material[152]:COAL]"/>
  <testcase time="0.001" classname="org.bukkit.craftbukkit.inventory.FactoryItemMaterialTest" name="asMetaFor[Material[152]:COAL]"/>
  <testcase time="0" classname="org.bukkit.craftbukkit.inventory.FactoryItemMaterialTest" name="itemStack[Material[152]:COAL]"/>
  <testcase time="0" classname="org.bukkit.craftbukkit.inventory.FactoryItemMaterialTest" name="blankEqualities[Material[153]:DIAMOND]"/>
  <testcase time="0" classname="org.bukkit.craftbukkit.inventory.FactoryItemMaterialTest" name="generalCase[Material[153]:DIAMOND]"/>
  <testcase time="0" classname="org.bukkit.craftbukkit.inventory.FactoryItemMaterialTest" name="asMetaFor[Material[153]:DIAMOND]"/>
  <testcase time="0" classname="org.bukkit.craftbukkit.inventory.FactoryItemMaterialTest" name="itemStack[Material[153]:DIAMOND]"/>
  <testcase time="0" classname="org.bukkit.craftbukkit.inventory.FactoryItemMaterialTest" name="blankEqualities[Material[154]:IRON_INGOT]"/>
  <testcase time="0" classname="org.bukkit.craftbukkit.inventory.FactoryItemMaterialTest" name="generalCase[Material[154]:IRON_INGOT]"/>
  <testcase time="0.001" classname="org.bukkit.craftbukkit.inventory.FactoryItemMaterialTest" name="asMetaFor[Material[154]:IRON_INGOT]"/>
  <testcase time="0" classname="org.bukkit.craftbukkit.inventory.FactoryItemMaterialTest" name="itemStack[Material[154]:IRON_INGOT]"/>
  <testcase time="0" classname="org.bukkit.craftbukkit.inventory.FactoryItemMaterialTest" name="blankEqualities[Material[155]:GOLD_INGOT]"/>
  <testcase time="0" classname="org.bukkit.craftbukkit.inventory.FactoryItemMaterialTest" name="generalCase[Material[155]:GOLD_INGOT]"/>
  <testcase time="0" classname="org.bukkit.craftbukkit.inventory.FactoryItemMaterialTest" name="asMetaFor[Material[155]:GOLD_INGOT]"/>
  <testcase time="0" classname="org.bukkit.craftbukkit.inventory.FactoryItemMaterialTest" name="itemStack[Material[155]:GOLD_INGOT]"/>
  <testcase time="0" classname="org.bukkit.craftbukkit.inventory.FactoryItemMaterialTest" name="blankEqualities[Material[156]:IRON_SWORD]"/>
  <testcase time="0" classname="org.bukkit.craftbukkit.inventory.FactoryItemMaterialTest" name="generalCase[Material[156]:IRON_SWORD]"/>
  <testcase time="0" classname="org.bukkit.craftbukkit.inventory.FactoryItemMaterialTest" name="asMetaFor[Material[156]:IRON_SWORD]"/>
  <testcase time="0" classname="org.bukkit.craftbukkit.inventory.FactoryItemMaterialTest" name="itemStack[Material[156]:IRON_SWORD]"/>
  <testcase time="0" classname="org.bukkit.craftbukkit.inventory.FactoryItemMaterialTest" name="blankEqualities[Material[157]:WOOD_SWORD]"/>
  <testcase time="0" classname="org.bukkit.craftbukkit.inventory.FactoryItemMaterialTest" name="generalCase[Material[157]:WOOD_SWORD]"/>
  <testcase time="0" classname="org.bukkit.craftbukkit.inventory.FactoryItemMaterialTest" name="asMetaFor[Material[157]:WOOD_SWORD]"/>
  <testcase time="0" classname="org.bukkit.craftbukkit.inventory.FactoryItemMaterialTest" name="itemStack[Material[157]:WOOD_SWORD]"/>
  <testcase time="0" classname="org.bukkit.craftbukkit.inventory.FactoryItemMaterialTest" name="blankEqualities[Material[158]:WOOD_SPADE]"/>
  <testcase time="0" classname="org.bukkit.craftbukkit.inventory.FactoryItemMaterialTest" name="generalCase[Material[158]:WOOD_SPADE]"/>
  <testcase time="0" classname="org.bukkit.craftbukkit.inventory.FactoryItemMaterialTest" name="asMetaFor[Material[158]:WOOD_SPADE]"/>
  <testcase time="0" classname="org.bukkit.craftbukkit.inventory.FactoryItemMaterialTest" name="itemStack[Material[158]:WOOD_SPADE]"/>
  <testcase time="0.004" classname="org.bukkit.craftbukkit.inventory.FactoryItemMaterialTest" name="blankEqualities[Material[159]:WOOD_PICKAXE]"/>
  <testcase time="0" classname="org.bukkit.craftbukkit.inventory.FactoryItemMaterialTest" name="generalCase[Material[159]:WOOD_PICKAXE]"/>
  <testcase time="0" classname="org.bukkit.craftbukkit.inventory.FactoryItemMaterialTest" name="asMetaFor[Material[159]:WOOD_PICKAXE]"/>
  <testcase time="0" classname="org.bukkit.craftbukkit.inventory.FactoryItemMaterialTest" name="itemStack[Material[159]:WOOD_PICKAXE]"/>
  <testcase time="0" classname="org.bukkit.craftbukkit.inventory.FactoryItemMaterialTest" name="blankEqualities[Material[160]:WOOD_AXE]"/>
  <testcase time="0" classname="org.bukkit.craftbukkit.inventory.FactoryItemMaterialTest" name="generalCase[Material[160]:WOOD_AXE]"/>
  <testcase time="0" classname="org.bukkit.craftbukkit.inventory.FactoryItemMaterialTest" name="asMetaFor[Material[160]:WOOD_AXE]"/>
  <testcase time="0" classname="org.bukkit.craftbukkit.inventory.FactoryItemMaterialTest" name="itemStack[Material[160]:WOOD_AXE]"/>
  <testcase time="0" classname="org.bukkit.craftbukkit.inventory.FactoryItemMaterialTest" name="blankEqualities[Material[161]:STONE_SWORD]"/>
  <testcase time="0" classname="org.bukkit.craftbukkit.inventory.FactoryItemMaterialTest" name="generalCase[Material[161]:STONE_SWORD]"/>
  <testcase time="0" classname="org.bukkit.craftbukkit.inventory.FactoryItemMaterialTest" name="asMetaFor[Material[161]:STONE_SWORD]"/>
  <testcase time="0" classname="org.bukkit.craftbukkit.inventory.FactoryItemMaterialTest" name="itemStack[Material[161]:STONE_SWORD]"/>
  <testcase time="0" classname="org.bukkit.craftbukkit.inventory.FactoryItemMaterialTest" name="blankEqualities[Material[162]:STONE_SPADE]"/>
  <testcase time="0" classname="org.bukkit.craftbukkit.inventory.FactoryItemMaterialTest" name="generalCase[Material[162]:STONE_SPADE]"/>
  <testcase time="0" classname="org.bukkit.craftbukkit.inventory.FactoryItemMaterialTest" name="asMetaFor[Material[162]:STONE_SPADE]"/>
  <testcase time="0" classname="org.bukkit.craftbukkit.inventory.FactoryItemMaterialTest" name="itemStack[Material[162]:STONE_SPADE]"/>
  <testcase time="0" classname="org.bukkit.craftbukkit.inventory.FactoryItemMaterialTest" name="blankEqualities[Material[163]:STONE_PICKAXE]"/>
  <testcase time="0.001" classname="org.bukkit.craftbukkit.inventory.FactoryItemMaterialTest" name="generalCase[Material[163]:STONE_PICKAXE]"/>
  <testcase time="0" classname="org.bukkit.craftbukkit.inventory.FactoryItemMaterialTest" name="asMetaFor[Material[163]:STONE_PICKAXE]"/>
  <testcase time="0" classname="org.bukkit.craftbukkit.inventory.FactoryItemMaterialTest" name="itemStack[Material[163]:STONE_PICKAXE]"/>
  <testcase time="0" classname="org.bukkit.craftbukkit.inventory.FactoryItemMaterialTest" name="blankEqualities[Material[164]:STONE_AXE]"/>
  <testcase time="0" classname="org.bukkit.craftbukkit.inventory.FactoryItemMaterialTest" name="generalCase[Material[164]:STONE_AXE]"/>
  <testcase time="0" classname="org.bukkit.craftbukkit.inventory.FactoryItemMaterialTest" name="asMetaFor[Material[164]:STONE_AXE]"/>
  <testcase time="0" classname="org.bukkit.craftbukkit.inventory.FactoryItemMaterialTest" name="itemStack[Material[164]:STONE_AXE]"/>
  <testcase time="0" classname="org.bukkit.craftbukkit.inventory.FactoryItemMaterialTest" name="blankEqualities[Material[165]:DIAMOND_SWORD]"/>
  <testcase time="0.001" classname="org.bukkit.craftbukkit.inventory.FactoryItemMaterialTest" name="generalCase[Material[165]:DIAMOND_SWORD]"/>
  <testcase time="0" classname="org.bukkit.craftbukkit.inventory.FactoryItemMaterialTest" name="asMetaFor[Material[165]:DIAMOND_SWORD]"/>
  <testcase time="0" classname="org.bukkit.craftbukkit.inventory.FactoryItemMaterialTest" name="itemStack[Material[165]:DIAMOND_SWORD]"/>
  <testcase time="0" classname="org.bukkit.craftbukkit.inventory.FactoryItemMaterialTest" name="blankEqualities[Material[166]:DIAMOND_SPADE]"/>
  <testcase time="0" classname="org.bukkit.craftbukkit.inventory.FactoryItemMaterialTest" name="generalCase[Material[166]:DIAMOND_SPADE]"/>
  <testcase time="0" classname="org.bukkit.craftbukkit.inventory.FactoryItemMaterialTest" name="asMetaFor[Material[166]:DIAMOND_SPADE]"/>
  <testcase time="0" classname="org.bukkit.craftbukkit.inventory.FactoryItemMaterialTest" name="itemStack[Material[166]:DIAMOND_SPADE]"/>
  <testcase time="0" classname="org.bukkit.craftbukkit.inventory.FactoryItemMaterialTest" name="blankEqualities[Material[167]:DIAMOND_PICKAXE]"/>
  <testcase time="0.001" classname="org.bukkit.craftbukkit.inventory.FactoryItemMaterialTest" name="generalCase[Material[167]:DIAMOND_PICKAXE]"/>
  <testcase time="0" classname="org.bukkit.craftbukkit.inventory.FactoryItemMaterialTest" name="asMetaFor[Material[167]:DIAMOND_PICKAXE]"/>
  <testcase time="0" classname="org.bukkit.craftbukkit.inventory.FactoryItemMaterialTest" name="itemStack[Material[167]:DIAMOND_PICKAXE]"/>
  <testcase time="0" classname="org.bukkit.craftbukkit.inventory.FactoryItemMaterialTest" name="blankEqualities[Material[168]:DIAMOND_AXE]"/>
  <testcase time="0" classname="org.bukkit.craftbukkit.inventory.FactoryItemMaterialTest" name="generalCase[Material[168]:DIAMOND_AXE]"/>
  <testcase time="0" classname="org.bukkit.craftbukkit.inventory.FactoryItemMaterialTest" name="asMetaFor[Material[168]:DIAMOND_AXE]"/>
  <testcase time="0" classname="org.bukkit.craftbukkit.inventory.FactoryItemMaterialTest" name="itemStack[Material[168]:DIAMOND_AXE]"/>
  <testcase time="0" classname="org.bukkit.craftbukkit.inventory.FactoryItemMaterialTest" name="blankEqualities[Material[169]:STICK]"/>
  <testcase time="0" classname="org.bukkit.craftbukkit.inventory.FactoryItemMaterialTest" name="generalCase[Material[169]:STICK]"/>
  <testcase time="0.001" classname="org.bukkit.craftbukkit.inventory.FactoryItemMaterialTest" name="asMetaFor[Material[169]:STICK]"/>
  <testcase time="0" classname="org.bukkit.craftbukkit.inventory.FactoryItemMaterialTest" name="itemStack[Material[169]:STICK]"/>
  <testcase time="0" classname="org.bukkit.craftbukkit.inventory.FactoryItemMaterialTest" name="blankEqualities[Material[170]:BOWL]"/>
  <testcase time="0" classname="org.bukkit.craftbukkit.inventory.FactoryItemMaterialTest" name="generalCase[Material[170]:BOWL]"/>
  <testcase time="0" classname="org.bukkit.craftbukkit.inventory.FactoryItemMaterialTest" name="asMetaFor[Material[170]:BOWL]"/>
  <testcase time="0" classname="org.bukkit.craftbukkit.inventory.FactoryItemMaterialTest" name="itemStack[Material[170]:BOWL]"/>
  <testcase time="0" classname="org.bukkit.craftbukkit.inventory.FactoryItemMaterialTest" name="blankEqualities[Material[171]:MUSHROOM_SOUP]"/>
  <testcase time="0" classname="org.bukkit.craftbukkit.inventory.FactoryItemMaterialTest" name="generalCase[Material[171]:MUSHROOM_SOUP]"/>
  <testcase time="0.001" classname="org.bukkit.craftbukkit.inventory.FactoryItemMaterialTest" name="asMetaFor[Material[171]:MUSHROOM_SOUP]"/>
  <testcase time="0" classname="org.bukkit.craftbukkit.inventory.FactoryItemMaterialTest" name="itemStack[Material[171]:MUSHROOM_SOUP]"/>
  <testcase time="0" classname="org.bukkit.craftbukkit.inventory.FactoryItemMaterialTest" name="blankEqualities[Material[172]:GOLD_SWORD]"/>
  <testcase time="0" classname="org.bukkit.craftbukkit.inventory.FactoryItemMaterialTest" name="generalCase[Material[172]:GOLD_SWORD]"/>
  <testcase time="0" classname="org.bukkit.craftbukkit.inventory.FactoryItemMaterialTest" name="asMetaFor[Material[172]:GOLD_SWORD]"/>
  <testcase time="0" classname="org.bukkit.craftbukkit.inventory.FactoryItemMaterialTest" name="itemStack[Material[172]:GOLD_SWORD]"/>
  <testcase time="0" classname="org.bukkit.craftbukkit.inventory.FactoryItemMaterialTest" name="blankEqualities[Material[173]:GOLD_SPADE]"/>
  <testcase time="0" classname="org.bukkit.craftbukkit.inventory.FactoryItemMaterialTest" name="generalCase[Material[173]:GOLD_SPADE]"/>
  <testcase time="0" classname="org.bukkit.craftbukkit.inventory.FactoryItemMaterialTest" name="asMetaFor[Material[173]:GOLD_SPADE]"/>
  <testcase time="0.001" classname="org.bukkit.craftbukkit.inventory.FactoryItemMaterialTest" name="itemStack[Material[173]:GOLD_SPADE]"/>
  <testcase time="0" classname="org.bukkit.craftbukkit.inventory.FactoryItemMaterialTest" name="blankEqualities[Material[174]:GOLD_PICKAXE]"/>
  <testcase time="0" classname="org.bukkit.craftbukkit.inventory.FactoryItemMaterialTest" name="generalCase[Material[174]:GOLD_PICKAXE]"/>
  <testcase time="0" classname="org.bukkit.craftbukkit.inventory.FactoryItemMaterialTest" name="asMetaFor[Material[174]:GOLD_PICKAXE]"/>
  <testcase time="0" classname="org.bukkit.craftbukkit.inventory.FactoryItemMaterialTest" name="itemStack[Material[174]:GOLD_PICKAXE]"/>
  <testcase time="0" classname="org.bukkit.craftbukkit.inventory.FactoryItemMaterialTest" name="blankEqualities[Material[175]:GOLD_AXE]"/>
  <testcase time="0" classname="org.bukkit.craftbukkit.inventory.FactoryItemMaterialTest" name="generalCase[Material[175]:GOLD_AXE]"/>
  <testcase time="0" classname="org.bukkit.craftbukkit.inventory.FactoryItemMaterialTest" name="asMetaFor[Material[175]:GOLD_AXE]"/>
  <testcase time="0" classname="org.bukkit.craftbukkit.inventory.FactoryItemMaterialTest" name="itemStack[Material[175]:GOLD_AXE]"/>
  <testcase time="0" classname="org.bukkit.craftbukkit.inventory.FactoryItemMaterialTest" name="blankEqualities[Material[176]:STRING]"/>
  <testcase time="0" classname="org.bukkit.craftbukkit.inventory.FactoryItemMaterialTest" name="generalCase[Material[176]:STRING]"/>
  <testcase time="0" classname="org.bukkit.craftbukkit.inventory.FactoryItemMaterialTest" name="asMetaFor[Material[176]:STRING]"/>
  <testcase time="0" classname="org.bukkit.craftbukkit.inventory.FactoryItemMaterialTest" name="itemStack[Material[176]:STRING]"/>
  <testcase time="0" classname="org.bukkit.craftbukkit.inventory.FactoryItemMaterialTest" name="blankEqualities[Material[177]:FEATHER]"/>
  <testcase time="0" classname="org.bukkit.craftbukkit.inventory.FactoryItemMaterialTest" name="generalCase[Material[177]:FEATHER]"/>
  <testcase time="0" classname="org.bukkit.craftbukkit.inventory.FactoryItemMaterialTest" name="asMetaFor[Material[177]:FEATHER]"/>
  <testcase time="0" classname="org.bukkit.craftbukkit.inventory.FactoryItemMaterialTest" name="itemStack[Material[177]:FEATHER]"/>
  <testcase time="0.001" classname="org.bukkit.craftbukkit.inventory.FactoryItemMaterialTest" name="blankEqualities[Material[178]:SULPHUR]"/>
  <testcase time="0" classname="org.bukkit.craftbukkit.inventory.FactoryItemMaterialTest" name="generalCase[Material[178]:SULPHUR]"/>
  <testcase time="0" classname="org.bukkit.craftbukkit.inventory.FactoryItemMaterialTest" name="asMetaFor[Material[178]:SULPHUR]"/>
  <testcase time="0" classname="org.bukkit.craftbukkit.inventory.FactoryItemMaterialTest" name="itemStack[Material[178]:SULPHUR]"/>
  <testcase time="0" classname="org.bukkit.craftbukkit.inventory.FactoryItemMaterialTest" name="blankEqualities[Material[179]:WOOD_HOE]"/>
  <testcase time="0" classname="org.bukkit.craftbukkit.inventory.FactoryItemMaterialTest" name="generalCase[Material[179]:WOOD_HOE]"/>
  <testcase time="0" classname="org.bukkit.craftbukkit.inventory.FactoryItemMaterialTest" name="asMetaFor[Material[179]:WOOD_HOE]"/>
  <testcase time="0" classname="org.bukkit.craftbukkit.inventory.FactoryItemMaterialTest" name="itemStack[Material[179]:WOOD_HOE]"/>
  <testcase time="0" classname="org.bukkit.craftbukkit.inventory.FactoryItemMaterialTest" name="blankEqualities[Material[180]:STONE_HOE]"/>
  <testcase time="0.001" classname="org.bukkit.craftbukkit.inventory.FactoryItemMaterialTest" name="generalCase[Material[180]:STONE_HOE]"/>
  <testcase time="0" classname="org.bukkit.craftbukkit.inventory.FactoryItemMaterialTest" name="asMetaFor[Material[180]:STONE_HOE]"/>
  <testcase time="0" classname="org.bukkit.craftbukkit.inventory.FactoryItemMaterialTest" name="itemStack[Material[180]:STONE_HOE]"/>
  <testcase time="0" classname="org.bukkit.craftbukkit.inventory.FactoryItemMaterialTest" name="blankEqualities[Material[181]:IRON_HOE]"/>
  <testcase time="0" classname="org.bukkit.craftbukkit.inventory.FactoryItemMaterialTest" name="generalCase[Material[181]:IRON_HOE]"/>
  <testcase time="0" classname="org.bukkit.craftbukkit.inventory.FactoryItemMaterialTest" name="asMetaFor[Material[181]:IRON_HOE]"/>
  <testcase time="0" classname="org.bukkit.craftbukkit.inventory.FactoryItemMaterialTest" name="itemStack[Material[181]:IRON_HOE]"/>
  <testcase time="0" classname="org.bukkit.craftbukkit.inventory.FactoryItemMaterialTest" name="blankEqualities[Material[182]:DIAMOND_HOE]"/>
  <testcase time="0" classname="org.bukkit.craftbukkit.inventory.FactoryItemMaterialTest" name="generalCase[Material[182]:DIAMOND_HOE]"/>
  <testcase time="0" classname="org.bukkit.craftbukkit.inventory.FactoryItemMaterialTest" name="asMetaFor[Material[182]:DIAMOND_HOE]"/>
  <testcase time="0" classname="org.bukkit.craftbukkit.inventory.FactoryItemMaterialTest" name="itemStack[Material[182]:DIAMOND_HOE]"/>
  <testcase time="0" classname="org.bukkit.craftbukkit.inventory.FactoryItemMaterialTest" name="blankEqualities[Material[183]:GOLD_HOE]"/>
  <testcase time="0" classname="org.bukkit.craftbukkit.inventory.FactoryItemMaterialTest" name="generalCase[Material[183]:GOLD_HOE]"/>
  <testcase time="0" classname="org.bukkit.craftbukkit.inventory.FactoryItemMaterialTest" name="asMetaFor[Material[183]:GOLD_HOE]"/>
  <testcase time="0" classname="org.bukkit.craftbukkit.inventory.FactoryItemMaterialTest" name="itemStack[Material[183]:GOLD_HOE]"/>
  <testcase time="0" classname="org.bukkit.craftbukkit.inventory.FactoryItemMaterialTest" name="blankEqualities[Material[184]:SEEDS]"/>
  <testcase time="0" classname="org.bukkit.craftbukkit.inventory.FactoryItemMaterialTest" name="generalCase[Material[184]:SEEDS]"/>
  <testcase time="0" classname="org.bukkit.craftbukkit.inventory.FactoryItemMaterialTest" name="asMetaFor[Material[184]:SEEDS]"/>
  <testcase time="0" classname="org.bukkit.craftbukkit.inventory.FactoryItemMaterialTest" name="itemStack[Material[184]:SEEDS]"/>
  <testcase time="0" classname="org.bukkit.craftbukkit.inventory.FactoryItemMaterialTest" name="blankEqualities[Material[185]:WHEAT]"/>
  <testcase time="0" classname="org.bukkit.craftbukkit.inventory.FactoryItemMaterialTest" name="generalCase[Material[185]:WHEAT]"/>
  <testcase time="0" classname="org.bukkit.craftbukkit.inventory.FactoryItemMaterialTest" name="asMetaFor[Material[185]:WHEAT]"/>
  <testcase time="0" classname="org.bukkit.craftbukkit.inventory.FactoryItemMaterialTest" name="itemStack[Material[185]:WHEAT]"/>
  <testcase time="0" classname="org.bukkit.craftbukkit.inventory.FactoryItemMaterialTest" name="blankEqualities[Material[186]:BREAD]"/>
  <testcase time="0" classname="org.bukkit.craftbukkit.inventory.FactoryItemMaterialTest" name="generalCase[Material[186]:BREAD]"/>
  <testcase time="0.001" classname="org.bukkit.craftbukkit.inventory.FactoryItemMaterialTest" name="asMetaFor[Material[186]:BREAD]"/>
  <testcase time="0" classname="org.bukkit.craftbukkit.inventory.FactoryItemMaterialTest" name="itemStack[Material[186]:BREAD]"/>
  <testcase time="0.001" classname="org.bukkit.craftbukkit.inventory.FactoryItemMaterialTest" name="blankEqualities[Material[187]:LEATHER_HELMET]"/>
  <testcase time="0" classname="org.bukkit.craftbukkit.inventory.FactoryItemMaterialTest" name="generalCase[Material[187]:LEATHER_HELMET]"/>
  <testcase time="0.001" classname="org.bukkit.craftbukkit.inventory.FactoryItemMaterialTest" name="asMetaFor[Material[187]:LEATHER_HELMET]"/>
  <testcase time="0" classname="org.bukkit.craftbukkit.inventory.FactoryItemMaterialTest" name="itemStack[Material[187]:LEATHER_HELMET]"/>
  <testcase time="0.001" classname="org.bukkit.craftbukkit.inventory.FactoryItemMaterialTest" name="blankEqualities[Material[188]:LEATHER_CHESTPLATE]"/>
  <testcase time="0" classname="org.bukkit.craftbukkit.inventory.FactoryItemMaterialTest" name="generalCase[Material[188]:LEATHER_CHESTPLATE]"/>
  <testcase time="0" classname="org.bukkit.craftbukkit.inventory.FactoryItemMaterialTest" name="asMetaFor[Material[188]:LEATHER_CHESTPLATE]"/>
  <testcase time="0" classname="org.bukkit.craftbukkit.inventory.FactoryItemMaterialTest" name="itemStack[Material[188]:LEATHER_CHESTPLATE]"/>
  <testcase time="0.001" classname="org.bukkit.craftbukkit.inventory.FactoryItemMaterialTest" name="blankEqualities[Material[189]:LEATHER_LEGGINGS]"/>
  <testcase time="0.001" classname="org.bukkit.craftbukkit.inventory.FactoryItemMaterialTest" name="generalCase[Material[189]:LEATHER_LEGGINGS]"/>
  <testcase time="0" classname="org.bukkit.craftbukkit.inventory.FactoryItemMaterialTest" name="asMetaFor[Material[189]:LEATHER_LEGGINGS]"/>
  <testcase time="0" classname="org.bukkit.craftbukkit.inventory.FactoryItemMaterialTest" name="itemStack[Material[189]:LEATHER_LEGGINGS]"/>
  <testcase time="0.001" classname="org.bukkit.craftbukkit.inventory.FactoryItemMaterialTest" name="blankEqualities[Material[190]:LEATHER_BOOTS]"/>
  <testcase time="0" classname="org.bukkit.craftbukkit.inventory.FactoryItemMaterialTest" name="generalCase[Material[190]:LEATHER_BOOTS]"/>
  <testcase time="0.001" classname="org.bukkit.craftbukkit.inventory.FactoryItemMaterialTest" name="asMetaFor[Material[190]:LEATHER_BOOTS]"/>
  <testcase time="0" classname="org.bukkit.craftbukkit.inventory.FactoryItemMaterialTest" name="itemStack[Material[190]:LEATHER_BOOTS]"/>
  <testcase time="0" classname="org.bukkit.craftbukkit.inventory.FactoryItemMaterialTest" name="blankEqualities[Material[191]:CHAINMAIL_HELMET]"/>
  <testcase time="0" classname="org.bukkit.craftbukkit.inventory.FactoryItemMaterialTest" name="generalCase[Material[191]:CHAINMAIL_HELMET]"/>
  <testcase time="0" classname="org.bukkit.craftbukkit.inventory.FactoryItemMaterialTest" name="asMetaFor[Material[191]:CHAINMAIL_HELMET]"/>
  <testcase time="0" classname="org.bukkit.craftbukkit.inventory.FactoryItemMaterialTest" name="itemStack[Material[191]:CHAINMAIL_HELMET]"/>
  <testcase time="0" classname="org.bukkit.craftbukkit.inventory.FactoryItemMaterialTest" name="blankEqualities[Material[192]:CHAINMAIL_CHESTPLATE]"/>
  <testcase time="0.001" classname="org.bukkit.craftbukkit.inventory.FactoryItemMaterialTest" name="generalCase[Material[192]:CHAINMAIL_CHESTPLATE]"/>
  <testcase time="0" classname="org.bukkit.craftbukkit.inventory.FactoryItemMaterialTest" name="asMetaFor[Material[192]:CHAINMAIL_CHESTPLATE]"/>
  <testcase time="0" classname="org.bukkit.craftbukkit.inventory.FactoryItemMaterialTest" name="itemStack[Material[192]:CHAINMAIL_CHESTPLATE]"/>
  <testcase time="0" classname="org.bukkit.craftbukkit.inventory.FactoryItemMaterialTest" name="blankEqualities[Material[193]:CHAINMAIL_LEGGINGS]"/>
  <testcase time="0" classname="org.bukkit.craftbukkit.inventory.FactoryItemMaterialTest" name="generalCase[Material[193]:CHAINMAIL_LEGGINGS]"/>
  <testcase time="0" classname="org.bukkit.craftbukkit.inventory.FactoryItemMaterialTest" name="asMetaFor[Material[193]:CHAINMAIL_LEGGINGS]"/>
  <testcase time="0" classname="org.bukkit.craftbukkit.inventory.FactoryItemMaterialTest" name="itemStack[Material[193]:CHAINMAIL_LEGGINGS]"/>
  <testcase time="0.001" classname="org.bukkit.craftbukkit.inventory.FactoryItemMaterialTest" name="blankEqualities[Material[194]:CHAINMAIL_BOOTS]"/>
  <testcase time="0" classname="org.bukkit.craftbukkit.inventory.FactoryItemMaterialTest" name="generalCase[Material[194]:CHAINMAIL_BOOTS]"/>
  <testcase time="0" classname="org.bukkit.craftbukkit.inventory.FactoryItemMaterialTest" name="asMetaFor[Material[194]:CHAINMAIL_BOOTS]"/>
  <testcase time="0" classname="org.bukkit.craftbukkit.inventory.FactoryItemMaterialTest" name="itemStack[Material[194]:CHAINMAIL_BOOTS]"/>
  <testcase time="0.001" classname="org.bukkit.craftbukkit.inventory.FactoryItemMaterialTest" name="blankEqualities[Material[195]:IRON_HELMET]"/>
  <testcase time="0" classname="org.bukkit.craftbukkit.inventory.FactoryItemMaterialTest" name="generalCase[Material[195]:IRON_HELMET]"/>
  <testcase time="0" classname="org.bukkit.craftbukkit.inventory.FactoryItemMaterialTest" name="asMetaFor[Material[195]:IRON_HELMET]"/>
  <testcase time="0" classname="org.bukkit.craftbukkit.inventory.FactoryItemMaterialTest" name="itemStack[Material[195]:IRON_HELMET]"/>
  <testcase time="0.001" classname="org.bukkit.craftbukkit.inventory.FactoryItemMaterialTest" name="blankEqualities[Material[196]:IRON_CHESTPLATE]"/>
  <testcase time="0" classname="org.bukkit.craftbukkit.inventory.FactoryItemMaterialTest" name="generalCase[Material[196]:IRON_CHESTPLATE]"/>
  <testcase time="0" classname="org.bukkit.craftbukkit.inventory.FactoryItemMaterialTest" name="asMetaFor[Material[196]:IRON_CHESTPLATE]"/>
  <testcase time="0" classname="org.bukkit.craftbukkit.inventory.FactoryItemMaterialTest" name="itemStack[Material[196]:IRON_CHESTPLATE]"/>
  <testcase time="0.001" classname="org.bukkit.craftbukkit.inventory.FactoryItemMaterialTest" name="blankEqualities[Material[197]:IRON_LEGGINGS]"/>
  <testcase time="0" classname="org.bukkit.craftbukkit.inventory.FactoryItemMaterialTest" name="generalCase[Material[197]:IRON_LEGGINGS]"/>
  <testcase time="0" classname="org.bukkit.craftbukkit.inventory.FactoryItemMaterialTest" name="asMetaFor[Material[197]:IRON_LEGGINGS]"/>
  <testcase time="0" classname="org.bukkit.craftbukkit.inventory.FactoryItemMaterialTest" name="itemStack[Material[197]:IRON_LEGGINGS]"/>
  <testcase time="0.001" classname="org.bukkit.craftbukkit.inventory.FactoryItemMaterialTest" name="blankEqualities[Material[198]:IRON_BOOTS]"/>
  <testcase time="0" classname="org.bukkit.craftbukkit.inventory.FactoryItemMaterialTest" name="generalCase[Material[198]:IRON_BOOTS]"/>
  <testcase time="0" classname="org.bukkit.craftbukkit.inventory.FactoryItemMaterialTest" name="asMetaFor[Material[198]:IRON_BOOTS]"/>
  <testcase time="0.001" classname="org.bukkit.craftbukkit.inventory.FactoryItemMaterialTest" name="itemStack[Material[198]:IRON_BOOTS]"/>
  <testcase time="0" classname="org.bukkit.craftbukkit.inventory.FactoryItemMaterialTest" name="blankEqualities[Material[199]:DIAMOND_HELMET]"/>
  <testcase time="0" classname="org.bukkit.craftbukkit.inventory.FactoryItemMaterialTest" name="generalCase[Material[199]:DIAMOND_HELMET]"/>
  <testcase time="0.001" classname="org.bukkit.craftbukkit.inventory.FactoryItemMaterialTest" name="asMetaFor[Material[199]:DIAMOND_HELMET]"/>
  <testcase time="0" classname="org.bukkit.craftbukkit.inventory.FactoryItemMaterialTest" name="itemStack[Material[199]:DIAMOND_HELMET]"/>
  <testcase time="0" classname="org.bukkit.craftbukkit.inventory.FactoryItemMaterialTest" name="blankEqualities[Material[200]:DIAMOND_CHESTPLATE]"/>
  <testcase time="0" classname="org.bukkit.craftbukkit.inventory.FactoryItemMaterialTest" name="generalCase[Material[200]:DIAMOND_CHESTPLATE]"/>
  <testcase time="0.001" classname="org.bukkit.craftbukkit.inventory.FactoryItemMaterialTest" name="asMetaFor[Material[200]:DIAMOND_CHESTPLATE]"/>
  <testcase time="0" classname="org.bukkit.craftbukkit.inventory.FactoryItemMaterialTest" name="itemStack[Material[200]:DIAMOND_CHESTPLATE]"/>
  <testcase time="0" classname="org.bukkit.craftbukkit.inventory.FactoryItemMaterialTest" name="blankEqualities[Material[201]:DIAMOND_LEGGINGS]"/>
  <testcase time="0" classname="org.bukkit.craftbukkit.inventory.FactoryItemMaterialTest" name="generalCase[Material[201]:DIAMOND_LEGGINGS]"/>
  <testcase time="0.001" classname="org.bukkit.craftbukkit.inventory.FactoryItemMaterialTest" name="asMetaFor[Material[201]:DIAMOND_LEGGINGS]"/>
  <testcase time="0" classname="org.bukkit.craftbukkit.inventory.FactoryItemMaterialTest" name="itemStack[Material[201]:DIAMOND_LEGGINGS]"/>
  <testcase time="0" classname="org.bukkit.craftbukkit.inventory.FactoryItemMaterialTest" name="blankEqualities[Material[202]:DIAMOND_BOOTS]"/>
  <testcase time="0" classname="org.bukkit.craftbukkit.inventory.FactoryItemMaterialTest" name="generalCase[Material[202]:DIAMOND_BOOTS]"/>
  <testcase time="0.001" classname="org.bukkit.craftbukkit.inventory.FactoryItemMaterialTest" name="asMetaFor[Material[202]:DIAMOND_BOOTS]"/>
  <testcase time="0" classname="org.bukkit.craftbukkit.inventory.FactoryItemMaterialTest" name="itemStack[Material[202]:DIAMOND_BOOTS]"/>
  <testcase time="0" classname="org.bukkit.craftbukkit.inventory.FactoryItemMaterialTest" name="blankEqualities[Material[203]:GOLD_HELMET]"/>
  <testcase time="0" classname="org.bukkit.craftbukkit.inventory.FactoryItemMaterialTest" name="generalCase[Material[203]:GOLD_HELMET]"/>
  <testcase time="0" classname="org.bukkit.craftbukkit.inventory.FactoryItemMaterialTest" name="asMetaFor[Material[203]:GOLD_HELMET]"/>
  <testcase time="0" classname="org.bukkit.craftbukkit.inventory.FactoryItemMaterialTest" name="itemStack[Material[203]:GOLD_HELMET]"/>
  <testcase time="0" classname="org.bukkit.craftbukkit.inventory.FactoryItemMaterialTest" name="blankEqualities[Material[204]:GOLD_CHESTPLATE]"/>
  <testcase time="0" classname="org.bukkit.craftbukkit.inventory.FactoryItemMaterialTest" name="generalCase[Material[204]:GOLD_CHESTPLATE]"/>
  <testcase time="0" classname="org.bukkit.craftbukkit.inventory.FactoryItemMaterialTest" name="asMetaFor[Material[204]:GOLD_CHESTPLATE]"/>
  <testcase time="0" classname="org.bukkit.craftbukkit.inventory.FactoryItemMaterialTest" name="itemStack[Material[204]:GOLD_CHESTPLATE]"/>
  <testcase time="0" classname="org.bukkit.craftbukkit.inventory.FactoryItemMaterialTest" name="blankEqualities[Material[205]:GOLD_LEGGINGS]"/>
  <testcase time="0.001" classname="org.bukkit.craftbukkit.inventory.FactoryItemMaterialTest" name="generalCase[Material[205]:GOLD_LEGGINGS]"/>
  <testcase time="0" classname="org.bukkit.craftbukkit.inventory.FactoryItemMaterialTest" name="asMetaFor[Material[205]:GOLD_LEGGINGS]"/>
  <testcase time="0" classname="org.bukkit.craftbukkit.inventory.FactoryItemMaterialTest" name="itemStack[Material[205]:GOLD_LEGGINGS]"/>
  <testcase time="0" classname="org.bukkit.craftbukkit.inventory.FactoryItemMaterialTest" name="blankEqualities[Material[206]:GOLD_BOOTS]"/>
  <testcase time="0.001" classname="org.bukkit.craftbukkit.inventory.FactoryItemMaterialTest" name="generalCase[Material[206]:GOLD_BOOTS]"/>
  <testcase time="0" classname="org.bukkit.craftbukkit.inventory.FactoryItemMaterialTest" name="asMetaFor[Material[206]:GOLD_BOOTS]"/>
  <testcase time="0" classname="org.bukkit.craftbukkit.inventory.FactoryItemMaterialTest" name="itemStack[Material[206]:GOLD_BOOTS]"/>
  <testcase time="0" classname="org.bukkit.craftbukkit.inventory.FactoryItemMaterialTest" name="blankEqualities[Material[207]:FLINT]"/>
  <testcase time="0.001" classname="org.bukkit.craftbukkit.inventory.FactoryItemMaterialTest" name="generalCase[Material[207]:FLINT]"/>
  <testcase time="0" classname="org.bukkit.craftbukkit.inventory.FactoryItemMaterialTest" name="asMetaFor[Material[207]:FLINT]"/>
  <testcase time="0" classname="org.bukkit.craftbukkit.inventory.FactoryItemMaterialTest" name="itemStack[Material[207]:FLINT]"/>
  <testcase time="0" classname="org.bukkit.craftbukkit.inventory.FactoryItemMaterialTest" name="blankEqualities[Material[208]:PORK]"/>
  <testcase time="0" classname="org.bukkit.craftbukkit.inventory.FactoryItemMaterialTest" name="generalCase[Material[208]:PORK]"/>
  <testcase time="0" classname="org.bukkit.craftbukkit.inventory.FactoryItemMaterialTest" name="asMetaFor[Material[208]:PORK]"/>
  <testcase time="0" classname="org.bukkit.craftbukkit.inventory.FactoryItemMaterialTest" name="itemStack[Material[208]:PORK]"/>
  <testcase time="0" classname="org.bukkit.craftbukkit.inventory.FactoryItemMaterialTest" name="blankEqualities[Material[209]:GRILLED_PORK]"/>
  <testcase time="0" classname="org.bukkit.craftbukkit.inventory.FactoryItemMaterialTest" name="generalCase[Material[209]:GRILLED_PORK]"/>
  <testcase time="0" classname="org.bukkit.craftbukkit.inventory.FactoryItemMaterialTest" name="asMetaFor[Material[209]:GRILLED_PORK]"/>
  <testcase time="0" classname="org.bukkit.craftbukkit.inventory.FactoryItemMaterialTest" name="itemStack[Material[209]:GRILLED_PORK]"/>
  <testcase time="0" classname="org.bukkit.craftbukkit.inventory.FactoryItemMaterialTest" name="blankEqualities[Material[210]:PAINTING]"/>
  <testcase time="0" classname="org.bukkit.craftbukkit.inventory.FactoryItemMaterialTest" name="generalCase[Material[210]:PAINTING]"/>
  <testcase time="0" classname="org.bukkit.craftbukkit.inventory.FactoryItemMaterialTest" name="asMetaFor[Material[210]:PAINTING]"/>
  <testcase time="0" classname="org.bukkit.craftbukkit.inventory.FactoryItemMaterialTest" name="itemStack[Material[210]:PAINTING]"/>
  <testcase time="0" classname="org.bukkit.craftbukkit.inventory.FactoryItemMaterialTest" name="blankEqualities[Material[211]:GOLDEN_APPLE]"/>
  <testcase time="0" classname="org.bukkit.craftbukkit.inventory.FactoryItemMaterialTest" name="generalCase[Material[211]:GOLDEN_APPLE]"/>
  <testcase time="0.001" classname="org.bukkit.craftbukkit.inventory.FactoryItemMaterialTest" name="asMetaFor[Material[211]:GOLDEN_APPLE]"/>
  <testcase time="0" classname="org.bukkit.craftbukkit.inventory.FactoryItemMaterialTest" name="itemStack[Material[211]:GOLDEN_APPLE]"/>
  <testcase time="0" classname="org.bukkit.craftbukkit.inventory.FactoryItemMaterialTest" name="blankEqualities[Material[212]:SIGN]"/>
  <testcase time="0" classname="org.bukkit.craftbukkit.inventory.FactoryItemMaterialTest" name="generalCase[Material[212]:SIGN]"/>
  <testcase time="0" classname="org.bukkit.craftbukkit.inventory.FactoryItemMaterialTest" name="asMetaFor[Material[212]:SIGN]"/>
  <testcase time="0" classname="org.bukkit.craftbukkit.inventory.FactoryItemMaterialTest" name="itemStack[Material[212]:SIGN]"/>
  <testcase time="0" classname="org.bukkit.craftbukkit.inventory.FactoryItemMaterialTest" name="blankEqualities[Material[213]:WOOD_DOOR]"/>
  <testcase time="0" classname="org.bukkit.craftbukkit.inventory.FactoryItemMaterialTest" name="generalCase[Material[213]:WOOD_DOOR]"/>
  <testcase time="0" classname="org.bukkit.craftbukkit.inventory.FactoryItemMaterialTest" name="asMetaFor[Material[213]:WOOD_DOOR]"/>
  <testcase time="0" classname="org.bukkit.craftbukkit.inventory.FactoryItemMaterialTest" name="itemStack[Material[213]:WOOD_DOOR]"/>
  <testcase time="0" classname="org.bukkit.craftbukkit.inventory.FactoryItemMaterialTest" name="blankEqualities[Material[214]:BUCKET]"/>
  <testcase time="0" classname="org.bukkit.craftbukkit.inventory.FactoryItemMaterialTest" name="generalCase[Material[214]:BUCKET]"/>
  <testcase time="0" classname="org.bukkit.craftbukkit.inventory.FactoryItemMaterialTest" name="asMetaFor[Material[214]:BUCKET]"/>
  <testcase time="0" classname="org.bukkit.craftbukkit.inventory.FactoryItemMaterialTest" name="itemStack[Material[214]:BUCKET]"/>
  <testcase time="0" classname="org.bukkit.craftbukkit.inventory.FactoryItemMaterialTest" name="blankEqualities[Material[215]:WATER_BUCKET]"/>
  <testcase time="0" classname="org.bukkit.craftbukkit.inventory.FactoryItemMaterialTest" name="generalCase[Material[215]:WATER_BUCKET]"/>
  <testcase time="0" classname="org.bukkit.craftbukkit.inventory.FactoryItemMaterialTest" name="asMetaFor[Material[215]:WATER_BUCKET]"/>
  <testcase time="0" classname="org.bukkit.craftbukkit.inventory.FactoryItemMaterialTest" name="itemStack[Material[215]:WATER_BUCKET]"/>
  <testcase time="0" classname="org.bukkit.craftbukkit.inventory.FactoryItemMaterialTest" name="blankEqualities[Material[216]:LAVA_BUCKET]"/>
  <testcase time="0" classname="org.bukkit.craftbukkit.inventory.FactoryItemMaterialTest" name="generalCase[Material[216]:LAVA_BUCKET]"/>
  <testcase time="0" classname="org.bukkit.craftbukkit.inventory.FactoryItemMaterialTest" name="asMetaFor[Material[216]:LAVA_BUCKET]"/>
  <testcase time="0" classname="org.bukkit.craftbukkit.inventory.FactoryItemMaterialTest" name="itemStack[Material[216]:LAVA_BUCKET]"/>
  <testcase time="0" classname="org.bukkit.craftbukkit.inventory.FactoryItemMaterialTest" name="blankEqualities[Material[217]:MINECART]"/>
  <testcase time="0" classname="org.bukkit.craftbukkit.inventory.FactoryItemMaterialTest" name="generalCase[Material[217]:MINECART]"/>
  <testcase time="0" classname="org.bukkit.craftbukkit.inventory.FactoryItemMaterialTest" name="asMetaFor[Material[217]:MINECART]"/>
  <testcase time="0.001" classname="org.bukkit.craftbukkit.inventory.FactoryItemMaterialTest" name="itemStack[Material[217]:MINECART]"/>
  <testcase time="0" classname="org.bukkit.craftbukkit.inventory.FactoryItemMaterialTest" name="blankEqualities[Material[218]:SADDLE]"/>
  <testcase time="0" classname="org.bukkit.craftbukkit.inventory.FactoryItemMaterialTest" name="generalCase[Material[218]:SADDLE]"/>
  <testcase time="0" classname="org.bukkit.craftbukkit.inventory.FactoryItemMaterialTest" name="asMetaFor[Material[218]:SADDLE]"/>
  <testcase time="0" classname="org.bukkit.craftbukkit.inventory.FactoryItemMaterialTest" name="itemStack[Material[218]:SADDLE]"/>
  <testcase time="0.001" classname="org.bukkit.craftbukkit.inventory.FactoryItemMaterialTest" name="blankEqualities[Material[219]:IRON_DOOR]"/>
  <testcase time="0" classname="org.bukkit.craftbukkit.inventory.FactoryItemMaterialTest" name="generalCase[Material[219]:IRON_DOOR]"/>
  <testcase time="0" classname="org.bukkit.craftbukkit.inventory.FactoryItemMaterialTest" name="asMetaFor[Material[219]:IRON_DOOR]"/>
  <testcase time="0" classname="org.bukkit.craftbukkit.inventory.FactoryItemMaterialTest" name="itemStack[Material[219]:IRON_DOOR]"/>
  <testcase time="0" classname="org.bukkit.craftbukkit.inventory.FactoryItemMaterialTest" name="blankEqualities[Material[220]:REDSTONE]"/>
  <testcase time="0" classname="org.bukkit.craftbukkit.inventory.FactoryItemMaterialTest" name="generalCase[Material[220]:REDSTONE]"/>
  <testcase time="0.001" classname="org.bukkit.craftbukkit.inventory.FactoryItemMaterialTest" name="asMetaFor[Material[220]:REDSTONE]"/>
  <testcase time="0" classname="org.bukkit.craftbukkit.inventory.FactoryItemMaterialTest" name="itemStack[Material[220]:REDSTONE]"/>
  <testcase time="0" classname="org.bukkit.craftbukkit.inventory.FactoryItemMaterialTest" name="blankEqualities[Material[221]:SNOW_BALL]"/>
  <testcase time="0" classname="org.bukkit.craftbukkit.inventory.FactoryItemMaterialTest" name="generalCase[Material[221]:SNOW_BALL]"/>
  <testcase time="0" classname="org.bukkit.craftbukkit.inventory.FactoryItemMaterialTest" name="asMetaFor[Material[221]:SNOW_BALL]"/>
  <testcase time="0" classname="org.bukkit.craftbukkit.inventory.FactoryItemMaterialTest" name="itemStack[Material[221]:SNOW_BALL]"/>
  <testcase time="0" classname="org.bukkit.craftbukkit.inventory.FactoryItemMaterialTest" name="blankEqualities[Material[222]:BOAT]"/>
  <testcase time="0" classname="org.bukkit.craftbukkit.inventory.FactoryItemMaterialTest" name="generalCase[Material[222]:BOAT]"/>
  <testcase time="0" classname="org.bukkit.craftbukkit.inventory.FactoryItemMaterialTest" name="asMetaFor[Material[222]:BOAT]"/>
  <testcase time="0" classname="org.bukkit.craftbukkit.inventory.FactoryItemMaterialTest" name="itemStack[Material[222]:BOAT]"/>
  <testcase time="0.001" classname="org.bukkit.craftbukkit.inventory.FactoryItemMaterialTest" name="blankEqualities[Material[223]:LEATHER]"/>
  <testcase time="0" classname="org.bukkit.craftbukkit.inventory.FactoryItemMaterialTest" name="generalCase[Material[223]:LEATHER]"/>
  <testcase time="0" classname="org.bukkit.craftbukkit.inventory.FactoryItemMaterialTest" name="asMetaFor[Material[223]:LEATHER]"/>
  <testcase time="0" classname="org.bukkit.craftbukkit.inventory.FactoryItemMaterialTest" name="itemStack[Material[223]:LEATHER]"/>
  <testcase time="0" classname="org.bukkit.craftbukkit.inventory.FactoryItemMaterialTest" name="blankEqualities[Material[224]:MILK_BUCKET]"/>
  <testcase time="0" classname="org.bukkit.craftbukkit.inventory.FactoryItemMaterialTest" name="generalCase[Material[224]:MILK_BUCKET]"/>
  <testcase time="0.001" classname="org.bukkit.craftbukkit.inventory.FactoryItemMaterialTest" name="asMetaFor[Material[224]:MILK_BUCKET]"/>
  <testcase time="0" classname="org.bukkit.craftbukkit.inventory.FactoryItemMaterialTest" name="itemStack[Material[224]:MILK_BUCKET]"/>
  <testcase time="0" classname="org.bukkit.craftbukkit.inventory.FactoryItemMaterialTest" name="blankEqualities[Material[225]:CLAY_BRICK]"/>
  <testcase time="0" classname="org.bukkit.craftbukkit.inventory.FactoryItemMaterialTest" name="generalCase[Material[225]:CLAY_BRICK]"/>
  <testcase time="0" classname="org.bukkit.craftbukkit.inventory.FactoryItemMaterialTest" name="asMetaFor[Material[225]:CLAY_BRICK]"/>
  <testcase time="0" classname="org.bukkit.craftbukkit.inventory.FactoryItemMaterialTest" name="itemStack[Material[225]:CLAY_BRICK]"/>
  <testcase time="0.001" classname="org.bukkit.craftbukkit.inventory.FactoryItemMaterialTest" name="blankEqualities[Material[226]:CLAY_BALL]"/>
  <testcase time="0" classname="org.bukkit.craftbukkit.inventory.FactoryItemMaterialTest" name="generalCase[Material[226]:CLAY_BALL]"/>
  <testcase time="0" classname="org.bukkit.craftbukkit.inventory.FactoryItemMaterialTest" name="asMetaFor[Material[226]:CLAY_BALL]"/>
  <testcase time="0" classname="org.bukkit.craftbukkit.inventory.FactoryItemMaterialTest" name="itemStack[Material[226]:CLAY_BALL]"/>
  <testcase time="0" classname="org.bukkit.craftbukkit.inventory.FactoryItemMaterialTest" name="blankEqualities[Material[227]:SUGAR_CANE]"/>
  <testcase time="0" classname="org.bukkit.craftbukkit.inventory.FactoryItemMaterialTest" name="generalCase[Material[227]:SUGAR_CANE]"/>
  <testcase time="0.001" classname="org.bukkit.craftbukkit.inventory.FactoryItemMaterialTest" name="asMetaFor[Material[227]:SUGAR_CANE]"/>
  <testcase time="0" classname="org.bukkit.craftbukkit.inventory.FactoryItemMaterialTest" name="itemStack[Material[227]:SUGAR_CANE]"/>
  <testcase time="0" classname="org.bukkit.craftbukkit.inventory.FactoryItemMaterialTest" name="blankEqualities[Material[228]:PAPER]"/>
  <testcase time="0" classname="org.bukkit.craftbukkit.inventory.FactoryItemMaterialTest" name="generalCase[Material[228]:PAPER]"/>
  <testcase time="0" classname="org.bukkit.craftbukkit.inventory.FactoryItemMaterialTest" name="asMetaFor[Material[228]:PAPER]"/>
  <testcase time="0" classname="org.bukkit.craftbukkit.inventory.FactoryItemMaterialTest" name="itemStack[Material[228]:PAPER]"/>
  <testcase time="0.001" classname="org.bukkit.craftbukkit.inventory.FactoryItemMaterialTest" name="blankEqualities[Material[229]:BOOK]"/>
  <testcase time="0" classname="org.bukkit.craftbukkit.inventory.FactoryItemMaterialTest" name="generalCase[Material[229]:BOOK]"/>
  <testcase time="0" classname="org.bukkit.craftbukkit.inventory.FactoryItemMaterialTest" name="asMetaFor[Material[229]:BOOK]"/>
  <testcase time="0" classname="org.bukkit.craftbukkit.inventory.FactoryItemMaterialTest" name="itemStack[Material[229]:BOOK]"/>
  <testcase time="0" classname="org.bukkit.craftbukkit.inventory.FactoryItemMaterialTest" name="blankEqualities[Material[230]:SLIME_BALL]"/>
  <testcase time="0" classname="org.bukkit.craftbukkit.inventory.FactoryItemMaterialTest" name="generalCase[Material[230]:SLIME_BALL]"/>
  <testcase time="0.001" classname="org.bukkit.craftbukkit.inventory.FactoryItemMaterialTest" name="asMetaFor[Material[230]:SLIME_BALL]"/>
  <testcase time="0" classname="org.bukkit.craftbukkit.inventory.FactoryItemMaterialTest" name="itemStack[Material[230]:SLIME_BALL]"/>
  <testcase time="0" classname="org.bukkit.craftbukkit.inventory.FactoryItemMaterialTest" name="blankEqualities[Material[231]:STORAGE_MINECART]"/>
  <testcase time="0" classname="org.bukkit.craftbukkit.inventory.FactoryItemMaterialTest" name="generalCase[Material[231]:STORAGE_MINECART]"/>
  <testcase time="0" classname="org.bukkit.craftbukkit.inventory.FactoryItemMaterialTest" name="asMetaFor[Material[231]:STORAGE_MINECART]"/>
  <testcase time="0" classname="org.bukkit.craftbukkit.inventory.FactoryItemMaterialTest" name="itemStack[Material[231]:STORAGE_MINECART]"/>
  <testcase time="0.001" classname="org.bukkit.craftbukkit.inventory.FactoryItemMaterialTest" name="blankEqualities[Material[232]:POWERED_MINECART]"/>
  <testcase time="0" classname="org.bukkit.craftbukkit.inventory.FactoryItemMaterialTest" name="generalCase[Material[232]:POWERED_MINECART]"/>
  <testcase time="0" classname="org.bukkit.craftbukkit.inventory.FactoryItemMaterialTest" name="asMetaFor[Material[232]:POWERED_MINECART]"/>
  <testcase time="0" classname="org.bukkit.craftbukkit.inventory.FactoryItemMaterialTest" name="itemStack[Material[232]:POWERED_MINECART]"/>
  <testcase time="0" classname="org.bukkit.craftbukkit.inventory.FactoryItemMaterialTest" name="blankEqualities[Material[233]:EGG]"/>
  <testcase time="0" classname="org.bukkit.craftbukkit.inventory.FactoryItemMaterialTest" name="generalCase[Material[233]:EGG]"/>
  <testcase time="0" classname="org.bukkit.craftbukkit.inventory.FactoryItemMaterialTest" name="asMetaFor[Material[233]:EGG]"/>
  <testcase time="0" classname="org.bukkit.craftbukkit.inventory.FactoryItemMaterialTest" name="itemStack[Material[233]:EGG]"/>
  <testcase time="0" classname="org.bukkit.craftbukkit.inventory.FactoryItemMaterialTest" name="blankEqualities[Material[234]:COMPASS]"/>
  <testcase time="0" classname="org.bukkit.craftbukkit.inventory.FactoryItemMaterialTest" name="generalCase[Material[234]:COMPASS]"/>
  <testcase time="0" classname="org.bukkit.craftbukkit.inventory.FactoryItemMaterialTest" name="asMetaFor[Material[234]:COMPASS]"/>
  <testcase time="0" classname="org.bukkit.craftbukkit.inventory.FactoryItemMaterialTest" name="itemStack[Material[234]:COMPASS]"/>
  <testcase time="0" classname="org.bukkit.craftbukkit.inventory.FactoryItemMaterialTest" name="blankEqualities[Material[235]:FISHING_ROD]"/>
  <testcase time="0" classname="org.bukkit.craftbukkit.inventory.FactoryItemMaterialTest" name="generalCase[Material[235]:FISHING_ROD]"/>
  <testcase time="0" classname="org.bukkit.craftbukkit.inventory.FactoryItemMaterialTest" name="asMetaFor[Material[235]:FISHING_ROD]"/>
  <testcase time="0" classname="org.bukkit.craftbukkit.inventory.FactoryItemMaterialTest" name="itemStack[Material[235]:FISHING_ROD]"/>
  <testcase time="0" classname="org.bukkit.craftbukkit.inventory.FactoryItemMaterialTest" name="blankEqualities[Material[236]:WATCH]"/>
  <testcase time="0" classname="org.bukkit.craftbukkit.inventory.FactoryItemMaterialTest" name="generalCase[Material[236]:WATCH]"/>
  <testcase time="0" classname="org.bukkit.craftbukkit.inventory.FactoryItemMaterialTest" name="asMetaFor[Material[236]:WATCH]"/>
  <testcase time="0" classname="org.bukkit.craftbukkit.inventory.FactoryItemMaterialTest" name="itemStack[Material[236]:WATCH]"/>
  <testcase time="0.001" classname="org.bukkit.craftbukkit.inventory.FactoryItemMaterialTest" name="blankEqualities[Material[237]:GLOWSTONE_DUST]"/>
  <testcase time="0" classname="org.bukkit.craftbukkit.inventory.FactoryItemMaterialTest" name="generalCase[Material[237]:GLOWSTONE_DUST]"/>
  <testcase time="0" classname="org.bukkit.craftbukkit.inventory.FactoryItemMaterialTest" name="asMetaFor[Material[237]:GLOWSTONE_DUST]"/>
  <testcase time="0" classname="org.bukkit.craftbukkit.inventory.FactoryItemMaterialTest" name="itemStack[Material[237]:GLOWSTONE_DUST]"/>
  <testcase time="0" classname="org.bukkit.craftbukkit.inventory.FactoryItemMaterialTest" name="blankEqualities[Material[238]:RAW_FISH]"/>
  <testcase time="0" classname="org.bukkit.craftbukkit.inventory.FactoryItemMaterialTest" name="generalCase[Material[238]:RAW_FISH]"/>
  <testcase time="0" classname="org.bukkit.craftbukkit.inventory.FactoryItemMaterialTest" name="asMetaFor[Material[238]:RAW_FISH]"/>
  <testcase time="0" classname="org.bukkit.craftbukkit.inventory.FactoryItemMaterialTest" name="itemStack[Material[238]:RAW_FISH]"/>
  <testcase time="0" classname="org.bukkit.craftbukkit.inventory.FactoryItemMaterialTest" name="blankEqualities[Material[239]:COOKED_FISH]"/>
  <testcase time="0" classname="org.bukkit.craftbukkit.inventory.FactoryItemMaterialTest" name="generalCase[Material[239]:COOKED_FISH]"/>
  <testcase time="0" classname="org.bukkit.craftbukkit.inventory.FactoryItemMaterialTest" name="asMetaFor[Material[239]:COOKED_FISH]"/>
  <testcase time="0" classname="org.bukkit.craftbukkit.inventory.FactoryItemMaterialTest" name="itemStack[Material[239]:COOKED_FISH]"/>
  <testcase time="0.001" classname="org.bukkit.craftbukkit.inventory.FactoryItemMaterialTest" name="blankEqualities[Material[240]:INK_SACK]"/>
  <testcase time="0" classname="org.bukkit.craftbukkit.inventory.FactoryItemMaterialTest" name="generalCase[Material[240]:INK_SACK]"/>
  <testcase time="0" classname="org.bukkit.craftbukkit.inventory.FactoryItemMaterialTest" name="asMetaFor[Material[240]:INK_SACK]"/>
  <testcase time="0" classname="org.bukkit.craftbukkit.inventory.FactoryItemMaterialTest" name="itemStack[Material[240]:INK_SACK]"/>
  <testcase time="0" classname="org.bukkit.craftbukkit.inventory.FactoryItemMaterialTest" name="blankEqualities[Material[241]:BONE]"/>
  <testcase time="0" classname="org.bukkit.craftbukkit.inventory.FactoryItemMaterialTest" name="generalCase[Material[241]:BONE]"/>
  <testcase time="0" classname="org.bukkit.craftbukkit.inventory.FactoryItemMaterialTest" name="asMetaFor[Material[241]:BONE]"/>
  <testcase time="0" classname="org.bukkit.craftbukkit.inventory.FactoryItemMaterialTest" name="itemStack[Material[241]:BONE]"/>
  <testcase time="0" classname="org.bukkit.craftbukkit.inventory.FactoryItemMaterialTest" name="blankEqualities[Material[242]:SUGAR]"/>
  <testcase time="0" classname="org.bukkit.craftbukkit.inventory.FactoryItemMaterialTest" name="generalCase[Material[242]:SUGAR]"/>
  <testcase time="0" classname="org.bukkit.craftbukkit.inventory.FactoryItemMaterialTest" name="asMetaFor[Material[242]:SUGAR]"/>
  <testcase time="0" classname="org.bukkit.craftbukkit.inventory.FactoryItemMaterialTest" name="itemStack[Material[242]:SUGAR]"/>
  <testcase time="0" classname="org.bukkit.craftbukkit.inventory.FactoryItemMaterialTest" name="blankEqualities[Material[243]:CAKE]"/>
  <testcase time="0" classname="org.bukkit.craftbukkit.inventory.FactoryItemMaterialTest" name="generalCase[Material[243]:CAKE]"/>
  <testcase time="0" classname="org.bukkit.craftbukkit.inventory.FactoryItemMaterialTest" name="asMetaFor[Material[243]:CAKE]"/>
  <testcase time="0" classname="org.bukkit.craftbukkit.inventory.FactoryItemMaterialTest" name="itemStack[Material[243]:CAKE]"/>
  <testcase time="0" classname="org.bukkit.craftbukkit.inventory.FactoryItemMaterialTest" name="blankEqualities[Material[244]:BED]"/>
  <testcase time="0" classname="org.bukkit.craftbukkit.inventory.FactoryItemMaterialTest" name="generalCase[Material[244]:BED]"/>
  <testcase time="0" classname="org.bukkit.craftbukkit.inventory.FactoryItemMaterialTest" name="asMetaFor[Material[244]:BED]"/>
  <testcase time="0" classname="org.bukkit.craftbukkit.inventory.FactoryItemMaterialTest" name="itemStack[Material[244]:BED]"/>
  <testcase time="0.001" classname="org.bukkit.craftbukkit.inventory.FactoryItemMaterialTest" name="blankEqualities[Material[245]:DIODE]"/>
  <testcase time="0" classname="org.bukkit.craftbukkit.inventory.FactoryItemMaterialTest" name="generalCase[Material[245]:DIODE]"/>
  <testcase time="0" classname="org.bukkit.craftbukkit.inventory.FactoryItemMaterialTest" name="asMetaFor[Material[245]:DIODE]"/>
  <testcase time="0" classname="org.bukkit.craftbukkit.inventory.FactoryItemMaterialTest" name="itemStack[Material[245]:DIODE]"/>
  <testcase time="0" classname="org.bukkit.craftbukkit.inventory.FactoryItemMaterialTest" name="blankEqualities[Material[246]:COOKIE]"/>
  <testcase time="0" classname="org.bukkit.craftbukkit.inventory.FactoryItemMaterialTest" name="generalCase[Material[246]:COOKIE]"/>
  <testcase time="0.001" classname="org.bukkit.craftbukkit.inventory.FactoryItemMaterialTest" name="asMetaFor[Material[246]:COOKIE]"/>
  <testcase time="0" classname="org.bukkit.craftbukkit.inventory.FactoryItemMaterialTest" name="itemStack[Material[246]:COOKIE]"/>
  <testcase time="0" classname="org.bukkit.craftbukkit.inventory.FactoryItemMaterialTest" name="blankEqualities[Material[247]:MAP]"/>
  <testcase time="0" classname="org.bukkit.craftbukkit.inventory.FactoryItemMaterialTest" name="generalCase[Material[247]:MAP]"/>
  <testcase time="0" classname="org.bukkit.craftbukkit.inventory.FactoryItemMaterialTest" name="asMetaFor[Material[247]:MAP]"/>
  <testcase time="0" classname="org.bukkit.craftbukkit.inventory.FactoryItemMaterialTest" name="itemStack[Material[247]:MAP]"/>
  <testcase time="0" classname="org.bukkit.craftbukkit.inventory.FactoryItemMaterialTest" name="blankEqualities[Material[248]:SHEARS]"/>
  <testcase time="0" classname="org.bukkit.craftbukkit.inventory.FactoryItemMaterialTest" name="generalCase[Material[248]:SHEARS]"/>
  <testcase time="0" classname="org.bukkit.craftbukkit.inventory.FactoryItemMaterialTest" name="asMetaFor[Material[248]:SHEARS]"/>
  <testcase time="0" classname="org.bukkit.craftbukkit.inventory.FactoryItemMaterialTest" name="itemStack[Material[248]:SHEARS]"/>
  <testcase time="0" classname="org.bukkit.craftbukkit.inventory.FactoryItemMaterialTest" name="blankEqualities[Material[249]:MELON]"/>
  <testcase time="0" classname="org.bukkit.craftbukkit.inventory.FactoryItemMaterialTest" name="generalCase[Material[249]:MELON]"/>
  <testcase time="0" classname="org.bukkit.craftbukkit.inventory.FactoryItemMaterialTest" name="asMetaFor[Material[249]:MELON]"/>
  <testcase time="0" classname="org.bukkit.craftbukkit.inventory.FactoryItemMaterialTest" name="itemStack[Material[249]:MELON]"/>
  <testcase time="0.001" classname="org.bukkit.craftbukkit.inventory.FactoryItemMaterialTest" name="blankEqualities[Material[250]:PUMPKIN_SEEDS]"/>
  <testcase time="0" classname="org.bukkit.craftbukkit.inventory.FactoryItemMaterialTest" name="generalCase[Material[250]:PUMPKIN_SEEDS]"/>
  <testcase time="0" classname="org.bukkit.craftbukkit.inventory.FactoryItemMaterialTest" name="asMetaFor[Material[250]:PUMPKIN_SEEDS]"/>
  <testcase time="0" classname="org.bukkit.craftbukkit.inventory.FactoryItemMaterialTest" name="itemStack[Material[250]:PUMPKIN_SEEDS]"/>
  <testcase time="0" classname="org.bukkit.craftbukkit.inventory.FactoryItemMaterialTest" name="blankEqualities[Material[251]:MELON_SEEDS]"/>
  <testcase time="0" classname="org.bukkit.craftbukkit.inventory.FactoryItemMaterialTest" name="generalCase[Material[251]:MELON_SEEDS]"/>
  <testcase time="0" classname="org.bukkit.craftbukkit.inventory.FactoryItemMaterialTest" name="asMetaFor[Material[251]:MELON_SEEDS]"/>
  <testcase time="0.001" classname="org.bukkit.craftbukkit.inventory.FactoryItemMaterialTest" name="itemStack[Material[251]:MELON_SEEDS]"/>
  <testcase time="0" classname="org.bukkit.craftbukkit.inventory.FactoryItemMaterialTest" name="blankEqualities[Material[252]:RAW_BEEF]"/>
  <testcase time="0" classname="org.bukkit.craftbukkit.inventory.FactoryItemMaterialTest" name="generalCase[Material[252]:RAW_BEEF]"/>
  <testcase time="0" classname="org.bukkit.craftbukkit.inventory.FactoryItemMaterialTest" name="asMetaFor[Material[252]:RAW_BEEF]"/>
  <testcase time="0" classname="org.bukkit.craftbukkit.inventory.FactoryItemMaterialTest" name="itemStack[Material[252]:RAW_BEEF]"/>
  <testcase time="0.001" classname="org.bukkit.craftbukkit.inventory.FactoryItemMaterialTest" name="blankEqualities[Material[253]:COOKED_BEEF]"/>
  <testcase time="0" classname="org.bukkit.craftbukkit.inventory.FactoryItemMaterialTest" name="generalCase[Material[253]:COOKED_BEEF]"/>
  <testcase time="0" classname="org.bukkit.craftbukkit.inventory.FactoryItemMaterialTest" name="asMetaFor[Material[253]:COOKED_BEEF]"/>
  <testcase time="0" classname="org.bukkit.craftbukkit.inventory.FactoryItemMaterialTest" name="itemStack[Material[253]:COOKED_BEEF]"/>
  <testcase time="0" classname="org.bukkit.craftbukkit.inventory.FactoryItemMaterialTest" name="blankEqualities[Material[254]:RAW_CHICKEN]"/>
  <testcase time="0" classname="org.bukkit.craftbukkit.inventory.FactoryItemMaterialTest" name="generalCase[Material[254]:RAW_CHICKEN]"/>
  <testcase time="0" classname="org.bukkit.craftbukkit.inventory.FactoryItemMaterialTest" name="asMetaFor[Material[254]:RAW_CHICKEN]"/>
  <testcase time="0" classname="org.bukkit.craftbukkit.inventory.FactoryItemMaterialTest" name="itemStack[Material[254]:RAW_CHICKEN]"/>
  <testcase time="0" classname="org.bukkit.craftbukkit.inventory.FactoryItemMaterialTest" name="blankEqualities[Material[255]:COOKED_CHICKEN]"/>
  <testcase time="0" classname="org.bukkit.craftbukkit.inventory.FactoryItemMaterialTest" name="generalCase[Material[255]:COOKED_CHICKEN]"/>
  <testcase time="0" classname="org.bukkit.craftbukkit.inventory.FactoryItemMaterialTest" name="asMetaFor[Material[255]:COOKED_CHICKEN]"/>
  <testcase time="0" classname="org.bukkit.craftbukkit.inventory.FactoryItemMaterialTest" name="itemStack[Material[255]:COOKED_CHICKEN]"/>
  <testcase time="0.001" classname="org.bukkit.craftbukkit.inventory.FactoryItemMaterialTest" name="blankEqualities[Material[256]:ROTTEN_FLESH]"/>
  <testcase time="0" classname="org.bukkit.craftbukkit.inventory.FactoryItemMaterialTest" name="generalCase[Material[256]:ROTTEN_FLESH]"/>
  <testcase time="0" classname="org.bukkit.craftbukkit.inventory.FactoryItemMaterialTest" name="asMetaFor[Material[256]:ROTTEN_FLESH]"/>
  <testcase time="0" classname="org.bukkit.craftbukkit.inventory.FactoryItemMaterialTest" name="itemStack[Material[256]:ROTTEN_FLESH]"/>
  <testcase time="0" classname="org.bukkit.craftbukkit.inventory.FactoryItemMaterialTest" name="blankEqualities[Material[257]:ENDER_PEARL]"/>
  <testcase time="0" classname="org.bukkit.craftbukkit.inventory.FactoryItemMaterialTest" name="generalCase[Material[257]:ENDER_PEARL]"/>
  <testcase time="0.001" classname="org.bukkit.craftbukkit.inventory.FactoryItemMaterialTest" name="asMetaFor[Material[257]:ENDER_PEARL]"/>
  <testcase time="0" classname="org.bukkit.craftbukkit.inventory.FactoryItemMaterialTest" name="itemStack[Material[257]:ENDER_PEARL]"/>
  <testcase time="0" classname="org.bukkit.craftbukkit.inventory.FactoryItemMaterialTest" name="blankEqualities[Material[258]:BLAZE_ROD]"/>
  <testcase time="0" classname="org.bukkit.craftbukkit.inventory.FactoryItemMaterialTest" name="generalCase[Material[258]:BLAZE_ROD]"/>
  <testcase time="0" classname="org.bukkit.craftbukkit.inventory.FactoryItemMaterialTest" name="asMetaFor[Material[258]:BLAZE_ROD]"/>
  <testcase time="0" classname="org.bukkit.craftbukkit.inventory.FactoryItemMaterialTest" name="itemStack[Material[258]:BLAZE_ROD]"/>
  <testcase time="0.001" classname="org.bukkit.craftbukkit.inventory.FactoryItemMaterialTest" name="blankEqualities[Material[259]:GHAST_TEAR]"/>
  <testcase time="0" classname="org.bukkit.craftbukkit.inventory.FactoryItemMaterialTest" name="generalCase[Material[259]:GHAST_TEAR]"/>
  <testcase time="0" classname="org.bukkit.craftbukkit.inventory.FactoryItemMaterialTest" name="asMetaFor[Material[259]:GHAST_TEAR]"/>
  <testcase time="0" classname="org.bukkit.craftbukkit.inventory.FactoryItemMaterialTest" name="itemStack[Material[259]:GHAST_TEAR]"/>
  <testcase time="0" classname="org.bukkit.craftbukkit.inventory.FactoryItemMaterialTest" name="blankEqualities[Material[260]:GOLD_NUGGET]"/>
  <testcase time="0" classname="org.bukkit.craftbukkit.inventory.FactoryItemMaterialTest" name="generalCase[Material[260]:GOLD_NUGGET]"/>
  <testcase time="0.001" classname="org.bukkit.craftbukkit.inventory.FactoryItemMaterialTest" name="asMetaFor[Material[260]:GOLD_NUGGET]"/>
  <testcase time="0" classname="org.bukkit.craftbukkit.inventory.FactoryItemMaterialTest" name="itemStack[Material[260]:GOLD_NUGGET]"/>
  <testcase time="0" classname="org.bukkit.craftbukkit.inventory.FactoryItemMaterialTest" name="blankEqualities[Material[261]:NETHER_STALK]"/>
  <testcase time="0" classname="org.bukkit.craftbukkit.inventory.FactoryItemMaterialTest" name="generalCase[Material[261]:NETHER_STALK]"/>
  <testcase time="0" classname="org.bukkit.craftbukkit.inventory.FactoryItemMaterialTest" name="asMetaFor[Material[261]:NETHER_STALK]"/>
  <testcase time="0" classname="org.bukkit.craftbukkit.inventory.FactoryItemMaterialTest" name="itemStack[Material[261]:NETHER_STALK]"/>
  <testcase time="0.001" classname="org.bukkit.craftbukkit.inventory.FactoryItemMaterialTest" name="blankEqualities[Material[262]:POTION]"/>
  <testcase time="0" classname="org.bukkit.craftbukkit.inventory.FactoryItemMaterialTest" name="generalCase[Material[262]:POTION]"/>
  <testcase time="0" classname="org.bukkit.craftbukkit.inventory.FactoryItemMaterialTest" name="asMetaFor[Material[262]:POTION]"/>
  <testcase time="0" classname="org.bukkit.craftbukkit.inventory.FactoryItemMaterialTest" name="itemStack[Material[262]:POTION]"/>
  <testcase time="0" classname="org.bukkit.craftbukkit.inventory.FactoryItemMaterialTest" name="blankEqualities[Material[263]:GLASS_BOTTLE]"/>
  <testcase time="0" classname="org.bukkit.craftbukkit.inventory.FactoryItemMaterialTest" name="generalCase[Material[263]:GLASS_BOTTLE]"/>
  <testcase time="0.001" classname="org.bukkit.craftbukkit.inventory.FactoryItemMaterialTest" name="asMetaFor[Material[263]:GLASS_BOTTLE]"/>
  <testcase time="0" classname="org.bukkit.craftbukkit.inventory.FactoryItemMaterialTest" name="itemStack[Material[263]:GLASS_BOTTLE]"/>
  <testcase time="0" classname="org.bukkit.craftbukkit.inventory.FactoryItemMaterialTest" name="blankEqualities[Material[264]:SPIDER_EYE]"/>
  <testcase time="0" classname="org.bukkit.craftbukkit.inventory.FactoryItemMaterialTest" name="generalCase[Material[264]:SPIDER_EYE]"/>
  <testcase time="0.001" classname="org.bukkit.craftbukkit.inventory.FactoryItemMaterialTest" name="asMetaFor[Material[264]:SPIDER_EYE]"/>
  <testcase time="0" classname="org.bukkit.craftbukkit.inventory.FactoryItemMaterialTest" name="itemStack[Material[264]:SPIDER_EYE]"/>
  <testcase time="0" classname="org.bukkit.craftbukkit.inventory.FactoryItemMaterialTest" name="blankEqualities[Material[265]:FERMENTED_SPIDER_EYE]"/>
  <testcase time="0" classname="org.bukkit.craftbukkit.inventory.FactoryItemMaterialTest" name="generalCase[Material[265]:FERMENTED_SPIDER_EYE]"/>
  <testcase time="0" classname="org.bukkit.craftbukkit.inventory.FactoryItemMaterialTest" name="asMetaFor[Material[265]:FERMENTED_SPIDER_EYE]"/>
  <testcase time="0.001" classname="org.bukkit.craftbukkit.inventory.FactoryItemMaterialTest" name="itemStack[Material[265]:FERMENTED_SPIDER_EYE]"/>
  <testcase time="0" classname="org.bukkit.craftbukkit.inventory.FactoryItemMaterialTest" name="blankEqualities[Material[266]:BLAZE_POWDER]"/>
  <testcase time="0" classname="org.bukkit.craftbukkit.inventory.FactoryItemMaterialTest" name="generalCase[Material[266]:BLAZE_POWDER]"/>
  <testcase time="0" classname="org.bukkit.craftbukkit.inventory.FactoryItemMaterialTest" name="asMetaFor[Material[266]:BLAZE_POWDER]"/>
  <testcase time="0" classname="org.bukkit.craftbukkit.inventory.FactoryItemMaterialTest" name="itemStack[Material[266]:BLAZE_POWDER]"/>
  <testcase time="0.001" classname="org.bukkit.craftbukkit.inventory.FactoryItemMaterialTest" name="blankEqualities[Material[267]:MAGMA_CREAM]"/>
  <testcase time="0" classname="org.bukkit.craftbukkit.inventory.FactoryItemMaterialTest" name="generalCase[Material[267]:MAGMA_CREAM]"/>
  <testcase time="0" classname="org.bukkit.craftbukkit.inventory.FactoryItemMaterialTest" name="asMetaFor[Material[267]:MAGMA_CREAM]"/>
  <testcase time="0" classname="org.bukkit.craftbukkit.inventory.FactoryItemMaterialTest" name="itemStack[Material[267]:MAGMA_CREAM]"/>
  <testcase time="0.001" classname="org.bukkit.craftbukkit.inventory.FactoryItemMaterialTest" name="blankEqualities[Material[268]:BREWING_STAND_ITEM]"/>
  <testcase time="0" classname="org.bukkit.craftbukkit.inventory.FactoryItemMaterialTest" name="generalCase[Material[268]:BREWING_STAND_ITEM]"/>
  <testcase time="0" classname="org.bukkit.craftbukkit.inventory.FactoryItemMaterialTest" name="asMetaFor[Material[268]:BREWING_STAND_ITEM]"/>
  <testcase time="0" classname="org.bukkit.craftbukkit.inventory.FactoryItemMaterialTest" name="itemStack[Material[268]:BREWING_STAND_ITEM]"/>
  <testcase time="0.001" classname="org.bukkit.craftbukkit.inventory.FactoryItemMaterialTest" name="blankEqualities[Material[269]:CAULDRON_ITEM]"/>
  <testcase time="0" classname="org.bukkit.craftbukkit.inventory.FactoryItemMaterialTest" name="generalCase[Material[269]:CAULDRON_ITEM]"/>
  <testcase time="0" classname="org.bukkit.craftbukkit.inventory.FactoryItemMaterialTest" name="asMetaFor[Material[269]:CAULDRON_ITEM]"/>
  <testcase time="0" classname="org.bukkit.craftbukkit.inventory.FactoryItemMaterialTest" name="itemStack[Material[269]:CAULDRON_ITEM]"/>
  <testcase time="0.001" classname="org.bukkit.craftbukkit.inventory.FactoryItemMaterialTest" name="blankEqualities[Material[270]:EYE_OF_ENDER]"/>
  <testcase time="0" classname="org.bukkit.craftbukkit.inventory.FactoryItemMaterialTest" name="generalCase[Material[270]:EYE_OF_ENDER]"/>
  <testcase time="0" classname="org.bukkit.craftbukkit.inventory.FactoryItemMaterialTest" name="asMetaFor[Material[270]:EYE_OF_ENDER]"/>
  <testcase time="0" classname="org.bukkit.craftbukkit.inventory.FactoryItemMaterialTest" name="itemStack[Material[270]:EYE_OF_ENDER]"/>
  <testcase time="0" classname="org.bukkit.craftbukkit.inventory.FactoryItemMaterialTest" name="blankEqualities[Material[271]:SPECKLED_MELON]"/>
  <testcase time="0" classname="org.bukkit.craftbukkit.inventory.FactoryItemMaterialTest" name="generalCase[Material[271]:SPECKLED_MELON]"/>
  <testcase time="0" classname="org.bukkit.craftbukkit.inventory.FactoryItemMaterialTest" name="asMetaFor[Material[271]:SPECKLED_MELON]"/>
  <testcase time="0" classname="org.bukkit.craftbukkit.inventory.FactoryItemMaterialTest" name="itemStack[Material[271]:SPECKLED_MELON]"/>
  <testcase time="0" classname="org.bukkit.craftbukkit.inventory.FactoryItemMaterialTest" name="blankEqualities[Material[272]:MONSTER_EGG]"/>
  <testcase time="0" classname="org.bukkit.craftbukkit.inventory.FactoryItemMaterialTest" name="generalCase[Material[272]:MONSTER_EGG]"/>
  <testcase time="0.001" classname="org.bukkit.craftbukkit.inventory.FactoryItemMaterialTest" name="asMetaFor[Material[272]:MONSTER_EGG]"/>
  <testcase time="0" classname="org.bukkit.craftbukkit.inventory.FactoryItemMaterialTest" name="itemStack[Material[272]:MONSTER_EGG]"/>
  <testcase time="0" classname="org.bukkit.craftbukkit.inventory.FactoryItemMaterialTest" name="blankEqualities[Material[273]:EXP_BOTTLE]"/>
  <testcase time="0" classname="org.bukkit.craftbukkit.inventory.FactoryItemMaterialTest" name="generalCase[Material[273]:EXP_BOTTLE]"/>
  <testcase time="0.001" classname="org.bukkit.craftbukkit.inventory.FactoryItemMaterialTest" name="asMetaFor[Material[273]:EXP_BOTTLE]"/>
  <testcase time="0" classname="org.bukkit.craftbukkit.inventory.FactoryItemMaterialTest" name="itemStack[Material[273]:EXP_BOTTLE]"/>
  <testcase time="0" classname="org.bukkit.craftbukkit.inventory.FactoryItemMaterialTest" name="blankEqualities[Material[274]:FIREBALL]"/>
  <testcase time="0" classname="org.bukkit.craftbukkit.inventory.FactoryItemMaterialTest" name="generalCase[Material[274]:FIREBALL]"/>
  <testcase time="0" classname="org.bukkit.craftbukkit.inventory.FactoryItemMaterialTest" name="asMetaFor[Material[274]:FIREBALL]"/>
  <testcase time="0.001" classname="org.bukkit.craftbukkit.inventory.FactoryItemMaterialTest" name="itemStack[Material[274]:FIREBALL]"/>
  <testcase time="0.001" classname="org.bukkit.craftbukkit.inventory.FactoryItemMaterialTest" name="blankEqualities[Material[275]:BOOK_AND_QUILL]"/>
  <testcase time="0" classname="org.bukkit.craftbukkit.inventory.FactoryItemMaterialTest" name="generalCase[Material[275]:BOOK_AND_QUILL]"/>
  <testcase time="0" classname="org.bukkit.craftbukkit.inventory.FactoryItemMaterialTest" name="asMetaFor[Material[275]:BOOK_AND_QUILL]"/>
  <testcase time="0" classname="org.bukkit.craftbukkit.inventory.FactoryItemMaterialTest" name="itemStack[Material[275]:BOOK_AND_QUILL]"/>
  <testcase time="0.001" classname="org.bukkit.craftbukkit.inventory.FactoryItemMaterialTest" name="blankEqualities[Material[276]:WRITTEN_BOOK]"/>
  <testcase time="0.001" classname="org.bukkit.craftbukkit.inventory.FactoryItemMaterialTest" name="generalCase[Material[276]:WRITTEN_BOOK]"/>
  <testcase time="0" classname="org.bukkit.craftbukkit.inventory.FactoryItemMaterialTest" name="asMetaFor[Material[276]:WRITTEN_BOOK]"/>
  <testcase time="0" classname="org.bukkit.craftbukkit.inventory.FactoryItemMaterialTest" name="itemStack[Material[276]:WRITTEN_BOOK]"/>
  <testcase time="0" classname="org.bukkit.craftbukkit.inventory.FactoryItemMaterialTest" name="blankEqualities[Material[277]:EMERALD]"/>
  <testcase time="0" classname="org.bukkit.craftbukkit.inventory.FactoryItemMaterialTest" name="generalCase[Material[277]:EMERALD]"/>
  <testcase time="0.001" classname="org.bukkit.craftbukkit.inventory.FactoryItemMaterialTest" name="asMetaFor[Material[277]:EMERALD]"/>
  <testcase time="0" classname="org.bukkit.craftbukkit.inventory.FactoryItemMaterialTest" name="itemStack[Material[277]:EMERALD]"/>
  <testcase time="0" classname="org.bukkit.craftbukkit.inventory.FactoryItemMaterialTest" name="blankEqualities[Material[278]:ITEM_FRAME]"/>
  <testcase time="0" classname="org.bukkit.craftbukkit.inventory.FactoryItemMaterialTest" name="generalCase[Material[278]:ITEM_FRAME]"/>
  <testcase time="0.001" classname="org.bukkit.craftbukkit.inventory.FactoryItemMaterialTest" name="asMetaFor[Material[278]:ITEM_FRAME]"/>
  <testcase time="0" classname="org.bukkit.craftbukkit.inventory.FactoryItemMaterialTest" name="itemStack[Material[278]:ITEM_FRAME]"/>
  <testcase time="0" classname="org.bukkit.craftbukkit.inventory.FactoryItemMaterialTest" name="blankEqualities[Material[279]:FLOWER_POT_ITEM]"/>
  <testcase time="0" classname="org.bukkit.craftbukkit.inventory.FactoryItemMaterialTest" name="generalCase[Material[279]:FLOWER_POT_ITEM]"/>
  <testcase time="0" classname="org.bukkit.craftbukkit.inventory.FactoryItemMaterialTest" name="asMetaFor[Material[279]:FLOWER_POT_ITEM]"/>
  <testcase time="0" classname="org.bukkit.craftbukkit.inventory.FactoryItemMaterialTest" name="itemStack[Material[279]:FLOWER_POT_ITEM]"/>
  <testcase time="0" classname="org.bukkit.craftbukkit.inventory.FactoryItemMaterialTest" name="blankEqualities[Material[280]:CARROT_ITEM]"/>
  <testcase time="0" classname="org.bukkit.craftbukkit.inventory.FactoryItemMaterialTest" name="generalCase[Material[280]:CARROT_ITEM]"/>
  <testcase time="0" classname="org.bukkit.craftbukkit.inventory.FactoryItemMaterialTest" name="asMetaFor[Material[280]:CARROT_ITEM]"/>
  <testcase time="0" classname="org.bukkit.craftbukkit.inventory.FactoryItemMaterialTest" name="itemStack[Material[280]:CARROT_ITEM]"/>
  <testcase time="0.001" classname="org.bukkit.craftbukkit.inventory.FactoryItemMaterialTest" name="blankEqualities[Material[281]:POTATO_ITEM]"/>
  <testcase time="0" classname="org.bukkit.craftbukkit.inventory.FactoryItemMaterialTest" name="generalCase[Material[281]:POTATO_ITEM]"/>
  <testcase time="0" classname="org.bukkit.craftbukkit.inventory.FactoryItemMaterialTest" name="asMetaFor[Material[281]:POTATO_ITEM]"/>
  <testcase time="0" classname="org.bukkit.craftbukkit.inventory.FactoryItemMaterialTest" name="itemStack[Material[281]:POTATO_ITEM]"/>
  <testcase time="0.002" classname="org.bukkit.craftbukkit.inventory.FactoryItemMaterialTest" name="blankEqualities[Material[282]:BAKED_POTATO]"/>
  <testcase time="0" classname="org.bukkit.craftbukkit.inventory.FactoryItemMaterialTest" name="generalCase[Material[282]:BAKED_POTATO]"/>
  <testcase time="0" classname="org.bukkit.craftbukkit.inventory.FactoryItemMaterialTest" name="asMetaFor[Material[282]:BAKED_POTATO]"/>
  <testcase time="0" classname="org.bukkit.craftbukkit.inventory.FactoryItemMaterialTest" name="itemStack[Material[282]:BAKED_POTATO]"/>
  <testcase time="0" classname="org.bukkit.craftbukkit.inventory.FactoryItemMaterialTest" name="blankEqualities[Material[283]:POISONOUS_POTATO]"/>
  <testcase time="0" classname="org.bukkit.craftbukkit.inventory.FactoryItemMaterialTest" name="generalCase[Material[283]:POISONOUS_POTATO]"/>
  <testcase time="0" classname="org.bukkit.craftbukkit.inventory.FactoryItemMaterialTest" name="asMetaFor[Material[283]:POISONOUS_POTATO]"/>
  <testcase time="0" classname="org.bukkit.craftbukkit.inventory.FactoryItemMaterialTest" name="itemStack[Material[283]:POISONOUS_POTATO]"/>
  <testcase time="0" classname="org.bukkit.craftbukkit.inventory.FactoryItemMaterialTest" name="blankEqualities[Material[284]:EMPTY_MAP]"/>
  <testcase time="0" classname="org.bukkit.craftbukkit.inventory.FactoryItemMaterialTest" name="generalCase[Material[284]:EMPTY_MAP]"/>
  <testcase time="0" classname="org.bukkit.craftbukkit.inventory.FactoryItemMaterialTest" name="asMetaFor[Material[284]:EMPTY_MAP]"/>
  <testcase time="0" classname="org.bukkit.craftbukkit.inventory.FactoryItemMaterialTest" name="itemStack[Material[284]:EMPTY_MAP]"/>
  <testcase time="0.001" classname="org.bukkit.craftbukkit.inventory.FactoryItemMaterialTest" name="blankEqualities[Material[285]:GOLDEN_CARROT]"/>
  <testcase time="0" classname="org.bukkit.craftbukkit.inventory.FactoryItemMaterialTest" name="generalCase[Material[285]:GOLDEN_CARROT]"/>
  <testcase time="0" classname="org.bukkit.craftbukkit.inventory.FactoryItemMaterialTest" name="asMetaFor[Material[285]:GOLDEN_CARROT]"/>
  <testcase time="0" classname="org.bukkit.craftbukkit.inventory.FactoryItemMaterialTest" name="itemStack[Material[285]:GOLDEN_CARROT]"/>
  <testcase time="0.001" classname="org.bukkit.craftbukkit.inventory.FactoryItemMaterialTest" name="blankEqualities[Material[286]:SKULL_ITEM]"/>
  <testcase time="0" classname="org.bukkit.craftbukkit.inventory.FactoryItemMaterialTest" name="generalCase[Material[286]:SKULL_ITEM]"/>
  <testcase time="0" classname="org.bukkit.craftbukkit.inventory.FactoryItemMaterialTest" name="asMetaFor[Material[286]:SKULL_ITEM]"/>
  <testcase time="0" classname="org.bukkit.craftbukkit.inventory.FactoryItemMaterialTest" name="itemStack[Material[286]:SKULL_ITEM]"/>
  <testcase time="0" classname="org.bukkit.craftbukkit.inventory.FactoryItemMaterialTest" name="blankEqualities[Material[287]:CARROT_STICK]"/>
  <testcase time="0" classname="org.bukkit.craftbukkit.inventory.FactoryItemMaterialTest" name="generalCase[Material[287]:CARROT_STICK]"/>
  <testcase time="0" classname="org.bukkit.craftbukkit.inventory.FactoryItemMaterialTest" name="asMetaFor[Material[287]:CARROT_STICK]"/>
  <testcase time="0" classname="org.bukkit.craftbukkit.inventory.FactoryItemMaterialTest" name="itemStack[Material[287]:CARROT_STICK]"/>
  <testcase time="0" classname="org.bukkit.craftbukkit.inventory.FactoryItemMaterialTest" name="blankEqualities[Material[288]:NETHER_STAR]"/>
  <testcase time="0" classname="org.bukkit.craftbukkit.inventory.FactoryItemMaterialTest" name="generalCase[Material[288]:NETHER_STAR]"/>
  <testcase time="0" classname="org.bukkit.craftbukkit.inventory.FactoryItemMaterialTest" name="asMetaFor[Material[288]:NETHER_STAR]"/>
  <testcase time="0" classname="org.bukkit.craftbukkit.inventory.FactoryItemMaterialTest" name="itemStack[Material[288]:NETHER_STAR]"/>
  <testcase time="0" classname="org.bukkit.craftbukkit.inventory.FactoryItemMaterialTest" name="blankEqualities[Material[289]:PUMPKIN_PIE]"/>
  <testcase time="0" classname="org.bukkit.craftbukkit.inventory.FactoryItemMaterialTest" name="generalCase[Material[289]:PUMPKIN_PIE]"/>
  <testcase time="0" classname="org.bukkit.craftbukkit.inventory.FactoryItemMaterialTest" name="asMetaFor[Material[289]:PUMPKIN_PIE]"/>
  <testcase time="0" classname="org.bukkit.craftbukkit.inventory.FactoryItemMaterialTest" name="itemStack[Material[289]:PUMPKIN_PIE]"/>
  <testcase time="0.001" classname="org.bukkit.craftbukkit.inventory.FactoryItemMaterialTest" name="blankEqualities[Material[290]:FIREWORK]"/>
  <testcase time="0" classname="org.bukkit.craftbukkit.inventory.FactoryItemMaterialTest" name="generalCase[Material[290]:FIREWORK]"/>
  <testcase time="0" classname="org.bukkit.craftbukkit.inventory.FactoryItemMaterialTest" name="asMetaFor[Material[290]:FIREWORK]"/>
  <testcase time="0" classname="org.bukkit.craftbukkit.inventory.FactoryItemMaterialTest" name="itemStack[Material[290]:FIREWORK]"/>
  <testcase time="0.001" classname="org.bukkit.craftbukkit.inventory.FactoryItemMaterialTest" name="blankEqualities[Material[291]:FIREWORK_CHARGE]"/>
  <testcase time="0" classname="org.bukkit.craftbukkit.inventory.FactoryItemMaterialTest" name="generalCase[Material[291]:FIREWORK_CHARGE]"/>
  <testcase time="0" classname="org.bukkit.craftbukkit.inventory.FactoryItemMaterialTest" name="asMetaFor[Material[291]:FIREWORK_CHARGE]"/>
  <testcase time="0" classname="org.bukkit.craftbukkit.inventory.FactoryItemMaterialTest" name="itemStack[Material[291]:FIREWORK_CHARGE]"/>
  <testcase time="0.001" classname="org.bukkit.craftbukkit.inventory.FactoryItemMaterialTest" name="blankEqualities[Material[292]:ENCHANTED_BOOK]"/>
  <testcase time="0" classname="org.bukkit.craftbukkit.inventory.FactoryItemMaterialTest" name="generalCase[Material[292]:ENCHANTED_BOOK]"/>
  <testcase time="0" classname="org.bukkit.craftbukkit.inventory.FactoryItemMaterialTest" name="asMetaFor[Material[292]:ENCHANTED_BOOK]"/>
  <testcase time="0" classname="org.bukkit.craftbukkit.inventory.FactoryItemMaterialTest" name="itemStack[Material[292]:ENCHANTED_BOOK]"/>
  <testcase time="0.001" classname="org.bukkit.craftbukkit.inventory.FactoryItemMaterialTest" name="blankEqualities[Material[293]:REDSTONE_COMPARATOR]"/>
  <testcase time="0" classname="org.bukkit.craftbukkit.inventory.FactoryItemMaterialTest" name="generalCase[Material[293]:REDSTONE_COMPARATOR]"/>
  <testcase time="0" classname="org.bukkit.craftbukkit.inventory.FactoryItemMaterialTest" name="asMetaFor[Material[293]:REDSTONE_COMPARATOR]"/>
  <testcase time="0" classname="org.bukkit.craftbukkit.inventory.FactoryItemMaterialTest" name="itemStack[Material[293]:REDSTONE_COMPARATOR]"/>
  <testcase time="0" classname="org.bukkit.craftbukkit.inventory.FactoryItemMaterialTest" name="blankEqualities[Material[294]:NETHER_BRICK_ITEM]"/>
  <testcase time="0" classname="org.bukkit.craftbukkit.inventory.FactoryItemMaterialTest" name="generalCase[Material[294]:NETHER_BRICK_ITEM]"/>
  <testcase time="0.001" classname="org.bukkit.craftbukkit.inventory.FactoryItemMaterialTest" name="asMetaFor[Material[294]:NETHER_BRICK_ITEM]"/>
  <testcase time="0" classname="org.bukkit.craftbukkit.inventory.FactoryItemMaterialTest" name="itemStack[Material[294]:NETHER_BRICK_ITEM]"/>
  <testcase time="0" classname="org.bukkit.craftbukkit.inventory.FactoryItemMaterialTest" name="blankEqualities[Material[295]:QUARTZ]"/>
  <testcase time="0" classname="org.bukkit.craftbukkit.inventory.FactoryItemMaterialTest" name="generalCase[Material[295]:QUARTZ]"/>
  <testcase time="0" classname="org.bukkit.craftbukkit.inventory.FactoryItemMaterialTest" name="asMetaFor[Material[295]:QUARTZ]"/>
  <testcase time="0" classname="org.bukkit.craftbukkit.inventory.FactoryItemMaterialTest" name="itemStack[Material[295]:QUARTZ]"/>
  <testcase time="0.001" classname="org.bukkit.craftbukkit.inventory.FactoryItemMaterialTest" name="blankEqualities[Material[296]:EXPLOSIVE_MINECART]"/>
  <testcase time="0" classname="org.bukkit.craftbukkit.inventory.FactoryItemMaterialTest" name="generalCase[Material[296]:EXPLOSIVE_MINECART]"/>
  <testcase time="0" classname="org.bukkit.craftbukkit.inventory.FactoryItemMaterialTest" name="asMetaFor[Material[296]:EXPLOSIVE_MINECART]"/>
  <testcase time="0" classname="org.bukkit.craftbukkit.inventory.FactoryItemMaterialTest" name="itemStack[Material[296]:EXPLOSIVE_MINECART]"/>
  <testcase time="0" classname="org.bukkit.craftbukkit.inventory.FactoryItemMaterialTest" name="blankEqualities[Material[297]:HOPPER_MINECART]"/>
  <testcase time="0" classname="org.bukkit.craftbukkit.inventory.FactoryItemMaterialTest" name="generalCase[Material[297]:HOPPER_MINECART]"/>
  <testcase time="0.001" classname="org.bukkit.craftbukkit.inventory.FactoryItemMaterialTest" name="asMetaFor[Material[297]:HOPPER_MINECART]"/>
  <testcase time="0" classname="org.bukkit.craftbukkit.inventory.FactoryItemMaterialTest" name="itemStack[Material[297]:HOPPER_MINECART]"/>
  <testcase time="0" classname="org.bukkit.craftbukkit.inventory.FactoryItemMaterialTest" name="blankEqualities[Material[298]:IRON_BARDING]"/>
  <testcase time="0" classname="org.bukkit.craftbukkit.inventory.FactoryItemMaterialTest" name="generalCase[Material[298]:IRON_BARDING]"/>
  <testcase time="0" classname="org.bukkit.craftbukkit.inventory.FactoryItemMaterialTest" name="asMetaFor[Material[298]:IRON_BARDING]"/>
  <testcase time="0" classname="org.bukkit.craftbukkit.inventory.FactoryItemMaterialTest" name="itemStack[Material[298]:IRON_BARDING]"/>
  <testcase time="0.001" classname="org.bukkit.craftbukkit.inventory.FactoryItemMaterialTest" name="blankEqualities[Material[299]:GOLD_BARDING]"/>
  <testcase time="0" classname="org.bukkit.craftbukkit.inventory.FactoryItemMaterialTest" name="generalCase[Material[299]:GOLD_BARDING]"/>
  <testcase time="0" classname="org.bukkit.craftbukkit.inventory.FactoryItemMaterialTest" name="asMetaFor[Material[299]:GOLD_BARDING]"/>
  <testcase time="0" classname="org.bukkit.craftbukkit.inventory.FactoryItemMaterialTest" name="itemStack[Material[299]:GOLD_BARDING]"/>
  <testcase time="0" classname="org.bukkit.craftbukkit.inventory.FactoryItemMaterialTest" name="blankEqualities[Material[300]:DIAMOND_BARDING]"/>
  <testcase time="0" classname="org.bukkit.craftbukkit.inventory.FactoryItemMaterialTest" name="generalCase[Material[300]:DIAMOND_BARDING]"/>
  <testcase time="0.001" classname="org.bukkit.craftbukkit.inventory.FactoryItemMaterialTest" name="asMetaFor[Material[300]:DIAMOND_BARDING]"/>
  <testcase time="0" classname="org.bukkit.craftbukkit.inventory.FactoryItemMaterialTest" name="itemStack[Material[300]:DIAMOND_BARDING]"/>
  <testcase time="0" classname="org.bukkit.craftbukkit.inventory.FactoryItemMaterialTest" name="blankEqualities[Material[301]:LEASH]"/>
  <testcase time="0" classname="org.bukkit.craftbukkit.inventory.FactoryItemMaterialTest" name="generalCase[Material[301]:LEASH]"/>
  <testcase time="0" classname="org.bukkit.craftbukkit.inventory.FactoryItemMaterialTest" name="asMetaFor[Material[301]:LEASH]"/>
  <testcase time="0" classname="org.bukkit.craftbukkit.inventory.FactoryItemMaterialTest" name="itemStack[Material[301]:LEASH]"/>
  <testcase time="0.001" classname="org.bukkit.craftbukkit.inventory.FactoryItemMaterialTest" name="blankEqualities[Material[302]:NAME_TAG]"/>
  <testcase time="0" classname="org.bukkit.craftbukkit.inventory.FactoryItemMaterialTest" name="generalCase[Material[302]:NAME_TAG]"/>
  <testcase time="0" classname="org.bukkit.craftbukkit.inventory.FactoryItemMaterialTest" name="asMetaFor[Material[302]:NAME_TAG]"/>
  <testcase time="0" classname="org.bukkit.craftbukkit.inventory.FactoryItemMaterialTest" name="itemStack[Material[302]:NAME_TAG]"/>
  <testcase time="0" classname="org.bukkit.craftbukkit.inventory.FactoryItemMaterialTest" name="blankEqualities[Material[303]:COMMAND_MINECART]"/>
  <testcase time="0" classname="org.bukkit.craftbukkit.inventory.FactoryItemMaterialTest" name="generalCase[Material[303]:COMMAND_MINECART]"/>
  <testcase time="0.001" classname="org.bukkit.craftbukkit.inventory.FactoryItemMaterialTest" name="asMetaFor[Material[303]:COMMAND_MINECART]"/>
  <testcase time="0" classname="org.bukkit.craftbukkit.inventory.FactoryItemMaterialTest" name="itemStack[Material[303]:COMMAND_MINECART]"/>
  <testcase time="0" classname="org.bukkit.craftbukkit.inventory.FactoryItemMaterialTest" name="blankEqualities[Material[304]:GOLD_RECORD]"/>
  <testcase time="0" classname="org.bukkit.craftbukkit.inventory.FactoryItemMaterialTest" name="generalCase[Material[304]:GOLD_RECORD]"/>
  <testcase time="0" classname="org.bukkit.craftbukkit.inventory.FactoryItemMaterialTest" name="asMetaFor[Material[304]:GOLD_RECORD]"/>
  <testcase time="0" classname="org.bukkit.craftbukkit.inventory.FactoryItemMaterialTest" name="itemStack[Material[304]:GOLD_RECORD]"/>
  <testcase time="0.001" classname="org.bukkit.craftbukkit.inventory.FactoryItemMaterialTest" name="blankEqualities[Material[305]:GREEN_RECORD]"/>
  <testcase time="0" classname="org.bukkit.craftbukkit.inventory.FactoryItemMaterialTest" name="generalCase[Material[305]:GREEN_RECORD]"/>
  <testcase time="0" classname="org.bukkit.craftbukkit.inventory.FactoryItemMaterialTest" name="asMetaFor[Material[305]:GREEN_RECORD]"/>
  <testcase time="0" classname="org.bukkit.craftbukkit.inventory.FactoryItemMaterialTest" name="itemStack[Material[305]:GREEN_RECORD]"/>
  <testcase time="0" classname="org.bukkit.craftbukkit.inventory.FactoryItemMaterialTest" name="blankEqualities[Material[306]:RECORD_3]"/>
  <testcase time="0" classname="org.bukkit.craftbukkit.inventory.FactoryItemMaterialTest" name="generalCase[Material[306]:RECORD_3]"/>
  <testcase time="0" classname="org.bukkit.craftbukkit.inventory.FactoryItemMaterialTest" name="asMetaFor[Material[306]:RECORD_3]"/>
  <testcase time="0" classname="org.bukkit.craftbukkit.inventory.FactoryItemMaterialTest" name="itemStack[Material[306]:RECORD_3]"/>
  <testcase time="0" classname="org.bukkit.craftbukkit.inventory.FactoryItemMaterialTest" name="blankEqualities[Material[307]:RECORD_4]"/>
  <testcase time="0" classname="org.bukkit.craftbukkit.inventory.FactoryItemMaterialTest" name="generalCase[Material[307]:RECORD_4]"/>
  <testcase time="0" classname="org.bukkit.craftbukkit.inventory.FactoryItemMaterialTest" name="asMetaFor[Material[307]:RECORD_4]"/>
  <testcase time="0" classname="org.bukkit.craftbukkit.inventory.FactoryItemMaterialTest" name="itemStack[Material[307]:RECORD_4]"/>
  <testcase time="0.001" classname="org.bukkit.craftbukkit.inventory.FactoryItemMaterialTest" name="blankEqualities[Material[308]:RECORD_5]"/>
  <testcase time="0" classname="org.bukkit.craftbukkit.inventory.FactoryItemMaterialTest" name="generalCase[Material[308]:RECORD_5]"/>
  <testcase time="0" classname="org.bukkit.craftbukkit.inventory.FactoryItemMaterialTest" name="asMetaFor[Material[308]:RECORD_5]"/>
  <testcase time="0" classname="org.bukkit.craftbukkit.inventory.FactoryItemMaterialTest" name="itemStack[Material[308]:RECORD_5]"/>
  <testcase time="0" classname="org.bukkit.craftbukkit.inventory.FactoryItemMaterialTest" name="blankEqualities[Material[309]:RECORD_6]"/>
  <testcase time="0" classname="org.bukkit.craftbukkit.inventory.FactoryItemMaterialTest" name="generalCase[Material[309]:RECORD_6]"/>
  <testcase time="0.001" classname="org.bukkit.craftbukkit.inventory.FactoryItemMaterialTest" name="asMetaFor[Material[309]:RECORD_6]"/>
  <testcase time="0" classname="org.bukkit.craftbukkit.inventory.FactoryItemMaterialTest" name="itemStack[Material[309]:RECORD_6]"/>
  <testcase time="0" classname="org.bukkit.craftbukkit.inventory.FactoryItemMaterialTest" name="blankEqualities[Material[310]:RECORD_7]"/>
  <testcase time="0" classname="org.bukkit.craftbukkit.inventory.FactoryItemMaterialTest" name="generalCase[Material[310]:RECORD_7]"/>
  <testcase time="0" classname="org.bukkit.craftbukkit.inventory.FactoryItemMaterialTest" name="asMetaFor[Material[310]:RECORD_7]"/>
  <testcase time="0" classname="org.bukkit.craftbukkit.inventory.FactoryItemMaterialTest" name="itemStack[Material[310]:RECORD_7]"/>
  <testcase time="0.001" classname="org.bukkit.craftbukkit.inventory.FactoryItemMaterialTest" name="blankEqualities[Material[311]:RECORD_8]"/>
  <testcase time="0" classname="org.bukkit.craftbukkit.inventory.FactoryItemMaterialTest" name="generalCase[Material[311]:RECORD_8]"/>
  <testcase time="0" classname="org.bukkit.craftbukkit.inventory.FactoryItemMaterialTest" name="asMetaFor[Material[311]:RECORD_8]"/>
  <testcase time="0.001" classname="org.bukkit.craftbukkit.inventory.FactoryItemMaterialTest" name="itemStack[Material[311]:RECORD_8]"/>
  <testcase time="0" classname="org.bukkit.craftbukkit.inventory.FactoryItemMaterialTest" name="blankEqualities[Material[312]:RECORD_9]"/>
  <testcase time="0" classname="org.bukkit.craftbukkit.inventory.FactoryItemMaterialTest" name="generalCase[Material[312]:RECORD_9]"/>
  <testcase time="0" classname="org.bukkit.craftbukkit.inventory.FactoryItemMaterialTest" name="asMetaFor[Material[312]:RECORD_9]"/>
  <testcase time="0" classname="org.bukkit.craftbukkit.inventory.FactoryItemMaterialTest" name="itemStack[Material[312]:RECORD_9]"/>
  <testcase time="0" classname="org.bukkit.craftbukkit.inventory.FactoryItemMaterialTest" name="blankEqualities[Material[313]:RECORD_10]"/>
  <testcase time="0" classname="org.bukkit.craftbukkit.inventory.FactoryItemMaterialTest" name="generalCase[Material[313]:RECORD_10]"/>
  <testcase time="0.008" classname="org.bukkit.craftbukkit.inventory.FactoryItemMaterialTest" name="asMetaFor[Material[313]:RECORD_10]"/>
  <testcase time="0" classname="org.bukkit.craftbukkit.inventory.FactoryItemMaterialTest" name="itemStack[Material[313]:RECORD_10]"/>
  <testcase time="0" classname="org.bukkit.craftbukkit.inventory.FactoryItemMaterialTest" name="blankEqualities[Material[314]:RECORD_11]"/>
  <testcase time="0" classname="org.bukkit.craftbukkit.inventory.FactoryItemMaterialTest" name="generalCase[Material[314]:RECORD_11]"/>
  <testcase time="0" classname="org.bukkit.craftbukkit.inventory.FactoryItemMaterialTest" name="asMetaFor[Material[314]:RECORD_11]"/>
  <testcase time="0" classname="org.bukkit.craftbukkit.inventory.FactoryItemMaterialTest" name="itemStack[Material[314]:RECORD_11]"/>
  <testcase time="0" classname="org.bukkit.craftbukkit.inventory.FactoryItemMaterialTest" name="blankEqualities[Material[315]:RECORD_12]"/>
  <testcase time="0" classname="org.bukkit.craftbukkit.inventory.FactoryItemMaterialTest" name="generalCase[Material[315]:RECORD_12]"/>
  <testcase time="0" classname="org.bukkit.craftbukkit.inventory.FactoryItemMaterialTest" name="asMetaFor[Material[315]:RECORD_12]"/>
  <testcase time="0" classname="org.bukkit.craftbukkit.inventory.FactoryItemMaterialTest" name="itemStack[Material[315]:RECORD_12]"/>
</testsuite>