<?xml version="1.0" encoding="UTF-8" ?>
<testsuite failures="0" time="0.726" errors="0" skipped="0" tests="3160" name="org.bukkit.PerMaterialTest">
  <properties>
    <property name="java.vendor" value="Oracle Corporation"/>
    <property name="JOB_NAME" value="Spigot"/>
    <property name="PWD" value="/var/lib/jenkins"/>
    <property name="sun.java.launcher" value="SUN_STANDARD"/>
    <property name="sun.management.compiler" value="HotSpot 64-Bit Tiered Compilers"/>
    <property name="JENKINS_HOME" value="/var/lib/jenkins"/>
    <property name="PATH" value="/usr/local/bin:/usr/bin:/bin:/usr/local/games:/usr/games"/>
    <property name="HUDSON_SERVER_COOKIE" value="94eaa43a402a04c2"/>
    <property name="POM_ARTIFACTID" value="spigot-parent"/>
    <property name="os.name" value="Linux"/>
    <property name="sun.boot.class.path" value="/usr/lib/jvm/java-7-openjdk-amd64/jre/lib/resources.jar:/usr/lib/jvm/java-7-openjdk-amd64/jre/lib/rt.jar:/usr/lib/jvm/java-7-openjdk-amd64/jre/lib/sunrsasign.jar:/usr/lib/jvm/java-7-openjdk-amd64/jre/lib/jsse.jar:/usr/lib/jvm/java-7-openjdk-amd64/jre/lib/jce.jar:/usr/lib/jvm/java-7-openjdk-amd64/jre/lib/charsets.jar:/usr/lib/jvm/java-7-openjdk-amd64/jre/lib/rhino.jar:/usr/lib/jvm/java-7-openjdk-amd64/jre/lib/jfr.jar:/usr/lib/jvm/java-7-openjdk-amd64/jre/classes"/>
    <property name="EXECUTOR_NUMBER" value="2"/>
    <property name="build.number" value="1649"/>
    <property name="java.vm.specification.vendor" value="Oracle Corporation"/>
    <property name="POM_DISPLAYNAME" value="Spigot-Parent"/>
    <property name="NODE_LABELS" value="master"/>
    <property name="java.runtime.version" value="1.7.0_65-b32"/>
    <property name="GIT_COMMITTER_EMAIL" value="staff@spigotmc.org"/>
    <property name="user.name" value="jenkins"/>
    <property name="guice.disable.misplaced.annotation.check" value="true"/>
    <property name="XDG_SESSION_COOKIE" value="48df2681aa611a608d379994518a3a3c-1406531790.613283-314715490"/>
    <property name="user.language" value="en"/>
    <property name="BUILD_DISPLAY_NAME" value="#1649"/>
    <property name="sun.boot.library.path" value="/usr/lib/jvm/java-7-openjdk-amd64/jre/lib/amd64"/>
    <property name="java.version" value="1.7.0_65"/>
    <property name="user.timezone" value="America/New_York"/>
    <property name="GIT_AUTHOR_NAME" value="SpigotMC"/>
    <property name="sun.arch.data.model" value="64"/>
    <property name="NODE_NAME" value="master"/>
    <property name="TERM" value="xterm"/>
    <property name="java.endorsed.dirs" value="/usr/lib/jvm/java-7-openjdk-amd64/jre/lib/endorsed"/>
    <property name="BUILD_ID" value="2014-09-04_05-23-53"/>
    <property name="sun.cpu.isalist" value=""/>
    <property name="sun.jnu.encoding" value="UTF-8"/>
    <property name="file.encoding.pkg" value="sun.io"/>
    <property name="SHELL" value="/bin/bash"/>
    <property name="file.separator" value="/"/>
    <property name="java.specification.name" value="Java Platform API Specification"/>
    <property name="java.class.version" value="51.0"/>
    <property name="user.country" value="US"/>
    <property name="securerandom.source" value="file:/dev/./urandom"/>
    <property name="java.home" value="/usr/lib/jvm/java-7-openjdk-amd64/jre"/>
    <property name="java.vm.info" value="mixed mode"/>
    <property name="os.version" value="3.2.0-4-amd64"/>
    <property name="POM_VERSION" value="dev-SNAPSHOT"/>
    <property name="sun.font.fontmanager" value="sun.awt.X11FontManager"/>
    <property name="path.separator" value=":"/>
    <property name="java.vm.version" value="24.65-b04"/>
    <property name="GIT_PREVIOUS_COMMIT" value="32742c697cf6cf4c93ab91ea4c42fce311a41a57"/>
    <property name="SHLVL" value="1"/>
    <property name="_" value="/usr/bin/daemon"/>
    <property name="java.awt.printerjob" value="sun.print.PSPrinterJob"/>
    <property name="sun.io.unicode.encoding" value="UnicodeLittle"/>
    <property name="awt.toolkit" value="sun.awt.X11.XToolkit"/>
    <property name="LOGNAME" value="jenkins"/>
    <property name="POM_PACKAGING" value="pom"/>
    <property name="HOME" value="/var/lib/jenkins"/>
    <property name="POM_GROUPID" value="org.spigotmc"/>
    <property name="user.home" value="/var/lib/jenkins"/>
    <property name="GIT_COMMITTER_NAME" value="SpigotMC"/>
    <property name="BUILD_TAG" value="jenkins-Spigot-1649"/>
    <property name="JENKINS_SERVER_COOKIE" value="94eaa43a402a04c2"/>
    <property name="HUDSON_URL" value="http://ci.md-5.net/"/>
    <property name="java.specification.vendor" value="Oracle Corporation"/>
    <property name="CLASSPATH" value=""/>
    <property name="java.library.path" value="/usr/java/packages/lib/amd64:/usr/lib/x86_64-linux-gnu/jni:/lib/x86_64-linux-gnu:/usr/lib/x86_64-linux-gnu:/usr/lib/jni:/lib:/usr/lib"/>
    <property name="java.vendor.url" value="http://java.oracle.com/"/>
    <property name="java.vm.vendor" value="Oracle Corporation"/>
    <property name="maven.home" value="/var/lib/jenkins/tools/Maven/Maven"/>
    <property name="java.runtime.name" value="OpenJDK Runtime Environment"/>
    <property name="java.class.path" value="/var/lib/jenkins/plugins/maven-plugin/WEB-INF/lib/maven3-agent-1.5.jar:/var/lib/jenkins/tools/Maven/Maven/boot/plexus-classworlds-2.4.jar"/>
    <property name="sun.java.command" value="org.jvnet.hudson.maven3.agent.Maven3Main /var/lib/jenkins/tools/Maven/Maven/ /var/cache/jenkins/war/WEB-INF/lib/remoting-2.43.jar /var/lib/jenkins/plugins/maven-plugin/WEB-INF/lib/maven3-interceptor-1.5.jar /var/lib/jenkins/plugins/maven-plugin/WEB-INF/lib/maven3-interceptor-commons-1.5.jar 39699"/>
    <property name="java.vm.specification.name" value="Java Virtual Machine Specification"/>
    <property name="java.vm.specification.version" value="1.7"/>
    <property name="sun.os.patch.level" value="unknown"/>
    <property name="sun.cpu.endian" value="little"/>
    <property name="M2_HOME" value="/var/lib/jenkins/tools/Maven/Maven/"/>
    <property name="MAIL" value="/var/mail/jenkins"/>
    <property name="java.io.tmpdir" value="/tmp"/>
    <property name="HUDSON_HOME" value="/var/lib/jenkins"/>
    <property name="PATH+MAVEN" value="/var/lib/jenkins/tools/Maven/Maven//bin"/>
    <property name="BUILD_URL" value="http://ci.md-5.net/job/Spigot/1649/"/>
    <property name="java.vendor.url.bug" value="http://bugreport.sun.com/bugreport/"/>
    <property name="MAVEN_OPTS" value="-Dbuild.number=1649"/>
    <property name="java.awt.graphicsenv" value="sun.awt.X11GraphicsEnvironment"/>
    <property name="os.arch" value="amd64"/>
    <property name="java.ext.dirs" value="/usr/lib/jvm/java-7-openjdk-amd64/jre/lib/ext:/usr/java/packages/lib/ext"/>
    <property name="user.dir" value="/var/lib/jenkins/jobs/Spigot/workspace"/>
    <property name="JOB_URL" value="http://ci.md-5.net/job/Spigot/"/>
    <property name="line.separator" value="
"/>
    <property name="MAVEN_HOME" value="/var/lib/jenkins/tools/Maven/Maven/"/>
    <property name="java.vm.name" value="OpenJDK 64-Bit Server VM"/>
    <property name="BUILD_NUMBER" value="1649"/>
    <property name="JENKINS_URL" value="http://ci.md-5.net/"/>
    <property name="GIT_BRANCH" value="origin/master"/>
    <property name="GIT_COMMIT" value="25b4191f0ff904b2c413f16a09a156f7973221b4"/>
    <property name="file.encoding" value="UTF-8"/>
    <property name="LANG" value="en_US.UTF-8"/>
    <property name="maven3.interceptor" value="/var/lib/jenkins/plugins/maven-plugin/WEB-INF/lib/maven3-interceptor-1.5.jar"/>
    <property name="WORKSPACE" value="/var/lib/jenkins/jobs/Spigot/workspace"/>
    <property name="maven3.interceptor.common" value="/var/lib/jenkins/plugins/maven-plugin/WEB-INF/lib/maven3-interceptor-commons-1.5.jar"/>
    <property name="GIT_AUTHOR_EMAIL" value="staff@spigotmc.org"/>
    <property name="java.specification.version" value="1.7"/>
    <property name="USER" value="jenkins"/>
    <property name="GIT_URL" value="https://github.com/SpigotMC/Spigot.git"/>
  </properties>
  <testcase time="0.003" classname="org.bukkit.PerMaterialTest" name="hasGravity[0: AIR]"/>
  <testcase time="0" classname="org.bukkit.PerMaterialTest" name="isBurnable[0: AIR]"/>
  <testcase time="0" classname="org.bukkit.PerMaterialTest" name="isEdible[0: AIR]"/>
  <testcase time="0" classname="org.bukkit.PerMaterialTest" name="maxDurability[0: AIR]"/>
  <testcase time="0" classname="org.bukkit.PerMaterialTest" name="isOccluding[0: AIR]"/>
  <testcase time="0" classname="org.bukkit.PerMaterialTest" name="isRecord[0: AIR]"/>
  <testcase time="0" classname="org.bukkit.PerMaterialTest" name="isFlammable[0: AIR]"/>
  <testcase time="0.011" classname="org.bukkit.PerMaterialTest" name="maxStackSize[0: AIR]"/>
  <testcase time="0" classname="org.bukkit.PerMaterialTest" name="isTransparent[0: AIR]"/>
  <testcase time="0" classname="org.bukkit.PerMaterialTest" name="isSolid[0: AIR]"/>
  <testcase time="0" classname="org.bukkit.PerMaterialTest" name="hasGravity[1: STONE]"/>
  <testcase time="0" classname="org.bukkit.PerMaterialTest" name="isBurnable[1: STONE]"/>
  <testcase time="0" classname="org.bukkit.PerMaterialTest" name="isEdible[1: STONE]"/>
  <testcase time="0" classname="org.bukkit.PerMaterialTest" name="maxDurability[1: STONE]"/>
  <testcase time="0" classname="org.bukkit.PerMaterialTest" name="isOccluding[1: STONE]"/>
  <testcase time="0" classname="org.bukkit.PerMaterialTest" name="isRecord[1: STONE]"/>
  <testcase time="0" classname="org.bukkit.PerMaterialTest" name="isFlammable[1: STONE]"/>
  <testcase time="0" classname="org.bukkit.PerMaterialTest" name="maxStackSize[1: STONE]"/>
  <testcase time="0.001" classname="org.bukkit.PerMaterialTest" name="isTransparent[1: STONE]"/>
  <testcase time="0" classname="org.bukkit.PerMaterialTest" name="isSolid[1: STONE]"/>
  <testcase time="0" classname="org.bukkit.PerMaterialTest" name="hasGravity[2: GRASS]"/>
  <testcase time="0" classname="org.bukkit.PerMaterialTest" name="isBurnable[2: GRASS]"/>
  <testcase time="0" classname="org.bukkit.PerMaterialTest" name="isEdible[2: GRASS]"/>
  <testcase time="0" classname="org.bukkit.PerMaterialTest" name="maxDurability[2: GRASS]"/>
  <testcase time="0" classname="org.bukkit.PerMaterialTest" name="isOccluding[2: GRASS]"/>
  <testcase time="0" classname="org.bukkit.PerMaterialTest" name="isRecord[2: GRASS]"/>
  <testcase time="0" classname="org.bukkit.PerMaterialTest" name="isFlammable[2: GRASS]"/>
  <testcase time="0" classname="org.bukkit.PerMaterialTest" name="maxStackSize[2: GRASS]"/>
  <testcase time="0" classname="org.bukkit.PerMaterialTest" name="isTransparent[2: GRASS]"/>
  <testcase time="0" classname="org.bukkit.PerMaterialTest" name="isSolid[2: GRASS]"/>
  <testcase time="0.001" classname="org.bukkit.PerMaterialTest" name="hasGravity[3: DIRT]"/>
  <testcase time="0" classname="org.bukkit.PerMaterialTest" name="isBurnable[3: DIRT]"/>
  <testcase time="0" classname="org.bukkit.PerMaterialTest" name="isEdible[3: DIRT]"/>
  <testcase time="0" classname="org.bukkit.PerMaterialTest" name="maxDurability[3: DIRT]"/>
  <testcase time="0" classname="org.bukkit.PerMaterialTest" name="isOccluding[3: DIRT]"/>
  <testcase time="0" classname="org.bukkit.PerMaterialTest" name="isRecord[3: DIRT]"/>
  <testcase time="0" classname="org.bukkit.PerMaterialTest" name="isFlammable[3: DIRT]"/>
  <testcase time="0" classname="org.bukkit.PerMaterialTest" name="maxStackSize[3: DIRT]"/>
  <testcase time="0" classname="org.bukkit.PerMaterialTest" name="isTransparent[3: DIRT]"/>
  <testcase time="0" classname="org.bukkit.PerMaterialTest" name="isSolid[3: DIRT]"/>
  <testcase time="0" classname="org.bukkit.PerMaterialTest" name="hasGravity[4: COBBLESTONE]"/>
  <testcase time="0" classname="org.bukkit.PerMaterialTest" name="isBurnable[4: COBBLESTONE]"/>
  <testcase time="0" classname="org.bukkit.PerMaterialTest" name="isEdible[4: COBBLESTONE]"/>
  <testcase time="0" classname="org.bukkit.PerMaterialTest" name="maxDurability[4: COBBLESTONE]"/>
  <testcase time="0.001" classname="org.bukkit.PerMaterialTest" name="isOccluding[4: COBBLESTONE]"/>
  <testcase time="0" classname="org.bukkit.PerMaterialTest" name="isRecord[4: COBBLESTONE]"/>
  <testcase time="0" classname="org.bukkit.PerMaterialTest" name="isFlammable[4: COBBLESTONE]"/>
  <testcase time="0" classname="org.bukkit.PerMaterialTest" name="maxStackSize[4: COBBLESTONE]"/>
  <testcase time="0" classname="org.bukkit.PerMaterialTest" name="isTransparent[4: COBBLESTONE]"/>
  <testcase time="0.001" classname="org.bukkit.PerMaterialTest" name="isSolid[4: COBBLESTONE]"/>
  <testcase time="0" classname="org.bukkit.PerMaterialTest" name="hasGravity[5: WOOD]"/>
  <testcase time="0" classname="org.bukkit.PerMaterialTest" name="isBurnable[5: WOOD]"/>
  <testcase time="0" classname="org.bukkit.PerMaterialTest" name="isEdible[5: WOOD]"/>
  <testcase time="0" classname="org.bukkit.PerMaterialTest" name="maxDurability[5: WOOD]"/>
  <testcase time="0" classname="org.bukkit.PerMaterialTest" name="isOccluding[5: WOOD]"/>
  <testcase time="0" classname="org.bukkit.PerMaterialTest" name="isRecord[5: WOOD]"/>
  <testcase time="0" classname="org.bukkit.PerMaterialTest" name="isFlammable[5: WOOD]"/>
  <testcase time="0" classname="org.bukkit.PerMaterialTest" name="maxStackSize[5: WOOD]"/>
  <testcase time="0" classname="org.bukkit.PerMaterialTest" name="isTransparent[5: WOOD]"/>
  <testcase time="0" classname="org.bukkit.PerMaterialTest" name="isSolid[5: WOOD]"/>
  <testcase time="0" classname="org.bukkit.PerMaterialTest" name="hasGravity[6: SAPLING]"/>
  <testcase time="0" classname="org.bukkit.PerMaterialTest" name="isBurnable[6: SAPLING]"/>
  <testcase time="0" classname="org.bukkit.PerMaterialTest" name="isEdible[6: SAPLING]"/>
  <testcase time="0" classname="org.bukkit.PerMaterialTest" name="maxDurability[6: SAPLING]"/>
  <testcase time="0" classname="org.bukkit.PerMaterialTest" name="isOccluding[6: SAPLING]"/>
  <testcase time="0" classname="org.bukkit.PerMaterialTest" name="isRecord[6: SAPLING]"/>
  <testcase time="0" classname="org.bukkit.PerMaterialTest" name="isFlammable[6: SAPLING]"/>
  <testcase time="0" classname="org.bukkit.PerMaterialTest" name="maxStackSize[6: SAPLING]"/>
  <testcase time="0" classname="org.bukkit.PerMaterialTest" name="isTransparent[6: SAPLING]"/>
  <testcase time="0.001" classname="org.bukkit.PerMaterialTest" name="isSolid[6: SAPLING]"/>
  <testcase time="0" classname="org.bukkit.PerMaterialTest" name="hasGravity[7: BEDROCK]"/>
  <testcase time="0" classname="org.bukkit.PerMaterialTest" name="isBurnable[7: BEDROCK]"/>
  <testcase time="0" classname="org.bukkit.PerMaterialTest" name="isEdible[7: BEDROCK]"/>
  <testcase time="0" classname="org.bukkit.PerMaterialTest" name="maxDurability[7: BEDROCK]"/>
  <testcase time="0" classname="org.bukkit.PerMaterialTest" name="isOccluding[7: BEDROCK]"/>
  <testcase time="0" classname="org.bukkit.PerMaterialTest" name="isRecord[7: BEDROCK]"/>
  <testcase time="0" classname="org.bukkit.PerMaterialTest" name="isFlammable[7: BEDROCK]"/>
  <testcase time="0" classname="org.bukkit.PerMaterialTest" name="maxStackSize[7: BEDROCK]"/>
  <testcase time="0" classname="org.bukkit.PerMaterialTest" name="isTransparent[7: BEDROCK]"/>
  <testcase time="0" classname="org.bukkit.PerMaterialTest" name="isSolid[7: BEDROCK]"/>
  <testcase time="0" classname="org.bukkit.PerMaterialTest" name="hasGravity[8: WATER]"/>
  <testcase time="0" classname="org.bukkit.PerMaterialTest" name="isBurnable[8: WATER]"/>
  <testcase time="0" classname="org.bukkit.PerMaterialTest" name="isEdible[8: WATER]"/>
  <testcase time="0" classname="org.bukkit.PerMaterialTest" name="maxDurability[8: WATER]"/>
  <testcase time="0" classname="org.bukkit.PerMaterialTest" name="isOccluding[8: WATER]"/>
  <testcase time="0" classname="org.bukkit.PerMaterialTest" name="isRecord[8: WATER]"/>
  <testcase time="0" classname="org.bukkit.PerMaterialTest" name="isFlammable[8: WATER]"/>
  <testcase time="0" classname="org.bukkit.PerMaterialTest" name="maxStackSize[8: WATER]"/>
  <testcase time="0.001" classname="org.bukkit.PerMaterialTest" name="isTransparent[8: WATER]"/>
  <testcase time="0" classname="org.bukkit.PerMaterialTest" name="isSolid[8: WATER]"/>
  <testcase time="0" classname="org.bukkit.PerMaterialTest" name="hasGravity[9: STATIONARY_WATER]"/>
  <testcase time="0" classname="org.bukkit.PerMaterialTest" name="isBurnable[9: STATIONARY_WATER]"/>
  <testcase time="0" classname="org.bukkit.PerMaterialTest" name="isEdible[9: STATIONARY_WATER]"/>
  <testcase time="0" classname="org.bukkit.PerMaterialTest" name="maxDurability[9: STATIONARY_WATER]"/>
  <testcase time="0" classname="org.bukkit.PerMaterialTest" name="isOccluding[9: STATIONARY_WATER]"/>
  <testcase time="0" classname="org.bukkit.PerMaterialTest" name="isRecord[9: STATIONARY_WATER]"/>
  <testcase time="0" classname="org.bukkit.PerMaterialTest" name="isFlammable[9: STATIONARY_WATER]"/>
  <testcase time="0" classname="org.bukkit.PerMaterialTest" name="maxStackSize[9: STATIONARY_WATER]"/>
  <testcase time="0" classname="org.bukkit.PerMaterialTest" name="isTransparent[9: STATIONARY_WATER]"/>
  <testcase time="0" classname="org.bukkit.PerMaterialTest" name="isSolid[9: STATIONARY_WATER]"/>
  <testcase time="0" classname="org.bukkit.PerMaterialTest" name="hasGravity[10: LAVA]"/>
  <testcase time="0" classname="org.bukkit.PerMaterialTest" name="isBurnable[10: LAVA]"/>
  <testcase time="0" classname="org.bukkit.PerMaterialTest" name="isEdible[10: LAVA]"/>
  <testcase time="0" classname="org.bukkit.PerMaterialTest" name="maxDurability[10: LAVA]"/>
  <testcase time="0" classname="org.bukkit.PerMaterialTest" name="isOccluding[10: LAVA]"/>
  <testcase time="0" classname="org.bukkit.PerMaterialTest" name="isRecord[10: LAVA]"/>
  <testcase time="0" classname="org.bukkit.PerMaterialTest" name="isFlammable[10: LAVA]"/>
  <testcase time="0" classname="org.bukkit.PerMaterialTest" name="maxStackSize[10: LAVA]"/>
  <testcase time="0.001" classname="org.bukkit.PerMaterialTest" name="isTransparent[10: LAVA]"/>
  <testcase time="0" classname="org.bukkit.PerMaterialTest" name="isSolid[10: LAVA]"/>
  <testcase time="0" classname="org.bukkit.PerMaterialTest" name="hasGravity[11: STATIONARY_LAVA]"/>
  <testcase time="0" classname="org.bukkit.PerMaterialTest" name="isBurnable[11: STATIONARY_LAVA]"/>
  <testcase time="0" classname="org.bukkit.PerMaterialTest" name="isEdible[11: STATIONARY_LAVA]"/>
  <testcase time="0" classname="org.bukkit.PerMaterialTest" name="maxDurability[11: STATIONARY_LAVA]"/>
  <testcase time="0" classname="org.bukkit.PerMaterialTest" name="isOccluding[11: STATIONARY_LAVA]"/>
  <testcase time="0" classname="org.bukkit.PerMaterialTest" name="isRecord[11: STATIONARY_LAVA]"/>
  <testcase time="0" classname="org.bukkit.PerMaterialTest" name="isFlammable[11: STATIONARY_LAVA]"/>
  <testcase time="0" classname="org.bukkit.PerMaterialTest" name="maxStackSize[11: STATIONARY_LAVA]"/>
  <testcase time="0" classname="org.bukkit.PerMaterialTest" name="isTransparent[11: STATIONARY_LAVA]"/>
  <testcase time="0" classname="org.bukkit.PerMaterialTest" name="isSolid[11: STATIONARY_LAVA]"/>
  <testcase time="0" classname="org.bukkit.PerMaterialTest" name="hasGravity[12: SAND]"/>
  <testcase time="0" classname="org.bukkit.PerMaterialTest" name="isBurnable[12: SAND]"/>
  <testcase time="0" classname="org.bukkit.PerMaterialTest" name="isEdible[12: SAND]"/>
  <testcase time="0" classname="org.bukkit.PerMaterialTest" name="maxDurability[12: SAND]"/>
  <testcase time="0" classname="org.bukkit.PerMaterialTest" name="isOccluding[12: SAND]"/>
  <testcase time="0" classname="org.bukkit.PerMaterialTest" name="isRecord[12: SAND]"/>
  <testcase time="0" classname="org.bukkit.PerMaterialTest" name="isFlammable[12: SAND]"/>
  <testcase time="0" classname="org.bukkit.PerMaterialTest" name="maxStackSize[12: SAND]"/>
  <testcase time="0" classname="org.bukkit.PerMaterialTest" name="isTransparent[12: SAND]"/>
  <testcase time="0" classname="org.bukkit.PerMaterialTest" name="isSolid[12: SAND]"/>
  <testcase time="0" classname="org.bukkit.PerMaterialTest" name="hasGravity[13: GRAVEL]"/>
  <testcase time="0.001" classname="org.bukkit.PerMaterialTest" name="isBurnable[13: GRAVEL]"/>
  <testcase time="0" classname="org.bukkit.PerMaterialTest" name="isEdible[13: GRAVEL]"/>
  <testcase time="0" classname="org.bukkit.PerMaterialTest" name="maxDurability[13: GRAVEL]"/>
  <testcase time="0" classname="org.bukkit.PerMaterialTest" name="isOccluding[13: GRAVEL]"/>
  <testcase time="0" classname="org.bukkit.PerMaterialTest" name="isRecord[13: GRAVEL]"/>
  <testcase time="0" classname="org.bukkit.PerMaterialTest" name="isFlammable[13: GRAVEL]"/>
  <testcase time="0" classname="org.bukkit.PerMaterialTest" name="maxStackSize[13: GRAVEL]"/>
  <testcase time="0" classname="org.bukkit.PerMaterialTest" name="isTransparent[13: GRAVEL]"/>
  <testcase time="0" classname="org.bukkit.PerMaterialTest" name="isSolid[13: GRAVEL]"/>
  <testcase time="0" classname="org.bukkit.PerMaterialTest" name="hasGravity[14: GOLD_ORE]"/>
  <testcase time="0" classname="org.bukkit.PerMaterialTest" name="isBurnable[14: GOLD_ORE]"/>
  <testcase time="0" classname="org.bukkit.PerMaterialTest" name="isEdible[14: GOLD_ORE]"/>
  <testcase time="0.001" classname="org.bukkit.PerMaterialTest" name="maxDurability[14: GOLD_ORE]"/>
  <testcase time="0" classname="org.bukkit.PerMaterialTest" name="isOccluding[14: GOLD_ORE]"/>
  <testcase time="0" classname="org.bukkit.PerMaterialTest" name="isRecord[14: GOLD_ORE]"/>
  <testcase time="0" classname="org.bukkit.PerMaterialTest" name="isFlammable[14: GOLD_ORE]"/>
  <testcase time="0" classname="org.bukkit.PerMaterialTest" name="maxStackSize[14: GOLD_ORE]"/>
  <testcase time="0" classname="org.bukkit.PerMaterialTest" name="isTransparent[14: GOLD_ORE]"/>
  <testcase time="0" classname="org.bukkit.PerMaterialTest" name="isSolid[14: GOLD_ORE]"/>
  <testcase time="0" classname="org.bukkit.PerMaterialTest" name="hasGravity[15: IRON_ORE]"/>
  <testcase time="0" classname="org.bukkit.PerMaterialTest" name="isBurnable[15: IRON_ORE]"/>
  <testcase time="0" classname="org.bukkit.PerMaterialTest" name="isEdible[15: IRON_ORE]"/>
  <testcase time="0.003" classname="org.bukkit.PerMaterialTest" name="maxDurability[15: IRON_ORE]"/>
  <testcase time="0" classname="org.bukkit.PerMaterialTest" name="isOccluding[15: IRON_ORE]"/>
  <testcase time="0" classname="org.bukkit.PerMaterialTest" name="isRecord[15: IRON_ORE]"/>
  <testcase time="0" classname="org.bukkit.PerMaterialTest" name="isFlammable[15: IRON_ORE]"/>
  <testcase time="0" classname="org.bukkit.PerMaterialTest" name="maxStackSize[15: IRON_ORE]"/>
  <testcase time="0" classname="org.bukkit.PerMaterialTest" name="isTransparent[15: IRON_ORE]"/>
  <testcase time="0" classname="org.bukkit.PerMaterialTest" name="isSolid[15: IRON_ORE]"/>
  <testcase time="0" classname="org.bukkit.PerMaterialTest" name="hasGravity[16: COAL_ORE]"/>
  <testcase time="0" classname="org.bukkit.PerMaterialTest" name="isBurnable[16: COAL_ORE]"/>
  <testcase time="0" classname="org.bukkit.PerMaterialTest" name="isEdible[16: COAL_ORE]"/>
  <testcase time="0" classname="org.bukkit.PerMaterialTest" name="maxDurability[16: COAL_ORE]"/>
  <testcase time="0" classname="org.bukkit.PerMaterialTest" name="isOccluding[16: COAL_ORE]"/>
  <testcase time="0" classname="org.bukkit.PerMaterialTest" name="isRecord[16: COAL_ORE]"/>
  <testcase time="0" classname="org.bukkit.PerMaterialTest" name="isFlammable[16: COAL_ORE]"/>
  <testcase time="0.001" classname="org.bukkit.PerMaterialTest" name="maxStackSize[16: COAL_ORE]"/>
  <testcase time="0" classname="org.bukkit.PerMaterialTest" name="isTransparent[16: COAL_ORE]"/>
  <testcase time="0" classname="org.bukkit.PerMaterialTest" name="isSolid[16: COAL_ORE]"/>
  <testcase time="0" classname="org.bukkit.PerMaterialTest" name="hasGravity[17: LOG]"/>
  <testcase time="0" classname="org.bukkit.PerMaterialTest" name="isBurnable[17: LOG]"/>
  <testcase time="0.001" classname="org.bukkit.PerMaterialTest" name="isEdible[17: LOG]"/>
  <testcase time="0" classname="org.bukkit.PerMaterialTest" name="maxDurability[17: LOG]"/>
  <testcase time="0" classname="org.bukkit.PerMaterialTest" name="isOccluding[17: LOG]"/>
  <testcase time="0" classname="org.bukkit.PerMaterialTest" name="isRecord[17: LOG]"/>
  <testcase time="0" classname="org.bukkit.PerMaterialTest" name="isFlammable[17: LOG]"/>
  <testcase time="0" classname="org.bukkit.PerMaterialTest" name="maxStackSize[17: LOG]"/>
  <testcase time="0" classname="org.bukkit.PerMaterialTest" name="isTransparent[17: LOG]"/>
  <testcase time="0" classname="org.bukkit.PerMaterialTest" name="isSolid[17: LOG]"/>
  <testcase time="0" classname="org.bukkit.PerMaterialTest" name="hasGravity[18: LEAVES]"/>
  <testcase time="0" classname="org.bukkit.PerMaterialTest" name="isBurnable[18: LEAVES]"/>
  <testcase time="0" classname="org.bukkit.PerMaterialTest" name="isEdible[18: LEAVES]"/>
  <testcase time="0" classname="org.bukkit.PerMaterialTest" name="maxDurability[18: LEAVES]"/>
  <testcase time="0" classname="org.bukkit.PerMaterialTest" name="isOccluding[18: LEAVES]"/>
  <testcase time="0" classname="org.bukkit.PerMaterialTest" name="isRecord[18: LEAVES]"/>
  <testcase time="0" classname="org.bukkit.PerMaterialTest" name="isFlammable[18: LEAVES]"/>
  <testcase time="0" classname="org.bukkit.PerMaterialTest" name="maxStackSize[18: LEAVES]"/>
  <testcase time="0" classname="org.bukkit.PerMaterialTest" name="isTransparent[18: LEAVES]"/>
  <testcase time="0" classname="org.bukkit.PerMaterialTest" name="isSolid[18: LEAVES]"/>
  <testcase time="0" classname="org.bukkit.PerMaterialTest" name="hasGravity[19: SPONGE]"/>
  <testcase time="0" classname="org.bukkit.PerMaterialTest" name="isBurnable[19: SPONGE]"/>
  <testcase time="0" classname="org.bukkit.PerMaterialTest" name="isEdible[19: SPONGE]"/>
  <testcase time="0" classname="org.bukkit.PerMaterialTest" name="maxDurability[19: SPONGE]"/>
  <testcase time="0" classname="org.bukkit.PerMaterialTest" name="isOccluding[19: SPONGE]"/>
  <testcase time="0" classname="org.bukkit.PerMaterialTest" name="isRecord[19: SPONGE]"/>
  <testcase time="0" classname="org.bukkit.PerMaterialTest" name="isFlammable[19: SPONGE]"/>
  <testcase time="0.001" classname="org.bukkit.PerMaterialTest" name="maxStackSize[19: SPONGE]"/>
  <testcase time="0" classname="org.bukkit.PerMaterialTest" name="isTransparent[19: SPONGE]"/>
  <testcase time="0" classname="org.bukkit.PerMaterialTest" name="isSolid[19: SPONGE]"/>
  <testcase time="0" classname="org.bukkit.PerMaterialTest" name="hasGravity[20: GLASS]"/>
  <testcase time="0" classname="org.bukkit.PerMaterialTest" name="isBurnable[20: GLASS]"/>
  <testcase time="0" classname="org.bukkit.PerMaterialTest" name="isEdible[20: GLASS]"/>
  <testcase time="0" classname="org.bukkit.PerMaterialTest" name="maxDurability[20: GLASS]"/>
  <testcase time="0" classname="org.bukkit.PerMaterialTest" name="isOccluding[20: GLASS]"/>
  <testcase time="0" classname="org.bukkit.PerMaterialTest" name="isRecord[20: GLASS]"/>
  <testcase time="0" classname="org.bukkit.PerMaterialTest" name="isFlammable[20: GLASS]"/>
  <testcase time="0" classname="org.bukkit.PerMaterialTest" name="maxStackSize[20: GLASS]"/>
  <testcase time="0" classname="org.bukkit.PerMaterialTest" name="isTransparent[20: GLASS]"/>
  <testcase time="0" classname="org.bukkit.PerMaterialTest" name="isSolid[20: GLASS]"/>
  <testcase time="0" classname="org.bukkit.PerMaterialTest" name="hasGravity[21: LAPIS_ORE]"/>
  <testcase time="0" classname="org.bukkit.PerMaterialTest" name="isBurnable[21: LAPIS_ORE]"/>
  <testcase time="0" classname="org.bukkit.PerMaterialTest" name="isEdible[21: LAPIS_ORE]"/>
  <testcase time="0" classname="org.bukkit.PerMaterialTest" name="maxDurability[21: LAPIS_ORE]"/>
  <testcase time="0" classname="org.bukkit.PerMaterialTest" name="isOccluding[21: LAPIS_ORE]"/>
  <testcase time="0" classname="org.bukkit.PerMaterialTest" name="isRecord[21: LAPIS_ORE]"/>
  <testcase time="0" classname="org.bukkit.PerMaterialTest" name="isFlammable[21: LAPIS_ORE]"/>
  <testcase time="0" classname="org.bukkit.PerMaterialTest" name="maxStackSize[21: LAPIS_ORE]"/>
  <testcase time="0" classname="org.bukkit.PerMaterialTest" name="isTransparent[21: LAPIS_ORE]"/>
  <testcase time="0" classname="org.bukkit.PerMaterialTest" name="isSolid[21: LAPIS_ORE]"/>
  <testcase time="0" classname="org.bukkit.PerMaterialTest" name="hasGravity[22: LAPIS_BLOCK]"/>
  <testcase time="0" classname="org.bukkit.PerMaterialTest" name="isBurnable[22: LAPIS_BLOCK]"/>
  <testcase time="0" classname="org.bukkit.PerMaterialTest" name="isEdible[22: LAPIS_BLOCK]"/>
  <testcase time="0" classname="org.bukkit.PerMaterialTest" name="maxDurability[22: LAPIS_BLOCK]"/>
  <testcase time="0" classname="org.bukkit.PerMaterialTest" name="isOccluding[22: LAPIS_BLOCK]"/>
  <testcase time="0" classname="org.bukkit.PerMaterialTest" name="isRecord[22: LAPIS_BLOCK]"/>
  <testcase time="0" classname="org.bukkit.PerMaterialTest" name="isFlammable[22: LAPIS_BLOCK]"/>
  <testcase time="0" classname="org.bukkit.PerMaterialTest" name="maxStackSize[22: LAPIS_BLOCK]"/>
  <testcase time="0" classname="org.bukkit.PerMaterialTest" name="isTransparent[22: LAPIS_BLOCK]"/>
  <testcase time="0" classname="org.bukkit.PerMaterialTest" name="isSolid[22: LAPIS_BLOCK]"/>
  <testcase time="0" classname="org.bukkit.PerMaterialTest" name="hasGravity[23: DISPENSER]"/>
  <testcase time="0" classname="org.bukkit.PerMaterialTest" name="isBurnable[23: DISPENSER]"/>
  <testcase time="0" classname="org.bukkit.PerMaterialTest" name="isEdible[23: DISPENSER]"/>
  <testcase time="0" classname="org.bukkit.PerMaterialTest" name="maxDurability[23: DISPENSER]"/>
  <testcase time="0" classname="org.bukkit.PerMaterialTest" name="isOccluding[23: DISPENSER]"/>
  <testcase time="0" classname="org.bukkit.PerMaterialTest" name="isRecord[23: DISPENSER]"/>
  <testcase time="0" classname="org.bukkit.PerMaterialTest" name="isFlammable[23: DISPENSER]"/>
  <testcase time="0" classname="org.bukkit.PerMaterialTest" name="maxStackSize[23: DISPENSER]"/>
  <testcase time="0" classname="org.bukkit.PerMaterialTest" name="isTransparent[23: DISPENSER]"/>
  <testcase time="0" classname="org.bukkit.PerMaterialTest" name="isSolid[23: DISPENSER]"/>
  <testcase time="0" classname="org.bukkit.PerMaterialTest" name="hasGravity[24: SANDSTONE]"/>
  <testcase time="0" classname="org.bukkit.PerMaterialTest" name="isBurnable[24: SANDSTONE]"/>
  <testcase time="0" classname="org.bukkit.PerMaterialTest" name="isEdible[24: SANDSTONE]"/>
  <testcase time="0.001" classname="org.bukkit.PerMaterialTest" name="maxDurability[24: SANDSTONE]"/>
  <testcase time="0" classname="org.bukkit.PerMaterialTest" name="isOccluding[24: SANDSTONE]"/>
  <testcase time="0" classname="org.bukkit.PerMaterialTest" name="isRecord[24: SANDSTONE]"/>
  <testcase time="0" classname="org.bukkit.PerMaterialTest" name="isFlammable[24: SANDSTONE]"/>
  <testcase time="0" classname="org.bukkit.PerMaterialTest" name="maxStackSize[24: SANDSTONE]"/>
  <testcase time="0" classname="org.bukkit.PerMaterialTest" name="isTransparent[24: SANDSTONE]"/>
  <testcase time="0" classname="org.bukkit.PerMaterialTest" name="isSolid[24: SANDSTONE]"/>
  <testcase time="0" classname="org.bukkit.PerMaterialTest" name="hasGravity[25: NOTE_BLOCK]"/>
  <testcase time="0" classname="org.bukkit.PerMaterialTest" name="isBurnable[25: NOTE_BLOCK]"/>
  <testcase time="0" classname="org.bukkit.PerMaterialTest" name="isEdible[25: NOTE_BLOCK]"/>
  <testcase time="0" classname="org.bukkit.PerMaterialTest" name="maxDurability[25: NOTE_BLOCK]"/>
  <testcase time="0" classname="org.bukkit.PerMaterialTest" name="isOccluding[25: NOTE_BLOCK]"/>
  <testcase time="0" classname="org.bukkit.PerMaterialTest" name="isRecord[25: NOTE_BLOCK]"/>
  <testcase time="0" classname="org.bukkit.PerMaterialTest" name="isFlammable[25: NOTE_BLOCK]"/>
  <testcase time="0" classname="org.bukkit.PerMaterialTest" name="maxStackSize[25: NOTE_BLOCK]"/>
  <testcase time="0" classname="org.bukkit.PerMaterialTest" name="isTransparent[25: NOTE_BLOCK]"/>
  <testcase time="0" classname="org.bukkit.PerMaterialTest" name="isSolid[25: NOTE_BLOCK]"/>
  <testcase time="0" classname="org.bukkit.PerMaterialTest" name="hasGravity[26: POWERED_RAIL]"/>
  <testcase time="0" classname="org.bukkit.PerMaterialTest" name="isBurnable[26: POWERED_RAIL]"/>
  <testcase time="0" classname="org.bukkit.PerMaterialTest" name="isEdible[26: POWERED_RAIL]"/>
  <testcase time="0" classname="org.bukkit.PerMaterialTest" name="maxDurability[26: POWERED_RAIL]"/>
  <testcase time="0" classname="org.bukkit.PerMaterialTest" name="isOccluding[26: POWERED_RAIL]"/>
  <testcase time="0" classname="org.bukkit.PerMaterialTest" name="isRecord[26: POWERED_RAIL]"/>
  <testcase time="0" classname="org.bukkit.PerMaterialTest" name="isFlammable[26: POWERED_RAIL]"/>
  <testcase time="0" classname="org.bukkit.PerMaterialTest" name="maxStackSize[26: POWERED_RAIL]"/>
  <testcase time="0" classname="org.bukkit.PerMaterialTest" name="isTransparent[26: POWERED_RAIL]"/>
  <testcase time="0.001" classname="org.bukkit.PerMaterialTest" name="isSolid[26: POWERED_RAIL]"/>
  <testcase time="0" classname="org.bukkit.PerMaterialTest" name="hasGravity[27: DETECTOR_RAIL]"/>
  <testcase time="0" classname="org.bukkit.PerMaterialTest" name="isBurnable[27: DETECTOR_RAIL]"/>
  <testcase time="0" classname="org.bukkit.PerMaterialTest" name="isEdible[27: DETECTOR_RAIL]"/>
  <testcase time="0" classname="org.bukkit.PerMaterialTest" name="maxDurability[27: DETECTOR_RAIL]"/>
  <testcase time="0" classname="org.bukkit.PerMaterialTest" name="isOccluding[27: DETECTOR_RAIL]"/>
  <testcase time="0" classname="org.bukkit.PerMaterialTest" name="isRecord[27: DETECTOR_RAIL]"/>
  <testcase time="0" classname="org.bukkit.PerMaterialTest" name="isFlammable[27: DETECTOR_RAIL]"/>
  <testcase time="0" classname="org.bukkit.PerMaterialTest" name="maxStackSize[27: DETECTOR_RAIL]"/>
  <testcase time="0" classname="org.bukkit.PerMaterialTest" name="isTransparent[27: DETECTOR_RAIL]"/>
  <testcase time="0" classname="org.bukkit.PerMaterialTest" name="isSolid[27: DETECTOR_RAIL]"/>
  <testcase time="0" classname="org.bukkit.PerMaterialTest" name="hasGravity[28: PISTON_STICKY_BASE]"/>
  <testcase time="0" classname="org.bukkit.PerMaterialTest" name="isBurnable[28: PISTON_STICKY_BASE]"/>
  <testcase time="0" classname="org.bukkit.PerMaterialTest" name="isEdible[28: PISTON_STICKY_BASE]"/>
  <testcase time="0" classname="org.bukkit.PerMaterialTest" name="maxDurability[28: PISTON_STICKY_BASE]"/>
  <testcase time="0" classname="org.bukkit.PerMaterialTest" name="isOccluding[28: PISTON_STICKY_BASE]"/>
  <testcase time="0" classname="org.bukkit.PerMaterialTest" name="isRecord[28: PISTON_STICKY_BASE]"/>
  <testcase time="0" classname="org.bukkit.PerMaterialTest" name="isFlammable[28: PISTON_STICKY_BASE]"/>
  <testcase time="0.001" classname="org.bukkit.PerMaterialTest" name="maxStackSize[28: PISTON_STICKY_BASE]"/>
  <testcase time="0" classname="org.bukkit.PerMaterialTest" name="isTransparent[28: PISTON_STICKY_BASE]"/>
  <testcase time="0" classname="org.bukkit.PerMaterialTest" name="isSolid[28: PISTON_STICKY_BASE]"/>
  <testcase time="0" classname="org.bukkit.PerMaterialTest" name="hasGravity[29: WEB]"/>
  <testcase time="0" classname="org.bukkit.PerMaterialTest" name="isBurnable[29: WEB]"/>
  <testcase time="0" classname="org.bukkit.PerMaterialTest" name="isEdible[29: WEB]"/>
  <testcase time="0" classname="org.bukkit.PerMaterialTest" name="maxDurability[29: WEB]"/>
  <testcase time="0" classname="org.bukkit.PerMaterialTest" name="isOccluding[29: WEB]"/>
  <testcase time="0" classname="org.bukkit.PerMaterialTest" name="isRecord[29: WEB]"/>
  <testcase time="0" classname="org.bukkit.PerMaterialTest" name="isFlammable[29: WEB]"/>
  <testcase time="0" classname="org.bukkit.PerMaterialTest" name="maxStackSize[29: WEB]"/>
  <testcase time="0" classname="org.bukkit.PerMaterialTest" name="isTransparent[29: WEB]"/>
  <testcase time="0" classname="org.bukkit.PerMaterialTest" name="isSolid[29: WEB]"/>
  <testcase time="0" classname="org.bukkit.PerMaterialTest" name="hasGravity[30: LONG_GRASS]"/>
  <testcase time="0" classname="org.bukkit.PerMaterialTest" name="isBurnable[30: LONG_GRASS]"/>
  <testcase time="0" classname="org.bukkit.PerMaterialTest" name="isEdible[30: LONG_GRASS]"/>
  <testcase time="0" classname="org.bukkit.PerMaterialTest" name="maxDurability[30: LONG_GRASS]"/>
  <testcase time="0" classname="org.bukkit.PerMaterialTest" name="isOccluding[30: LONG_GRASS]"/>
  <testcase time="0" classname="org.bukkit.PerMaterialTest" name="isRecord[30: LONG_GRASS]"/>
  <testcase time="0" classname="org.bukkit.PerMaterialTest" name="isFlammable[30: LONG_GRASS]"/>
  <testcase time="0" classname="org.bukkit.PerMaterialTest" name="maxStackSize[30: LONG_GRASS]"/>
  <testcase time="0" classname="org.bukkit.PerMaterialTest" name="isTransparent[30: LONG_GRASS]"/>
  <testcase time="0" classname="org.bukkit.PerMaterialTest" name="isSolid[30: LONG_GRASS]"/>
  <testcase time="0" classname="org.bukkit.PerMaterialTest" name="hasGravity[31: DEAD_BUSH]"/>
  <testcase time="0" classname="org.bukkit.PerMaterialTest" name="isBurnable[31: DEAD_BUSH]"/>
  <testcase time="0" classname="org.bukkit.PerMaterialTest" name="isEdible[31: DEAD_BUSH]"/>
  <testcase time="0" classname="org.bukkit.PerMaterialTest" name="maxDurability[31: DEAD_BUSH]"/>
  <testcase time="0" classname="org.bukkit.PerMaterialTest" name="isOccluding[31: DEAD_BUSH]"/>
  <testcase time="0" classname="org.bukkit.PerMaterialTest" name="isRecord[31: DEAD_BUSH]"/>
  <testcase time="0" classname="org.bukkit.PerMaterialTest" name="isFlammable[31: DEAD_BUSH]"/>
  <testcase time="0" classname="org.bukkit.PerMaterialTest" name="maxStackSize[31: DEAD_BUSH]"/>
  <testcase time="0" classname="org.bukkit.PerMaterialTest" name="isTransparent[31: DEAD_BUSH]"/>
  <testcase time="0" classname="org.bukkit.PerMaterialTest" name="isSolid[31: DEAD_BUSH]"/>
  <testcase time="0" classname="org.bukkit.PerMaterialTest" name="hasGravity[32: PISTON_BASE]"/>
  <testcase time="0" classname="org.bukkit.PerMaterialTest" name="isBurnable[32: PISTON_BASE]"/>
  <testcase time="0" classname="org.bukkit.PerMaterialTest" name="isEdible[32: PISTON_BASE]"/>
  <testcase time="0" classname="org.bukkit.PerMaterialTest" name="maxDurability[32: PISTON_BASE]"/>
  <testcase time="0" classname="org.bukkit.PerMaterialTest" name="isOccluding[32: PISTON_BASE]"/>
  <testcase time="0.001" classname="org.bukkit.PerMaterialTest" name="isRecord[32: PISTON_BASE]"/>
  <testcase time="0" classname="org.bukkit.PerMaterialTest" name="isFlammable[32: PISTON_BASE]"/>
  <testcase time="0" classname="org.bukkit.PerMaterialTest" name="maxStackSize[32: PISTON_BASE]"/>
  <testcase time="0" classname="org.bukkit.PerMaterialTest" name="isTransparent[32: PISTON_BASE]"/>
  <testcase time="0" classname="org.bukkit.PerMaterialTest" name="isSolid[32: PISTON_BASE]"/>
  <testcase time="0" classname="org.bukkit.PerMaterialTest" name="hasGravity[33: WOOL]"/>
  <testcase time="0" classname="org.bukkit.PerMaterialTest" name="isBurnable[33: WOOL]"/>
  <testcase time="0" classname="org.bukkit.PerMaterialTest" name="isEdible[33: WOOL]"/>
  <testcase time="0" classname="org.bukkit.PerMaterialTest" name="maxDurability[33: WOOL]"/>
  <testcase time="0" classname="org.bukkit.PerMaterialTest" name="isOccluding[33: WOOL]"/>
  <testcase time="0" classname="org.bukkit.PerMaterialTest" name="isRecord[33: WOOL]"/>
  <testcase time="0" classname="org.bukkit.PerMaterialTest" name="isFlammable[33: WOOL]"/>
  <testcase time="0" classname="org.bukkit.PerMaterialTest" name="maxStackSize[33: WOOL]"/>
  <testcase time="0" classname="org.bukkit.PerMaterialTest" name="isTransparent[33: WOOL]"/>
  <testcase time="0" classname="org.bukkit.PerMaterialTest" name="isSolid[33: WOOL]"/>
  <testcase time="0" classname="org.bukkit.PerMaterialTest" name="hasGravity[34: YELLOW_FLOWER]"/>
  <testcase time="0" classname="org.bukkit.PerMaterialTest" name="isBurnable[34: YELLOW_FLOWER]"/>
  <testcase time="0" classname="org.bukkit.PerMaterialTest" name="isEdible[34: YELLOW_FLOWER]"/>
  <testcase time="0" classname="org.bukkit.PerMaterialTest" name="maxDurability[34: YELLOW_FLOWER]"/>
  <testcase time="0.001" classname="org.bukkit.PerMaterialTest" name="isOccluding[34: YELLOW_FLOWER]"/>
  <testcase time="0" classname="org.bukkit.PerMaterialTest" name="isRecord[34: YELLOW_FLOWER]"/>
  <testcase time="0" classname="org.bukkit.PerMaterialTest" name="isFlammable[34: YELLOW_FLOWER]"/>
  <testcase time="0" classname="org.bukkit.PerMaterialTest" name="maxStackSize[34: YELLOW_FLOWER]"/>
  <testcase time="0" classname="org.bukkit.PerMaterialTest" name="isTransparent[34: YELLOW_FLOWER]"/>
  <testcase time="0" classname="org.bukkit.PerMaterialTest" name="isSolid[34: YELLOW_FLOWER]"/>
  <testcase time="0" classname="org.bukkit.PerMaterialTest" name="hasGravity[35: RED_ROSE]"/>
  <testcase time="0" classname="org.bukkit.PerMaterialTest" name="isBurnable[35: RED_ROSE]"/>
  <testcase time="0" classname="org.bukkit.PerMaterialTest" name="isEdible[35: RED_ROSE]"/>
  <testcase time="0" classname="org.bukkit.PerMaterialTest" name="maxDurability[35: RED_ROSE]"/>
  <testcase time="0" classname="org.bukkit.PerMaterialTest" name="isOccluding[35: RED_ROSE]"/>
  <testcase time="0" classname="org.bukkit.PerMaterialTest" name="isRecord[35: RED_ROSE]"/>
  <testcase time="0" classname="org.bukkit.PerMaterialTest" name="isFlammable[35: RED_ROSE]"/>
  <testcase time="0" classname="org.bukkit.PerMaterialTest" name="maxStackSize[35: RED_ROSE]"/>
  <testcase time="0" classname="org.bukkit.PerMaterialTest" name="isTransparent[35: RED_ROSE]"/>
  <testcase time="0" classname="org.bukkit.PerMaterialTest" name="isSolid[35: RED_ROSE]"/>
  <testcase time="0" classname="org.bukkit.PerMaterialTest" name="hasGravity[36: BROWN_MUSHROOM]"/>
  <testcase time="0" classname="org.bukkit.PerMaterialTest" name="isBurnable[36: BROWN_MUSHROOM]"/>
  <testcase time="0" classname="org.bukkit.PerMaterialTest" name="isEdible[36: BROWN_MUSHROOM]"/>
  <testcase time="0" classname="org.bukkit.PerMaterialTest" name="maxDurability[36: BROWN_MUSHROOM]"/>
  <testcase time="0" classname="org.bukkit.PerMaterialTest" name="isOccluding[36: BROWN_MUSHROOM]"/>
  <testcase time="0" classname="org.bukkit.PerMaterialTest" name="isRecord[36: BROWN_MUSHROOM]"/>
  <testcase time="0" classname="org.bukkit.PerMaterialTest" name="isFlammable[36: BROWN_MUSHROOM]"/>
  <testcase time="0" classname="org.bukkit.PerMaterialTest" name="maxStackSize[36: BROWN_MUSHROOM]"/>
  <testcase time="0" classname="org.bukkit.PerMaterialTest" name="isTransparent[36: BROWN_MUSHROOM]"/>
  <testcase time="0" classname="org.bukkit.PerMaterialTest" name="isSolid[36: BROWN_MUSHROOM]"/>
  <testcase time="0" classname="org.bukkit.PerMaterialTest" name="hasGravity[37: RED_MUSHROOM]"/>
  <testcase time="0" classname="org.bukkit.PerMaterialTest" name="isBurnable[37: RED_MUSHROOM]"/>
  <testcase time="0" classname="org.bukkit.PerMaterialTest" name="isEdible[37: RED_MUSHROOM]"/>
  <testcase time="0" classname="org.bukkit.PerMaterialTest" name="maxDurability[37: RED_MUSHROOM]"/>
  <testcase time="0" classname="org.bukkit.PerMaterialTest" name="isOccluding[37: RED_MUSHROOM]"/>
  <testcase time="0" classname="org.bukkit.PerMaterialTest" name="isRecord[37: RED_MUSHROOM]"/>
  <testcase time="0" classname="org.bukkit.PerMaterialTest" name="isFlammable[37: RED_MUSHROOM]"/>
  <testcase time="0.001" classname="org.bukkit.PerMaterialTest" name="maxStackSize[37: RED_MUSHROOM]"/>
  <testcase time="0" classname="org.bukkit.PerMaterialTest" name="isTransparent[37: RED_MUSHROOM]"/>
  <testcase time="0" classname="org.bukkit.PerMaterialTest" name="isSolid[37: RED_MUSHROOM]"/>
  <testcase time="0" classname="org.bukkit.PerMaterialTest" name="hasGravity[38: GOLD_BLOCK]"/>
  <testcase time="0" classname="org.bukkit.PerMaterialTest" name="isBurnable[38: GOLD_BLOCK]"/>
  <testcase time="0" classname="org.bukkit.PerMaterialTest" name="isEdible[38: GOLD_BLOCK]"/>
  <testcase time="0" classname="org.bukkit.PerMaterialTest" name="maxDurability[38: GOLD_BLOCK]"/>
  <testcase time="0" classname="org.bukkit.PerMaterialTest" name="isOccluding[38: GOLD_BLOCK]"/>
  <testcase time="0" classname="org.bukkit.PerMaterialTest" name="isRecord[38: GOLD_BLOCK]"/>
  <testcase time="0" classname="org.bukkit.PerMaterialTest" name="isFlammable[38: GOLD_BLOCK]"/>
  <testcase time="0" classname="org.bukkit.PerMaterialTest" name="maxStackSize[38: GOLD_BLOCK]"/>
  <testcase time="0" classname="org.bukkit.PerMaterialTest" name="isTransparent[38: GOLD_BLOCK]"/>
  <testcase time="0" classname="org.bukkit.PerMaterialTest" name="isSolid[38: GOLD_BLOCK]"/>
  <testcase time="0" classname="org.bukkit.PerMaterialTest" name="hasGravity[39: IRON_BLOCK]"/>
  <testcase time="0" classname="org.bukkit.PerMaterialTest" name="isBurnable[39: IRON_BLOCK]"/>
  <testcase time="0" classname="org.bukkit.PerMaterialTest" name="isEdible[39: IRON_BLOCK]"/>
  <testcase time="0" classname="org.bukkit.PerMaterialTest" name="maxDurability[39: IRON_BLOCK]"/>
  <testcase time="0" classname="org.bukkit.PerMaterialTest" name="isOccluding[39: IRON_BLOCK]"/>
  <testcase time="0" classname="org.bukkit.PerMaterialTest" name="isRecord[39: IRON_BLOCK]"/>
  <testcase time="0" classname="org.bukkit.PerMaterialTest" name="isFlammable[39: IRON_BLOCK]"/>
  <testcase time="0" classname="org.bukkit.PerMaterialTest" name="maxStackSize[39: IRON_BLOCK]"/>
  <testcase time="0" classname="org.bukkit.PerMaterialTest" name="isTransparent[39: IRON_BLOCK]"/>
  <testcase time="0" classname="org.bukkit.PerMaterialTest" name="isSolid[39: IRON_BLOCK]"/>
  <testcase time="0" classname="org.bukkit.PerMaterialTest" name="hasGravity[40: DOUBLE_STEP]"/>
  <testcase time="0" classname="org.bukkit.PerMaterialTest" name="isBurnable[40: DOUBLE_STEP]"/>
  <testcase time="0.001" classname="org.bukkit.PerMaterialTest" name="isEdible[40: DOUBLE_STEP]"/>
  <testcase time="0" classname="org.bukkit.PerMaterialTest" name="maxDurability[40: DOUBLE_STEP]"/>
  <testcase time="0" classname="org.bukkit.PerMaterialTest" name="isOccluding[40: DOUBLE_STEP]"/>
  <testcase time="0" classname="org.bukkit.PerMaterialTest" name="isRecord[40: DOUBLE_STEP]"/>
  <testcase time="0" classname="org.bukkit.PerMaterialTest" name="isFlammable[40: DOUBLE_STEP]"/>
  <testcase time="0" classname="org.bukkit.PerMaterialTest" name="maxStackSize[40: DOUBLE_STEP]"/>
  <testcase time="0" classname="org.bukkit.PerMaterialTest" name="isTransparent[40: DOUBLE_STEP]"/>
  <testcase time="0" classname="org.bukkit.PerMaterialTest" name="isSolid[40: DOUBLE_STEP]"/>
  <testcase time="0" classname="org.bukkit.PerMaterialTest" name="hasGravity[41: STEP]"/>
  <testcase time="0" classname="org.bukkit.PerMaterialTest" name="isBurnable[41: STEP]"/>
  <testcase time="0" classname="org.bukkit.PerMaterialTest" name="isEdible[41: STEP]"/>
  <testcase time="0" classname="org.bukkit.PerMaterialTest" name="maxDurability[41: STEP]"/>
  <testcase time="0" classname="org.bukkit.PerMaterialTest" name="isOccluding[41: STEP]"/>
  <testcase time="0" classname="org.bukkit.PerMaterialTest" name="isRecord[41: STEP]"/>
  <testcase time="0" classname="org.bukkit.PerMaterialTest" name="isFlammable[41: STEP]"/>
  <testcase time="0" classname="org.bukkit.PerMaterialTest" name="maxStackSize[41: STEP]"/>
  <testcase time="0" classname="org.bukkit.PerMaterialTest" name="isTransparent[41: STEP]"/>
  <testcase time="0" classname="org.bukkit.PerMaterialTest" name="isSolid[41: STEP]"/>
  <testcase time="0" classname="org.bukkit.PerMaterialTest" name="hasGravity[42: BRICK]"/>
  <testcase time="0.001" classname="org.bukkit.PerMaterialTest" name="isBurnable[42: BRICK]"/>
  <testcase time="0" classname="org.bukkit.PerMaterialTest" name="isEdible[42: BRICK]"/>
  <testcase time="0" classname="org.bukkit.PerMaterialTest" name="maxDurability[42: BRICK]"/>
  <testcase time="0" classname="org.bukkit.PerMaterialTest" name="isOccluding[42: BRICK]"/>
  <testcase time="0" classname="org.bukkit.PerMaterialTest" name="isRecord[42: BRICK]"/>
  <testcase time="0" classname="org.bukkit.PerMaterialTest" name="isFlammable[42: BRICK]"/>
  <testcase time="0" classname="org.bukkit.PerMaterialTest" name="maxStackSize[42: BRICK]"/>
  <testcase time="0" classname="org.bukkit.PerMaterialTest" name="isTransparent[42: BRICK]"/>
  <testcase time="0" classname="org.bukkit.PerMaterialTest" name="isSolid[42: BRICK]"/>
  <testcase time="0" classname="org.bukkit.PerMaterialTest" name="hasGravity[43: TNT]"/>
  <testcase time="0" classname="org.bukkit.PerMaterialTest" name="isBurnable[43: TNT]"/>
  <testcase time="0" classname="org.bukkit.PerMaterialTest" name="isEdible[43: TNT]"/>
  <testcase time="0" classname="org.bukkit.PerMaterialTest" name="maxDurability[43: TNT]"/>
  <testcase time="0" classname="org.bukkit.PerMaterialTest" name="isOccluding[43: TNT]"/>
  <testcase time="0" classname="org.bukkit.PerMaterialTest" name="isRecord[43: TNT]"/>
  <testcase time="0" classname="org.bukkit.PerMaterialTest" name="isFlammable[43: TNT]"/>
  <testcase time="0" classname="org.bukkit.PerMaterialTest" name="maxStackSize[43: TNT]"/>
  <testcase time="0" classname="org.bukkit.PerMaterialTest" name="isTransparent[43: TNT]"/>
  <testcase time="0" classname="org.bukkit.PerMaterialTest" name="isSolid[43: TNT]"/>
  <testcase time="0" classname="org.bukkit.PerMaterialTest" name="hasGravity[44: BOOKSHELF]"/>
  <testcase time="0" classname="org.bukkit.PerMaterialTest" name="isBurnable[44: BOOKSHELF]"/>
  <testcase time="0" classname="org.bukkit.PerMaterialTest" name="isEdible[44: BOOKSHELF]"/>
  <testcase time="0" classname="org.bukkit.PerMaterialTest" name="maxDurability[44: BOOKSHELF]"/>
  <testcase time="0" classname="org.bukkit.PerMaterialTest" name="isOccluding[44: BOOKSHELF]"/>
  <testcase time="0" classname="org.bukkit.PerMaterialTest" name="isRecord[44: BOOKSHELF]"/>
  <testcase time="0" classname="org.bukkit.PerMaterialTest" name="isFlammable[44: BOOKSHELF]"/>
  <testcase time="0" classname="org.bukkit.PerMaterialTest" name="maxStackSize[44: BOOKSHELF]"/>
  <testcase time="0" classname="org.bukkit.PerMaterialTest" name="isTransparent[44: BOOKSHELF]"/>
  <testcase time="0" classname="org.bukkit.PerMaterialTest" name="isSolid[44: BOOKSHELF]"/>
  <testcase time="0" classname="org.bukkit.PerMaterialTest" name="hasGravity[45: MOSSY_COBBLESTONE]"/>
  <testcase time="0" classname="org.bukkit.PerMaterialTest" name="isBurnable[45: MOSSY_COBBLESTONE]"/>
  <testcase time="0" classname="org.bukkit.PerMaterialTest" name="isEdible[45: MOSSY_COBBLESTONE]"/>
  <testcase time="0" classname="org.bukkit.PerMaterialTest" name="maxDurability[45: MOSSY_COBBLESTONE]"/>
  <testcase time="0" classname="org.bukkit.PerMaterialTest" name="isOccluding[45: MOSSY_COBBLESTONE]"/>
  <testcase time="0" classname="org.bukkit.PerMaterialTest" name="isRecord[45: MOSSY_COBBLESTONE]"/>
  <testcase time="0" classname="org.bukkit.PerMaterialTest" name="isFlammable[45: MOSSY_COBBLESTONE]"/>
  <testcase time="0" classname="org.bukkit.PerMaterialTest" name="maxStackSize[45: MOSSY_COBBLESTONE]"/>
  <testcase time="0" classname="org.bukkit.PerMaterialTest" name="isTransparent[45: MOSSY_COBBLESTONE]"/>
  <testcase time="0" classname="org.bukkit.PerMaterialTest" name="isSolid[45: MOSSY_COBBLESTONE]"/>
  <testcase time="0" classname="org.bukkit.PerMaterialTest" name="hasGravity[46: OBSIDIAN]"/>
  <testcase time="0" classname="org.bukkit.PerMaterialTest" name="isBurnable[46: OBSIDIAN]"/>
  <testcase time="0" classname="org.bukkit.PerMaterialTest" name="isEdible[46: OBSIDIAN]"/>
  <testcase time="0" classname="org.bukkit.PerMaterialTest" name="maxDurability[46: OBSIDIAN]"/>
  <testcase time="0" classname="org.bukkit.PerMaterialTest" name="isOccluding[46: OBSIDIAN]"/>
  <testcase time="0" classname="org.bukkit.PerMaterialTest" name="isRecord[46: OBSIDIAN]"/>
  <testcase time="0" classname="org.bukkit.PerMaterialTest" name="isFlammable[46: OBSIDIAN]"/>
  <testcase time="0" classname="org.bukkit.PerMaterialTest" name="maxStackSize[46: OBSIDIAN]"/>
  <testcase time="0" classname="org.bukkit.PerMaterialTest" name="isTransparent[46: OBSIDIAN]"/>
  <testcase time="0" classname="org.bukkit.PerMaterialTest" name="isSolid[46: OBSIDIAN]"/>
  <testcase time="0" classname="org.bukkit.PerMaterialTest" name="hasGravity[47: TORCH]"/>
  <testcase time="0" classname="org.bukkit.PerMaterialTest" name="isBurnable[47: TORCH]"/>
  <testcase time="0" classname="org.bukkit.PerMaterialTest" name="isEdible[47: TORCH]"/>
  <testcase time="0" classname="org.bukkit.PerMaterialTest" name="maxDurability[47: TORCH]"/>
  <testcase time="0" classname="org.bukkit.PerMaterialTest" name="isOccluding[47: TORCH]"/>
  <testcase time="0" classname="org.bukkit.PerMaterialTest" name="isRecord[47: TORCH]"/>
  <testcase time="0" classname="org.bukkit.PerMaterialTest" name="isFlammable[47: TORCH]"/>
  <testcase time="0" classname="org.bukkit.PerMaterialTest" name="maxStackSize[47: TORCH]"/>
  <testcase time="0" classname="org.bukkit.PerMaterialTest" name="isTransparent[47: TORCH]"/>
  <testcase time="0" classname="org.bukkit.PerMaterialTest" name="isSolid[47: TORCH]"/>
  <testcase time="0" classname="org.bukkit.PerMaterialTest" name="hasGravity[48: FIRE]"/>
  <testcase time="0" classname="org.bukkit.PerMaterialTest" name="isBurnable[48: FIRE]"/>
  <testcase time="0" classname="org.bukkit.PerMaterialTest" name="isEdible[48: FIRE]"/>
  <testcase time="0" classname="org.bukkit.PerMaterialTest" name="maxDurability[48: FIRE]"/>
  <testcase time="0" classname="org.bukkit.PerMaterialTest" name="isOccluding[48: FIRE]"/>
  <testcase time="0" classname="org.bukkit.PerMaterialTest" name="isRecord[48: FIRE]"/>
  <testcase time="0" classname="org.bukkit.PerMaterialTest" name="isFlammable[48: FIRE]"/>
  <testcase time="0" classname="org.bukkit.PerMaterialTest" name="maxStackSize[48: FIRE]"/>
  <testcase time="0" classname="org.bukkit.PerMaterialTest" name="isTransparent[48: FIRE]"/>
  <testcase time="0" classname="org.bukkit.PerMaterialTest" name="isSolid[48: FIRE]"/>
  <testcase time="0" classname="org.bukkit.PerMaterialTest" name="hasGravity[49: MOB_SPAWNER]"/>
  <testcase time="0" classname="org.bukkit.PerMaterialTest" name="isBurnable[49: MOB_SPAWNER]"/>
  <testcase time="0" classname="org.bukkit.PerMaterialTest" name="isEdible[49: MOB_SPAWNER]"/>
  <testcase time="0" classname="org.bukkit.PerMaterialTest" name="maxDurability[49: MOB_SPAWNER]"/>
  <testcase time="0" classname="org.bukkit.PerMaterialTest" name="isOccluding[49: MOB_SPAWNER]"/>
  <testcase time="0" classname="org.bukkit.PerMaterialTest" name="isRecord[49: MOB_SPAWNER]"/>
  <testcase time="0" classname="org.bukkit.PerMaterialTest" name="isFlammable[49: MOB_SPAWNER]"/>
  <testcase time="0" classname="org.bukkit.PerMaterialTest" name="maxStackSize[49: MOB_SPAWNER]"/>
  <testcase time="0" classname="org.bukkit.PerMaterialTest" name="isTransparent[49: MOB_SPAWNER]"/>
  <testcase time="0" classname="org.bukkit.PerMaterialTest" name="isSolid[49: MOB_SPAWNER]"/>
  <testcase time="0" classname="org.bukkit.PerMaterialTest" name="hasGravity[50: WOOD_STAIRS]"/>
  <testcase time="0" classname="org.bukkit.PerMaterialTest" name="isBurnable[50: WOOD_STAIRS]"/>
  <testcase time="0" classname="org.bukkit.PerMaterialTest" name="isEdible[50: WOOD_STAIRS]"/>
  <testcase time="0" classname="org.bukkit.PerMaterialTest" name="maxDurability[50: WOOD_STAIRS]"/>
  <testcase time="0" classname="org.bukkit.PerMaterialTest" name="isOccluding[50: WOOD_STAIRS]"/>
  <testcase time="0" classname="org.bukkit.PerMaterialTest" name="isRecord[50: WOOD_STAIRS]"/>
  <testcase time="0" classname="org.bukkit.PerMaterialTest" name="isFlammable[50: WOOD_STAIRS]"/>
  <testcase time="0" classname="org.bukkit.PerMaterialTest" name="maxStackSize[50: WOOD_STAIRS]"/>
  <testcase time="0" classname="org.bukkit.PerMaterialTest" name="isTransparent[50: WOOD_STAIRS]"/>
  <testcase time="0" classname="org.bukkit.PerMaterialTest" name="isSolid[50: WOOD_STAIRS]"/>
  <testcase time="0" classname="org.bukkit.PerMaterialTest" name="hasGravity[51: CHEST]"/>
  <testcase time="0" classname="org.bukkit.PerMaterialTest" name="isBurnable[51: CHEST]"/>
  <testcase time="0" classname="org.bukkit.PerMaterialTest" name="isEdible[51: CHEST]"/>
  <testcase time="0" classname="org.bukkit.PerMaterialTest" name="maxDurability[51: CHEST]"/>
  <testcase time="0" classname="org.bukkit.PerMaterialTest" name="isOccluding[51: CHEST]"/>
  <testcase time="0" classname="org.bukkit.PerMaterialTest" name="isRecord[51: CHEST]"/>
  <testcase time="0" classname="org.bukkit.PerMaterialTest" name="isFlammable[51: CHEST]"/>
  <testcase time="0" classname="org.bukkit.PerMaterialTest" name="maxStackSize[51: CHEST]"/>
  <testcase time="0" classname="org.bukkit.PerMaterialTest" name="isTransparent[51: CHEST]"/>
  <testcase time="0" classname="org.bukkit.PerMaterialTest" name="isSolid[51: CHEST]"/>
  <testcase time="0" classname="org.bukkit.PerMaterialTest" name="hasGravity[52: DIAMOND_ORE]"/>
  <testcase time="0" classname="org.bukkit.PerMaterialTest" name="isBurnable[52: DIAMOND_ORE]"/>
  <testcase time="0" classname="org.bukkit.PerMaterialTest" name="isEdible[52: DIAMOND_ORE]"/>
  <testcase time="0" classname="org.bukkit.PerMaterialTest" name="maxDurability[52: DIAMOND_ORE]"/>
  <testcase time="0" classname="org.bukkit.PerMaterialTest" name="isOccluding[52: DIAMOND_ORE]"/>
  <testcase time="0" classname="org.bukkit.PerMaterialTest" name="isRecord[52: DIAMOND_ORE]"/>
  <testcase time="0" classname="org.bukkit.PerMaterialTest" name="isFlammable[52: DIAMOND_ORE]"/>
  <testcase time="0" classname="org.bukkit.PerMaterialTest" name="maxStackSize[52: DIAMOND_ORE]"/>
  <testcase time="0" classname="org.bukkit.PerMaterialTest" name="isTransparent[52: DIAMOND_ORE]"/>
  <testcase time="0" classname="org.bukkit.PerMaterialTest" name="isSolid[52: DIAMOND_ORE]"/>
  <testcase time="0" classname="org.bukkit.PerMaterialTest" name="hasGravity[53: DIAMOND_BLOCK]"/>
  <testcase time="0" classname="org.bukkit.PerMaterialTest" name="isBurnable[53: DIAMOND_BLOCK]"/>
  <testcase time="0" classname="org.bukkit.PerMaterialTest" name="isEdible[53: DIAMOND_BLOCK]"/>
  <testcase time="0" classname="org.bukkit.PerMaterialTest" name="maxDurability[53: DIAMOND_BLOCK]"/>
  <testcase time="0" classname="org.bukkit.PerMaterialTest" name="isOccluding[53: DIAMOND_BLOCK]"/>
  <testcase time="0" classname="org.bukkit.PerMaterialTest" name="isRecord[53: DIAMOND_BLOCK]"/>
  <testcase time="0" classname="org.bukkit.PerMaterialTest" name="isFlammable[53: DIAMOND_BLOCK]"/>
  <testcase time="0" classname="org.bukkit.PerMaterialTest" name="maxStackSize[53: DIAMOND_BLOCK]"/>
  <testcase time="0" classname="org.bukkit.PerMaterialTest" name="isTransparent[53: DIAMOND_BLOCK]"/>
  <testcase time="0" classname="org.bukkit.PerMaterialTest" name="isSolid[53: DIAMOND_BLOCK]"/>
  <testcase time="0" classname="org.bukkit.PerMaterialTest" name="hasGravity[54: WORKBENCH]"/>
  <testcase time="0" classname="org.bukkit.PerMaterialTest" name="isBurnable[54: WORKBENCH]"/>
  <testcase time="0" classname="org.bukkit.PerMaterialTest" name="isEdible[54: WORKBENCH]"/>
  <testcase time="0" classname="org.bukkit.PerMaterialTest" name="maxDurability[54: WORKBENCH]"/>
  <testcase time="0" classname="org.bukkit.PerMaterialTest" name="isOccluding[54: WORKBENCH]"/>
  <testcase time="0" classname="org.bukkit.PerMaterialTest" name="isRecord[54: WORKBENCH]"/>
  <testcase time="0.001" classname="org.bukkit.PerMaterialTest" name="isFlammable[54: WORKBENCH]"/>
  <testcase time="0" classname="org.bukkit.PerMaterialTest" name="maxStackSize[54: WORKBENCH]"/>
  <testcase time="0" classname="org.bukkit.PerMaterialTest" name="isTransparent[54: WORKBENCH]"/>
  <testcase time="0" classname="org.bukkit.PerMaterialTest" name="isSolid[54: WORKBENCH]"/>
  <testcase time="0" classname="org.bukkit.PerMaterialTest" name="hasGravity[55: SOIL]"/>
  <testcase time="0" classname="org.bukkit.PerMaterialTest" name="isBurnable[55: SOIL]"/>
  <testcase time="0.001" classname="org.bukkit.PerMaterialTest" name="isEdible[55: SOIL]"/>
  <testcase time="0" classname="org.bukkit.PerMaterialTest" name="maxDurability[55: SOIL]"/>
  <testcase time="0" classname="org.bukkit.PerMaterialTest" name="isOccluding[55: SOIL]"/>
  <testcase time="0" classname="org.bukkit.PerMaterialTest" name="isRecord[55: SOIL]"/>
  <testcase time="0" classname="org.bukkit.PerMaterialTest" name="isFlammable[55: SOIL]"/>
  <testcase time="0" classname="org.bukkit.PerMaterialTest" name="maxStackSize[55: SOIL]"/>
  <testcase time="0" classname="org.bukkit.PerMaterialTest" name="isTransparent[55: SOIL]"/>
  <testcase time="0" classname="org.bukkit.PerMaterialTest" name="isSolid[55: SOIL]"/>
  <testcase time="0" classname="org.bukkit.PerMaterialTest" name="hasGravity[56: FURNACE]"/>
  <testcase time="0" classname="org.bukkit.PerMaterialTest" name="isBurnable[56: FURNACE]"/>
  <testcase time="0" classname="org.bukkit.PerMaterialTest" name="isEdible[56: FURNACE]"/>
  <testcase time="0" classname="org.bukkit.PerMaterialTest" name="maxDurability[56: FURNACE]"/>
  <testcase time="0" classname="org.bukkit.PerMaterialTest" name="isOccluding[56: FURNACE]"/>
  <testcase time="0" classname="org.bukkit.PerMaterialTest" name="isRecord[56: FURNACE]"/>
  <testcase time="0" classname="org.bukkit.PerMaterialTest" name="isFlammable[56: FURNACE]"/>
  <testcase time="0" classname="org.bukkit.PerMaterialTest" name="maxStackSize[56: FURNACE]"/>
  <testcase time="0" classname="org.bukkit.PerMaterialTest" name="isTransparent[56: FURNACE]"/>
  <testcase time="0" classname="org.bukkit.PerMaterialTest" name="isSolid[56: FURNACE]"/>
  <testcase time="0" classname="org.bukkit.PerMaterialTest" name="hasGravity[57: BURNING_FURNACE]"/>
  <testcase time="0" classname="org.bukkit.PerMaterialTest" name="isBurnable[57: BURNING_FURNACE]"/>
  <testcase time="0" classname="org.bukkit.PerMaterialTest" name="isEdible[57: BURNING_FURNACE]"/>
  <testcase time="0" classname="org.bukkit.PerMaterialTest" name="maxDurability[57: BURNING_FURNACE]"/>
  <testcase time="0" classname="org.bukkit.PerMaterialTest" name="isOccluding[57: BURNING_FURNACE]"/>
  <testcase time="0" classname="org.bukkit.PerMaterialTest" name="isRecord[57: BURNING_FURNACE]"/>
  <testcase time="0" classname="org.bukkit.PerMaterialTest" name="isFlammable[57: BURNING_FURNACE]"/>
  <testcase time="0" classname="org.bukkit.PerMaterialTest" name="maxStackSize[57: BURNING_FURNACE]"/>
  <testcase time="0" classname="org.bukkit.PerMaterialTest" name="isTransparent[57: BURNING_FURNACE]"/>
  <testcase time="0.001" classname="org.bukkit.PerMaterialTest" name="isSolid[57: BURNING_FURNACE]"/>
  <testcase time="0" classname="org.bukkit.PerMaterialTest" name="hasGravity[58: LADDER]"/>
  <testcase time="0" classname="org.bukkit.PerMaterialTest" name="isBurnable[58: LADDER]"/>
  <testcase time="0" classname="org.bukkit.PerMaterialTest" name="isEdible[58: LADDER]"/>
  <testcase time="0" classname="org.bukkit.PerMaterialTest" name="maxDurability[58: LADDER]"/>
  <testcase time="0" classname="org.bukkit.PerMaterialTest" name="isOccluding[58: LADDER]"/>
  <testcase time="0" classname="org.bukkit.PerMaterialTest" name="isRecord[58: LADDER]"/>
  <testcase time="0" classname="org.bukkit.PerMaterialTest" name="isFlammable[58: LADDER]"/>
  <testcase time="0" classname="org.bukkit.PerMaterialTest" name="maxStackSize[58: LADDER]"/>
  <testcase time="0" classname="org.bukkit.PerMaterialTest" name="isTransparent[58: LADDER]"/>
  <testcase time="0" classname="org.bukkit.PerMaterialTest" name="isSolid[58: LADDER]"/>
  <testcase time="0" classname="org.bukkit.PerMaterialTest" name="hasGravity[59: RAILS]"/>
  <testcase time="0" classname="org.bukkit.PerMaterialTest" name="isBurnable[59: RAILS]"/>
  <testcase time="0" classname="org.bukkit.PerMaterialTest" name="isEdible[59: RAILS]"/>
  <testcase time="0" classname="org.bukkit.PerMaterialTest" name="maxDurability[59: RAILS]"/>
  <testcase time="0" classname="org.bukkit.PerMaterialTest" name="isOccluding[59: RAILS]"/>
  <testcase time="0" classname="org.bukkit.PerMaterialTest" name="isRecord[59: RAILS]"/>
  <testcase time="0" classname="org.bukkit.PerMaterialTest" name="isFlammable[59: RAILS]"/>
  <testcase time="0" classname="org.bukkit.PerMaterialTest" name="maxStackSize[59: RAILS]"/>
  <testcase time="0" classname="org.bukkit.PerMaterialTest" name="isTransparent[59: RAILS]"/>
  <testcase time="0" classname="org.bukkit.PerMaterialTest" name="isSolid[59: RAILS]"/>
  <testcase time="0" classname="org.bukkit.PerMaterialTest" name="hasGravity[60: COBBLESTONE_STAIRS]"/>
  <testcase time="0" classname="org.bukkit.PerMaterialTest" name="isBurnable[60: COBBLESTONE_STAIRS]"/>
  <testcase time="0" classname="org.bukkit.PerMaterialTest" name="isEdible[60: COBBLESTONE_STAIRS]"/>
  <testcase time="0" classname="org.bukkit.PerMaterialTest" name="maxDurability[60: COBBLESTONE_STAIRS]"/>
  <testcase time="0" classname="org.bukkit.PerMaterialTest" name="isOccluding[60: COBBLESTONE_STAIRS]"/>
  <testcase time="0" classname="org.bukkit.PerMaterialTest" name="isRecord[60: COBBLESTONE_STAIRS]"/>
  <testcase time="0" classname="org.bukkit.PerMaterialTest" name="isFlammable[60: COBBLESTONE_STAIRS]"/>
  <testcase time="0" classname="org.bukkit.PerMaterialTest" name="maxStackSize[60: COBBLESTONE_STAIRS]"/>
  <testcase time="0" classname="org.bukkit.PerMaterialTest" name="isTransparent[60: COBBLESTONE_STAIRS]"/>
  <testcase time="0" classname="org.bukkit.PerMaterialTest" name="isSolid[60: COBBLESTONE_STAIRS]"/>
  <testcase time="0" classname="org.bukkit.PerMaterialTest" name="hasGravity[61: LEVER]"/>
  <testcase time="0" classname="org.bukkit.PerMaterialTest" name="isBurnable[61: LEVER]"/>
  <testcase time="0" classname="org.bukkit.PerMaterialTest" name="isEdible[61: LEVER]"/>
  <testcase time="0" classname="org.bukkit.PerMaterialTest" name="maxDurability[61: LEVER]"/>
  <testcase time="0" classname="org.bukkit.PerMaterialTest" name="isOccluding[61: LEVER]"/>
  <testcase time="0" classname="org.bukkit.PerMaterialTest" name="isRecord[61: LEVER]"/>
  <testcase time="0" classname="org.bukkit.PerMaterialTest" name="isFlammable[61: LEVER]"/>
  <testcase time="0" classname="org.bukkit.PerMaterialTest" name="maxStackSize[61: LEVER]"/>
  <testcase time="0" classname="org.bukkit.PerMaterialTest" name="isTransparent[61: LEVER]"/>
  <testcase time="0" classname="org.bukkit.PerMaterialTest" name="isSolid[61: LEVER]"/>
  <testcase time="0" classname="org.bukkit.PerMaterialTest" name="hasGravity[62: STONE_PLATE]"/>
  <testcase time="0" classname="org.bukkit.PerMaterialTest" name="isBurnable[62: STONE_PLATE]"/>
  <testcase time="0" classname="org.bukkit.PerMaterialTest" name="isEdible[62: STONE_PLATE]"/>
  <testcase time="0" classname="org.bukkit.PerMaterialTest" name="maxDurability[62: STONE_PLATE]"/>
  <testcase time="0" classname="org.bukkit.PerMaterialTest" name="isOccluding[62: STONE_PLATE]"/>
  <testcase time="0" classname="org.bukkit.PerMaterialTest" name="isRecord[62: STONE_PLATE]"/>
  <testcase time="0" classname="org.bukkit.PerMaterialTest" name="isFlammable[62: STONE_PLATE]"/>
  <testcase time="0" classname="org.bukkit.PerMaterialTest" name="maxStackSize[62: STONE_PLATE]"/>
  <testcase time="0" classname="org.bukkit.PerMaterialTest" name="isTransparent[62: STONE_PLATE]"/>
  <testcase time="0" classname="org.bukkit.PerMaterialTest" name="isSolid[62: STONE_PLATE]"/>
  <testcase time="0" classname="org.bukkit.PerMaterialTest" name="hasGravity[63: WOOD_PLATE]"/>
  <testcase time="0" classname="org.bukkit.PerMaterialTest" name="isBurnable[63: WOOD_PLATE]"/>
  <testcase time="0" classname="org.bukkit.PerMaterialTest" name="isEdible[63: WOOD_PLATE]"/>
  <testcase time="0" classname="org.bukkit.PerMaterialTest" name="maxDurability[63: WOOD_PLATE]"/>
  <testcase time="0" classname="org.bukkit.PerMaterialTest" name="isOccluding[63: WOOD_PLATE]"/>
  <testcase time="0" classname="org.bukkit.PerMaterialTest" name="isRecord[63: WOOD_PLATE]"/>
  <testcase time="0" classname="org.bukkit.PerMaterialTest" name="isFlammable[63: WOOD_PLATE]"/>
  <testcase time="0" classname="org.bukkit.PerMaterialTest" name="maxStackSize[63: WOOD_PLATE]"/>
  <testcase time="0" classname="org.bukkit.PerMaterialTest" name="isTransparent[63: WOOD_PLATE]"/>
  <testcase time="0" classname="org.bukkit.PerMaterialTest" name="isSolid[63: WOOD_PLATE]"/>
  <testcase time="0" classname="org.bukkit.PerMaterialTest" name="hasGravity[64: REDSTONE_ORE]"/>
  <testcase time="0" classname="org.bukkit.PerMaterialTest" name="isBurnable[64: REDSTONE_ORE]"/>
  <testcase time="0" classname="org.bukkit.PerMaterialTest" name="isEdible[64: REDSTONE_ORE]"/>
  <testcase time="0" classname="org.bukkit.PerMaterialTest" name="maxDurability[64: REDSTONE_ORE]"/>
  <testcase time="0" classname="org.bukkit.PerMaterialTest" name="isOccluding[64: REDSTONE_ORE]"/>
  <testcase time="0" classname="org.bukkit.PerMaterialTest" name="isRecord[64: REDSTONE_ORE]"/>
  <testcase time="0" classname="org.bukkit.PerMaterialTest" name="isFlammable[64: REDSTONE_ORE]"/>
  <testcase time="0" classname="org.bukkit.PerMaterialTest" name="maxStackSize[64: REDSTONE_ORE]"/>
  <testcase time="0" classname="org.bukkit.PerMaterialTest" name="isTransparent[64: REDSTONE_ORE]"/>
  <testcase time="0" classname="org.bukkit.PerMaterialTest" name="isSolid[64: REDSTONE_ORE]"/>
  <testcase time="0" classname="org.bukkit.PerMaterialTest" name="hasGravity[65: REDSTONE_TORCH_ON]"/>
  <testcase time="0" classname="org.bukkit.PerMaterialTest" name="isBurnable[65: REDSTONE_TORCH_ON]"/>
  <testcase time="0" classname="org.bukkit.PerMaterialTest" name="isEdible[65: REDSTONE_TORCH_ON]"/>
  <testcase time="0" classname="org.bukkit.PerMaterialTest" name="maxDurability[65: REDSTONE_TORCH_ON]"/>
  <testcase time="0" classname="org.bukkit.PerMaterialTest" name="isOccluding[65: REDSTONE_TORCH_ON]"/>
  <testcase time="0" classname="org.bukkit.PerMaterialTest" name="isRecord[65: REDSTONE_TORCH_ON]"/>
  <testcase time="0" classname="org.bukkit.PerMaterialTest" name="isFlammable[65: REDSTONE_TORCH_ON]"/>
  <testcase time="0.001" classname="org.bukkit.PerMaterialTest" name="maxStackSize[65: REDSTONE_TORCH_ON]"/>
  <testcase time="0" classname="org.bukkit.PerMaterialTest" name="isTransparent[65: REDSTONE_TORCH_ON]"/>
  <testcase time="0" classname="org.bukkit.PerMaterialTest" name="isSolid[65: REDSTONE_TORCH_ON]"/>
  <testcase time="0" classname="org.bukkit.PerMaterialTest" name="hasGravity[66: STONE_BUTTON]"/>
  <testcase time="0" classname="org.bukkit.PerMaterialTest" name="isBurnable[66: STONE_BUTTON]"/>
  <testcase time="0" classname="org.bukkit.PerMaterialTest" name="isEdible[66: STONE_BUTTON]"/>
  <testcase time="0.001" classname="org.bukkit.PerMaterialTest" name="maxDurability[66: STONE_BUTTON]"/>
  <testcase time="0" classname="org.bukkit.PerMaterialTest" name="isOccluding[66: STONE_BUTTON]"/>
  <testcase time="0" classname="org.bukkit.PerMaterialTest" name="isRecord[66: STONE_BUTTON]"/>
  <testcase time="0" classname="org.bukkit.PerMaterialTest" name="isFlammable[66: STONE_BUTTON]"/>
  <testcase time="0" classname="org.bukkit.PerMaterialTest" name="maxStackSize[66: STONE_BUTTON]"/>
  <testcase time="0" classname="org.bukkit.PerMaterialTest" name="isTransparent[66: STONE_BUTTON]"/>
  <testcase time="0" classname="org.bukkit.PerMaterialTest" name="isSolid[66: STONE_BUTTON]"/>
  <testcase time="0" classname="org.bukkit.PerMaterialTest" name="hasGravity[67: SNOW]"/>
  <testcase time="0" classname="org.bukkit.PerMaterialTest" name="isBurnable[67: SNOW]"/>
  <testcase time="0" classname="org.bukkit.PerMaterialTest" name="isEdible[67: SNOW]"/>
  <testcase time="0" classname="org.bukkit.PerMaterialTest" name="maxDurability[67: SNOW]"/>
  <testcase time="0" classname="org.bukkit.PerMaterialTest" name="isOccluding[67: SNOW]"/>
  <testcase time="0" classname="org.bukkit.PerMaterialTest" name="isRecord[67: SNOW]"/>
  <testcase time="0" classname="org.bukkit.PerMaterialTest" name="isFlammable[67: SNOW]"/>
  <testcase time="0" classname="org.bukkit.PerMaterialTest" name="maxStackSize[67: SNOW]"/>
  <testcase time="0" classname="org.bukkit.PerMaterialTest" name="isTransparent[67: SNOW]"/>
  <testcase time="0" classname="org.bukkit.PerMaterialTest" name="isSolid[67: SNOW]"/>
  <testcase time="0" classname="org.bukkit.PerMaterialTest" name="hasGravity[68: ICE]"/>
  <testcase time="0" classname="org.bukkit.PerMaterialTest" name="isBurnable[68: ICE]"/>
  <testcase time="0" classname="org.bukkit.PerMaterialTest" name="isEdible[68: ICE]"/>
  <testcase time="0" classname="org.bukkit.PerMaterialTest" name="maxDurability[68: ICE]"/>
  <testcase time="0" classname="org.bukkit.PerMaterialTest" name="isOccluding[68: ICE]"/>
  <testcase time="0" classname="org.bukkit.PerMaterialTest" name="isRecord[68: ICE]"/>
  <testcase time="0" classname="org.bukkit.PerMaterialTest" name="isFlammable[68: ICE]"/>
  <testcase time="0" classname="org.bukkit.PerMaterialTest" name="maxStackSize[68: ICE]"/>
  <testcase time="0" classname="org.bukkit.PerMaterialTest" name="isTransparent[68: ICE]"/>
  <testcase time="0" classname="org.bukkit.PerMaterialTest" name="isSolid[68: ICE]"/>
  <testcase time="0" classname="org.bukkit.PerMaterialTest" name="hasGravity[69: SNOW_BLOCK]"/>
  <testcase time="0" classname="org.bukkit.PerMaterialTest" name="isBurnable[69: SNOW_BLOCK]"/>
  <testcase time="0" classname="org.bukkit.PerMaterialTest" name="isEdible[69: SNOW_BLOCK]"/>
  <testcase time="0" classname="org.bukkit.PerMaterialTest" name="maxDurability[69: SNOW_BLOCK]"/>
  <testcase time="0" classname="org.bukkit.PerMaterialTest" name="isOccluding[69: SNOW_BLOCK]"/>
  <testcase time="0" classname="org.bukkit.PerMaterialTest" name="isRecord[69: SNOW_BLOCK]"/>
  <testcase time="0.001" classname="org.bukkit.PerMaterialTest" name="isFlammable[69: SNOW_BLOCK]"/>
  <testcase time="0" classname="org.bukkit.PerMaterialTest" name="maxStackSize[69: SNOW_BLOCK]"/>
  <testcase time="0" classname="org.bukkit.PerMaterialTest" name="isTransparent[69: SNOW_BLOCK]"/>
  <testcase time="0" classname="org.bukkit.PerMaterialTest" name="isSolid[69: SNOW_BLOCK]"/>
  <testcase time="0" classname="org.bukkit.PerMaterialTest" name="hasGravity[70: CACTUS]"/>
  <testcase time="0" classname="org.bukkit.PerMaterialTest" name="isBurnable[70: CACTUS]"/>
  <testcase time="0.001" classname="org.bukkit.PerMaterialTest" name="isEdible[70: CACTUS]"/>
  <testcase time="0.002" classname="org.bukkit.PerMaterialTest" name="maxDurability[70: CACTUS]"/>
  <testcase time="0" classname="org.bukkit.PerMaterialTest" name="isOccluding[70: CACTUS]"/>
  <testcase time="0" classname="org.bukkit.PerMaterialTest" name="isRecord[70: CACTUS]"/>
  <testcase time="0" classname="org.bukkit.PerMaterialTest" name="isFlammable[70: CACTUS]"/>
  <testcase time="0" classname="org.bukkit.PerMaterialTest" name="maxStackSize[70: CACTUS]"/>
  <testcase time="0" classname="org.bukkit.PerMaterialTest" name="isTransparent[70: CACTUS]"/>
  <testcase time="0" classname="org.bukkit.PerMaterialTest" name="isSolid[70: CACTUS]"/>
  <testcase time="0" classname="org.bukkit.PerMaterialTest" name="hasGravity[71: CLAY]"/>
  <testcase time="0" classname="org.bukkit.PerMaterialTest" name="isBurnable[71: CLAY]"/>
  <testcase time="0" classname="org.bukkit.PerMaterialTest" name="isEdible[71: CLAY]"/>
  <testcase time="0" classname="org.bukkit.PerMaterialTest" name="maxDurability[71: CLAY]"/>
  <testcase time="0" classname="org.bukkit.PerMaterialTest" name="isOccluding[71: CLAY]"/>
  <testcase time="0" classname="org.bukkit.PerMaterialTest" name="isRecord[71: CLAY]"/>
  <testcase time="0" classname="org.bukkit.PerMaterialTest" name="isFlammable[71: CLAY]"/>
  <testcase time="0" classname="org.bukkit.PerMaterialTest" name="maxStackSize[71: CLAY]"/>
  <testcase time="0" classname="org.bukkit.PerMaterialTest" name="isTransparent[71: CLAY]"/>
  <testcase time="0" classname="org.bukkit.PerMaterialTest" name="isSolid[71: CLAY]"/>
  <testcase time="0" classname="org.bukkit.PerMaterialTest" name="hasGravity[72: JUKEBOX]"/>
  <testcase time="0" classname="org.bukkit.PerMaterialTest" name="isBurnable[72: JUKEBOX]"/>
  <testcase time="0" classname="org.bukkit.PerMaterialTest" name="isEdible[72: JUKEBOX]"/>
  <testcase time="0" classname="org.bukkit.PerMaterialTest" name="maxDurability[72: JUKEBOX]"/>
  <testcase time="0" classname="org.bukkit.PerMaterialTest" name="isOccluding[72: JUKEBOX]"/>
  <testcase time="0" classname="org.bukkit.PerMaterialTest" name="isRecord[72: JUKEBOX]"/>
  <testcase time="0" classname="org.bukkit.PerMaterialTest" name="isFlammable[72: JUKEBOX]"/>
  <testcase time="0" classname="org.bukkit.PerMaterialTest" name="maxStackSize[72: JUKEBOX]"/>
  <testcase time="0" classname="org.bukkit.PerMaterialTest" name="isTransparent[72: JUKEBOX]"/>
  <testcase time="0" classname="org.bukkit.PerMaterialTest" name="isSolid[72: JUKEBOX]"/>
  <testcase time="0" classname="org.bukkit.PerMaterialTest" name="hasGravity[73: FENCE]"/>
  <testcase time="0" classname="org.bukkit.PerMaterialTest" name="isBurnable[73: FENCE]"/>
  <testcase time="0" classname="org.bukkit.PerMaterialTest" name="isEdible[73: FENCE]"/>
  <testcase time="0" classname="org.bukkit.PerMaterialTest" name="maxDurability[73: FENCE]"/>
  <testcase time="0.001" classname="org.bukkit.PerMaterialTest" name="isOccluding[73: FENCE]"/>
  <testcase time="0" classname="org.bukkit.PerMaterialTest" name="isRecord[73: FENCE]"/>
  <testcase time="0" classname="org.bukkit.PerMaterialTest" name="isFlammable[73: FENCE]"/>
  <testcase time="0.001" classname="org.bukkit.PerMaterialTest" name="maxStackSize[73: FENCE]"/>
  <testcase time="0" classname="org.bukkit.PerMaterialTest" name="isTransparent[73: FENCE]"/>
  <testcase time="0" classname="org.bukkit.PerMaterialTest" name="isSolid[73: FENCE]"/>
  <testcase time="0" classname="org.bukkit.PerMaterialTest" name="hasGravity[74: PUMPKIN]"/>
  <testcase time="0" classname="org.bukkit.PerMaterialTest" name="isBurnable[74: PUMPKIN]"/>
  <testcase time="0" classname="org.bukkit.PerMaterialTest" name="isEdible[74: PUMPKIN]"/>
  <testcase time="0" classname="org.bukkit.PerMaterialTest" name="maxDurability[74: PUMPKIN]"/>
  <testcase time="0" classname="org.bukkit.PerMaterialTest" name="isOccluding[74: PUMPKIN]"/>
  <testcase time="0" classname="org.bukkit.PerMaterialTest" name="isRecord[74: PUMPKIN]"/>
  <testcase time="0" classname="org.bukkit.PerMaterialTest" name="isFlammable[74: PUMPKIN]"/>
  <testcase time="0" classname="org.bukkit.PerMaterialTest" name="maxStackSize[74: PUMPKIN]"/>
  <testcase time="0" classname="org.bukkit.PerMaterialTest" name="isTransparent[74: PUMPKIN]"/>
  <testcase time="0" classname="org.bukkit.PerMaterialTest" name="isSolid[74: PUMPKIN]"/>
  <testcase time="0" classname="org.bukkit.PerMaterialTest" name="hasGravity[75: NETHERRACK]"/>
  <testcase time="0" classname="org.bukkit.PerMaterialTest" name="isBurnable[75: NETHERRACK]"/>
  <testcase time="0" classname="org.bukkit.PerMaterialTest" name="isEdible[75: NETHERRACK]"/>
  <testcase time="0" classname="org.bukkit.PerMaterialTest" name="maxDurability[75: NETHERRACK]"/>
  <testcase time="0" classname="org.bukkit.PerMaterialTest" name="isOccluding[75: NETHERRACK]"/>
  <testcase time="0" classname="org.bukkit.PerMaterialTest" name="isRecord[75: NETHERRACK]"/>
  <testcase time="0" classname="org.bukkit.PerMaterialTest" name="isFlammable[75: NETHERRACK]"/>
  <testcase time="0" classname="org.bukkit.PerMaterialTest" name="maxStackSize[75: NETHERRACK]"/>
  <testcase time="0" classname="org.bukkit.PerMaterialTest" name="isTransparent[75: NETHERRACK]"/>
  <testcase time="0" classname="org.bukkit.PerMaterialTest" name="isSolid[75: NETHERRACK]"/>
  <testcase time="0" classname="org.bukkit.PerMaterialTest" name="hasGravity[76: SOUL_SAND]"/>
  <testcase time="0" classname="org.bukkit.PerMaterialTest" name="isBurnable[76: SOUL_SAND]"/>
  <testcase time="0" classname="org.bukkit.PerMaterialTest" name="isEdible[76: SOUL_SAND]"/>
  <testcase time="0" classname="org.bukkit.PerMaterialTest" name="maxDurability[76: SOUL_SAND]"/>
  <testcase time="0" classname="org.bukkit.PerMaterialTest" name="isOccluding[76: SOUL_SAND]"/>
  <testcase time="0" classname="org.bukkit.PerMaterialTest" name="isRecord[76: SOUL_SAND]"/>
  <testcase time="0" classname="org.bukkit.PerMaterialTest" name="isFlammable[76: SOUL_SAND]"/>
  <testcase time="0" classname="org.bukkit.PerMaterialTest" name="maxStackSize[76: SOUL_SAND]"/>
  <testcase time="0" classname="org.bukkit.PerMaterialTest" name="isTransparent[76: SOUL_SAND]"/>
  <testcase time="0" classname="org.bukkit.PerMaterialTest" name="isSolid[76: SOUL_SAND]"/>
  <testcase time="0" classname="org.bukkit.PerMaterialTest" name="hasGravity[77: GLOWSTONE]"/>
  <testcase time="0" classname="org.bukkit.PerMaterialTest" name="isBurnable[77: GLOWSTONE]"/>
  <testcase time="0" classname="org.bukkit.PerMaterialTest" name="isEdible[77: GLOWSTONE]"/>
  <testcase time="0" classname="org.bukkit.PerMaterialTest" name="maxDurability[77: GLOWSTONE]"/>
  <testcase time="0" classname="org.bukkit.PerMaterialTest" name="isOccluding[77: GLOWSTONE]"/>
  <testcase time="0" classname="org.bukkit.PerMaterialTest" name="isRecord[77: GLOWSTONE]"/>
  <testcase time="0" classname="org.bukkit.PerMaterialTest" name="isFlammable[77: GLOWSTONE]"/>
  <testcase time="0" classname="org.bukkit.PerMaterialTest" name="maxStackSize[77: GLOWSTONE]"/>
  <testcase time="0" classname="org.bukkit.PerMaterialTest" name="isTransparent[77: GLOWSTONE]"/>
  <testcase time="0" classname="org.bukkit.PerMaterialTest" name="isSolid[77: GLOWSTONE]"/>
  <testcase time="0" classname="org.bukkit.PerMaterialTest" name="hasGravity[78: PORTAL]"/>
  <testcase time="0" classname="org.bukkit.PerMaterialTest" name="isBurnable[78: PORTAL]"/>
  <testcase time="0" classname="org.bukkit.PerMaterialTest" name="isEdible[78: PORTAL]"/>
  <testcase time="0" classname="org.bukkit.PerMaterialTest" name="maxDurability[78: PORTAL]"/>
  <testcase time="0" classname="org.bukkit.PerMaterialTest" name="isOccluding[78: PORTAL]"/>
  <testcase time="0" classname="org.bukkit.PerMaterialTest" name="isRecord[78: PORTAL]"/>
  <testcase time="0" classname="org.bukkit.PerMaterialTest" name="isFlammable[78: PORTAL]"/>
  <testcase time="0" classname="org.bukkit.PerMaterialTest" name="maxStackSize[78: PORTAL]"/>
  <testcase time="0" classname="org.bukkit.PerMaterialTest" name="isTransparent[78: PORTAL]"/>
  <testcase time="0" classname="org.bukkit.PerMaterialTest" name="isSolid[78: PORTAL]"/>
  <testcase time="0" classname="org.bukkit.PerMaterialTest" name="hasGravity[79: JACK_O_LANTERN]"/>
  <testcase time="0" classname="org.bukkit.PerMaterialTest" name="isBurnable[79: JACK_O_LANTERN]"/>
  <testcase time="0" classname="org.bukkit.PerMaterialTest" name="isEdible[79: JACK_O_LANTERN]"/>
  <testcase time="0" classname="org.bukkit.PerMaterialTest" name="maxDurability[79: JACK_O_LANTERN]"/>
  <testcase time="0" classname="org.bukkit.PerMaterialTest" name="isOccluding[79: JACK_O_LANTERN]"/>
  <testcase time="0" classname="org.bukkit.PerMaterialTest" name="isRecord[79: JACK_O_LANTERN]"/>
  <testcase time="0" classname="org.bukkit.PerMaterialTest" name="isFlammable[79: JACK_O_LANTERN]"/>
  <testcase time="0" classname="org.bukkit.PerMaterialTest" name="maxStackSize[79: JACK_O_LANTERN]"/>
  <testcase time="0" classname="org.bukkit.PerMaterialTest" name="isTransparent[79: JACK_O_LANTERN]"/>
  <testcase time="0" classname="org.bukkit.PerMaterialTest" name="isSolid[79: JACK_O_LANTERN]"/>
  <testcase time="0" classname="org.bukkit.PerMaterialTest" name="hasGravity[80: STAINED_GLASS]"/>
  <testcase time="0" classname="org.bukkit.PerMaterialTest" name="isBurnable[80: STAINED_GLASS]"/>
  <testcase time="0" classname="org.bukkit.PerMaterialTest" name="isEdible[80: STAINED_GLASS]"/>
  <testcase time="0" classname="org.bukkit.PerMaterialTest" name="maxDurability[80: STAINED_GLASS]"/>
  <testcase time="0" classname="org.bukkit.PerMaterialTest" name="isOccluding[80: STAINED_GLASS]"/>
  <testcase time="0" classname="org.bukkit.PerMaterialTest" name="isRecord[80: STAINED_GLASS]"/>
  <testcase time="0" classname="org.bukkit.PerMaterialTest" name="isFlammable[80: STAINED_GLASS]"/>
  <testcase time="0" classname="org.bukkit.PerMaterialTest" name="maxStackSize[80: STAINED_GLASS]"/>
  <testcase time="0" classname="org.bukkit.PerMaterialTest" name="isTransparent[80: STAINED_GLASS]"/>
  <testcase time="0" classname="org.bukkit.PerMaterialTest" name="isSolid[80: STAINED_GLASS]"/>
  <testcase time="0" classname="org.bukkit.PerMaterialTest" name="hasGravity[81: TRAP_DOOR]"/>
  <testcase time="0" classname="org.bukkit.PerMaterialTest" name="isBurnable[81: TRAP_DOOR]"/>
  <testcase time="0" classname="org.bukkit.PerMaterialTest" name="isEdible[81: TRAP_DOOR]"/>
  <testcase time="0" classname="org.bukkit.PerMaterialTest" name="maxDurability[81: TRAP_DOOR]"/>
  <testcase time="0" classname="org.bukkit.PerMaterialTest" name="isOccluding[81: TRAP_DOOR]"/>
  <testcase time="0" classname="org.bukkit.PerMaterialTest" name="isRecord[81: TRAP_DOOR]"/>
  <testcase time="0" classname="org.bukkit.PerMaterialTest" name="isFlammable[81: TRAP_DOOR]"/>
  <testcase time="0" classname="org.bukkit.PerMaterialTest" name="maxStackSize[81: TRAP_DOOR]"/>
  <testcase time="0" classname="org.bukkit.PerMaterialTest" name="isTransparent[81: TRAP_DOOR]"/>
  <testcase time="0" classname="org.bukkit.PerMaterialTest" name="isSolid[81: TRAP_DOOR]"/>
  <testcase time="0" classname="org.bukkit.PerMaterialTest" name="hasGravity[82: MONSTER_EGGS]"/>
  <testcase time="0" classname="org.bukkit.PerMaterialTest" name="isBurnable[82: MONSTER_EGGS]"/>
  <testcase time="0" classname="org.bukkit.PerMaterialTest" name="isEdible[82: MONSTER_EGGS]"/>
  <testcase time="0" classname="org.bukkit.PerMaterialTest" name="maxDurability[82: MONSTER_EGGS]"/>
  <testcase time="0" classname="org.bukkit.PerMaterialTest" name="isOccluding[82: MONSTER_EGGS]"/>
  <testcase time="0" classname="org.bukkit.PerMaterialTest" name="isRecord[82: MONSTER_EGGS]"/>
  <testcase time="0" classname="org.bukkit.PerMaterialTest" name="isFlammable[82: MONSTER_EGGS]"/>
  <testcase time="0" classname="org.bukkit.PerMaterialTest" name="maxStackSize[82: MONSTER_EGGS]"/>
  <testcase time="0" classname="org.bukkit.PerMaterialTest" name="isTransparent[82: MONSTER_EGGS]"/>
  <testcase time="0" classname="org.bukkit.PerMaterialTest" name="isSolid[82: MONSTER_EGGS]"/>
  <testcase time="0" classname="org.bukkit.PerMaterialTest" name="hasGravity[83: SMOOTH_BRICK]"/>
  <testcase time="0" classname="org.bukkit.PerMaterialTest" name="isBurnable[83: SMOOTH_BRICK]"/>
  <testcase time="0" classname="org.bukkit.PerMaterialTest" name="isEdible[83: SMOOTH_BRICK]"/>
  <testcase time="0" classname="org.bukkit.PerMaterialTest" name="maxDurability[83: SMOOTH_BRICK]"/>
  <testcase time="0" classname="org.bukkit.PerMaterialTest" name="isOccluding[83: SMOOTH_BRICK]"/>
  <testcase time="0" classname="org.bukkit.PerMaterialTest" name="isRecord[83: SMOOTH_BRICK]"/>
  <testcase time="0" classname="org.bukkit.PerMaterialTest" name="isFlammable[83: SMOOTH_BRICK]"/>
  <testcase time="0" classname="org.bukkit.PerMaterialTest" name="maxStackSize[83: SMOOTH_BRICK]"/>
  <testcase time="0" classname="org.bukkit.PerMaterialTest" name="isTransparent[83: SMOOTH_BRICK]"/>
  <testcase time="0" classname="org.bukkit.PerMaterialTest" name="isSolid[83: SMOOTH_BRICK]"/>
  <testcase time="0" classname="org.bukkit.PerMaterialTest" name="hasGravity[84: HUGE_MUSHROOM_1]"/>
  <testcase time="0" classname="org.bukkit.PerMaterialTest" name="isBurnable[84: HUGE_MUSHROOM_1]"/>
  <testcase time="0" classname="org.bukkit.PerMaterialTest" name="isEdible[84: HUGE_MUSHROOM_1]"/>
  <testcase time="0" classname="org.bukkit.PerMaterialTest" name="maxDurability[84: HUGE_MUSHROOM_1]"/>
  <testcase time="0" classname="org.bukkit.PerMaterialTest" name="isOccluding[84: HUGE_MUSHROOM_1]"/>
  <testcase time="0" classname="org.bukkit.PerMaterialTest" name="isRecord[84: HUGE_MUSHROOM_1]"/>
  <testcase time="0" classname="org.bukkit.PerMaterialTest" name="isFlammable[84: HUGE_MUSHROOM_1]"/>
  <testcase time="0" classname="org.bukkit.PerMaterialTest" name="maxStackSize[84: HUGE_MUSHROOM_1]"/>
  <testcase time="0" classname="org.bukkit.PerMaterialTest" name="isTransparent[84: HUGE_MUSHROOM_1]"/>
  <testcase time="0" classname="org.bukkit.PerMaterialTest" name="isSolid[84: HUGE_MUSHROOM_1]"/>
  <testcase time="0" classname="org.bukkit.PerMaterialTest" name="hasGravity[85: HUGE_MUSHROOM_2]"/>
  <testcase time="0" classname="org.bukkit.PerMaterialTest" name="isBurnable[85: HUGE_MUSHROOM_2]"/>
  <testcase time="0" classname="org.bukkit.PerMaterialTest" name="isEdible[85: HUGE_MUSHROOM_2]"/>
  <testcase time="0" classname="org.bukkit.PerMaterialTest" name="maxDurability[85: HUGE_MUSHROOM_2]"/>
  <testcase time="0" classname="org.bukkit.PerMaterialTest" name="isOccluding[85: HUGE_MUSHROOM_2]"/>
  <testcase time="0" classname="org.bukkit.PerMaterialTest" name="isRecord[85: HUGE_MUSHROOM_2]"/>
  <testcase time="0" classname="org.bukkit.PerMaterialTest" name="isFlammable[85: HUGE_MUSHROOM_2]"/>
  <testcase time="0" classname="org.bukkit.PerMaterialTest" name="maxStackSize[85: HUGE_MUSHROOM_2]"/>
  <testcase time="0" classname="org.bukkit.PerMaterialTest" name="isTransparent[85: HUGE_MUSHROOM_2]"/>
  <testcase time="0" classname="org.bukkit.PerMaterialTest" name="isSolid[85: HUGE_MUSHROOM_2]"/>
  <testcase time="0" classname="org.bukkit.PerMaterialTest" name="hasGravity[86: IRON_FENCE]"/>
  <testcase time="0" classname="org.bukkit.PerMaterialTest" name="isBurnable[86: IRON_FENCE]"/>
  <testcase time="0" classname="org.bukkit.PerMaterialTest" name="isEdible[86: IRON_FENCE]"/>
  <testcase time="0" classname="org.bukkit.PerMaterialTest" name="maxDurability[86: IRON_FENCE]"/>
  <testcase time="0" classname="org.bukkit.PerMaterialTest" name="isOccluding[86: IRON_FENCE]"/>
  <testcase time="0" classname="org.bukkit.PerMaterialTest" name="isRecord[86: IRON_FENCE]"/>
  <testcase time="0" classname="org.bukkit.PerMaterialTest" name="isFlammable[86: IRON_FENCE]"/>
  <testcase time="0" classname="org.bukkit.PerMaterialTest" name="maxStackSize[86: IRON_FENCE]"/>
  <testcase time="0" classname="org.bukkit.PerMaterialTest" name="isTransparent[86: IRON_FENCE]"/>
  <testcase time="0" classname="org.bukkit.PerMaterialTest" name="isSolid[86: IRON_FENCE]"/>
  <testcase time="0" classname="org.bukkit.PerMaterialTest" name="hasGravity[87: THIN_GLASS]"/>
  <testcase time="0" classname="org.bukkit.PerMaterialTest" name="isBurnable[87: THIN_GLASS]"/>
  <testcase time="0" classname="org.bukkit.PerMaterialTest" name="isEdible[87: THIN_GLASS]"/>
  <testcase time="0" classname="org.bukkit.PerMaterialTest" name="maxDurability[87: THIN_GLASS]"/>
  <testcase time="0" classname="org.bukkit.PerMaterialTest" name="isOccluding[87: THIN_GLASS]"/>
  <testcase time="0" classname="org.bukkit.PerMaterialTest" name="isRecord[87: THIN_GLASS]"/>
  <testcase time="0" classname="org.bukkit.PerMaterialTest" name="isFlammable[87: THIN_GLASS]"/>
  <testcase time="0" classname="org.bukkit.PerMaterialTest" name="maxStackSize[87: THIN_GLASS]"/>
  <testcase time="0" classname="org.bukkit.PerMaterialTest" name="isTransparent[87: THIN_GLASS]"/>
  <testcase time="0" classname="org.bukkit.PerMaterialTest" name="isSolid[87: THIN_GLASS]"/>
  <testcase time="0" classname="org.bukkit.PerMaterialTest" name="hasGravity[88: MELON_BLOCK]"/>
  <testcase time="0" classname="org.bukkit.PerMaterialTest" name="isBurnable[88: MELON_BLOCK]"/>
  <testcase time="0" classname="org.bukkit.PerMaterialTest" name="isEdible[88: MELON_BLOCK]"/>
  <testcase time="0" classname="org.bukkit.PerMaterialTest" name="maxDurability[88: MELON_BLOCK]"/>
  <testcase time="0" classname="org.bukkit.PerMaterialTest" name="isOccluding[88: MELON_BLOCK]"/>
  <testcase time="0.001" classname="org.bukkit.PerMaterialTest" name="isRecord[88: MELON_BLOCK]"/>
  <testcase time="0" classname="org.bukkit.PerMaterialTest" name="isFlammable[88: MELON_BLOCK]"/>
  <testcase time="0" classname="org.bukkit.PerMaterialTest" name="maxStackSize[88: MELON_BLOCK]"/>
  <testcase time="0" classname="org.bukkit.PerMaterialTest" name="isTransparent[88: MELON_BLOCK]"/>
  <testcase time="0" classname="org.bukkit.PerMaterialTest" name="isSolid[88: MELON_BLOCK]"/>
  <testcase time="0" classname="org.bukkit.PerMaterialTest" name="hasGravity[89: VINE]"/>
  <testcase time="0" classname="org.bukkit.PerMaterialTest" name="isBurnable[89: VINE]"/>
  <testcase time="0" classname="org.bukkit.PerMaterialTest" name="isEdible[89: VINE]"/>
  <testcase time="0" classname="org.bukkit.PerMaterialTest" name="maxDurability[89: VINE]"/>
  <testcase time="0" classname="org.bukkit.PerMaterialTest" name="isOccluding[89: VINE]"/>
  <testcase time="0" classname="org.bukkit.PerMaterialTest" name="isRecord[89: VINE]"/>
  <testcase time="0" classname="org.bukkit.PerMaterialTest" name="isFlammable[89: VINE]"/>
  <testcase time="0" classname="org.bukkit.PerMaterialTest" name="maxStackSize[89: VINE]"/>
  <testcase time="0" classname="org.bukkit.PerMaterialTest" name="isTransparent[89: VINE]"/>
  <testcase time="0" classname="org.bukkit.PerMaterialTest" name="isSolid[89: VINE]"/>
  <testcase time="0" classname="org.bukkit.PerMaterialTest" name="hasGravity[90: FENCE_GATE]"/>
  <testcase time="0" classname="org.bukkit.PerMaterialTest" name="isBurnable[90: FENCE_GATE]"/>
  <testcase time="0" classname="org.bukkit.PerMaterialTest" name="isEdible[90: FENCE_GATE]"/>
  <testcase time="0" classname="org.bukkit.PerMaterialTest" name="maxDurability[90: FENCE_GATE]"/>
  <testcase time="0" classname="org.bukkit.PerMaterialTest" name="isOccluding[90: FENCE_GATE]"/>
  <testcase time="0" classname="org.bukkit.PerMaterialTest" name="isRecord[90: FENCE_GATE]"/>
  <testcase time="0" classname="org.bukkit.PerMaterialTest" name="isFlammable[90: FENCE_GATE]"/>
  <testcase time="0" classname="org.bukkit.PerMaterialTest" name="maxStackSize[90: FENCE_GATE]"/>
  <testcase time="0" classname="org.bukkit.PerMaterialTest" name="isTransparent[90: FENCE_GATE]"/>
  <testcase time="0" classname="org.bukkit.PerMaterialTest" name="isSolid[90: FENCE_GATE]"/>
  <testcase time="0" classname="org.bukkit.PerMaterialTest" name="hasGravity[91: BRICK_STAIRS]"/>
  <testcase time="0" classname="org.bukkit.PerMaterialTest" name="isBurnable[91: BRICK_STAIRS]"/>
  <testcase time="0" classname="org.bukkit.PerMaterialTest" name="isEdible[91: BRICK_STAIRS]"/>
  <testcase time="0" classname="org.bukkit.PerMaterialTest" name="maxDurability[91: BRICK_STAIRS]"/>
  <testcase time="0" classname="org.bukkit.PerMaterialTest" name="isOccluding[91: BRICK_STAIRS]"/>
  <testcase time="0" classname="org.bukkit.PerMaterialTest" name="isRecord[91: BRICK_STAIRS]"/>
  <testcase time="0" classname="org.bukkit.PerMaterialTest" name="isFlammable[91: BRICK_STAIRS]"/>
  <testcase time="0" classname="org.bukkit.PerMaterialTest" name="maxStackSize[91: BRICK_STAIRS]"/>
  <testcase time="0" classname="org.bukkit.PerMaterialTest" name="isTransparent[91: BRICK_STAIRS]"/>
  <testcase time="0" classname="org.bukkit.PerMaterialTest" name="isSolid[91: BRICK_STAIRS]"/>
  <testcase time="0" classname="org.bukkit.PerMaterialTest" name="hasGravity[92: SMOOTH_STAIRS]"/>
  <testcase time="0" classname="org.bukkit.PerMaterialTest" name="isBurnable[92: SMOOTH_STAIRS]"/>
  <testcase time="0" classname="org.bukkit.PerMaterialTest" name="isEdible[92: SMOOTH_STAIRS]"/>
  <testcase time="0.001" classname="org.bukkit.PerMaterialTest" name="maxDurability[92: SMOOTH_STAIRS]"/>
  <testcase time="0" classname="org.bukkit.PerMaterialTest" name="isOccluding[92: SMOOTH_STAIRS]"/>
  <testcase time="0" classname="org.bukkit.PerMaterialTest" name="isRecord[92: SMOOTH_STAIRS]"/>
  <testcase time="0" classname="org.bukkit.PerMaterialTest" name="isFlammable[92: SMOOTH_STAIRS]"/>
  <testcase time="0" classname="org.bukkit.PerMaterialTest" name="maxStackSize[92: SMOOTH_STAIRS]"/>
  <testcase time="0" classname="org.bukkit.PerMaterialTest" name="isTransparent[92: SMOOTH_STAIRS]"/>
  <testcase time="0" classname="org.bukkit.PerMaterialTest" name="isSolid[92: SMOOTH_STAIRS]"/>
  <testcase time="0" classname="org.bukkit.PerMaterialTest" name="hasGravity[93: MYCEL]"/>
  <testcase time="0" classname="org.bukkit.PerMaterialTest" name="isBurnable[93: MYCEL]"/>
  <testcase time="0" classname="org.bukkit.PerMaterialTest" name="isEdible[93: MYCEL]"/>
  <testcase time="0" classname="org.bukkit.PerMaterialTest" name="maxDurability[93: MYCEL]"/>
  <testcase time="0" classname="org.bukkit.PerMaterialTest" name="isOccluding[93: MYCEL]"/>
  <testcase time="0" classname="org.bukkit.PerMaterialTest" name="isRecord[93: MYCEL]"/>
  <testcase time="0" classname="org.bukkit.PerMaterialTest" name="isFlammable[93: MYCEL]"/>
  <testcase time="0" classname="org.bukkit.PerMaterialTest" name="maxStackSize[93: MYCEL]"/>
  <testcase time="0" classname="org.bukkit.PerMaterialTest" name="isTransparent[93: MYCEL]"/>
  <testcase time="0" classname="org.bukkit.PerMaterialTest" name="isSolid[93: MYCEL]"/>
  <testcase time="0" classname="org.bukkit.PerMaterialTest" name="hasGravity[94: WATER_LILY]"/>
  <testcase time="0.001" classname="org.bukkit.PerMaterialTest" name="isBurnable[94: WATER_LILY]"/>
  <testcase time="0" classname="org.bukkit.PerMaterialTest" name="isEdible[94: WATER_LILY]"/>
  <testcase time="0" classname="org.bukkit.PerMaterialTest" name="maxDurability[94: WATER_LILY]"/>
  <testcase time="0" classname="org.bukkit.PerMaterialTest" name="isOccluding[94: WATER_LILY]"/>
  <testcase time="0" classname="org.bukkit.PerMaterialTest" name="isRecord[94: WATER_LILY]"/>
  <testcase time="0" classname="org.bukkit.PerMaterialTest" name="isFlammable[94: WATER_LILY]"/>
  <testcase time="0" classname="org.bukkit.PerMaterialTest" name="maxStackSize[94: WATER_LILY]"/>
  <testcase time="0" classname="org.bukkit.PerMaterialTest" name="isTransparent[94: WATER_LILY]"/>
  <testcase time="0" classname="org.bukkit.PerMaterialTest" name="isSolid[94: WATER_LILY]"/>
  <testcase time="0" classname="org.bukkit.PerMaterialTest" name="hasGravity[95: NETHER_BRICK]"/>
  <testcase time="0" classname="org.bukkit.PerMaterialTest" name="isBurnable[95: NETHER_BRICK]"/>
  <testcase time="0" classname="org.bukkit.PerMaterialTest" name="isEdible[95: NETHER_BRICK]"/>
  <testcase time="0" classname="org.bukkit.PerMaterialTest" name="maxDurability[95: NETHER_BRICK]"/>
  <testcase time="0" classname="org.bukkit.PerMaterialTest" name="isOccluding[95: NETHER_BRICK]"/>
  <testcase time="0" classname="org.bukkit.PerMaterialTest" name="isRecord[95: NETHER_BRICK]"/>
  <testcase time="0" classname="org.bukkit.PerMaterialTest" name="isFlammable[95: NETHER_BRICK]"/>
  <testcase time="0" classname="org.bukkit.PerMaterialTest" name="maxStackSize[95: NETHER_BRICK]"/>
  <testcase time="0" classname="org.bukkit.PerMaterialTest" name="isTransparent[95: NETHER_BRICK]"/>
  <testcase time="0.001" classname="org.bukkit.PerMaterialTest" name="isSolid[95: NETHER_BRICK]"/>
  <testcase time="0" classname="org.bukkit.PerMaterialTest" name="hasGravity[96: NETHER_FENCE]"/>
  <testcase time="0" classname="org.bukkit.PerMaterialTest" name="isBurnable[96: NETHER_FENCE]"/>
  <testcase time="0" classname="org.bukkit.PerMaterialTest" name="isEdible[96: NETHER_FENCE]"/>
  <testcase time="0" classname="org.bukkit.PerMaterialTest" name="maxDurability[96: NETHER_FENCE]"/>
  <testcase time="0" classname="org.bukkit.PerMaterialTest" name="isOccluding[96: NETHER_FENCE]"/>
  <testcase time="0" classname="org.bukkit.PerMaterialTest" name="isRecord[96: NETHER_FENCE]"/>
  <testcase time="0" classname="org.bukkit.PerMaterialTest" name="isFlammable[96: NETHER_FENCE]"/>
  <testcase time="0" classname="org.bukkit.PerMaterialTest" name="maxStackSize[96: NETHER_FENCE]"/>
  <testcase time="0.001" classname="org.bukkit.PerMaterialTest" name="isTransparent[96: NETHER_FENCE]"/>
  <testcase time="0" classname="org.bukkit.PerMaterialTest" name="isSolid[96: NETHER_FENCE]"/>
  <testcase time="0" classname="org.bukkit.PerMaterialTest" name="hasGravity[97: NETHER_BRICK_STAIRS]"/>
  <testcase time="0" classname="org.bukkit.PerMaterialTest" name="isBurnable[97: NETHER_BRICK_STAIRS]"/>
  <testcase time="0" classname="org.bukkit.PerMaterialTest" name="isEdible[97: NETHER_BRICK_STAIRS]"/>
  <testcase time="0" classname="org.bukkit.PerMaterialTest" name="maxDurability[97: NETHER_BRICK_STAIRS]"/>
  <testcase time="0" classname="org.bukkit.PerMaterialTest" name="isOccluding[97: NETHER_BRICK_STAIRS]"/>
  <testcase time="0" classname="org.bukkit.PerMaterialTest" name="isRecord[97: NETHER_BRICK_STAIRS]"/>
  <testcase time="0" classname="org.bukkit.PerMaterialTest" name="isFlammable[97: NETHER_BRICK_STAIRS]"/>
  <testcase time="0" classname="org.bukkit.PerMaterialTest" name="maxStackSize[97: NETHER_BRICK_STAIRS]"/>
  <testcase time="0" classname="org.bukkit.PerMaterialTest" name="isTransparent[97: NETHER_BRICK_STAIRS]"/>
  <testcase time="0" classname="org.bukkit.PerMaterialTest" name="isSolid[97: NETHER_BRICK_STAIRS]"/>
  <testcase time="0" classname="org.bukkit.PerMaterialTest" name="hasGravity[98: ENCHANTMENT_TABLE]"/>
  <testcase time="0" classname="org.bukkit.PerMaterialTest" name="isBurnable[98: ENCHANTMENT_TABLE]"/>
  <testcase time="0" classname="org.bukkit.PerMaterialTest" name="isEdible[98: ENCHANTMENT_TABLE]"/>
  <testcase time="0" classname="org.bukkit.PerMaterialTest" name="maxDurability[98: ENCHANTMENT_TABLE]"/>
  <testcase time="0" classname="org.bukkit.PerMaterialTest" name="isOccluding[98: ENCHANTMENT_TABLE]"/>
  <testcase time="0" classname="org.bukkit.PerMaterialTest" name="isRecord[98: ENCHANTMENT_TABLE]"/>
  <testcase time="0" classname="org.bukkit.PerMaterialTest" name="isFlammable[98: ENCHANTMENT_TABLE]"/>
  <testcase time="0" classname="org.bukkit.PerMaterialTest" name="maxStackSize[98: ENCHANTMENT_TABLE]"/>
  <testcase time="0" classname="org.bukkit.PerMaterialTest" name="isTransparent[98: ENCHANTMENT_TABLE]"/>
  <testcase time="0" classname="org.bukkit.PerMaterialTest" name="isSolid[98: ENCHANTMENT_TABLE]"/>
  <testcase time="0" classname="org.bukkit.PerMaterialTest" name="hasGravity[99: ENDER_PORTAL]"/>
  <testcase time="0" classname="org.bukkit.PerMaterialTest" name="isBurnable[99: ENDER_PORTAL]"/>
  <testcase time="0" classname="org.bukkit.PerMaterialTest" name="isEdible[99: ENDER_PORTAL]"/>
  <testcase time="0" classname="org.bukkit.PerMaterialTest" name="maxDurability[99: ENDER_PORTAL]"/>
  <testcase time="0" classname="org.bukkit.PerMaterialTest" name="isOccluding[99: ENDER_PORTAL]"/>
  <testcase time="0.001" classname="org.bukkit.PerMaterialTest" name="isRecord[99: ENDER_PORTAL]"/>
  <testcase time="0" classname="org.bukkit.PerMaterialTest" name="isFlammable[99: ENDER_PORTAL]"/>
  <testcase time="0" classname="org.bukkit.PerMaterialTest" name="maxStackSize[99: ENDER_PORTAL]"/>
  <testcase time="0" classname="org.bukkit.PerMaterialTest" name="isTransparent[99: ENDER_PORTAL]"/>
  <testcase time="0" classname="org.bukkit.PerMaterialTest" name="isSolid[99: ENDER_PORTAL]"/>
  <testcase time="0" classname="org.bukkit.PerMaterialTest" name="hasGravity[100: ENDER_PORTAL_FRAME]"/>
  <testcase time="0" classname="org.bukkit.PerMaterialTest" name="isBurnable[100: ENDER_PORTAL_FRAME]"/>
  <testcase time="0" classname="org.bukkit.PerMaterialTest" name="isEdible[100: ENDER_PORTAL_FRAME]"/>
  <testcase time="0" classname="org.bukkit.PerMaterialTest" name="maxDurability[100: ENDER_PORTAL_FRAME]"/>
  <testcase time="0" classname="org.bukkit.PerMaterialTest" name="isOccluding[100: ENDER_PORTAL_FRAME]"/>
  <testcase time="0.001" classname="org.bukkit.PerMaterialTest" name="isRecord[100: ENDER_PORTAL_FRAME]"/>
  <testcase time="0" classname="org.bukkit.PerMaterialTest" name="isFlammable[100: ENDER_PORTAL_FRAME]"/>
  <testcase time="0" classname="org.bukkit.PerMaterialTest" name="maxStackSize[100: ENDER_PORTAL_FRAME]"/>
  <testcase time="0" classname="org.bukkit.PerMaterialTest" name="isTransparent[100: ENDER_PORTAL_FRAME]"/>
  <testcase time="0" classname="org.bukkit.PerMaterialTest" name="isSolid[100: ENDER_PORTAL_FRAME]"/>
  <testcase time="0" classname="org.bukkit.PerMaterialTest" name="hasGravity[101: ENDER_STONE]"/>
  <testcase time="0" classname="org.bukkit.PerMaterialTest" name="isBurnable[101: ENDER_STONE]"/>
  <testcase time="0" classname="org.bukkit.PerMaterialTest" name="isEdible[101: ENDER_STONE]"/>
  <testcase time="0" classname="org.bukkit.PerMaterialTest" name="maxDurability[101: ENDER_STONE]"/>
  <testcase time="0" classname="org.bukkit.PerMaterialTest" name="isOccluding[101: ENDER_STONE]"/>
  <testcase time="0.001" classname="org.bukkit.PerMaterialTest" name="isRecord[101: ENDER_STONE]"/>
  <testcase time="0" classname="org.bukkit.PerMaterialTest" name="isFlammable[101: ENDER_STONE]"/>
  <testcase time="0" classname="org.bukkit.PerMaterialTest" name="maxStackSize[101: ENDER_STONE]"/>
  <testcase time="0" classname="org.bukkit.PerMaterialTest" name="isTransparent[101: ENDER_STONE]"/>
  <testcase time="0" classname="org.bukkit.PerMaterialTest" name="isSolid[101: ENDER_STONE]"/>
  <testcase time="0" classname="org.bukkit.PerMaterialTest" name="hasGravity[102: DRAGON_EGG]"/>
  <testcase time="0" classname="org.bukkit.PerMaterialTest" name="isBurnable[102: DRAGON_EGG]"/>
  <testcase time="0" classname="org.bukkit.PerMaterialTest" name="isEdible[102: DRAGON_EGG]"/>
  <testcase time="0" classname="org.bukkit.PerMaterialTest" name="maxDurability[102: DRAGON_EGG]"/>
  <testcase time="0" classname="org.bukkit.PerMaterialTest" name="isOccluding[102: DRAGON_EGG]"/>
  <testcase time="0" classname="org.bukkit.PerMaterialTest" name="isRecord[102: DRAGON_EGG]"/>
  <testcase time="0" classname="org.bukkit.PerMaterialTest" name="isFlammable[102: DRAGON_EGG]"/>
  <testcase time="0" classname="org.bukkit.PerMaterialTest" name="maxStackSize[102: DRAGON_EGG]"/>
  <testcase time="0" classname="org.bukkit.PerMaterialTest" name="isTransparent[102: DRAGON_EGG]"/>
  <testcase time="0" classname="org.bukkit.PerMaterialTest" name="isSolid[102: DRAGON_EGG]"/>
  <testcase time="0" classname="org.bukkit.PerMaterialTest" name="hasGravity[103: REDSTONE_LAMP_OFF]"/>
  <testcase time="0" classname="org.bukkit.PerMaterialTest" name="isBurnable[103: REDSTONE_LAMP_OFF]"/>
  <testcase time="0" classname="org.bukkit.PerMaterialTest" name="isEdible[103: REDSTONE_LAMP_OFF]"/>
  <testcase time="0" classname="org.bukkit.PerMaterialTest" name="maxDurability[103: REDSTONE_LAMP_OFF]"/>
  <testcase time="0" classname="org.bukkit.PerMaterialTest" name="isOccluding[103: REDSTONE_LAMP_OFF]"/>
  <testcase time="0" classname="org.bukkit.PerMaterialTest" name="isRecord[103: REDSTONE_LAMP_OFF]"/>
  <testcase time="0" classname="org.bukkit.PerMaterialTest" name="isFlammable[103: REDSTONE_LAMP_OFF]"/>
  <testcase time="0" classname="org.bukkit.PerMaterialTest" name="maxStackSize[103: REDSTONE_LAMP_OFF]"/>
  <testcase time="0" classname="org.bukkit.PerMaterialTest" name="isTransparent[103: REDSTONE_LAMP_OFF]"/>
  <testcase time="0" classname="org.bukkit.PerMaterialTest" name="isSolid[103: REDSTONE_LAMP_OFF]"/>
  <testcase time="0" classname="org.bukkit.PerMaterialTest" name="hasGravity[104: WOOD_DOUBLE_STEP]"/>
  <testcase time="0" classname="org.bukkit.PerMaterialTest" name="isBurnable[104: WOOD_DOUBLE_STEP]"/>
  <testcase time="0" classname="org.bukkit.PerMaterialTest" name="isEdible[104: WOOD_DOUBLE_STEP]"/>
  <testcase time="0" classname="org.bukkit.PerMaterialTest" name="maxDurability[104: WOOD_DOUBLE_STEP]"/>
  <testcase time="0" classname="org.bukkit.PerMaterialTest" name="isOccluding[104: WOOD_DOUBLE_STEP]"/>
  <testcase time="0" classname="org.bukkit.PerMaterialTest" name="isRecord[104: WOOD_DOUBLE_STEP]"/>
  <testcase time="0" classname="org.bukkit.PerMaterialTest" name="isFlammable[104: WOOD_DOUBLE_STEP]"/>
  <testcase time="0" classname="org.bukkit.PerMaterialTest" name="maxStackSize[104: WOOD_DOUBLE_STEP]"/>
  <testcase time="0" classname="org.bukkit.PerMaterialTest" name="isTransparent[104: WOOD_DOUBLE_STEP]"/>
  <testcase time="0" classname="org.bukkit.PerMaterialTest" name="isSolid[104: WOOD_DOUBLE_STEP]"/>
  <testcase time="0" classname="org.bukkit.PerMaterialTest" name="hasGravity[105: WOOD_STEP]"/>
  <testcase time="0" classname="org.bukkit.PerMaterialTest" name="isBurnable[105: WOOD_STEP]"/>
  <testcase time="0" classname="org.bukkit.PerMaterialTest" name="isEdible[105: WOOD_STEP]"/>
  <testcase time="0" classname="org.bukkit.PerMaterialTest" name="maxDurability[105: WOOD_STEP]"/>
  <testcase time="0" classname="org.bukkit.PerMaterialTest" name="isOccluding[105: WOOD_STEP]"/>
  <testcase time="0" classname="org.bukkit.PerMaterialTest" name="isRecord[105: WOOD_STEP]"/>
  <testcase time="0" classname="org.bukkit.PerMaterialTest" name="isFlammable[105: WOOD_STEP]"/>
  <testcase time="0" classname="org.bukkit.PerMaterialTest" name="maxStackSize[105: WOOD_STEP]"/>
  <testcase time="0" classname="org.bukkit.PerMaterialTest" name="isTransparent[105: WOOD_STEP]"/>
  <testcase time="0" classname="org.bukkit.PerMaterialTest" name="isSolid[105: WOOD_STEP]"/>
  <testcase time="0" classname="org.bukkit.PerMaterialTest" name="hasGravity[106: COCOA]"/>
  <testcase time="0" classname="org.bukkit.PerMaterialTest" name="isBurnable[106: COCOA]"/>
  <testcase time="0" classname="org.bukkit.PerMaterialTest" name="isEdible[106: COCOA]"/>
  <testcase time="0" classname="org.bukkit.PerMaterialTest" name="maxDurability[106: COCOA]"/>
  <testcase time="0" classname="org.bukkit.PerMaterialTest" name="isOccluding[106: COCOA]"/>
  <testcase time="0" classname="org.bukkit.PerMaterialTest" name="isRecord[106: COCOA]"/>
  <testcase time="0" classname="org.bukkit.PerMaterialTest" name="isFlammable[106: COCOA]"/>
  <testcase time="0" classname="org.bukkit.PerMaterialTest" name="maxStackSize[106: COCOA]"/>
  <testcase time="0" classname="org.bukkit.PerMaterialTest" name="isTransparent[106: COCOA]"/>
  <testcase time="0" classname="org.bukkit.PerMaterialTest" name="isSolid[106: COCOA]"/>
  <testcase time="0" classname="org.bukkit.PerMaterialTest" name="hasGravity[107: SANDSTONE_STAIRS]"/>
  <testcase time="0" classname="org.bukkit.PerMaterialTest" name="isBurnable[107: SANDSTONE_STAIRS]"/>
  <testcase time="0" classname="org.bukkit.PerMaterialTest" name="isEdible[107: SANDSTONE_STAIRS]"/>
  <testcase time="0" classname="org.bukkit.PerMaterialTest" name="maxDurability[107: SANDSTONE_STAIRS]"/>
  <testcase time="0" classname="org.bukkit.PerMaterialTest" name="isOccluding[107: SANDSTONE_STAIRS]"/>
  <testcase time="0" classname="org.bukkit.PerMaterialTest" name="isRecord[107: SANDSTONE_STAIRS]"/>
  <testcase time="0" classname="org.bukkit.PerMaterialTest" name="isFlammable[107: SANDSTONE_STAIRS]"/>
  <testcase time="0" classname="org.bukkit.PerMaterialTest" name="maxStackSize[107: SANDSTONE_STAIRS]"/>
  <testcase time="0" classname="org.bukkit.PerMaterialTest" name="isTransparent[107: SANDSTONE_STAIRS]"/>
  <testcase time="0" classname="org.bukkit.PerMaterialTest" name="isSolid[107: SANDSTONE_STAIRS]"/>
  <testcase time="0" classname="org.bukkit.PerMaterialTest" name="hasGravity[108: EMERALD_ORE]"/>
  <testcase time="0" classname="org.bukkit.PerMaterialTest" name="isBurnable[108: EMERALD_ORE]"/>
  <testcase time="0" classname="org.bukkit.PerMaterialTest" name="isEdible[108: EMERALD_ORE]"/>
  <testcase time="0" classname="org.bukkit.PerMaterialTest" name="maxDurability[108: EMERALD_ORE]"/>
  <testcase time="0" classname="org.bukkit.PerMaterialTest" name="isOccluding[108: EMERALD_ORE]"/>
  <testcase time="0" classname="org.bukkit.PerMaterialTest" name="isRecord[108: EMERALD_ORE]"/>
  <testcase time="0" classname="org.bukkit.PerMaterialTest" name="isFlammable[108: EMERALD_ORE]"/>
  <testcase time="0" classname="org.bukkit.PerMaterialTest" name="maxStackSize[108: EMERALD_ORE]"/>
  <testcase time="0" classname="org.bukkit.PerMaterialTest" name="isTransparent[108: EMERALD_ORE]"/>
  <testcase time="0" classname="org.bukkit.PerMaterialTest" name="isSolid[108: EMERALD_ORE]"/>
  <testcase time="0" classname="org.bukkit.PerMaterialTest" name="hasGravity[109: ENDER_CHEST]"/>
  <testcase time="0" classname="org.bukkit.PerMaterialTest" name="isBurnable[109: ENDER_CHEST]"/>
  <testcase time="0" classname="org.bukkit.PerMaterialTest" name="isEdible[109: ENDER_CHEST]"/>
  <testcase time="0" classname="org.bukkit.PerMaterialTest" name="maxDurability[109: ENDER_CHEST]"/>
  <testcase time="0" classname="org.bukkit.PerMaterialTest" name="isOccluding[109: ENDER_CHEST]"/>
  <testcase time="0" classname="org.bukkit.PerMaterialTest" name="isRecord[109: ENDER_CHEST]"/>
  <testcase time="0" classname="org.bukkit.PerMaterialTest" name="isFlammable[109: ENDER_CHEST]"/>
  <testcase time="0" classname="org.bukkit.PerMaterialTest" name="maxStackSize[109: ENDER_CHEST]"/>
  <testcase time="0" classname="org.bukkit.PerMaterialTest" name="isTransparent[109: ENDER_CHEST]"/>
  <testcase time="0" classname="org.bukkit.PerMaterialTest" name="isSolid[109: ENDER_CHEST]"/>
  <testcase time="0" classname="org.bukkit.PerMaterialTest" name="hasGravity[110: TRIPWIRE_HOOK]"/>
  <testcase time="0" classname="org.bukkit.PerMaterialTest" name="isBurnable[110: TRIPWIRE_HOOK]"/>
  <testcase time="0" classname="org.bukkit.PerMaterialTest" name="isEdible[110: TRIPWIRE_HOOK]"/>
  <testcase time="0" classname="org.bukkit.PerMaterialTest" name="maxDurability[110: TRIPWIRE_HOOK]"/>
  <testcase time="0" classname="org.bukkit.PerMaterialTest" name="isOccluding[110: TRIPWIRE_HOOK]"/>
  <testcase time="0" classname="org.bukkit.PerMaterialTest" name="isRecord[110: TRIPWIRE_HOOK]"/>
  <testcase time="0" classname="org.bukkit.PerMaterialTest" name="isFlammable[110: TRIPWIRE_HOOK]"/>
  <testcase time="0" classname="org.bukkit.PerMaterialTest" name="maxStackSize[110: TRIPWIRE_HOOK]"/>
  <testcase time="0" classname="org.bukkit.PerMaterialTest" name="isTransparent[110: TRIPWIRE_HOOK]"/>
  <testcase time="0" classname="org.bukkit.PerMaterialTest" name="isSolid[110: TRIPWIRE_HOOK]"/>
  <testcase time="0" classname="org.bukkit.PerMaterialTest" name="hasGravity[111: EMERALD_BLOCK]"/>
  <testcase time="0" classname="org.bukkit.PerMaterialTest" name="isBurnable[111: EMERALD_BLOCK]"/>
  <testcase time="0" classname="org.bukkit.PerMaterialTest" name="isEdible[111: EMERALD_BLOCK]"/>
  <testcase time="0" classname="org.bukkit.PerMaterialTest" name="maxDurability[111: EMERALD_BLOCK]"/>
  <testcase time="0" classname="org.bukkit.PerMaterialTest" name="isOccluding[111: EMERALD_BLOCK]"/>
  <testcase time="0" classname="org.bukkit.PerMaterialTest" name="isRecord[111: EMERALD_BLOCK]"/>
  <testcase time="0" classname="org.bukkit.PerMaterialTest" name="isFlammable[111: EMERALD_BLOCK]"/>
  <testcase time="0" classname="org.bukkit.PerMaterialTest" name="maxStackSize[111: EMERALD_BLOCK]"/>
  <testcase time="0" classname="org.bukkit.PerMaterialTest" name="isTransparent[111: EMERALD_BLOCK]"/>
  <testcase time="0" classname="org.bukkit.PerMaterialTest" name="isSolid[111: EMERALD_BLOCK]"/>
  <testcase time="0" classname="org.bukkit.PerMaterialTest" name="hasGravity[112: SPRUCE_WOOD_STAIRS]"/>
  <testcase time="0" classname="org.bukkit.PerMaterialTest" name="isBurnable[112: SPRUCE_WOOD_STAIRS]"/>
  <testcase time="0" classname="org.bukkit.PerMaterialTest" name="isEdible[112: SPRUCE_WOOD_STAIRS]"/>
  <testcase time="0" classname="org.bukkit.PerMaterialTest" name="maxDurability[112: SPRUCE_WOOD_STAIRS]"/>
  <testcase time="0" classname="org.bukkit.PerMaterialTest" name="isOccluding[112: SPRUCE_WOOD_STAIRS]"/>
  <testcase time="0" classname="org.bukkit.PerMaterialTest" name="isRecord[112: SPRUCE_WOOD_STAIRS]"/>
  <testcase time="0" classname="org.bukkit.PerMaterialTest" name="isFlammable[112: SPRUCE_WOOD_STAIRS]"/>
  <testcase time="0" classname="org.bukkit.PerMaterialTest" name="maxStackSize[112: SPRUCE_WOOD_STAIRS]"/>
  <testcase time="0" classname="org.bukkit.PerMaterialTest" name="isTransparent[112: SPRUCE_WOOD_STAIRS]"/>
  <testcase time="0" classname="org.bukkit.PerMaterialTest" name="isSolid[112: SPRUCE_WOOD_STAIRS]"/>
  <testcase time="0" classname="org.bukkit.PerMaterialTest" name="hasGravity[113: BIRCH_WOOD_STAIRS]"/>
  <testcase time="0" classname="org.bukkit.PerMaterialTest" name="isBurnable[113: BIRCH_WOOD_STAIRS]"/>
  <testcase time="0" classname="org.bukkit.PerMaterialTest" name="isEdible[113: BIRCH_WOOD_STAIRS]"/>
  <testcase time="0" classname="org.bukkit.PerMaterialTest" name="maxDurability[113: BIRCH_WOOD_STAIRS]"/>
  <testcase time="0" classname="org.bukkit.PerMaterialTest" name="isOccluding[113: BIRCH_WOOD_STAIRS]"/>
  <testcase time="0" classname="org.bukkit.PerMaterialTest" name="isRecord[113: BIRCH_WOOD_STAIRS]"/>
  <testcase time="0" classname="org.bukkit.PerMaterialTest" name="isFlammable[113: BIRCH_WOOD_STAIRS]"/>
  <testcase time="0" classname="org.bukkit.PerMaterialTest" name="maxStackSize[113: BIRCH_WOOD_STAIRS]"/>
  <testcase time="0" classname="org.bukkit.PerMaterialTest" name="isTransparent[113: BIRCH_WOOD_STAIRS]"/>
  <testcase time="0" classname="org.bukkit.PerMaterialTest" name="isSolid[113: BIRCH_WOOD_STAIRS]"/>
  <testcase time="0" classname="org.bukkit.PerMaterialTest" name="hasGravity[114: JUNGLE_WOOD_STAIRS]"/>
  <testcase time="0" classname="org.bukkit.PerMaterialTest" name="isBurnable[114: JUNGLE_WOOD_STAIRS]"/>
  <testcase time="0" classname="org.bukkit.PerMaterialTest" name="isEdible[114: JUNGLE_WOOD_STAIRS]"/>
  <testcase time="0" classname="org.bukkit.PerMaterialTest" name="maxDurability[114: JUNGLE_WOOD_STAIRS]"/>
  <testcase time="0" classname="org.bukkit.PerMaterialTest" name="isOccluding[114: JUNGLE_WOOD_STAIRS]"/>
  <testcase time="0" classname="org.bukkit.PerMaterialTest" name="isRecord[114: JUNGLE_WOOD_STAIRS]"/>
  <testcase time="0" classname="org.bukkit.PerMaterialTest" name="isFlammable[114: JUNGLE_WOOD_STAIRS]"/>
  <testcase time="0" classname="org.bukkit.PerMaterialTest" name="maxStackSize[114: JUNGLE_WOOD_STAIRS]"/>
  <testcase time="0" classname="org.bukkit.PerMaterialTest" name="isTransparent[114: JUNGLE_WOOD_STAIRS]"/>
  <testcase time="0" classname="org.bukkit.PerMaterialTest" name="isSolid[114: JUNGLE_WOOD_STAIRS]"/>
  <testcase time="0" classname="org.bukkit.PerMaterialTest" name="hasGravity[115: COMMAND]"/>
  <testcase time="0" classname="org.bukkit.PerMaterialTest" name="isBurnable[115: COMMAND]"/>
  <testcase time="0" classname="org.bukkit.PerMaterialTest" name="isEdible[115: COMMAND]"/>
  <testcase time="0" classname="org.bukkit.PerMaterialTest" name="maxDurability[115: COMMAND]"/>
  <testcase time="0" classname="org.bukkit.PerMaterialTest" name="isOccluding[115: COMMAND]"/>
  <testcase time="0" classname="org.bukkit.PerMaterialTest" name="isRecord[115: COMMAND]"/>
  <testcase time="0" classname="org.bukkit.PerMaterialTest" name="isFlammable[115: COMMAND]"/>
  <testcase time="0" classname="org.bukkit.PerMaterialTest" name="maxStackSize[115: COMMAND]"/>
  <testcase time="0" classname="org.bukkit.PerMaterialTest" name="isTransparent[115: COMMAND]"/>
  <testcase time="0" classname="org.bukkit.PerMaterialTest" name="isSolid[115: COMMAND]"/>
  <testcase time="0" classname="org.bukkit.PerMaterialTest" name="hasGravity[116: BEACON]"/>
  <testcase time="0" classname="org.bukkit.PerMaterialTest" name="isBurnable[116: BEACON]"/>
  <testcase time="0" classname="org.bukkit.PerMaterialTest" name="isEdible[116: BEACON]"/>
  <testcase time="0" classname="org.bukkit.PerMaterialTest" name="maxDurability[116: BEACON]"/>
  <testcase time="0" classname="org.bukkit.PerMaterialTest" name="isOccluding[116: BEACON]"/>
  <testcase time="0" classname="org.bukkit.PerMaterialTest" name="isRecord[116: BEACON]"/>
  <testcase time="0" classname="org.bukkit.PerMaterialTest" name="isFlammable[116: BEACON]"/>
  <testcase time="0" classname="org.bukkit.PerMaterialTest" name="maxStackSize[116: BEACON]"/>
  <testcase time="0" classname="org.bukkit.PerMaterialTest" name="isTransparent[116: BEACON]"/>
  <testcase time="0" classname="org.bukkit.PerMaterialTest" name="isSolid[116: BEACON]"/>
  <testcase time="0" classname="org.bukkit.PerMaterialTest" name="hasGravity[117: COBBLE_WALL]"/>
  <testcase time="0" classname="org.bukkit.PerMaterialTest" name="isBurnable[117: COBBLE_WALL]"/>
  <testcase time="0" classname="org.bukkit.PerMaterialTest" name="isEdible[117: COBBLE_WALL]"/>
  <testcase time="0" classname="org.bukkit.PerMaterialTest" name="maxDurability[117: COBBLE_WALL]"/>
  <testcase time="0" classname="org.bukkit.PerMaterialTest" name="isOccluding[117: COBBLE_WALL]"/>
  <testcase time="0" classname="org.bukkit.PerMaterialTest" name="isRecord[117: COBBLE_WALL]"/>
  <testcase time="0" classname="org.bukkit.PerMaterialTest" name="isFlammable[117: COBBLE_WALL]"/>
  <testcase time="0" classname="org.bukkit.PerMaterialTest" name="maxStackSize[117: COBBLE_WALL]"/>
  <testcase time="0" classname="org.bukkit.PerMaterialTest" name="isTransparent[117: COBBLE_WALL]"/>
  <testcase time="0" classname="org.bukkit.PerMaterialTest" name="isSolid[117: COBBLE_WALL]"/>
  <testcase time="0" classname="org.bukkit.PerMaterialTest" name="hasGravity[118: CARROT]"/>
  <testcase time="0" classname="org.bukkit.PerMaterialTest" name="isBurnable[118: CARROT]"/>
  <testcase time="0" classname="org.bukkit.PerMaterialTest" name="isEdible[118: CARROT]"/>
  <testcase time="0" classname="org.bukkit.PerMaterialTest" name="maxDurability[118: CARROT]"/>
  <testcase time="0" classname="org.bukkit.PerMaterialTest" name="isOccluding[118: CARROT]"/>
  <testcase time="0" classname="org.bukkit.PerMaterialTest" name="isRecord[118: CARROT]"/>
  <testcase time="0" classname="org.bukkit.PerMaterialTest" name="isFlammable[118: CARROT]"/>
  <testcase time="0" classname="org.bukkit.PerMaterialTest" name="maxStackSize[118: CARROT]"/>
  <testcase time="0" classname="org.bukkit.PerMaterialTest" name="isTransparent[118: CARROT]"/>
  <testcase time="0" classname="org.bukkit.PerMaterialTest" name="isSolid[118: CARROT]"/>
  <testcase time="0" classname="org.bukkit.PerMaterialTest" name="hasGravity[119: POTATO]"/>
  <testcase time="0" classname="org.bukkit.PerMaterialTest" name="isBurnable[119: POTATO]"/>
  <testcase time="0" classname="org.bukkit.PerMaterialTest" name="isEdible[119: POTATO]"/>
  <testcase time="0" classname="org.bukkit.PerMaterialTest" name="maxDurability[119: POTATO]"/>
  <testcase time="0" classname="org.bukkit.PerMaterialTest" name="isOccluding[119: POTATO]"/>
  <testcase time="0" classname="org.bukkit.PerMaterialTest" name="isRecord[119: POTATO]"/>
  <testcase time="0" classname="org.bukkit.PerMaterialTest" name="isFlammable[119: POTATO]"/>
  <testcase time="0" classname="org.bukkit.PerMaterialTest" name="maxStackSize[119: POTATO]"/>
  <testcase time="0" classname="org.bukkit.PerMaterialTest" name="isTransparent[119: POTATO]"/>
  <testcase time="0" classname="org.bukkit.PerMaterialTest" name="isSolid[119: POTATO]"/>
  <testcase time="0" classname="org.bukkit.PerMaterialTest" name="hasGravity[120: WOOD_BUTTON]"/>
  <testcase time="0" classname="org.bukkit.PerMaterialTest" name="isBurnable[120: WOOD_BUTTON]"/>
  <testcase time="0" classname="org.bukkit.PerMaterialTest" name="isEdible[120: WOOD_BUTTON]"/>
  <testcase time="0" classname="org.bukkit.PerMaterialTest" name="maxDurability[120: WOOD_BUTTON]"/>
  <testcase time="0" classname="org.bukkit.PerMaterialTest" name="isOccluding[120: WOOD_BUTTON]"/>
  <testcase time="0" classname="org.bukkit.PerMaterialTest" name="isRecord[120: WOOD_BUTTON]"/>
  <testcase time="0" classname="org.bukkit.PerMaterialTest" name="isFlammable[120: WOOD_BUTTON]"/>
  <testcase time="0" classname="org.bukkit.PerMaterialTest" name="maxStackSize[120: WOOD_BUTTON]"/>
  <testcase time="0" classname="org.bukkit.PerMaterialTest" name="isTransparent[120: WOOD_BUTTON]"/>
  <testcase time="0" classname="org.bukkit.PerMaterialTest" name="isSolid[120: WOOD_BUTTON]"/>
  <testcase time="0" classname="org.bukkit.PerMaterialTest" name="hasGravity[121: ANVIL]"/>
  <testcase time="0" classname="org.bukkit.PerMaterialTest" name="isBurnable[121: ANVIL]"/>
  <testcase time="0" classname="org.bukkit.PerMaterialTest" name="isEdible[121: ANVIL]"/>
  <testcase time="0" classname="org.bukkit.PerMaterialTest" name="maxDurability[121: ANVIL]"/>
  <testcase time="0" classname="org.bukkit.PerMaterialTest" name="isOccluding[121: ANVIL]"/>
  <testcase time="0" classname="org.bukkit.PerMaterialTest" name="isRecord[121: ANVIL]"/>
  <testcase time="0" classname="org.bukkit.PerMaterialTest" name="isFlammable[121: ANVIL]"/>
  <testcase time="0" classname="org.bukkit.PerMaterialTest" name="maxStackSize[121: ANVIL]"/>
  <testcase time="0" classname="org.bukkit.PerMaterialTest" name="isTransparent[121: ANVIL]"/>
  <testcase time="0" classname="org.bukkit.PerMaterialTest" name="isSolid[121: ANVIL]"/>
  <testcase time="0" classname="org.bukkit.PerMaterialTest" name="hasGravity[122: TRAPPED_CHEST]"/>
  <testcase time="0" classname="org.bukkit.PerMaterialTest" name="isBurnable[122: TRAPPED_CHEST]"/>
  <testcase time="0" classname="org.bukkit.PerMaterialTest" name="isEdible[122: TRAPPED_CHEST]"/>
  <testcase time="0" classname="org.bukkit.PerMaterialTest" name="maxDurability[122: TRAPPED_CHEST]"/>
  <testcase time="0" classname="org.bukkit.PerMaterialTest" name="isOccluding[122: TRAPPED_CHEST]"/>
  <testcase time="0" classname="org.bukkit.PerMaterialTest" name="isRecord[122: TRAPPED_CHEST]"/>
  <testcase time="0" classname="org.bukkit.PerMaterialTest" name="isFlammable[122: TRAPPED_CHEST]"/>
  <testcase time="0" classname="org.bukkit.PerMaterialTest" name="maxStackSize[122: TRAPPED_CHEST]"/>
  <testcase time="0" classname="org.bukkit.PerMaterialTest" name="isTransparent[122: TRAPPED_CHEST]"/>
  <testcase time="0" classname="org.bukkit.PerMaterialTest" name="isSolid[122: TRAPPED_CHEST]"/>
  <testcase time="0.001" classname="org.bukkit.PerMaterialTest" name="hasGravity[123: GOLD_PLATE]"/>
  <testcase time="0" classname="org.bukkit.PerMaterialTest" name="isBurnable[123: GOLD_PLATE]"/>
  <testcase time="0" classname="org.bukkit.PerMaterialTest" name="isEdible[123: GOLD_PLATE]"/>
  <testcase time="0" classname="org.bukkit.PerMaterialTest" name="maxDurability[123: GOLD_PLATE]"/>
  <testcase time="0" classname="org.bukkit.PerMaterialTest" name="isOccluding[123: GOLD_PLATE]"/>
  <testcase time="0" classname="org.bukkit.PerMaterialTest" name="isRecord[123: GOLD_PLATE]"/>
  <testcase time="0" classname="org.bukkit.PerMaterialTest" name="isFlammable[123: GOLD_PLATE]"/>
  <testcase time="0" classname="org.bukkit.PerMaterialTest" name="maxStackSize[123: GOLD_PLATE]"/>
  <testcase time="0" classname="org.bukkit.PerMaterialTest" name="isTransparent[123: GOLD_PLATE]"/>
  <testcase time="0" classname="org.bukkit.PerMaterialTest" name="isSolid[123: GOLD_PLATE]"/>
  <testcase time="0" classname="org.bukkit.PerMaterialTest" name="hasGravity[124: IRON_PLATE]"/>
  <testcase time="0" classname="org.bukkit.PerMaterialTest" name="isBurnable[124: IRON_PLATE]"/>
  <testcase time="0" classname="org.bukkit.PerMaterialTest" name="isEdible[124: IRON_PLATE]"/>
  <testcase time="0" classname="org.bukkit.PerMaterialTest" name="maxDurability[124: IRON_PLATE]"/>
  <testcase time="0" classname="org.bukkit.PerMaterialTest" name="isOccluding[124: IRON_PLATE]"/>
  <testcase time="0" classname="org.bukkit.PerMaterialTest" name="isRecord[124: IRON_PLATE]"/>
  <testcase time="0" classname="org.bukkit.PerMaterialTest" name="isFlammable[124: IRON_PLATE]"/>
  <testcase time="0" classname="org.bukkit.PerMaterialTest" name="maxStackSize[124: IRON_PLATE]"/>
  <testcase time="0" classname="org.bukkit.PerMaterialTest" name="isTransparent[124: IRON_PLATE]"/>
  <testcase time="0" classname="org.bukkit.PerMaterialTest" name="isSolid[124: IRON_PLATE]"/>
  <testcase time="0" classname="org.bukkit.PerMaterialTest" name="hasGravity[125: DAYLIGHT_DETECTOR]"/>
  <testcase time="0" classname="org.bukkit.PerMaterialTest" name="isBurnable[125: DAYLIGHT_DETECTOR]"/>
  <testcase time="0" classname="org.bukkit.PerMaterialTest" name="isEdible[125: DAYLIGHT_DETECTOR]"/>
  <testcase time="0" classname="org.bukkit.PerMaterialTest" name="maxDurability[125: DAYLIGHT_DETECTOR]"/>
  <testcase time="0" classname="org.bukkit.PerMaterialTest" name="isOccluding[125: DAYLIGHT_DETECTOR]"/>
  <testcase time="0" classname="org.bukkit.PerMaterialTest" name="isRecord[125: DAYLIGHT_DETECTOR]"/>
  <testcase time="0" classname="org.bukkit.PerMaterialTest" name="isFlammable[125: DAYLIGHT_DETECTOR]"/>
  <testcase time="0" classname="org.bukkit.PerMaterialTest" name="maxStackSize[125: DAYLIGHT_DETECTOR]"/>
  <testcase time="0" classname="org.bukkit.PerMaterialTest" name="isTransparent[125: DAYLIGHT_DETECTOR]"/>
  <testcase time="0" classname="org.bukkit.PerMaterialTest" name="isSolid[125: DAYLIGHT_DETECTOR]"/>
  <testcase time="0" classname="org.bukkit.PerMaterialTest" name="hasGravity[126: REDSTONE_BLOCK]"/>
  <testcase time="0.001" classname="org.bukkit.PerMaterialTest" name="isBurnable[126: REDSTONE_BLOCK]"/>
  <testcase time="0" classname="org.bukkit.PerMaterialTest" name="isEdible[126: REDSTONE_BLOCK]"/>
  <testcase time="0" classname="org.bukkit.PerMaterialTest" name="maxDurability[126: REDSTONE_BLOCK]"/>
  <testcase time="0" classname="org.bukkit.PerMaterialTest" name="isOccluding[126: REDSTONE_BLOCK]"/>
  <testcase time="0" classname="org.bukkit.PerMaterialTest" name="isRecord[126: REDSTONE_BLOCK]"/>
  <testcase time="0" classname="org.bukkit.PerMaterialTest" name="isFlammable[126: REDSTONE_BLOCK]"/>
  <testcase time="0" classname="org.bukkit.PerMaterialTest" name="maxStackSize[126: REDSTONE_BLOCK]"/>
  <testcase time="0" classname="org.bukkit.PerMaterialTest" name="isTransparent[126: REDSTONE_BLOCK]"/>
  <testcase time="0" classname="org.bukkit.PerMaterialTest" name="isSolid[126: REDSTONE_BLOCK]"/>
  <testcase time="0" classname="org.bukkit.PerMaterialTest" name="hasGravity[127: QUARTZ_ORE]"/>
  <testcase time="0" classname="org.bukkit.PerMaterialTest" name="isBurnable[127: QUARTZ_ORE]"/>
  <testcase time="0" classname="org.bukkit.PerMaterialTest" name="isEdible[127: QUARTZ_ORE]"/>
  <testcase time="0" classname="org.bukkit.PerMaterialTest" name="maxDurability[127: QUARTZ_ORE]"/>
  <testcase time="0" classname="org.bukkit.PerMaterialTest" name="isOccluding[127: QUARTZ_ORE]"/>
  <testcase time="0" classname="org.bukkit.PerMaterialTest" name="isRecord[127: QUARTZ_ORE]"/>
  <testcase time="0" classname="org.bukkit.PerMaterialTest" name="isFlammable[127: QUARTZ_ORE]"/>
  <testcase time="0" classname="org.bukkit.PerMaterialTest" name="maxStackSize[127: QUARTZ_ORE]"/>
  <testcase time="0" classname="org.bukkit.PerMaterialTest" name="isTransparent[127: QUARTZ_ORE]"/>
  <testcase time="0" classname="org.bukkit.PerMaterialTest" name="isSolid[127: QUARTZ_ORE]"/>
  <testcase time="0" classname="org.bukkit.PerMaterialTest" name="hasGravity[128: HOPPER]"/>
  <testcase time="0" classname="org.bukkit.PerMaterialTest" name="isBurnable[128: HOPPER]"/>
  <testcase time="0" classname="org.bukkit.PerMaterialTest" name="isEdible[128: HOPPER]"/>
  <testcase time="0" classname="org.bukkit.PerMaterialTest" name="maxDurability[128: HOPPER]"/>
  <testcase time="0" classname="org.bukkit.PerMaterialTest" name="isOccluding[128: HOPPER]"/>
  <testcase time="0" classname="org.bukkit.PerMaterialTest" name="isRecord[128: HOPPER]"/>
  <testcase time="0" classname="org.bukkit.PerMaterialTest" name="isFlammable[128: HOPPER]"/>
  <testcase time="0" classname="org.bukkit.PerMaterialTest" name="maxStackSize[128: HOPPER]"/>
  <testcase time="0" classname="org.bukkit.PerMaterialTest" name="isTransparent[128: HOPPER]"/>
  <testcase time="0" classname="org.bukkit.PerMaterialTest" name="isSolid[128: HOPPER]"/>
  <testcase time="0" classname="org.bukkit.PerMaterialTest" name="hasGravity[129: QUARTZ_BLOCK]"/>
  <testcase time="0" classname="org.bukkit.PerMaterialTest" name="isBurnable[129: QUARTZ_BLOCK]"/>
  <testcase time="0" classname="org.bukkit.PerMaterialTest" name="isEdible[129: QUARTZ_BLOCK]"/>
  <testcase time="0" classname="org.bukkit.PerMaterialTest" name="maxDurability[129: QUARTZ_BLOCK]"/>
  <testcase time="0" classname="org.bukkit.PerMaterialTest" name="isOccluding[129: QUARTZ_BLOCK]"/>
  <testcase time="0" classname="org.bukkit.PerMaterialTest" name="isRecord[129: QUARTZ_BLOCK]"/>
  <testcase time="0" classname="org.bukkit.PerMaterialTest" name="isFlammable[129: QUARTZ_BLOCK]"/>
  <testcase time="0" classname="org.bukkit.PerMaterialTest" name="maxStackSize[129: QUARTZ_BLOCK]"/>
  <testcase time="0" classname="org.bukkit.PerMaterialTest" name="isTransparent[129: QUARTZ_BLOCK]"/>
  <testcase time="0" classname="org.bukkit.PerMaterialTest" name="isSolid[129: QUARTZ_BLOCK]"/>
  <testcase time="0" classname="org.bukkit.PerMaterialTest" name="hasGravity[130: QUARTZ_STAIRS]"/>
  <testcase time="0" classname="org.bukkit.PerMaterialTest" name="isBurnable[130: QUARTZ_STAIRS]"/>
  <testcase time="0.001" classname="org.bukkit.PerMaterialTest" name="isEdible[130: QUARTZ_STAIRS]"/>
  <testcase time="0" classname="org.bukkit.PerMaterialTest" name="maxDurability[130: QUARTZ_STAIRS]"/>
  <testcase time="0" classname="org.bukkit.PerMaterialTest" name="isOccluding[130: QUARTZ_STAIRS]"/>
  <testcase time="0" classname="org.bukkit.PerMaterialTest" name="isRecord[130: QUARTZ_STAIRS]"/>
  <testcase time="0" classname="org.bukkit.PerMaterialTest" name="isFlammable[130: QUARTZ_STAIRS]"/>
  <testcase time="0" classname="org.bukkit.PerMaterialTest" name="maxStackSize[130: QUARTZ_STAIRS]"/>
  <testcase time="0" classname="org.bukkit.PerMaterialTest" name="isTransparent[130: QUARTZ_STAIRS]"/>
  <testcase time="0.001" classname="org.bukkit.PerMaterialTest" name="isSolid[130: QUARTZ_STAIRS]"/>
  <testcase time="0" classname="org.bukkit.PerMaterialTest" name="hasGravity[131: ACTIVATOR_RAIL]"/>
  <testcase time="0" classname="org.bukkit.PerMaterialTest" name="isBurnable[131: ACTIVATOR_RAIL]"/>
  <testcase time="0" classname="org.bukkit.PerMaterialTest" name="isEdible[131: ACTIVATOR_RAIL]"/>
  <testcase time="0" classname="org.bukkit.PerMaterialTest" name="maxDurability[131: ACTIVATOR_RAIL]"/>
  <testcase time="0" classname="org.bukkit.PerMaterialTest" name="isOccluding[131: ACTIVATOR_RAIL]"/>
  <testcase time="0" classname="org.bukkit.PerMaterialTest" name="isRecord[131: ACTIVATOR_RAIL]"/>
  <testcase time="0" classname="org.bukkit.PerMaterialTest" name="isFlammable[131: ACTIVATOR_RAIL]"/>
  <testcase time="0" classname="org.bukkit.PerMaterialTest" name="maxStackSize[131: ACTIVATOR_RAIL]"/>
  <testcase time="0" classname="org.bukkit.PerMaterialTest" name="isTransparent[131: ACTIVATOR_RAIL]"/>
  <testcase time="0" classname="org.bukkit.PerMaterialTest" name="isSolid[131: ACTIVATOR_RAIL]"/>
  <testcase time="0" classname="org.bukkit.PerMaterialTest" name="hasGravity[132: DROPPER]"/>
  <testcase time="0" classname="org.bukkit.PerMaterialTest" name="isBurnable[132: DROPPER]"/>
  <testcase time="0" classname="org.bukkit.PerMaterialTest" name="isEdible[132: DROPPER]"/>
  <testcase time="0" classname="org.bukkit.PerMaterialTest" name="maxDurability[132: DROPPER]"/>
  <testcase time="0" classname="org.bukkit.PerMaterialTest" name="isOccluding[132: DROPPER]"/>
  <testcase time="0" classname="org.bukkit.PerMaterialTest" name="isRecord[132: DROPPER]"/>
  <testcase time="0" classname="org.bukkit.PerMaterialTest" name="isFlammable[132: DROPPER]"/>
  <testcase time="0" classname="org.bukkit.PerMaterialTest" name="maxStackSize[132: DROPPER]"/>
  <testcase time="0" classname="org.bukkit.PerMaterialTest" name="isTransparent[132: DROPPER]"/>
  <testcase time="0" classname="org.bukkit.PerMaterialTest" name="isSolid[132: DROPPER]"/>
  <testcase time="0" classname="org.bukkit.PerMaterialTest" name="hasGravity[133: STAINED_CLAY]"/>
  <testcase time="0" classname="org.bukkit.PerMaterialTest" name="isBurnable[133: STAINED_CLAY]"/>
  <testcase time="0" classname="org.bukkit.PerMaterialTest" name="isEdible[133: STAINED_CLAY]"/>
  <testcase time="0" classname="org.bukkit.PerMaterialTest" name="maxDurability[133: STAINED_CLAY]"/>
  <testcase time="0" classname="org.bukkit.PerMaterialTest" name="isOccluding[133: STAINED_CLAY]"/>
  <testcase time="0" classname="org.bukkit.PerMaterialTest" name="isRecord[133: STAINED_CLAY]"/>
  <testcase time="0" classname="org.bukkit.PerMaterialTest" name="isFlammable[133: STAINED_CLAY]"/>
  <testcase time="0" classname="org.bukkit.PerMaterialTest" name="maxStackSize[133: STAINED_CLAY]"/>
  <testcase time="0" classname="org.bukkit.PerMaterialTest" name="isTransparent[133: STAINED_CLAY]"/>
  <testcase time="0" classname="org.bukkit.PerMaterialTest" name="isSolid[133: STAINED_CLAY]"/>
  <testcase time="0" classname="org.bukkit.PerMaterialTest" name="hasGravity[134: STAINED_GLASS_PANE]"/>
  <testcase time="0" classname="org.bukkit.PerMaterialTest" name="isBurnable[134: STAINED_GLASS_PANE]"/>
  <testcase time="0" classname="org.bukkit.PerMaterialTest" name="isEdible[134: STAINED_GLASS_PANE]"/>
  <testcase time="0" classname="org.bukkit.PerMaterialTest" name="maxDurability[134: STAINED_GLASS_PANE]"/>
  <testcase time="0" classname="org.bukkit.PerMaterialTest" name="isOccluding[134: STAINED_GLASS_PANE]"/>
  <testcase time="0" classname="org.bukkit.PerMaterialTest" name="isRecord[134: STAINED_GLASS_PANE]"/>
  <testcase time="0" classname="org.bukkit.PerMaterialTest" name="isFlammable[134: STAINED_GLASS_PANE]"/>
  <testcase time="0" classname="org.bukkit.PerMaterialTest" name="maxStackSize[134: STAINED_GLASS_PANE]"/>
  <testcase time="0" classname="org.bukkit.PerMaterialTest" name="isTransparent[134: STAINED_GLASS_PANE]"/>
  <testcase time="0" classname="org.bukkit.PerMaterialTest" name="isSolid[134: STAINED_GLASS_PANE]"/>
  <testcase time="0" classname="org.bukkit.PerMaterialTest" name="hasGravity[135: LEAVES_2]"/>
  <testcase time="0" classname="org.bukkit.PerMaterialTest" name="isBurnable[135: LEAVES_2]"/>
  <testcase time="0" classname="org.bukkit.PerMaterialTest" name="isEdible[135: LEAVES_2]"/>
  <testcase time="0" classname="org.bukkit.PerMaterialTest" name="maxDurability[135: LEAVES_2]"/>
  <testcase time="0" classname="org.bukkit.PerMaterialTest" name="isOccluding[135: LEAVES_2]"/>
  <testcase time="0" classname="org.bukkit.PerMaterialTest" name="isRecord[135: LEAVES_2]"/>
  <testcase time="0" classname="org.bukkit.PerMaterialTest" name="isFlammable[135: LEAVES_2]"/>
  <testcase time="0" classname="org.bukkit.PerMaterialTest" name="maxStackSize[135: LEAVES_2]"/>
  <testcase time="0" classname="org.bukkit.PerMaterialTest" name="isTransparent[135: LEAVES_2]"/>
  <testcase time="0" classname="org.bukkit.PerMaterialTest" name="isSolid[135: LEAVES_2]"/>
  <testcase time="0" classname="org.bukkit.PerMaterialTest" name="hasGravity[136: LOG_2]"/>
  <testcase time="0" classname="org.bukkit.PerMaterialTest" name="isBurnable[136: LOG_2]"/>
  <testcase time="0" classname="org.bukkit.PerMaterialTest" name="isEdible[136: LOG_2]"/>
  <testcase time="0" classname="org.bukkit.PerMaterialTest" name="maxDurability[136: LOG_2]"/>
  <testcase time="0" classname="org.bukkit.PerMaterialTest" name="isOccluding[136: LOG_2]"/>
  <testcase time="0" classname="org.bukkit.PerMaterialTest" name="isRecord[136: LOG_2]"/>
  <testcase time="0" classname="org.bukkit.PerMaterialTest" name="isFlammable[136: LOG_2]"/>
  <testcase time="0" classname="org.bukkit.PerMaterialTest" name="maxStackSize[136: LOG_2]"/>
  <testcase time="0" classname="org.bukkit.PerMaterialTest" name="isTransparent[136: LOG_2]"/>
  <testcase time="0" classname="org.bukkit.PerMaterialTest" name="isSolid[136: LOG_2]"/>
  <testcase time="0" classname="org.bukkit.PerMaterialTest" name="hasGravity[137: ACACIA_STAIRS]"/>
  <testcase time="0" classname="org.bukkit.PerMaterialTest" name="isBurnable[137: ACACIA_STAIRS]"/>
  <testcase time="0" classname="org.bukkit.PerMaterialTest" name="isEdible[137: ACACIA_STAIRS]"/>
  <testcase time="0" classname="org.bukkit.PerMaterialTest" name="maxDurability[137: ACACIA_STAIRS]"/>
  <testcase time="0" classname="org.bukkit.PerMaterialTest" name="isOccluding[137: ACACIA_STAIRS]"/>
  <testcase time="0" classname="org.bukkit.PerMaterialTest" name="isRecord[137: ACACIA_STAIRS]"/>
  <testcase time="0" classname="org.bukkit.PerMaterialTest" name="isFlammable[137: ACACIA_STAIRS]"/>
  <testcase time="0" classname="org.bukkit.PerMaterialTest" name="maxStackSize[137: ACACIA_STAIRS]"/>
  <testcase time="0" classname="org.bukkit.PerMaterialTest" name="isTransparent[137: ACACIA_STAIRS]"/>
  <testcase time="0" classname="org.bukkit.PerMaterialTest" name="isSolid[137: ACACIA_STAIRS]"/>
  <testcase time="0" classname="org.bukkit.PerMaterialTest" name="hasGravity[138: DARK_OAK_STAIRS]"/>
  <testcase time="0" classname="org.bukkit.PerMaterialTest" name="isBurnable[138: DARK_OAK_STAIRS]"/>
  <testcase time="0" classname="org.bukkit.PerMaterialTest" name="isEdible[138: DARK_OAK_STAIRS]"/>
  <testcase time="0" classname="org.bukkit.PerMaterialTest" name="maxDurability[138: DARK_OAK_STAIRS]"/>
  <testcase time="0" classname="org.bukkit.PerMaterialTest" name="isOccluding[138: DARK_OAK_STAIRS]"/>
  <testcase time="0" classname="org.bukkit.PerMaterialTest" name="isRecord[138: DARK_OAK_STAIRS]"/>
  <testcase time="0" classname="org.bukkit.PerMaterialTest" name="isFlammable[138: DARK_OAK_STAIRS]"/>
  <testcase time="0" classname="org.bukkit.PerMaterialTest" name="maxStackSize[138: DARK_OAK_STAIRS]"/>
  <testcase time="0" classname="org.bukkit.PerMaterialTest" name="isTransparent[138: DARK_OAK_STAIRS]"/>
  <testcase time="0" classname="org.bukkit.PerMaterialTest" name="isSolid[138: DARK_OAK_STAIRS]"/>
  <testcase time="0" classname="org.bukkit.PerMaterialTest" name="hasGravity[139: HAY_BLOCK]"/>
  <testcase time="0" classname="org.bukkit.PerMaterialTest" name="isBurnable[139: HAY_BLOCK]"/>
  <testcase time="0" classname="org.bukkit.PerMaterialTest" name="isEdible[139: HAY_BLOCK]"/>
  <testcase time="0" classname="org.bukkit.PerMaterialTest" name="maxDurability[139: HAY_BLOCK]"/>
  <testcase time="0" classname="org.bukkit.PerMaterialTest" name="isOccluding[139: HAY_BLOCK]"/>
  <testcase time="0" classname="org.bukkit.PerMaterialTest" name="isRecord[139: HAY_BLOCK]"/>
  <testcase time="0.001" classname="org.bukkit.PerMaterialTest" name="isFlammable[139: HAY_BLOCK]"/>
  <testcase time="0" classname="org.bukkit.PerMaterialTest" name="maxStackSize[139: HAY_BLOCK]"/>
  <testcase time="0" classname="org.bukkit.PerMaterialTest" name="isTransparent[139: HAY_BLOCK]"/>
  <testcase time="0" classname="org.bukkit.PerMaterialTest" name="isSolid[139: HAY_BLOCK]"/>
  <testcase time="0" classname="org.bukkit.PerMaterialTest" name="hasGravity[140: CARPET]"/>
  <testcase time="0" classname="org.bukkit.PerMaterialTest" name="isBurnable[140: CARPET]"/>
  <testcase time="0" classname="org.bukkit.PerMaterialTest" name="isEdible[140: CARPET]"/>
  <testcase time="0" classname="org.bukkit.PerMaterialTest" name="maxDurability[140: CARPET]"/>
  <testcase time="0" classname="org.bukkit.PerMaterialTest" name="isOccluding[140: CARPET]"/>
  <testcase time="0" classname="org.bukkit.PerMaterialTest" name="isRecord[140: CARPET]"/>
  <testcase time="0" classname="org.bukkit.PerMaterialTest" name="isFlammable[140: CARPET]"/>
  <testcase time="0" classname="org.bukkit.PerMaterialTest" name="maxStackSize[140: CARPET]"/>
  <testcase time="0" classname="org.bukkit.PerMaterialTest" name="isTransparent[140: CARPET]"/>
  <testcase time="0" classname="org.bukkit.PerMaterialTest" name="isSolid[140: CARPET]"/>
  <testcase time="0" classname="org.bukkit.PerMaterialTest" name="hasGravity[141: HARD_CLAY]"/>
  <testcase time="0" classname="org.bukkit.PerMaterialTest" name="isBurnable[141: HARD_CLAY]"/>
  <testcase time="0" classname="org.bukkit.PerMaterialTest" name="isEdible[141: HARD_CLAY]"/>
  <testcase time="0" classname="org.bukkit.PerMaterialTest" name="maxDurability[141: HARD_CLAY]"/>
  <testcase time="0" classname="org.bukkit.PerMaterialTest" name="isOccluding[141: HARD_CLAY]"/>
  <testcase time="0" classname="org.bukkit.PerMaterialTest" name="isRecord[141: HARD_CLAY]"/>
  <testcase time="0" classname="org.bukkit.PerMaterialTest" name="isFlammable[141: HARD_CLAY]"/>
  <testcase time="0" classname="org.bukkit.PerMaterialTest" name="maxStackSize[141: HARD_CLAY]"/>
  <testcase time="0" classname="org.bukkit.PerMaterialTest" name="isTransparent[141: HARD_CLAY]"/>
  <testcase time="0" classname="org.bukkit.PerMaterialTest" name="isSolid[141: HARD_CLAY]"/>
  <testcase time="0" classname="org.bukkit.PerMaterialTest" name="hasGravity[142: COAL_BLOCK]"/>
  <testcase time="0" classname="org.bukkit.PerMaterialTest" name="isBurnable[142: COAL_BLOCK]"/>
  <testcase time="0" classname="org.bukkit.PerMaterialTest" name="isEdible[142: COAL_BLOCK]"/>
  <testcase time="0" classname="org.bukkit.PerMaterialTest" name="maxDurability[142: COAL_BLOCK]"/>
  <testcase time="0" classname="org.bukkit.PerMaterialTest" name="isOccluding[142: COAL_BLOCK]"/>
  <testcase time="0" classname="org.bukkit.PerMaterialTest" name="isRecord[142: COAL_BLOCK]"/>
  <testcase time="0" classname="org.bukkit.PerMaterialTest" name="isFlammable[142: COAL_BLOCK]"/>
  <testcase time="0.001" classname="org.bukkit.PerMaterialTest" name="maxStackSize[142: COAL_BLOCK]"/>
  <testcase time="0" classname="org.bukkit.PerMaterialTest" name="isTransparent[142: COAL_BLOCK]"/>
  <testcase time="0" classname="org.bukkit.PerMaterialTest" name="isSolid[142: COAL_BLOCK]"/>
  <testcase time="0" classname="org.bukkit.PerMaterialTest" name="hasGravity[143: PACKED_ICE]"/>
  <testcase time="0" classname="org.bukkit.PerMaterialTest" name="isBurnable[143: PACKED_ICE]"/>
  <testcase time="0" classname="org.bukkit.PerMaterialTest" name="isEdible[143: PACKED_ICE]"/>
  <testcase time="0" classname="org.bukkit.PerMaterialTest" name="maxDurability[143: PACKED_ICE]"/>
  <testcase time="0" classname="org.bukkit.PerMaterialTest" name="isOccluding[143: PACKED_ICE]"/>
  <testcase time="0" classname="org.bukkit.PerMaterialTest" name="isRecord[143: PACKED_ICE]"/>
  <testcase time="0" classname="org.bukkit.PerMaterialTest" name="isFlammable[143: PACKED_ICE]"/>
  <testcase time="0" classname="org.bukkit.PerMaterialTest" name="maxStackSize[143: PACKED_ICE]"/>
  <testcase time="0" classname="org.bukkit.PerMaterialTest" name="isTransparent[143: PACKED_ICE]"/>
  <testcase time="0" classname="org.bukkit.PerMaterialTest" name="isSolid[143: PACKED_ICE]"/>
  <testcase time="0" classname="org.bukkit.PerMaterialTest" name="hasGravity[144: DOUBLE_PLANT]"/>
  <testcase time="0" classname="org.bukkit.PerMaterialTest" name="isBurnable[144: DOUBLE_PLANT]"/>
  <testcase time="0" classname="org.bukkit.PerMaterialTest" name="isEdible[144: DOUBLE_PLANT]"/>
  <testcase time="0" classname="org.bukkit.PerMaterialTest" name="maxDurability[144: DOUBLE_PLANT]"/>
  <testcase time="0" classname="org.bukkit.PerMaterialTest" name="isOccluding[144: DOUBLE_PLANT]"/>
  <testcase time="0" classname="org.bukkit.PerMaterialTest" name="isRecord[144: DOUBLE_PLANT]"/>
  <testcase time="0" classname="org.bukkit.PerMaterialTest" name="isFlammable[144: DOUBLE_PLANT]"/>
  <testcase time="0" classname="org.bukkit.PerMaterialTest" name="maxStackSize[144: DOUBLE_PLANT]"/>
  <testcase time="0" classname="org.bukkit.PerMaterialTest" name="isTransparent[144: DOUBLE_PLANT]"/>
  <testcase time="0" classname="org.bukkit.PerMaterialTest" name="isSolid[144: DOUBLE_PLANT]"/>
  <testcase time="0" classname="org.bukkit.PerMaterialTest" name="hasGravity[145: IRON_SPADE]"/>
  <testcase time="0" classname="org.bukkit.PerMaterialTest" name="isBurnable[145: IRON_SPADE]"/>
  <testcase time="0" classname="org.bukkit.PerMaterialTest" name="isEdible[145: IRON_SPADE]"/>
  <testcase time="0" classname="org.bukkit.PerMaterialTest" name="maxDurability[145: IRON_SPADE]"/>
  <testcase time="0" classname="org.bukkit.PerMaterialTest" name="isOccluding[145: IRON_SPADE]"/>
  <testcase time="0" classname="org.bukkit.PerMaterialTest" name="isRecord[145: IRON_SPADE]"/>
  <testcase time="0" classname="org.bukkit.PerMaterialTest" name="isFlammable[145: IRON_SPADE]"/>
  <testcase time="0" classname="org.bukkit.PerMaterialTest" name="maxStackSize[145: IRON_SPADE]"/>
  <testcase time="0" classname="org.bukkit.PerMaterialTest" name="isTransparent[145: IRON_SPADE]"/>
  <testcase time="0" classname="org.bukkit.PerMaterialTest" name="isSolid[145: IRON_SPADE]"/>
  <testcase time="0" classname="org.bukkit.PerMaterialTest" name="hasGravity[146: IRON_PICKAXE]"/>
  <testcase time="0" classname="org.bukkit.PerMaterialTest" name="isBurnable[146: IRON_PICKAXE]"/>
  <testcase time="0" classname="org.bukkit.PerMaterialTest" name="isEdible[146: IRON_PICKAXE]"/>
  <testcase time="0" classname="org.bukkit.PerMaterialTest" name="maxDurability[146: IRON_PICKAXE]"/>
  <testcase time="0" classname="org.bukkit.PerMaterialTest" name="isOccluding[146: IRON_PICKAXE]"/>
  <testcase time="0" classname="org.bukkit.PerMaterialTest" name="isRecord[146: IRON_PICKAXE]"/>
  <testcase time="0" classname="org.bukkit.PerMaterialTest" name="isFlammable[146: IRON_PICKAXE]"/>
  <testcase time="0" classname="org.bukkit.PerMaterialTest" name="maxStackSize[146: IRON_PICKAXE]"/>
  <testcase time="0" classname="org.bukkit.PerMaterialTest" name="isTransparent[146: IRON_PICKAXE]"/>
  <testcase time="0.001" classname="org.bukkit.PerMaterialTest" name="isSolid[146: IRON_PICKAXE]"/>
  <testcase time="0" classname="org.bukkit.PerMaterialTest" name="hasGravity[147: IRON_AXE]"/>
  <testcase time="0" classname="org.bukkit.PerMaterialTest" name="isBurnable[147: IRON_AXE]"/>
  <testcase time="0" classname="org.bukkit.PerMaterialTest" name="isEdible[147: IRON_AXE]"/>
  <testcase time="0" classname="org.bukkit.PerMaterialTest" name="maxDurability[147: IRON_AXE]"/>
  <testcase time="0" classname="org.bukkit.PerMaterialTest" name="isOccluding[147: IRON_AXE]"/>
  <testcase time="0" classname="org.bukkit.PerMaterialTest" name="isRecord[147: IRON_AXE]"/>
  <testcase time="0" classname="org.bukkit.PerMaterialTest" name="isFlammable[147: IRON_AXE]"/>
  <testcase time="0" classname="org.bukkit.PerMaterialTest" name="maxStackSize[147: IRON_AXE]"/>
  <testcase time="0" classname="org.bukkit.PerMaterialTest" name="isTransparent[147: IRON_AXE]"/>
  <testcase time="0" classname="org.bukkit.PerMaterialTest" name="isSolid[147: IRON_AXE]"/>
  <testcase time="0" classname="org.bukkit.PerMaterialTest" name="hasGravity[148: FLINT_AND_STEEL]"/>
  <testcase time="0" classname="org.bukkit.PerMaterialTest" name="isBurnable[148: FLINT_AND_STEEL]"/>
  <testcase time="0" classname="org.bukkit.PerMaterialTest" name="isEdible[148: FLINT_AND_STEEL]"/>
  <testcase time="0" classname="org.bukkit.PerMaterialTest" name="maxDurability[148: FLINT_AND_STEEL]"/>
  <testcase time="0" classname="org.bukkit.PerMaterialTest" name="isOccluding[148: FLINT_AND_STEEL]"/>
  <testcase time="0" classname="org.bukkit.PerMaterialTest" name="isRecord[148: FLINT_AND_STEEL]"/>
  <testcase time="0" classname="org.bukkit.PerMaterialTest" name="isFlammable[148: FLINT_AND_STEEL]"/>
  <testcase time="0" classname="org.bukkit.PerMaterialTest" name="maxStackSize[148: FLINT_AND_STEEL]"/>
  <testcase time="0" classname="org.bukkit.PerMaterialTest" name="isTransparent[148: FLINT_AND_STEEL]"/>
  <testcase time="0" classname="org.bukkit.PerMaterialTest" name="isSolid[148: FLINT_AND_STEEL]"/>
  <testcase time="0" classname="org.bukkit.PerMaterialTest" name="hasGravity[149: APPLE]"/>
  <testcase time="0" classname="org.bukkit.PerMaterialTest" name="isBurnable[149: APPLE]"/>
  <testcase time="0" classname="org.bukkit.PerMaterialTest" name="isEdible[149: APPLE]"/>
  <testcase time="0" classname="org.bukkit.PerMaterialTest" name="maxDurability[149: APPLE]"/>
  <testcase time="0" classname="org.bukkit.PerMaterialTest" name="isOccluding[149: APPLE]"/>
  <testcase time="0" classname="org.bukkit.PerMaterialTest" name="isRecord[149: APPLE]"/>
  <testcase time="0" classname="org.bukkit.PerMaterialTest" name="isFlammable[149: APPLE]"/>
  <testcase time="0" classname="org.bukkit.PerMaterialTest" name="maxStackSize[149: APPLE]"/>
  <testcase time="0" classname="org.bukkit.PerMaterialTest" name="isTransparent[149: APPLE]"/>
  <testcase time="0" classname="org.bukkit.PerMaterialTest" name="isSolid[149: APPLE]"/>
  <testcase time="0" classname="org.bukkit.PerMaterialTest" name="hasGravity[150: BOW]"/>
  <testcase time="0" classname="org.bukkit.PerMaterialTest" name="isBurnable[150: BOW]"/>
  <testcase time="0" classname="org.bukkit.PerMaterialTest" name="isEdible[150: BOW]"/>
  <testcase time="0" classname="org.bukkit.PerMaterialTest" name="maxDurability[150: BOW]"/>
  <testcase time="0" classname="org.bukkit.PerMaterialTest" name="isOccluding[150: BOW]"/>
  <testcase time="0" classname="org.bukkit.PerMaterialTest" name="isRecord[150: BOW]"/>
  <testcase time="0" classname="org.bukkit.PerMaterialTest" name="isFlammable[150: BOW]"/>
  <testcase time="0" classname="org.bukkit.PerMaterialTest" name="maxStackSize[150: BOW]"/>
  <testcase time="0" classname="org.bukkit.PerMaterialTest" name="isTransparent[150: BOW]"/>
  <testcase time="0" classname="org.bukkit.PerMaterialTest" name="isSolid[150: BOW]"/>
  <testcase time="0" classname="org.bukkit.PerMaterialTest" name="hasGravity[151: ARROW]"/>
  <testcase time="0" classname="org.bukkit.PerMaterialTest" name="isBurnable[151: ARROW]"/>
  <testcase time="0" classname="org.bukkit.PerMaterialTest" name="isEdible[151: ARROW]"/>
  <testcase time="0" classname="org.bukkit.PerMaterialTest" name="maxDurability[151: ARROW]"/>
  <testcase time="0" classname="org.bukkit.PerMaterialTest" name="isOccluding[151: ARROW]"/>
  <testcase time="0" classname="org.bukkit.PerMaterialTest" name="isRecord[151: ARROW]"/>
  <testcase time="0" classname="org.bukkit.PerMaterialTest" name="isFlammable[151: ARROW]"/>
  <testcase time="0" classname="org.bukkit.PerMaterialTest" name="maxStackSize[151: ARROW]"/>
  <testcase time="0" classname="org.bukkit.PerMaterialTest" name="isTransparent[151: ARROW]"/>
  <testcase time="0" classname="org.bukkit.PerMaterialTest" name="isSolid[151: ARROW]"/>
  <testcase time="0" classname="org.bukkit.PerMaterialTest" name="hasGravity[152: COAL]"/>
  <testcase time="0" classname="org.bukkit.PerMaterialTest" name="isBurnable[152: COAL]"/>
  <testcase time="0" classname="org.bukkit.PerMaterialTest" name="isEdible[152: COAL]"/>
  <testcase time="0" classname="org.bukkit.PerMaterialTest" name="maxDurability[152: COAL]"/>
  <testcase time="0" classname="org.bukkit.PerMaterialTest" name="isOccluding[152: COAL]"/>
  <testcase time="0" classname="org.bukkit.PerMaterialTest" name="isRecord[152: COAL]"/>
  <testcase time="0" classname="org.bukkit.PerMaterialTest" name="isFlammable[152: COAL]"/>
  <testcase time="0" classname="org.bukkit.PerMaterialTest" name="maxStackSize[152: COAL]"/>
  <testcase time="0" classname="org.bukkit.PerMaterialTest" name="isTransparent[152: COAL]"/>
  <testcase time="0" classname="org.bukkit.PerMaterialTest" name="isSolid[152: COAL]"/>
  <testcase time="0" classname="org.bukkit.PerMaterialTest" name="hasGravity[153: DIAMOND]"/>
  <testcase time="0" classname="org.bukkit.PerMaterialTest" name="isBurnable[153: DIAMOND]"/>
  <testcase time="0" classname="org.bukkit.PerMaterialTest" name="isEdible[153: DIAMOND]"/>
  <testcase time="0" classname="org.bukkit.PerMaterialTest" name="maxDurability[153: DIAMOND]"/>
  <testcase time="0" classname="org.bukkit.PerMaterialTest" name="isOccluding[153: DIAMOND]"/>
  <testcase time="0" classname="org.bukkit.PerMaterialTest" name="isRecord[153: DIAMOND]"/>
  <testcase time="0" classname="org.bukkit.PerMaterialTest" name="isFlammable[153: DIAMOND]"/>
  <testcase time="0" classname="org.bukkit.PerMaterialTest" name="maxStackSize[153: DIAMOND]"/>
  <testcase time="0" classname="org.bukkit.PerMaterialTest" name="isTransparent[153: DIAMOND]"/>
  <testcase time="0" classname="org.bukkit.PerMaterialTest" name="isSolid[153: DIAMOND]"/>
  <testcase time="0" classname="org.bukkit.PerMaterialTest" name="hasGravity[154: IRON_INGOT]"/>
  <testcase time="0" classname="org.bukkit.PerMaterialTest" name="isBurnable[154: IRON_INGOT]"/>
  <testcase time="0" classname="org.bukkit.PerMaterialTest" name="isEdible[154: IRON_INGOT]"/>
  <testcase time="0" classname="org.bukkit.PerMaterialTest" name="maxDurability[154: IRON_INGOT]"/>
  <testcase time="0" classname="org.bukkit.PerMaterialTest" name="isOccluding[154: IRON_INGOT]"/>
  <testcase time="0" classname="org.bukkit.PerMaterialTest" name="isRecord[154: IRON_INGOT]"/>
  <testcase time="0" classname="org.bukkit.PerMaterialTest" name="isFlammable[154: IRON_INGOT]"/>
  <testcase time="0" classname="org.bukkit.PerMaterialTest" name="maxStackSize[154: IRON_INGOT]"/>
  <testcase time="0" classname="org.bukkit.PerMaterialTest" name="isTransparent[154: IRON_INGOT]"/>
  <testcase time="0" classname="org.bukkit.PerMaterialTest" name="isSolid[154: IRON_INGOT]"/>
  <testcase time="0" classname="org.bukkit.PerMaterialTest" name="hasGravity[155: GOLD_INGOT]"/>
  <testcase time="0" classname="org.bukkit.PerMaterialTest" name="isBurnable[155: GOLD_INGOT]"/>
  <testcase time="0" classname="org.bukkit.PerMaterialTest" name="isEdible[155: GOLD_INGOT]"/>
  <testcase time="0.001" classname="org.bukkit.PerMaterialTest" name="maxDurability[155: GOLD_INGOT]"/>
  <testcase time="0" classname="org.bukkit.PerMaterialTest" name="isOccluding[155: GOLD_INGOT]"/>
  <testcase time="0" classname="org.bukkit.PerMaterialTest" name="isRecord[155: GOLD_INGOT]"/>
  <testcase time="0" classname="org.bukkit.PerMaterialTest" name="isFlammable[155: GOLD_INGOT]"/>
  <testcase time="0" classname="org.bukkit.PerMaterialTest" name="maxStackSize[155: GOLD_INGOT]"/>
  <testcase time="0" classname="org.bukkit.PerMaterialTest" name="isTransparent[155: GOLD_INGOT]"/>
  <testcase time="0" classname="org.bukkit.PerMaterialTest" name="isSolid[155: GOLD_INGOT]"/>
  <testcase time="0" classname="org.bukkit.PerMaterialTest" name="hasGravity[156: IRON_SWORD]"/>
  <testcase time="0" classname="org.bukkit.PerMaterialTest" name="isBurnable[156: IRON_SWORD]"/>
  <testcase time="0" classname="org.bukkit.PerMaterialTest" name="isEdible[156: IRON_SWORD]"/>
  <testcase time="0" classname="org.bukkit.PerMaterialTest" name="maxDurability[156: IRON_SWORD]"/>
  <testcase time="0" classname="org.bukkit.PerMaterialTest" name="isOccluding[156: IRON_SWORD]"/>
  <testcase time="0" classname="org.bukkit.PerMaterialTest" name="isRecord[156: IRON_SWORD]"/>
  <testcase time="0" classname="org.bukkit.PerMaterialTest" name="isFlammable[156: IRON_SWORD]"/>
  <testcase time="0" classname="org.bukkit.PerMaterialTest" name="maxStackSize[156: IRON_SWORD]"/>
  <testcase time="0" classname="org.bukkit.PerMaterialTest" name="isTransparent[156: IRON_SWORD]"/>
  <testcase time="0" classname="org.bukkit.PerMaterialTest" name="isSolid[156: IRON_SWORD]"/>
  <testcase time="0" classname="org.bukkit.PerMaterialTest" name="hasGravity[157: WOOD_SWORD]"/>
  <testcase time="0" classname="org.bukkit.PerMaterialTest" name="isBurnable[157: WOOD_SWORD]"/>
  <testcase time="0" classname="org.bukkit.PerMaterialTest" name="isEdible[157: WOOD_SWORD]"/>
  <testcase time="0" classname="org.bukkit.PerMaterialTest" name="maxDurability[157: WOOD_SWORD]"/>
  <testcase time="0" classname="org.bukkit.PerMaterialTest" name="isOccluding[157: WOOD_SWORD]"/>
  <testcase time="0" classname="org.bukkit.PerMaterialTest" name="isRecord[157: WOOD_SWORD]"/>
  <testcase time="0" classname="org.bukkit.PerMaterialTest" name="isFlammable[157: WOOD_SWORD]"/>
  <testcase time="0" classname="org.bukkit.PerMaterialTest" name="maxStackSize[157: WOOD_SWORD]"/>
  <testcase time="0" classname="org.bukkit.PerMaterialTest" name="isTransparent[157: WOOD_SWORD]"/>
  <testcase time="0" classname="org.bukkit.PerMaterialTest" name="isSolid[157: WOOD_SWORD]"/>
  <testcase time="0" classname="org.bukkit.PerMaterialTest" name="hasGravity[158: WOOD_SPADE]"/>
  <testcase time="0" classname="org.bukkit.PerMaterialTest" name="isBurnable[158: WOOD_SPADE]"/>
  <testcase time="0" classname="org.bukkit.PerMaterialTest" name="isEdible[158: WOOD_SPADE]"/>
  <testcase time="0" classname="org.bukkit.PerMaterialTest" name="maxDurability[158: WOOD_SPADE]"/>
  <testcase time="0" classname="org.bukkit.PerMaterialTest" name="isOccluding[158: WOOD_SPADE]"/>
  <testcase time="0" classname="org.bukkit.PerMaterialTest" name="isRecord[158: WOOD_SPADE]"/>
  <testcase time="0" classname="org.bukkit.PerMaterialTest" name="isFlammable[158: WOOD_SPADE]"/>
  <testcase time="0" classname="org.bukkit.PerMaterialTest" name="maxStackSize[158: WOOD_SPADE]"/>
  <testcase time="0" classname="org.bukkit.PerMaterialTest" name="isTransparent[158: WOOD_SPADE]"/>
  <testcase time="0" classname="org.bukkit.PerMaterialTest" name="isSolid[158: WOOD_SPADE]"/>
  <testcase time="0" classname="org.bukkit.PerMaterialTest" name="hasGravity[159: WOOD_PICKAXE]"/>
  <testcase time="0" classname="org.bukkit.PerMaterialTest" name="isBurnable[159: WOOD_PICKAXE]"/>
  <testcase time="0" classname="org.bukkit.PerMaterialTest" name="isEdible[159: WOOD_PICKAXE]"/>
  <testcase time="0" classname="org.bukkit.PerMaterialTest" name="maxDurability[159: WOOD_PICKAXE]"/>
  <testcase time="0" classname="org.bukkit.PerMaterialTest" name="isOccluding[159: WOOD_PICKAXE]"/>
  <testcase time="0" classname="org.bukkit.PerMaterialTest" name="isRecord[159: WOOD_PICKAXE]"/>
  <testcase time="0.001" classname="org.bukkit.PerMaterialTest" name="isFlammable[159: WOOD_PICKAXE]"/>
  <testcase time="0" classname="org.bukkit.PerMaterialTest" name="maxStackSize[159: WOOD_PICKAXE]"/>
  <testcase time="0" classname="org.bukkit.PerMaterialTest" name="isTransparent[159: WOOD_PICKAXE]"/>
  <testcase time="0" classname="org.bukkit.PerMaterialTest" name="isSolid[159: WOOD_PICKAXE]"/>
  <testcase time="0" classname="org.bukkit.PerMaterialTest" name="hasGravity[160: WOOD_AXE]"/>
  <testcase time="0" classname="org.bukkit.PerMaterialTest" name="isBurnable[160: WOOD_AXE]"/>
  <testcase time="0" classname="org.bukkit.PerMaterialTest" name="isEdible[160: WOOD_AXE]"/>
  <testcase time="0" classname="org.bukkit.PerMaterialTest" name="maxDurability[160: WOOD_AXE]"/>
  <testcase time="0" classname="org.bukkit.PerMaterialTest" name="isOccluding[160: WOOD_AXE]"/>
  <testcase time="0" classname="org.bukkit.PerMaterialTest" name="isRecord[160: WOOD_AXE]"/>
  <testcase time="0.004" classname="org.bukkit.PerMaterialTest" name="isFlammable[160: WOOD_AXE]"/>
  <testcase time="0" classname="org.bukkit.PerMaterialTest" name="maxStackSize[160: WOOD_AXE]"/>
  <testcase time="0" classname="org.bukkit.PerMaterialTest" name="isTransparent[160: WOOD_AXE]"/>
  <testcase time="0" classname="org.bukkit.PerMaterialTest" name="isSolid[160: WOOD_AXE]"/>
  <testcase time="0" classname="org.bukkit.PerMaterialTest" name="hasGravity[161: STONE_SWORD]"/>
  <testcase time="0" classname="org.bukkit.PerMaterialTest" name="isBurnable[161: STONE_SWORD]"/>
  <testcase time="0" classname="org.bukkit.PerMaterialTest" name="isEdible[161: STONE_SWORD]"/>
  <testcase time="0" classname="org.bukkit.PerMaterialTest" name="maxDurability[161: STONE_SWORD]"/>
  <testcase time="0" classname="org.bukkit.PerMaterialTest" name="isOccluding[161: STONE_SWORD]"/>
  <testcase time="0" classname="org.bukkit.PerMaterialTest" name="isRecord[161: STONE_SWORD]"/>
  <testcase time="0" classname="org.bukkit.PerMaterialTest" name="isFlammable[161: STONE_SWORD]"/>
  <testcase time="0" classname="org.bukkit.PerMaterialTest" name="maxStackSize[161: STONE_SWORD]"/>
  <testcase time="0" classname="org.bukkit.PerMaterialTest" name="isTransparent[161: STONE_SWORD]"/>
  <testcase time="0" classname="org.bukkit.PerMaterialTest" name="isSolid[161: STONE_SWORD]"/>
  <testcase time="0" classname="org.bukkit.PerMaterialTest" name="hasGravity[162: STONE_SPADE]"/>
  <testcase time="0" classname="org.bukkit.PerMaterialTest" name="isBurnable[162: STONE_SPADE]"/>
  <testcase time="0" classname="org.bukkit.PerMaterialTest" name="isEdible[162: STONE_SPADE]"/>
  <testcase time="0" classname="org.bukkit.PerMaterialTest" name="maxDurability[162: STONE_SPADE]"/>
  <testcase time="0" classname="org.bukkit.PerMaterialTest" name="isOccluding[162: STONE_SPADE]"/>
  <testcase time="0" classname="org.bukkit.PerMaterialTest" name="isRecord[162: STONE_SPADE]"/>
  <testcase time="0" classname="org.bukkit.PerMaterialTest" name="isFlammable[162: STONE_SPADE]"/>
  <testcase time="0" classname="org.bukkit.PerMaterialTest" name="maxStackSize[162: STONE_SPADE]"/>
  <testcase time="0" classname="org.bukkit.PerMaterialTest" name="isTransparent[162: STONE_SPADE]"/>
  <testcase time="0" classname="org.bukkit.PerMaterialTest" name="isSolid[162: STONE_SPADE]"/>
  <testcase time="0" classname="org.bukkit.PerMaterialTest" name="hasGravity[163: STONE_PICKAXE]"/>
  <testcase time="0" classname="org.bukkit.PerMaterialTest" name="isBurnable[163: STONE_PICKAXE]"/>
  <testcase time="0" classname="org.bukkit.PerMaterialTest" name="isEdible[163: STONE_PICKAXE]"/>
  <testcase time="0" classname="org.bukkit.PerMaterialTest" name="maxDurability[163: STONE_PICKAXE]"/>
  <testcase time="0" classname="org.bukkit.PerMaterialTest" name="isOccluding[163: STONE_PICKAXE]"/>
  <testcase time="0" classname="org.bukkit.PerMaterialTest" name="isRecord[163: STONE_PICKAXE]"/>
  <testcase time="0" classname="org.bukkit.PerMaterialTest" name="isFlammable[163: STONE_PICKAXE]"/>
  <testcase time="0" classname="org.bukkit.PerMaterialTest" name="maxStackSize[163: STONE_PICKAXE]"/>
  <testcase time="0" classname="org.bukkit.PerMaterialTest" name="isTransparent[163: STONE_PICKAXE]"/>
  <testcase time="0" classname="org.bukkit.PerMaterialTest" name="isSolid[163: STONE_PICKAXE]"/>
  <testcase time="0" classname="org.bukkit.PerMaterialTest" name="hasGravity[164: STONE_AXE]"/>
  <testcase time="0" classname="org.bukkit.PerMaterialTest" name="isBurnable[164: STONE_AXE]"/>
  <testcase time="0" classname="org.bukkit.PerMaterialTest" name="isEdible[164: STONE_AXE]"/>
  <testcase time="0" classname="org.bukkit.PerMaterialTest" name="maxDurability[164: STONE_AXE]"/>
  <testcase time="0" classname="org.bukkit.PerMaterialTest" name="isOccluding[164: STONE_AXE]"/>
  <testcase time="0" classname="org.bukkit.PerMaterialTest" name="isRecord[164: STONE_AXE]"/>
  <testcase time="0" classname="org.bukkit.PerMaterialTest" name="isFlammable[164: STONE_AXE]"/>
  <testcase time="0" classname="org.bukkit.PerMaterialTest" name="maxStackSize[164: STONE_AXE]"/>
  <testcase time="0" classname="org.bukkit.PerMaterialTest" name="isTransparent[164: STONE_AXE]"/>
  <testcase time="0" classname="org.bukkit.PerMaterialTest" name="isSolid[164: STONE_AXE]"/>
  <testcase time="0" classname="org.bukkit.PerMaterialTest" name="hasGravity[165: DIAMOND_SWORD]"/>
  <testcase time="0" classname="org.bukkit.PerMaterialTest" name="isBurnable[165: DIAMOND_SWORD]"/>
  <testcase time="0" classname="org.bukkit.PerMaterialTest" name="isEdible[165: DIAMOND_SWORD]"/>
  <testcase time="0" classname="org.bukkit.PerMaterialTest" name="maxDurability[165: DIAMOND_SWORD]"/>
  <testcase time="0" classname="org.bukkit.PerMaterialTest" name="isOccluding[165: DIAMOND_SWORD]"/>
  <testcase time="0" classname="org.bukkit.PerMaterialTest" name="isRecord[165: DIAMOND_SWORD]"/>
  <testcase time="0" classname="org.bukkit.PerMaterialTest" name="isFlammable[165: DIAMOND_SWORD]"/>
  <testcase time="0" classname="org.bukkit.PerMaterialTest" name="maxStackSize[165: DIAMOND_SWORD]"/>
  <testcase time="0.001" classname="org.bukkit.PerMaterialTest" name="isTransparent[165: DIAMOND_SWORD]"/>
  <testcase time="0" classname="org.bukkit.PerMaterialTest" name="isSolid[165: DIAMOND_SWORD]"/>
  <testcase time="0" classname="org.bukkit.PerMaterialTest" name="hasGravity[166: DIAMOND_SPADE]"/>
  <testcase time="0" classname="org.bukkit.PerMaterialTest" name="isBurnable[166: DIAMOND_SPADE]"/>
  <testcase time="0" classname="org.bukkit.PerMaterialTest" name="isEdible[166: DIAMOND_SPADE]"/>
  <testcase time="0" classname="org.bukkit.PerMaterialTest" name="maxDurability[166: DIAMOND_SPADE]"/>
  <testcase time="0" classname="org.bukkit.PerMaterialTest" name="isOccluding[166: DIAMOND_SPADE]"/>
  <testcase time="0" classname="org.bukkit.PerMaterialTest" name="isRecord[166: DIAMOND_SPADE]"/>
  <testcase time="0.001" classname="org.bukkit.PerMaterialTest" name="isFlammable[166: DIAMOND_SPADE]"/>
  <testcase time="0" classname="org.bukkit.PerMaterialTest" name="maxStackSize[166: DIAMOND_SPADE]"/>
  <testcase time="0" classname="org.bukkit.PerMaterialTest" name="isTransparent[166: DIAMOND_SPADE]"/>
  <testcase time="0" classname="org.bukkit.PerMaterialTest" name="isSolid[166: DIAMOND_SPADE]"/>
  <testcase time="0" classname="org.bukkit.PerMaterialTest" name="hasGravity[167: DIAMOND_PICKAXE]"/>
  <testcase time="0" classname="org.bukkit.PerMaterialTest" name="isBurnable[167: DIAMOND_PICKAXE]"/>
  <testcase time="0" classname="org.bukkit.PerMaterialTest" name="isEdible[167: DIAMOND_PICKAXE]"/>
  <testcase time="0" classname="org.bukkit.PerMaterialTest" name="maxDurability[167: DIAMOND_PICKAXE]"/>
  <testcase time="0" classname="org.bukkit.PerMaterialTest" name="isOccluding[167: DIAMOND_PICKAXE]"/>
  <testcase time="0" classname="org.bukkit.PerMaterialTest" name="isRecord[167: DIAMOND_PICKAXE]"/>
  <testcase time="0" classname="org.bukkit.PerMaterialTest" name="isFlammable[167: DIAMOND_PICKAXE]"/>
  <testcase time="0" classname="org.bukkit.PerMaterialTest" name="maxStackSize[167: DIAMOND_PICKAXE]"/>
  <testcase time="0" classname="org.bukkit.PerMaterialTest" name="isTransparent[167: DIAMOND_PICKAXE]"/>
  <testcase time="0" classname="org.bukkit.PerMaterialTest" name="isSolid[167: DIAMOND_PICKAXE]"/>
  <testcase time="0" classname="org.bukkit.PerMaterialTest" name="hasGravity[168: DIAMOND_AXE]"/>
  <testcase time="0" classname="org.bukkit.PerMaterialTest" name="isBurnable[168: DIAMOND_AXE]"/>
  <testcase time="0" classname="org.bukkit.PerMaterialTest" name="isEdible[168: DIAMOND_AXE]"/>
  <testcase time="0" classname="org.bukkit.PerMaterialTest" name="maxDurability[168: DIAMOND_AXE]"/>
  <testcase time="0" classname="org.bukkit.PerMaterialTest" name="isOccluding[168: DIAMOND_AXE]"/>
  <testcase time="0" classname="org.bukkit.PerMaterialTest" name="isRecord[168: DIAMOND_AXE]"/>
  <testcase time="0" classname="org.bukkit.PerMaterialTest" name="isFlammable[168: DIAMOND_AXE]"/>
  <testcase time="0" classname="org.bukkit.PerMaterialTest" name="maxStackSize[168: DIAMOND_AXE]"/>
  <testcase time="0" classname="org.bukkit.PerMaterialTest" name="isTransparent[168: DIAMOND_AXE]"/>
  <testcase time="0" classname="org.bukkit.PerMaterialTest" name="isSolid[168: DIAMOND_AXE]"/>
  <testcase time="0" classname="org.bukkit.PerMaterialTest" name="hasGravity[169: STICK]"/>
  <testcase time="0" classname="org.bukkit.PerMaterialTest" name="isBurnable[169: STICK]"/>
  <testcase time="0" classname="org.bukkit.PerMaterialTest" name="isEdible[169: STICK]"/>
  <testcase time="0" classname="org.bukkit.PerMaterialTest" name="maxDurability[169: STICK]"/>
  <testcase time="0" classname="org.bukkit.PerMaterialTest" name="isOccluding[169: STICK]"/>
  <testcase time="0" classname="org.bukkit.PerMaterialTest" name="isRecord[169: STICK]"/>
  <testcase time="0" classname="org.bukkit.PerMaterialTest" name="isFlammable[169: STICK]"/>
  <testcase time="0" classname="org.bukkit.PerMaterialTest" name="maxStackSize[169: STICK]"/>
  <testcase time="0" classname="org.bukkit.PerMaterialTest" name="isTransparent[169: STICK]"/>
  <testcase time="0" classname="org.bukkit.PerMaterialTest" name="isSolid[169: STICK]"/>
  <testcase time="0" classname="org.bukkit.PerMaterialTest" name="hasGravity[170: BOWL]"/>
  <testcase time="0" classname="org.bukkit.PerMaterialTest" name="isBurnable[170: BOWL]"/>
  <testcase time="0.001" classname="org.bukkit.PerMaterialTest" name="isEdible[170: BOWL]"/>
  <testcase time="0" classname="org.bukkit.PerMaterialTest" name="maxDurability[170: BOWL]"/>
  <testcase time="0" classname="org.bukkit.PerMaterialTest" name="isOccluding[170: BOWL]"/>
  <testcase time="0" classname="org.bukkit.PerMaterialTest" name="isRecord[170: BOWL]"/>
  <testcase time="0" classname="org.bukkit.PerMaterialTest" name="isFlammable[170: BOWL]"/>
  <testcase time="0" classname="org.bukkit.PerMaterialTest" name="maxStackSize[170: BOWL]"/>
  <testcase time="0" classname="org.bukkit.PerMaterialTest" name="isTransparent[170: BOWL]"/>
  <testcase time="0" classname="org.bukkit.PerMaterialTest" name="isSolid[170: BOWL]"/>
  <testcase time="0" classname="org.bukkit.PerMaterialTest" name="hasGravity[171: MUSHROOM_SOUP]"/>
  <testcase time="0" classname="org.bukkit.PerMaterialTest" name="isBurnable[171: MUSHROOM_SOUP]"/>
  <testcase time="0" classname="org.bukkit.PerMaterialTest" name="isEdible[171: MUSHROOM_SOUP]"/>
  <testcase time="0" classname="org.bukkit.PerMaterialTest" name="maxDurability[171: MUSHROOM_SOUP]"/>
  <testcase time="0" classname="org.bukkit.PerMaterialTest" name="isOccluding[171: MUSHROOM_SOUP]"/>
  <testcase time="0" classname="org.bukkit.PerMaterialTest" name="isRecord[171: MUSHROOM_SOUP]"/>
  <testcase time="0" classname="org.bukkit.PerMaterialTest" name="isFlammable[171: MUSHROOM_SOUP]"/>
  <testcase time="0" classname="org.bukkit.PerMaterialTest" name="maxStackSize[171: MUSHROOM_SOUP]"/>
  <testcase time="0" classname="org.bukkit.PerMaterialTest" name="isTransparent[171: MUSHROOM_SOUP]"/>
  <testcase time="0" classname="org.bukkit.PerMaterialTest" name="isSolid[171: MUSHROOM_SOUP]"/>
  <testcase time="0" classname="org.bukkit.PerMaterialTest" name="hasGravity[172: GOLD_SWORD]"/>
  <testcase time="0" classname="org.bukkit.PerMaterialTest" name="isBurnable[172: GOLD_SWORD]"/>
  <testcase time="0" classname="org.bukkit.PerMaterialTest" name="isEdible[172: GOLD_SWORD]"/>
  <testcase time="0" classname="org.bukkit.PerMaterialTest" name="maxDurability[172: GOLD_SWORD]"/>
  <testcase time="0" classname="org.bukkit.PerMaterialTest" name="isOccluding[172: GOLD_SWORD]"/>
  <testcase time="0" classname="org.bukkit.PerMaterialTest" name="isRecord[172: GOLD_SWORD]"/>
  <testcase time="0" classname="org.bukkit.PerMaterialTest" name="isFlammable[172: GOLD_SWORD]"/>
  <testcase time="0" classname="org.bukkit.PerMaterialTest" name="maxStackSize[172: GOLD_SWORD]"/>
  <testcase time="0" classname="org.bukkit.PerMaterialTest" name="isTransparent[172: GOLD_SWORD]"/>
  <testcase time="0" classname="org.bukkit.PerMaterialTest" name="isSolid[172: GOLD_SWORD]"/>
  <testcase time="0" classname="org.bukkit.PerMaterialTest" name="hasGravity[173: GOLD_SPADE]"/>
  <testcase time="0" classname="org.bukkit.PerMaterialTest" name="isBurnable[173: GOLD_SPADE]"/>
  <testcase time="0" classname="org.bukkit.PerMaterialTest" name="isEdible[173: GOLD_SPADE]"/>
  <testcase time="0" classname="org.bukkit.PerMaterialTest" name="maxDurability[173: GOLD_SPADE]"/>
  <testcase time="0" classname="org.bukkit.PerMaterialTest" name="isOccluding[173: GOLD_SPADE]"/>
  <testcase time="0" classname="org.bukkit.PerMaterialTest" name="isRecord[173: GOLD_SPADE]"/>
  <testcase time="0.001" classname="org.bukkit.PerMaterialTest" name="isFlammable[173: GOLD_SPADE]"/>
  <testcase time="0" classname="org.bukkit.PerMaterialTest" name="maxStackSize[173: GOLD_SPADE]"/>
  <testcase time="0" classname="org.bukkit.PerMaterialTest" name="isTransparent[173: GOLD_SPADE]"/>
  <testcase time="0" classname="org.bukkit.PerMaterialTest" name="isSolid[173: GOLD_SPADE]"/>
  <testcase time="0" classname="org.bukkit.PerMaterialTest" name="hasGravity[174: GOLD_PICKAXE]"/>
  <testcase time="0" classname="org.bukkit.PerMaterialTest" name="isBurnable[174: GOLD_PICKAXE]"/>
  <testcase time="0" classname="org.bukkit.PerMaterialTest" name="isEdible[174: GOLD_PICKAXE]"/>
  <testcase time="0" classname="org.bukkit.PerMaterialTest" name="maxDurability[174: GOLD_PICKAXE]"/>
  <testcase time="0" classname="org.bukkit.PerMaterialTest" name="isOccluding[174: GOLD_PICKAXE]"/>
  <testcase time="0" classname="org.bukkit.PerMaterialTest" name="isRecord[174: GOLD_PICKAXE]"/>
  <testcase time="0" classname="org.bukkit.PerMaterialTest" name="isFlammable[174: GOLD_PICKAXE]"/>
  <testcase time="0" classname="org.bukkit.PerMaterialTest" name="maxStackSize[174: GOLD_PICKAXE]"/>
  <testcase time="0" classname="org.bukkit.PerMaterialTest" name="isTransparent[174: GOLD_PICKAXE]"/>
  <testcase time="0" classname="org.bukkit.PerMaterialTest" name="isSolid[174: GOLD_PICKAXE]"/>
  <testcase time="0" classname="org.bukkit.PerMaterialTest" name="hasGravity[175: GOLD_AXE]"/>
  <testcase time="0" classname="org.bukkit.PerMaterialTest" name="isBurnable[175: GOLD_AXE]"/>
  <testcase time="0" classname="org.bukkit.PerMaterialTest" name="isEdible[175: GOLD_AXE]"/>
  <testcase time="0" classname="org.bukkit.PerMaterialTest" name="maxDurability[175: GOLD_AXE]"/>
  <testcase time="0" classname="org.bukkit.PerMaterialTest" name="isOccluding[175: GOLD_AXE]"/>
  <testcase time="0" classname="org.bukkit.PerMaterialTest" name="isRecord[175: GOLD_AXE]"/>
  <testcase time="0" classname="org.bukkit.PerMaterialTest" name="isFlammable[175: GOLD_AXE]"/>
  <testcase time="0" classname="org.bukkit.PerMaterialTest" name="maxStackSize[175: GOLD_AXE]"/>
  <testcase time="0" classname="org.bukkit.PerMaterialTest" name="isTransparent[175: GOLD_AXE]"/>
  <testcase time="0.001" classname="org.bukkit.PerMaterialTest" name="isSolid[175: GOLD_AXE]"/>
  <testcase time="0" classname="org.bukkit.PerMaterialTest" name="hasGravity[176: STRING]"/>
  <testcase time="0" classname="org.bukkit.PerMaterialTest" name="isBurnable[176: STRING]"/>
  <testcase time="0" classname="org.bukkit.PerMaterialTest" name="isEdible[176: STRING]"/>
  <testcase time="0" classname="org.bukkit.PerMaterialTest" name="maxDurability[176: STRING]"/>
  <testcase time="0" classname="org.bukkit.PerMaterialTest" name="isOccluding[176: STRING]"/>
  <testcase time="0" classname="org.bukkit.PerMaterialTest" name="isRecord[176: STRING]"/>
  <testcase time="0" classname="org.bukkit.PerMaterialTest" name="isFlammable[176: STRING]"/>
  <testcase time="0" classname="org.bukkit.PerMaterialTest" name="maxStackSize[176: STRING]"/>
  <testcase time="0" classname="org.bukkit.PerMaterialTest" name="isTransparent[176: STRING]"/>
  <testcase time="0" classname="org.bukkit.PerMaterialTest" name="isSolid[176: STRING]"/>
  <testcase time="0" classname="org.bukkit.PerMaterialTest" name="hasGravity[177: FEATHER]"/>
  <testcase time="0" classname="org.bukkit.PerMaterialTest" name="isBurnable[177: FEATHER]"/>
  <testcase time="0" classname="org.bukkit.PerMaterialTest" name="isEdible[177: FEATHER]"/>
  <testcase time="0" classname="org.bukkit.PerMaterialTest" name="maxDurability[177: FEATHER]"/>
  <testcase time="0" classname="org.bukkit.PerMaterialTest" name="isOccluding[177: FEATHER]"/>
  <testcase time="0" classname="org.bukkit.PerMaterialTest" name="isRecord[177: FEATHER]"/>
  <testcase time="0" classname="org.bukkit.PerMaterialTest" name="isFlammable[177: FEATHER]"/>
  <testcase time="0" classname="org.bukkit.PerMaterialTest" name="maxStackSize[177: FEATHER]"/>
  <testcase time="0" classname="org.bukkit.PerMaterialTest" name="isTransparent[177: FEATHER]"/>
  <testcase time="0" classname="org.bukkit.PerMaterialTest" name="isSolid[177: FEATHER]"/>
  <testcase time="0" classname="org.bukkit.PerMaterialTest" name="hasGravity[178: SULPHUR]"/>
  <testcase time="0" classname="org.bukkit.PerMaterialTest" name="isBurnable[178: SULPHUR]"/>
  <testcase time="0" classname="org.bukkit.PerMaterialTest" name="isEdible[178: SULPHUR]"/>
  <testcase time="0" classname="org.bukkit.PerMaterialTest" name="maxDurability[178: SULPHUR]"/>
  <testcase time="0" classname="org.bukkit.PerMaterialTest" name="isOccluding[178: SULPHUR]"/>
  <testcase time="0" classname="org.bukkit.PerMaterialTest" name="isRecord[178: SULPHUR]"/>
  <testcase time="0" classname="org.bukkit.PerMaterialTest" name="isFlammable[178: SULPHUR]"/>
  <testcase time="0" classname="org.bukkit.PerMaterialTest" name="maxStackSize[178: SULPHUR]"/>
  <testcase time="0" classname="org.bukkit.PerMaterialTest" name="isTransparent[178: SULPHUR]"/>
  <testcase time="0" classname="org.bukkit.PerMaterialTest" name="isSolid[178: SULPHUR]"/>
  <testcase time="0" classname="org.bukkit.PerMaterialTest" name="hasGravity[179: WOOD_HOE]"/>
  <testcase time="0" classname="org.bukkit.PerMaterialTest" name="isBurnable[179: WOOD_HOE]"/>
  <testcase time="0.001" classname="org.bukkit.PerMaterialTest" name="isEdible[179: WOOD_HOE]"/>
  <testcase time="0" classname="org.bukkit.PerMaterialTest" name="maxDurability[179: WOOD_HOE]"/>
  <testcase time="0" classname="org.bukkit.PerMaterialTest" name="isOccluding[179: WOOD_HOE]"/>
  <testcase time="0" classname="org.bukkit.PerMaterialTest" name="isRecord[179: WOOD_HOE]"/>
  <testcase time="0" classname="org.bukkit.PerMaterialTest" name="isFlammable[179: WOOD_HOE]"/>
  <testcase time="0" classname="org.bukkit.PerMaterialTest" name="maxStackSize[179: WOOD_HOE]"/>
  <testcase time="0" classname="org.bukkit.PerMaterialTest" name="isTransparent[179: WOOD_HOE]"/>
  <testcase time="0" classname="org.bukkit.PerMaterialTest" name="isSolid[179: WOOD_HOE]"/>
  <testcase time="0" classname="org.bukkit.PerMaterialTest" name="hasGravity[180: STONE_HOE]"/>
  <testcase time="0" classname="org.bukkit.PerMaterialTest" name="isBurnable[180: STONE_HOE]"/>
  <testcase time="0" classname="org.bukkit.PerMaterialTest" name="isEdible[180: STONE_HOE]"/>
  <testcase time="0" classname="org.bukkit.PerMaterialTest" name="maxDurability[180: STONE_HOE]"/>
  <testcase time="0.001" classname="org.bukkit.PerMaterialTest" name="isOccluding[180: STONE_HOE]"/>
  <testcase time="0" classname="org.bukkit.PerMaterialTest" name="isRecord[180: STONE_HOE]"/>
  <testcase time="0" classname="org.bukkit.PerMaterialTest" name="isFlammable[180: STONE_HOE]"/>
  <testcase time="0" classname="org.bukkit.PerMaterialTest" name="maxStackSize[180: STONE_HOE]"/>
  <testcase time="0" classname="org.bukkit.PerMaterialTest" name="isTransparent[180: STONE_HOE]"/>
  <testcase time="0" classname="org.bukkit.PerMaterialTest" name="isSolid[180: STONE_HOE]"/>
  <testcase time="0" classname="org.bukkit.PerMaterialTest" name="hasGravity[181: IRON_HOE]"/>
  <testcase time="0" classname="org.bukkit.PerMaterialTest" name="isBurnable[181: IRON_HOE]"/>
  <testcase time="0" classname="org.bukkit.PerMaterialTest" name="isEdible[181: IRON_HOE]"/>
  <testcase time="0" classname="org.bukkit.PerMaterialTest" name="maxDurability[181: IRON_HOE]"/>
  <testcase time="0" classname="org.bukkit.PerMaterialTest" name="isOccluding[181: IRON_HOE]"/>
  <testcase time="0" classname="org.bukkit.PerMaterialTest" name="isRecord[181: IRON_HOE]"/>
  <testcase time="0" classname="org.bukkit.PerMaterialTest" name="isFlammable[181: IRON_HOE]"/>
  <testcase time="0" classname="org.bukkit.PerMaterialTest" name="maxStackSize[181: IRON_HOE]"/>
  <testcase time="0" classname="org.bukkit.PerMaterialTest" name="isTransparent[181: IRON_HOE]"/>
  <testcase time="0" classname="org.bukkit.PerMaterialTest" name="isSolid[181: IRON_HOE]"/>
  <testcase time="0" classname="org.bukkit.PerMaterialTest" name="hasGravity[182: DIAMOND_HOE]"/>
  <testcase time="0" classname="org.bukkit.PerMaterialTest" name="isBurnable[182: DIAMOND_HOE]"/>
  <testcase time="0" classname="org.bukkit.PerMaterialTest" name="isEdible[182: DIAMOND_HOE]"/>
  <testcase time="0" classname="org.bukkit.PerMaterialTest" name="maxDurability[182: DIAMOND_HOE]"/>
  <testcase time="0" classname="org.bukkit.PerMaterialTest" name="isOccluding[182: DIAMOND_HOE]"/>
  <testcase time="0" classname="org.bukkit.PerMaterialTest" name="isRecord[182: DIAMOND_HOE]"/>
  <testcase time="0" classname="org.bukkit.PerMaterialTest" name="isFlammable[182: DIAMOND_HOE]"/>
  <testcase time="0" classname="org.bukkit.PerMaterialTest" name="maxStackSize[182: DIAMOND_HOE]"/>
  <testcase time="0" classname="org.bukkit.PerMaterialTest" name="isTransparent[182: DIAMOND_HOE]"/>
  <testcase time="0" classname="org.bukkit.PerMaterialTest" name="isSolid[182: DIAMOND_HOE]"/>
  <testcase time="0" classname="org.bukkit.PerMaterialTest" name="hasGravity[183: GOLD_HOE]"/>
  <testcase time="0" classname="org.bukkit.PerMaterialTest" name="isBurnable[183: GOLD_HOE]"/>
  <testcase time="0" classname="org.bukkit.PerMaterialTest" name="isEdible[183: GOLD_HOE]"/>
  <testcase time="0" classname="org.bukkit.PerMaterialTest" name="maxDurability[183: GOLD_HOE]"/>
  <testcase time="0" classname="org.bukkit.PerMaterialTest" name="isOccluding[183: GOLD_HOE]"/>
  <testcase time="0" classname="org.bukkit.PerMaterialTest" name="isRecord[183: GOLD_HOE]"/>
  <testcase time="0" classname="org.bukkit.PerMaterialTest" name="isFlammable[183: GOLD_HOE]"/>
  <testcase time="0" classname="org.bukkit.PerMaterialTest" name="maxStackSize[183: GOLD_HOE]"/>
  <testcase time="0" classname="org.bukkit.PerMaterialTest" name="isTransparent[183: GOLD_HOE]"/>
  <testcase time="0" classname="org.bukkit.PerMaterialTest" name="isSolid[183: GOLD_HOE]"/>
  <testcase time="0" classname="org.bukkit.PerMaterialTest" name="hasGravity[184: SEEDS]"/>
  <testcase time="0" classname="org.bukkit.PerMaterialTest" name="isBurnable[184: SEEDS]"/>
  <testcase time="0" classname="org.bukkit.PerMaterialTest" name="isEdible[184: SEEDS]"/>
  <testcase time="0" classname="org.bukkit.PerMaterialTest" name="maxDurability[184: SEEDS]"/>
  <testcase time="0" classname="org.bukkit.PerMaterialTest" name="isOccluding[184: SEEDS]"/>
  <testcase time="0" classname="org.bukkit.PerMaterialTest" name="isRecord[184: SEEDS]"/>
  <testcase time="0" classname="org.bukkit.PerMaterialTest" name="isFlammable[184: SEEDS]"/>
  <testcase time="0" classname="org.bukkit.PerMaterialTest" name="maxStackSize[184: SEEDS]"/>
  <testcase time="0" classname="org.bukkit.PerMaterialTest" name="isTransparent[184: SEEDS]"/>
  <testcase time="0" classname="org.bukkit.PerMaterialTest" name="isSolid[184: SEEDS]"/>
  <testcase time="0" classname="org.bukkit.PerMaterialTest" name="hasGravity[185: WHEAT]"/>
  <testcase time="0" classname="org.bukkit.PerMaterialTest" name="isBurnable[185: WHEAT]"/>
  <testcase time="0" classname="org.bukkit.PerMaterialTest" name="isEdible[185: WHEAT]"/>
  <testcase time="0" classname="org.bukkit.PerMaterialTest" name="maxDurability[185: WHEAT]"/>
  <testcase time="0" classname="org.bukkit.PerMaterialTest" name="isOccluding[185: WHEAT]"/>
  <testcase time="0" classname="org.bukkit.PerMaterialTest" name="isRecord[185: WHEAT]"/>
  <testcase time="0" classname="org.bukkit.PerMaterialTest" name="isFlammable[185: WHEAT]"/>
  <testcase time="0" classname="org.bukkit.PerMaterialTest" name="maxStackSize[185: WHEAT]"/>
  <testcase time="0" classname="org.bukkit.PerMaterialTest" name="isTransparent[185: WHEAT]"/>
  <testcase time="0" classname="org.bukkit.PerMaterialTest" name="isSolid[185: WHEAT]"/>
  <testcase time="0" classname="org.bukkit.PerMaterialTest" name="hasGravity[186: BREAD]"/>
  <testcase time="0" classname="org.bukkit.PerMaterialTest" name="isBurnable[186: BREAD]"/>
  <testcase time="0" classname="org.bukkit.PerMaterialTest" name="isEdible[186: BREAD]"/>
  <testcase time="0" classname="org.bukkit.PerMaterialTest" name="maxDurability[186: BREAD]"/>
  <testcase time="0" classname="org.bukkit.PerMaterialTest" name="isOccluding[186: BREAD]"/>
  <testcase time="0" classname="org.bukkit.PerMaterialTest" name="isRecord[186: BREAD]"/>
  <testcase time="0" classname="org.bukkit.PerMaterialTest" name="isFlammable[186: BREAD]"/>
  <testcase time="0" classname="org.bukkit.PerMaterialTest" name="maxStackSize[186: BREAD]"/>
  <testcase time="0" classname="org.bukkit.PerMaterialTest" name="isTransparent[186: BREAD]"/>
  <testcase time="0" classname="org.bukkit.PerMaterialTest" name="isSolid[186: BREAD]"/>
  <testcase time="0" classname="org.bukkit.PerMaterialTest" name="hasGravity[187: LEATHER_HELMET]"/>
  <testcase time="0" classname="org.bukkit.PerMaterialTest" name="isBurnable[187: LEATHER_HELMET]"/>
  <testcase time="0" classname="org.bukkit.PerMaterialTest" name="isEdible[187: LEATHER_HELMET]"/>
  <testcase time="0" classname="org.bukkit.PerMaterialTest" name="maxDurability[187: LEATHER_HELMET]"/>
  <testcase time="0.001" classname="org.bukkit.PerMaterialTest" name="isOccluding[187: LEATHER_HELMET]"/>
  <testcase time="0" classname="org.bukkit.PerMaterialTest" name="isRecord[187: LEATHER_HELMET]"/>
  <testcase time="0" classname="org.bukkit.PerMaterialTest" name="isFlammable[187: LEATHER_HELMET]"/>
  <testcase time="0" classname="org.bukkit.PerMaterialTest" name="maxStackSize[187: LEATHER_HELMET]"/>
  <testcase time="0" classname="org.bukkit.PerMaterialTest" name="isTransparent[187: LEATHER_HELMET]"/>
  <testcase time="0" classname="org.bukkit.PerMaterialTest" name="isSolid[187: LEATHER_HELMET]"/>
  <testcase time="0" classname="org.bukkit.PerMaterialTest" name="hasGravity[188: LEATHER_CHESTPLATE]"/>
  <testcase time="0" classname="org.bukkit.PerMaterialTest" name="isBurnable[188: LEATHER_CHESTPLATE]"/>
  <testcase time="0" classname="org.bukkit.PerMaterialTest" name="isEdible[188: LEATHER_CHESTPLATE]"/>
  <testcase time="0" classname="org.bukkit.PerMaterialTest" name="maxDurability[188: LEATHER_CHESTPLATE]"/>
  <testcase time="0" classname="org.bukkit.PerMaterialTest" name="isOccluding[188: LEATHER_CHESTPLATE]"/>
  <testcase time="0" classname="org.bukkit.PerMaterialTest" name="isRecord[188: LEATHER_CHESTPLATE]"/>
  <testcase time="0" classname="org.bukkit.PerMaterialTest" name="isFlammable[188: LEATHER_CHESTPLATE]"/>
  <testcase time="0" classname="org.bukkit.PerMaterialTest" name="maxStackSize[188: LEATHER_CHESTPLATE]"/>
  <testcase time="0" classname="org.bukkit.PerMaterialTest" name="isTransparent[188: LEATHER_CHESTPLATE]"/>
  <testcase time="0" classname="org.bukkit.PerMaterialTest" name="isSolid[188: LEATHER_CHESTPLATE]"/>
  <testcase time="0" classname="org.bukkit.PerMaterialTest" name="hasGravity[189: LEATHER_LEGGINGS]"/>
  <testcase time="0" classname="org.bukkit.PerMaterialTest" name="isBurnable[189: LEATHER_LEGGINGS]"/>
  <testcase time="0" classname="org.bukkit.PerMaterialTest" name="isEdible[189: LEATHER_LEGGINGS]"/>
  <testcase time="0" classname="org.bukkit.PerMaterialTest" name="maxDurability[189: LEATHER_LEGGINGS]"/>
  <testcase time="0" classname="org.bukkit.PerMaterialTest" name="isOccluding[189: LEATHER_LEGGINGS]"/>
  <testcase time="0" classname="org.bukkit.PerMaterialTest" name="isRecord[189: LEATHER_LEGGINGS]"/>
  <testcase time="0" classname="org.bukkit.PerMaterialTest" name="isFlammable[189: LEATHER_LEGGINGS]"/>
  <testcase time="0" classname="org.bukkit.PerMaterialTest" name="maxStackSize[189: LEATHER_LEGGINGS]"/>
  <testcase time="0" classname="org.bukkit.PerMaterialTest" name="isTransparent[189: LEATHER_LEGGINGS]"/>
  <testcase time="0" classname="org.bukkit.PerMaterialTest" name="isSolid[189: LEATHER_LEGGINGS]"/>
  <testcase time="0" classname="org.bukkit.PerMaterialTest" name="hasGravity[190: LEATHER_BOOTS]"/>
  <testcase time="0" classname="org.bukkit.PerMaterialTest" name="isBurnable[190: LEATHER_BOOTS]"/>
  <testcase time="0" classname="org.bukkit.PerMaterialTest" name="isEdible[190: LEATHER_BOOTS]"/>
  <testcase time="0" classname="org.bukkit.PerMaterialTest" name="maxDurability[190: LEATHER_BOOTS]"/>
  <testcase time="0" classname="org.bukkit.PerMaterialTest" name="isOccluding[190: LEATHER_BOOTS]"/>
  <testcase time="0" classname="org.bukkit.PerMaterialTest" name="isRecord[190: LEATHER_BOOTS]"/>
  <testcase time="0" classname="org.bukkit.PerMaterialTest" name="isFlammable[190: LEATHER_BOOTS]"/>
  <testcase time="0" classname="org.bukkit.PerMaterialTest" name="maxStackSize[190: LEATHER_BOOTS]"/>
  <testcase time="0" classname="org.bukkit.PerMaterialTest" name="isTransparent[190: LEATHER_BOOTS]"/>
  <testcase time="0.001" classname="org.bukkit.PerMaterialTest" name="isSolid[190: LEATHER_BOOTS]"/>
  <testcase time="0" classname="org.bukkit.PerMaterialTest" name="hasGravity[191: CHAINMAIL_HELMET]"/>
  <testcase time="0" classname="org.bukkit.PerMaterialTest" name="isBurnable[191: CHAINMAIL_HELMET]"/>
  <testcase time="0" classname="org.bukkit.PerMaterialTest" name="isEdible[191: CHAINMAIL_HELMET]"/>
  <testcase time="0" classname="org.bukkit.PerMaterialTest" name="maxDurability[191: CHAINMAIL_HELMET]"/>
  <testcase time="0" classname="org.bukkit.PerMaterialTest" name="isOccluding[191: CHAINMAIL_HELMET]"/>
  <testcase time="0" classname="org.bukkit.PerMaterialTest" name="isRecord[191: CHAINMAIL_HELMET]"/>
  <testcase time="0" classname="org.bukkit.PerMaterialTest" name="isFlammable[191: CHAINMAIL_HELMET]"/>
  <testcase time="0" classname="org.bukkit.PerMaterialTest" name="maxStackSize[191: CHAINMAIL_HELMET]"/>
  <testcase time="0" classname="org.bukkit.PerMaterialTest" name="isTransparent[191: CHAINMAIL_HELMET]"/>
  <testcase time="0" classname="org.bukkit.PerMaterialTest" name="isSolid[191: CHAINMAIL_HELMET]"/>
  <testcase time="0.001" classname="org.bukkit.PerMaterialTest" name="hasGravity[192: CHAINMAIL_CHESTPLATE]"/>
  <testcase time="0" classname="org.bukkit.PerMaterialTest" name="isBurnable[192: CHAINMAIL_CHESTPLATE]"/>
  <testcase time="0" classname="org.bukkit.PerMaterialTest" name="isEdible[192: CHAINMAIL_CHESTPLATE]"/>
  <testcase time="0" classname="org.bukkit.PerMaterialTest" name="maxDurability[192: CHAINMAIL_CHESTPLATE]"/>
  <testcase time="0" classname="org.bukkit.PerMaterialTest" name="isOccluding[192: CHAINMAIL_CHESTPLATE]"/>
  <testcase time="0" classname="org.bukkit.PerMaterialTest" name="isRecord[192: CHAINMAIL_CHESTPLATE]"/>
  <testcase time="0" classname="org.bukkit.PerMaterialTest" name="isFlammable[192: CHAINMAIL_CHESTPLATE]"/>
  <testcase time="0" classname="org.bukkit.PerMaterialTest" name="maxStackSize[192: CHAINMAIL_CHESTPLATE]"/>
  <testcase time="0" classname="org.bukkit.PerMaterialTest" name="isTransparent[192: CHAINMAIL_CHESTPLATE]"/>
  <testcase time="0" classname="org.bukkit.PerMaterialTest" name="isSolid[192: CHAINMAIL_CHESTPLATE]"/>
  <testcase time="0" classname="org.bukkit.PerMaterialTest" name="hasGravity[193: CHAINMAIL_LEGGINGS]"/>
  <testcase time="0" classname="org.bukkit.PerMaterialTest" name="isBurnable[193: CHAINMAIL_LEGGINGS]"/>
  <testcase time="0.001" classname="org.bukkit.PerMaterialTest" name="isEdible[193: CHAINMAIL_LEGGINGS]"/>
  <testcase time="0" classname="org.bukkit.PerMaterialTest" name="maxDurability[193: CHAINMAIL_LEGGINGS]"/>
  <testcase time="0" classname="org.bukkit.PerMaterialTest" name="isOccluding[193: CHAINMAIL_LEGGINGS]"/>
  <testcase time="0" classname="org.bukkit.PerMaterialTest" name="isRecord[193: CHAINMAIL_LEGGINGS]"/>
  <testcase time="0" classname="org.bukkit.PerMaterialTest" name="isFlammable[193: CHAINMAIL_LEGGINGS]"/>
  <testcase time="0" classname="org.bukkit.PerMaterialTest" name="maxStackSize[193: CHAINMAIL_LEGGINGS]"/>
  <testcase time="0" classname="org.bukkit.PerMaterialTest" name="isTransparent[193: CHAINMAIL_LEGGINGS]"/>
  <testcase time="0" classname="org.bukkit.PerMaterialTest" name="isSolid[193: CHAINMAIL_LEGGINGS]"/>
  <testcase time="0" classname="org.bukkit.PerMaterialTest" name="hasGravity[194: CHAINMAIL_BOOTS]"/>
  <testcase time="0" classname="org.bukkit.PerMaterialTest" name="isBurnable[194: CHAINMAIL_BOOTS]"/>
  <testcase time="0" classname="org.bukkit.PerMaterialTest" name="isEdible[194: CHAINMAIL_BOOTS]"/>
  <testcase time="0" classname="org.bukkit.PerMaterialTest" name="maxDurability[194: CHAINMAIL_BOOTS]"/>
  <testcase time="0" classname="org.bukkit.PerMaterialTest" name="isOccluding[194: CHAINMAIL_BOOTS]"/>
  <testcase time="0" classname="org.bukkit.PerMaterialTest" name="isRecord[194: CHAINMAIL_BOOTS]"/>
  <testcase time="0" classname="org.bukkit.PerMaterialTest" name="isFlammable[194: CHAINMAIL_BOOTS]"/>
  <testcase time="0" classname="org.bukkit.PerMaterialTest" name="maxStackSize[194: CHAINMAIL_BOOTS]"/>
  <testcase time="0" classname="org.bukkit.PerMaterialTest" name="isTransparent[194: CHAINMAIL_BOOTS]"/>
  <testcase time="0" classname="org.bukkit.PerMaterialTest" name="isSolid[194: CHAINMAIL_BOOTS]"/>
  <testcase time="0" classname="org.bukkit.PerMaterialTest" name="hasGravity[195: IRON_HELMET]"/>
  <testcase time="0" classname="org.bukkit.PerMaterialTest" name="isBurnable[195: IRON_HELMET]"/>
  <testcase time="0" classname="org.bukkit.PerMaterialTest" name="isEdible[195: IRON_HELMET]"/>
  <testcase time="0" classname="org.bukkit.PerMaterialTest" name="maxDurability[195: IRON_HELMET]"/>
  <testcase time="0" classname="org.bukkit.PerMaterialTest" name="isOccluding[195: IRON_HELMET]"/>
  <testcase time="0" classname="org.bukkit.PerMaterialTest" name="isRecord[195: IRON_HELMET]"/>
  <testcase time="0" classname="org.bukkit.PerMaterialTest" name="isFlammable[195: IRON_HELMET]"/>
  <testcase time="0" classname="org.bukkit.PerMaterialTest" name="maxStackSize[195: IRON_HELMET]"/>
  <testcase time="0" classname="org.bukkit.PerMaterialTest" name="isTransparent[195: IRON_HELMET]"/>
  <testcase time="0" classname="org.bukkit.PerMaterialTest" name="isSolid[195: IRON_HELMET]"/>
  <testcase time="0" classname="org.bukkit.PerMaterialTest" name="hasGravity[196: IRON_CHESTPLATE]"/>
  <testcase time="0" classname="org.bukkit.PerMaterialTest" name="isBurnable[196: IRON_CHESTPLATE]"/>
  <testcase time="0" classname="org.bukkit.PerMaterialTest" name="isEdible[196: IRON_CHESTPLATE]"/>
  <testcase time="0" classname="org.bukkit.PerMaterialTest" name="maxDurability[196: IRON_CHESTPLATE]"/>
  <testcase time="0" classname="org.bukkit.PerMaterialTest" name="isOccluding[196: IRON_CHESTPLATE]"/>
  <testcase time="0" classname="org.bukkit.PerMaterialTest" name="isRecord[196: IRON_CHESTPLATE]"/>
  <testcase time="0.001" classname="org.bukkit.PerMaterialTest" name="isFlammable[196: IRON_CHESTPLATE]"/>
  <testcase time="0" classname="org.bukkit.PerMaterialTest" name="maxStackSize[196: IRON_CHESTPLATE]"/>
  <testcase time="0" classname="org.bukkit.PerMaterialTest" name="isTransparent[196: IRON_CHESTPLATE]"/>
  <testcase time="0" classname="org.bukkit.PerMaterialTest" name="isSolid[196: IRON_CHESTPLATE]"/>
  <testcase time="0" classname="org.bukkit.PerMaterialTest" name="hasGravity[197: IRON_LEGGINGS]"/>
  <testcase time="0" classname="org.bukkit.PerMaterialTest" name="isBurnable[197: IRON_LEGGINGS]"/>
  <testcase time="0" classname="org.bukkit.PerMaterialTest" name="isEdible[197: IRON_LEGGINGS]"/>
  <testcase time="0" classname="org.bukkit.PerMaterialTest" name="maxDurability[197: IRON_LEGGINGS]"/>
  <testcase time="0" classname="org.bukkit.PerMaterialTest" name="isOccluding[197: IRON_LEGGINGS]"/>
  <testcase time="0" classname="org.bukkit.PerMaterialTest" name="isRecord[197: IRON_LEGGINGS]"/>
  <testcase time="0" classname="org.bukkit.PerMaterialTest" name="isFlammable[197: IRON_LEGGINGS]"/>
  <testcase time="0" classname="org.bukkit.PerMaterialTest" name="maxStackSize[197: IRON_LEGGINGS]"/>
  <testcase time="0" classname="org.bukkit.PerMaterialTest" name="isTransparent[197: IRON_LEGGINGS]"/>
  <testcase time="0" classname="org.bukkit.PerMaterialTest" name="isSolid[197: IRON_LEGGINGS]"/>
  <testcase time="0" classname="org.bukkit.PerMaterialTest" name="hasGravity[198: IRON_BOOTS]"/>
  <testcase time="0" classname="org.bukkit.PerMaterialTest" name="isBurnable[198: IRON_BOOTS]"/>
  <testcase time="0" classname="org.bukkit.PerMaterialTest" name="isEdible[198: IRON_BOOTS]"/>
  <testcase time="0" classname="org.bukkit.PerMaterialTest" name="maxDurability[198: IRON_BOOTS]"/>
  <testcase time="0" classname="org.bukkit.PerMaterialTest" name="isOccluding[198: IRON_BOOTS]"/>
  <testcase time="0" classname="org.bukkit.PerMaterialTest" name="isRecord[198: IRON_BOOTS]"/>
  <testcase time="0" classname="org.bukkit.PerMaterialTest" name="isFlammable[198: IRON_BOOTS]"/>
  <testcase time="0" classname="org.bukkit.PerMaterialTest" name="maxStackSize[198: IRON_BOOTS]"/>
  <testcase time="0.001" classname="org.bukkit.PerMaterialTest" name="isTransparent[198: IRON_BOOTS]"/>
  <testcase time="0" classname="org.bukkit.PerMaterialTest" name="isSolid[198: IRON_BOOTS]"/>
  <testcase time="0" classname="org.bukkit.PerMaterialTest" name="hasGravity[199: DIAMOND_HELMET]"/>
  <testcase time="0" classname="org.bukkit.PerMaterialTest" name="isBurnable[199: DIAMOND_HELMET]"/>
  <testcase time="0" classname="org.bukkit.PerMaterialTest" name="isEdible[199: DIAMOND_HELMET]"/>
  <testcase time="0" classname="org.bukkit.PerMaterialTest" name="maxDurability[199: DIAMOND_HELMET]"/>
  <testcase time="0" classname="org.bukkit.PerMaterialTest" name="isOccluding[199: DIAMOND_HELMET]"/>
  <testcase time="0" classname="org.bukkit.PerMaterialTest" name="isRecord[199: DIAMOND_HELMET]"/>
  <testcase time="0" classname="org.bukkit.PerMaterialTest" name="isFlammable[199: DIAMOND_HELMET]"/>
  <testcase time="0" classname="org.bukkit.PerMaterialTest" name="maxStackSize[199: DIAMOND_HELMET]"/>
  <testcase time="0" classname="org.bukkit.PerMaterialTest" name="isTransparent[199: DIAMOND_HELMET]"/>
  <testcase time="0" classname="org.bukkit.PerMaterialTest" name="isSolid[199: DIAMOND_HELMET]"/>
  <testcase time="0" classname="org.bukkit.PerMaterialTest" name="hasGravity[200: DIAMOND_CHESTPLATE]"/>
  <testcase time="0" classname="org.bukkit.PerMaterialTest" name="isBurnable[200: DIAMOND_CHESTPLATE]"/>
  <testcase time="0" classname="org.bukkit.PerMaterialTest" name="isEdible[200: DIAMOND_CHESTPLATE]"/>
  <testcase time="0" classname="org.bukkit.PerMaterialTest" name="maxDurability[200: DIAMOND_CHESTPLATE]"/>
  <testcase time="0" classname="org.bukkit.PerMaterialTest" name="isOccluding[200: DIAMOND_CHESTPLATE]"/>
  <testcase time="0" classname="org.bukkit.PerMaterialTest" name="isRecord[200: DIAMOND_CHESTPLATE]"/>
  <testcase time="0" classname="org.bukkit.PerMaterialTest" name="isFlammable[200: DIAMOND_CHESTPLATE]"/>
  <testcase time="0" classname="org.bukkit.PerMaterialTest" name="maxStackSize[200: DIAMOND_CHESTPLATE]"/>
  <testcase time="0" classname="org.bukkit.PerMaterialTest" name="isTransparent[200: DIAMOND_CHESTPLATE]"/>
  <testcase time="0" classname="org.bukkit.PerMaterialTest" name="isSolid[200: DIAMOND_CHESTPLATE]"/>
  <testcase time="0" classname="org.bukkit.PerMaterialTest" name="hasGravity[201: DIAMOND_LEGGINGS]"/>
  <testcase time="0" classname="org.bukkit.PerMaterialTest" name="isBurnable[201: DIAMOND_LEGGINGS]"/>
  <testcase time="0" classname="org.bukkit.PerMaterialTest" name="isEdible[201: DIAMOND_LEGGINGS]"/>
  <testcase time="0" classname="org.bukkit.PerMaterialTest" name="maxDurability[201: DIAMOND_LEGGINGS]"/>
  <testcase time="0" classname="org.bukkit.PerMaterialTest" name="isOccluding[201: DIAMOND_LEGGINGS]"/>
  <testcase time="0" classname="org.bukkit.PerMaterialTest" name="isRecord[201: DIAMOND_LEGGINGS]"/>
  <testcase time="0" classname="org.bukkit.PerMaterialTest" name="isFlammable[201: DIAMOND_LEGGINGS]"/>
  <testcase time="0" classname="org.bukkit.PerMaterialTest" name="maxStackSize[201: DIAMOND_LEGGINGS]"/>
  <testcase time="0" classname="org.bukkit.PerMaterialTest" name="isTransparent[201: DIAMOND_LEGGINGS]"/>
  <testcase time="0" classname="org.bukkit.PerMaterialTest" name="isSolid[201: DIAMOND_LEGGINGS]"/>
  <testcase time="0" classname="org.bukkit.PerMaterialTest" name="hasGravity[202: DIAMOND_BOOTS]"/>
  <testcase time="0" classname="org.bukkit.PerMaterialTest" name="isBurnable[202: DIAMOND_BOOTS]"/>
  <testcase time="0" classname="org.bukkit.PerMaterialTest" name="isEdible[202: DIAMOND_BOOTS]"/>
  <testcase time="0" classname="org.bukkit.PerMaterialTest" name="maxDurability[202: DIAMOND_BOOTS]"/>
  <testcase time="0" classname="org.bukkit.PerMaterialTest" name="isOccluding[202: DIAMOND_BOOTS]"/>
  <testcase time="0" classname="org.bukkit.PerMaterialTest" name="isRecord[202: DIAMOND_BOOTS]"/>
  <testcase time="0" classname="org.bukkit.PerMaterialTest" name="isFlammable[202: DIAMOND_BOOTS]"/>
  <testcase time="0" classname="org.bukkit.PerMaterialTest" name="maxStackSize[202: DIAMOND_BOOTS]"/>
  <testcase time="0" classname="org.bukkit.PerMaterialTest" name="isTransparent[202: DIAMOND_BOOTS]"/>
  <testcase time="0" classname="org.bukkit.PerMaterialTest" name="isSolid[202: DIAMOND_BOOTS]"/>
  <testcase time="0" classname="org.bukkit.PerMaterialTest" name="hasGravity[203: GOLD_HELMET]"/>
  <testcase time="0" classname="org.bukkit.PerMaterialTest" name="isBurnable[203: GOLD_HELMET]"/>
  <testcase time="0" classname="org.bukkit.PerMaterialTest" name="isEdible[203: GOLD_HELMET]"/>
  <testcase time="0" classname="org.bukkit.PerMaterialTest" name="maxDurability[203: GOLD_HELMET]"/>
  <testcase time="0" classname="org.bukkit.PerMaterialTest" name="isOccluding[203: GOLD_HELMET]"/>
  <testcase time="0" classname="org.bukkit.PerMaterialTest" name="isRecord[203: GOLD_HELMET]"/>
  <testcase time="0" classname="org.bukkit.PerMaterialTest" name="isFlammable[203: GOLD_HELMET]"/>
  <testcase time="0" classname="org.bukkit.PerMaterialTest" name="maxStackSize[203: GOLD_HELMET]"/>
  <testcase time="0" classname="org.bukkit.PerMaterialTest" name="isTransparent[203: GOLD_HELMET]"/>
  <testcase time="0" classname="org.bukkit.PerMaterialTest" name="isSolid[203: GOLD_HELMET]"/>
  <testcase time="0" classname="org.bukkit.PerMaterialTest" name="hasGravity[204: GOLD_CHESTPLATE]"/>
  <testcase time="0" classname="org.bukkit.PerMaterialTest" name="isBurnable[204: GOLD_CHESTPLATE]"/>
  <testcase time="0" classname="org.bukkit.PerMaterialTest" name="isEdible[204: GOLD_CHESTPLATE]"/>
  <testcase time="0" classname="org.bukkit.PerMaterialTest" name="maxDurability[204: GOLD_CHESTPLATE]"/>
  <testcase time="0" classname="org.bukkit.PerMaterialTest" name="isOccluding[204: GOLD_CHESTPLATE]"/>
  <testcase time="0" classname="org.bukkit.PerMaterialTest" name="isRecord[204: GOLD_CHESTPLATE]"/>
  <testcase time="0" classname="org.bukkit.PerMaterialTest" name="isFlammable[204: GOLD_CHESTPLATE]"/>
  <testcase time="0" classname="org.bukkit.PerMaterialTest" name="maxStackSize[204: GOLD_CHESTPLATE]"/>
  <testcase time="0" classname="org.bukkit.PerMaterialTest" name="isTransparent[204: GOLD_CHESTPLATE]"/>
  <testcase time="0" classname="org.bukkit.PerMaterialTest" name="isSolid[204: GOLD_CHESTPLATE]"/>
  <testcase time="0" classname="org.bukkit.PerMaterialTest" name="hasGravity[205: GOLD_LEGGINGS]"/>
  <testcase time="0" classname="org.bukkit.PerMaterialTest" name="isBurnable[205: GOLD_LEGGINGS]"/>
  <testcase time="0" classname="org.bukkit.PerMaterialTest" name="isEdible[205: GOLD_LEGGINGS]"/>
  <testcase time="0" classname="org.bukkit.PerMaterialTest" name="maxDurability[205: GOLD_LEGGINGS]"/>
  <testcase time="0" classname="org.bukkit.PerMaterialTest" name="isOccluding[205: GOLD_LEGGINGS]"/>
  <testcase time="0" classname="org.bukkit.PerMaterialTest" name="isRecord[205: GOLD_LEGGINGS]"/>
  <testcase time="0" classname="org.bukkit.PerMaterialTest" name="isFlammable[205: GOLD_LEGGINGS]"/>
  <testcase time="0" classname="org.bukkit.PerMaterialTest" name="maxStackSize[205: GOLD_LEGGINGS]"/>
  <testcase time="0" classname="org.bukkit.PerMaterialTest" name="isTransparent[205: GOLD_LEGGINGS]"/>
  <testcase time="0" classname="org.bukkit.PerMaterialTest" name="isSolid[205: GOLD_LEGGINGS]"/>
  <testcase time="0" classname="org.bukkit.PerMaterialTest" name="hasGravity[206: GOLD_BOOTS]"/>
  <testcase time="0" classname="org.bukkit.PerMaterialTest" name="isBurnable[206: GOLD_BOOTS]"/>
  <testcase time="0" classname="org.bukkit.PerMaterialTest" name="isEdible[206: GOLD_BOOTS]"/>
  <testcase time="0" classname="org.bukkit.PerMaterialTest" name="maxDurability[206: GOLD_BOOTS]"/>
  <testcase time="0" classname="org.bukkit.PerMaterialTest" name="isOccluding[206: GOLD_BOOTS]"/>
  <testcase time="0" classname="org.bukkit.PerMaterialTest" name="isRecord[206: GOLD_BOOTS]"/>
  <testcase time="0" classname="org.bukkit.PerMaterialTest" name="isFlammable[206: GOLD_BOOTS]"/>
  <testcase time="0.001" classname="org.bukkit.PerMaterialTest" name="maxStackSize[206: GOLD_BOOTS]"/>
  <testcase time="0" classname="org.bukkit.PerMaterialTest" name="isTransparent[206: GOLD_BOOTS]"/>
  <testcase time="0" classname="org.bukkit.PerMaterialTest" name="isSolid[206: GOLD_BOOTS]"/>
  <testcase time="0" classname="org.bukkit.PerMaterialTest" name="hasGravity[207: FLINT]"/>
  <testcase time="0" classname="org.bukkit.PerMaterialTest" name="isBurnable[207: FLINT]"/>
  <testcase time="0" classname="org.bukkit.PerMaterialTest" name="isEdible[207: FLINT]"/>
  <testcase time="0" classname="org.bukkit.PerMaterialTest" name="maxDurability[207: FLINT]"/>
  <testcase time="0" classname="org.bukkit.PerMaterialTest" name="isOccluding[207: FLINT]"/>
  <testcase time="0" classname="org.bukkit.PerMaterialTest" name="isRecord[207: FLINT]"/>
  <testcase time="0" classname="org.bukkit.PerMaterialTest" name="isFlammable[207: FLINT]"/>
  <testcase time="0" classname="org.bukkit.PerMaterialTest" name="maxStackSize[207: FLINT]"/>
  <testcase time="0" classname="org.bukkit.PerMaterialTest" name="isTransparent[207: FLINT]"/>
  <testcase time="0.001" classname="org.bukkit.PerMaterialTest" name="isSolid[207: FLINT]"/>
  <testcase time="0" classname="org.bukkit.PerMaterialTest" name="hasGravity[208: PORK]"/>
  <testcase time="0" classname="org.bukkit.PerMaterialTest" name="isBurnable[208: PORK]"/>
  <testcase time="0" classname="org.bukkit.PerMaterialTest" name="isEdible[208: PORK]"/>
  <testcase time="0" classname="org.bukkit.PerMaterialTest" name="maxDurability[208: PORK]"/>
  <testcase time="0" classname="org.bukkit.PerMaterialTest" name="isOccluding[208: PORK]"/>
  <testcase time="0" classname="org.bukkit.PerMaterialTest" name="isRecord[208: PORK]"/>
  <testcase time="0" classname="org.bukkit.PerMaterialTest" name="isFlammable[208: PORK]"/>
  <testcase time="0" classname="org.bukkit.PerMaterialTest" name="maxStackSize[208: PORK]"/>
  <testcase time="0" classname="org.bukkit.PerMaterialTest" name="isTransparent[208: PORK]"/>
  <testcase time="0" classname="org.bukkit.PerMaterialTest" name="isSolid[208: PORK]"/>
  <testcase time="0" classname="org.bukkit.PerMaterialTest" name="hasGravity[209: GRILLED_PORK]"/>
  <testcase time="0" classname="org.bukkit.PerMaterialTest" name="isBurnable[209: GRILLED_PORK]"/>
  <testcase time="0" classname="org.bukkit.PerMaterialTest" name="isEdible[209: GRILLED_PORK]"/>
  <testcase time="0" classname="org.bukkit.PerMaterialTest" name="maxDurability[209: GRILLED_PORK]"/>
  <testcase time="0" classname="org.bukkit.PerMaterialTest" name="isOccluding[209: GRILLED_PORK]"/>
  <testcase time="0" classname="org.bukkit.PerMaterialTest" name="isRecord[209: GRILLED_PORK]"/>
  <testcase time="0" classname="org.bukkit.PerMaterialTest" name="isFlammable[209: GRILLED_PORK]"/>
  <testcase time="0" classname="org.bukkit.PerMaterialTest" name="maxStackSize[209: GRILLED_PORK]"/>
  <testcase time="0" classname="org.bukkit.PerMaterialTest" name="isTransparent[209: GRILLED_PORK]"/>
  <testcase time="0" classname="org.bukkit.PerMaterialTest" name="isSolid[209: GRILLED_PORK]"/>
  <testcase time="0" classname="org.bukkit.PerMaterialTest" name="hasGravity[210: PAINTING]"/>
  <testcase time="0" classname="org.bukkit.PerMaterialTest" name="isBurnable[210: PAINTING]"/>
  <testcase time="0.001" classname="org.bukkit.PerMaterialTest" name="isEdible[210: PAINTING]"/>
  <testcase time="0" classname="org.bukkit.PerMaterialTest" name="maxDurability[210: PAINTING]"/>
  <testcase time="0" classname="org.bukkit.PerMaterialTest" name="isOccluding[210: PAINTING]"/>
  <testcase time="0" classname="org.bukkit.PerMaterialTest" name="isRecord[210: PAINTING]"/>
  <testcase time="0" classname="org.bukkit.PerMaterialTest" name="isFlammable[210: PAINTING]"/>
  <testcase time="0" classname="org.bukkit.PerMaterialTest" name="maxStackSize[210: PAINTING]"/>
  <testcase time="0" classname="org.bukkit.PerMaterialTest" name="isTransparent[210: PAINTING]"/>
  <testcase time="0" classname="org.bukkit.PerMaterialTest" name="isSolid[210: PAINTING]"/>
  <testcase time="0.005" classname="org.bukkit.PerMaterialTest" name="hasGravity[211: GOLDEN_APPLE]"/>
  <testcase time="0" classname="org.bukkit.PerMaterialTest" name="isBurnable[211: GOLDEN_APPLE]"/>
  <testcase time="0" classname="org.bukkit.PerMaterialTest" name="isEdible[211: GOLDEN_APPLE]"/>
  <testcase time="0" classname="org.bukkit.PerMaterialTest" name="maxDurability[211: GOLDEN_APPLE]"/>
  <testcase time="0" classname="org.bukkit.PerMaterialTest" name="isOccluding[211: GOLDEN_APPLE]"/>
  <testcase time="0" classname="org.bukkit.PerMaterialTest" name="isRecord[211: GOLDEN_APPLE]"/>
  <testcase time="0" classname="org.bukkit.PerMaterialTest" name="isFlammable[211: GOLDEN_APPLE]"/>
  <testcase time="0" classname="org.bukkit.PerMaterialTest" name="maxStackSize[211: GOLDEN_APPLE]"/>
  <testcase time="0" classname="org.bukkit.PerMaterialTest" name="isTransparent[211: GOLDEN_APPLE]"/>
  <testcase time="0" classname="org.bukkit.PerMaterialTest" name="isSolid[211: GOLDEN_APPLE]"/>
  <testcase time="0" classname="org.bukkit.PerMaterialTest" name="hasGravity[212: SIGN]"/>
  <testcase time="0" classname="org.bukkit.PerMaterialTest" name="isBurnable[212: SIGN]"/>
  <testcase time="0" classname="org.bukkit.PerMaterialTest" name="isEdible[212: SIGN]"/>
  <testcase time="0" classname="org.bukkit.PerMaterialTest" name="maxDurability[212: SIGN]"/>
  <testcase time="0" classname="org.bukkit.PerMaterialTest" name="isOccluding[212: SIGN]"/>
  <testcase time="0" classname="org.bukkit.PerMaterialTest" name="isRecord[212: SIGN]"/>
  <testcase time="0" classname="org.bukkit.PerMaterialTest" name="isFlammable[212: SIGN]"/>
  <testcase time="0" classname="org.bukkit.PerMaterialTest" name="maxStackSize[212: SIGN]"/>
  <testcase time="0" classname="org.bukkit.PerMaterialTest" name="isTransparent[212: SIGN]"/>
  <testcase time="0" classname="org.bukkit.PerMaterialTest" name="isSolid[212: SIGN]"/>
  <testcase time="0" classname="org.bukkit.PerMaterialTest" name="hasGravity[213: WOOD_DOOR]"/>
  <testcase time="0" classname="org.bukkit.PerMaterialTest" name="isBurnable[213: WOOD_DOOR]"/>
  <testcase time="0" classname="org.bukkit.PerMaterialTest" name="isEdible[213: WOOD_DOOR]"/>
  <testcase time="0" classname="org.bukkit.PerMaterialTest" name="maxDurability[213: WOOD_DOOR]"/>
  <testcase time="0" classname="org.bukkit.PerMaterialTest" name="isOccluding[213: WOOD_DOOR]"/>
  <testcase time="0" classname="org.bukkit.PerMaterialTest" name="isRecord[213: WOOD_DOOR]"/>
  <testcase time="0" classname="org.bukkit.PerMaterialTest" name="isFlammable[213: WOOD_DOOR]"/>
  <testcase time="0" classname="org.bukkit.PerMaterialTest" name="maxStackSize[213: WOOD_DOOR]"/>
  <testcase time="0" classname="org.bukkit.PerMaterialTest" name="isTransparent[213: WOOD_DOOR]"/>
  <testcase time="0" classname="org.bukkit.PerMaterialTest" name="isSolid[213: WOOD_DOOR]"/>
  <testcase time="0" classname="org.bukkit.PerMaterialTest" name="hasGravity[214: BUCKET]"/>
  <testcase time="0" classname="org.bukkit.PerMaterialTest" name="isBurnable[214: BUCKET]"/>
  <testcase time="0" classname="org.bukkit.PerMaterialTest" name="isEdible[214: BUCKET]"/>
  <testcase time="0" classname="org.bukkit.PerMaterialTest" name="maxDurability[214: BUCKET]"/>
  <testcase time="0" classname="org.bukkit.PerMaterialTest" name="isOccluding[214: BUCKET]"/>
  <testcase time="0" classname="org.bukkit.PerMaterialTest" name="isRecord[214: BUCKET]"/>
  <testcase time="0" classname="org.bukkit.PerMaterialTest" name="isFlammable[214: BUCKET]"/>
  <testcase time="0" classname="org.bukkit.PerMaterialTest" name="maxStackSize[214: BUCKET]"/>
  <testcase time="0" classname="org.bukkit.PerMaterialTest" name="isTransparent[214: BUCKET]"/>
  <testcase time="0" classname="org.bukkit.PerMaterialTest" name="isSolid[214: BUCKET]"/>
  <testcase time="0" classname="org.bukkit.PerMaterialTest" name="hasGravity[215: WATER_BUCKET]"/>
  <testcase time="0" classname="org.bukkit.PerMaterialTest" name="isBurnable[215: WATER_BUCKET]"/>
  <testcase time="0" classname="org.bukkit.PerMaterialTest" name="isEdible[215: WATER_BUCKET]"/>
  <testcase time="0" classname="org.bukkit.PerMaterialTest" name="maxDurability[215: WATER_BUCKET]"/>
  <testcase time="0" classname="org.bukkit.PerMaterialTest" name="isOccluding[215: WATER_BUCKET]"/>
  <testcase time="0" classname="org.bukkit.PerMaterialTest" name="isRecord[215: WATER_BUCKET]"/>
  <testcase time="0" classname="org.bukkit.PerMaterialTest" name="isFlammable[215: WATER_BUCKET]"/>
  <testcase time="0" classname="org.bukkit.PerMaterialTest" name="maxStackSize[215: WATER_BUCKET]"/>
  <testcase time="0" classname="org.bukkit.PerMaterialTest" name="isTransparent[215: WATER_BUCKET]"/>
  <testcase time="0" classname="org.bukkit.PerMaterialTest" name="isSolid[215: WATER_BUCKET]"/>
  <testcase time="0" classname="org.bukkit.PerMaterialTest" name="hasGravity[216: LAVA_BUCKET]"/>
  <testcase time="0" classname="org.bukkit.PerMaterialTest" name="isBurnable[216: LAVA_BUCKET]"/>
  <testcase time="0" classname="org.bukkit.PerMaterialTest" name="isEdible[216: LAVA_BUCKET]"/>
  <testcase time="0" classname="org.bukkit.PerMaterialTest" name="maxDurability[216: LAVA_BUCKET]"/>
  <testcase time="0" classname="org.bukkit.PerMaterialTest" name="isOccluding[216: LAVA_BUCKET]"/>
  <testcase time="0" classname="org.bukkit.PerMaterialTest" name="isRecord[216: LAVA_BUCKET]"/>
  <testcase time="0" classname="org.bukkit.PerMaterialTest" name="isFlammable[216: LAVA_BUCKET]"/>
  <testcase time="0" classname="org.bukkit.PerMaterialTest" name="maxStackSize[216: LAVA_BUCKET]"/>
  <testcase time="0" classname="org.bukkit.PerMaterialTest" name="isTransparent[216: LAVA_BUCKET]"/>
  <testcase time="0" classname="org.bukkit.PerMaterialTest" name="isSolid[216: LAVA_BUCKET]"/>
  <testcase time="0" classname="org.bukkit.PerMaterialTest" name="hasGravity[217: MINECART]"/>
  <testcase time="0" classname="org.bukkit.PerMaterialTest" name="isBurnable[217: MINECART]"/>
  <testcase time="0" classname="org.bukkit.PerMaterialTest" name="isEdible[217: MINECART]"/>
  <testcase time="0" classname="org.bukkit.PerMaterialTest" name="maxDurability[217: MINECART]"/>
  <testcase time="0" classname="org.bukkit.PerMaterialTest" name="isOccluding[217: MINECART]"/>
  <testcase time="0" classname="org.bukkit.PerMaterialTest" name="isRecord[217: MINECART]"/>
  <testcase time="0" classname="org.bukkit.PerMaterialTest" name="isFlammable[217: MINECART]"/>
  <testcase time="0" classname="org.bukkit.PerMaterialTest" name="maxStackSize[217: MINECART]"/>
  <testcase time="0" classname="org.bukkit.PerMaterialTest" name="isTransparent[217: MINECART]"/>
  <testcase time="0" classname="org.bukkit.PerMaterialTest" name="isSolid[217: MINECART]"/>
  <testcase time="0" classname="org.bukkit.PerMaterialTest" name="hasGravity[218: SADDLE]"/>
  <testcase time="0" classname="org.bukkit.PerMaterialTest" name="isBurnable[218: SADDLE]"/>
  <testcase time="0" classname="org.bukkit.PerMaterialTest" name="isEdible[218: SADDLE]"/>
  <testcase time="0" classname="org.bukkit.PerMaterialTest" name="maxDurability[218: SADDLE]"/>
  <testcase time="0" classname="org.bukkit.PerMaterialTest" name="isOccluding[218: SADDLE]"/>
  <testcase time="0" classname="org.bukkit.PerMaterialTest" name="isRecord[218: SADDLE]"/>
  <testcase time="0" classname="org.bukkit.PerMaterialTest" name="isFlammable[218: SADDLE]"/>
  <testcase time="0" classname="org.bukkit.PerMaterialTest" name="maxStackSize[218: SADDLE]"/>
  <testcase time="0" classname="org.bukkit.PerMaterialTest" name="isTransparent[218: SADDLE]"/>
  <testcase time="0" classname="org.bukkit.PerMaterialTest" name="isSolid[218: SADDLE]"/>
  <testcase time="0" classname="org.bukkit.PerMaterialTest" name="hasGravity[219: IRON_DOOR]"/>
  <testcase time="0" classname="org.bukkit.PerMaterialTest" name="isBurnable[219: IRON_DOOR]"/>
  <testcase time="0" classname="org.bukkit.PerMaterialTest" name="isEdible[219: IRON_DOOR]"/>
  <testcase time="0" classname="org.bukkit.PerMaterialTest" name="maxDurability[219: IRON_DOOR]"/>
  <testcase time="0" classname="org.bukkit.PerMaterialTest" name="isOccluding[219: IRON_DOOR]"/>
  <testcase time="0.001" classname="org.bukkit.PerMaterialTest" name="isRecord[219: IRON_DOOR]"/>
  <testcase time="0" classname="org.bukkit.PerMaterialTest" name="isFlammable[219: IRON_DOOR]"/>
  <testcase time="0" classname="org.bukkit.PerMaterialTest" name="maxStackSize[219: IRON_DOOR]"/>
  <testcase time="0" classname="org.bukkit.PerMaterialTest" name="isTransparent[219: IRON_DOOR]"/>
  <testcase time="0" classname="org.bukkit.PerMaterialTest" name="isSolid[219: IRON_DOOR]"/>
  <testcase time="0" classname="org.bukkit.PerMaterialTest" name="hasGravity[220: REDSTONE]"/>
  <testcase time="0" classname="org.bukkit.PerMaterialTest" name="isBurnable[220: REDSTONE]"/>
  <testcase time="0" classname="org.bukkit.PerMaterialTest" name="isEdible[220: REDSTONE]"/>
  <testcase time="0" classname="org.bukkit.PerMaterialTest" name="maxDurability[220: REDSTONE]"/>
  <testcase time="0" classname="org.bukkit.PerMaterialTest" name="isOccluding[220: REDSTONE]"/>
  <testcase time="0" classname="org.bukkit.PerMaterialTest" name="isRecord[220: REDSTONE]"/>
  <testcase time="0" classname="org.bukkit.PerMaterialTest" name="isFlammable[220: REDSTONE]"/>
  <testcase time="0" classname="org.bukkit.PerMaterialTest" name="maxStackSize[220: REDSTONE]"/>
  <testcase time="0" classname="org.bukkit.PerMaterialTest" name="isTransparent[220: REDSTONE]"/>
  <testcase time="0" classname="org.bukkit.PerMaterialTest" name="isSolid[220: REDSTONE]"/>
  <testcase time="0" classname="org.bukkit.PerMaterialTest" name="hasGravity[221: SNOW_BALL]"/>
  <testcase time="0" classname="org.bukkit.PerMaterialTest" name="isBurnable[221: SNOW_BALL]"/>
  <testcase time="0" classname="org.bukkit.PerMaterialTest" name="isEdible[221: SNOW_BALL]"/>
  <testcase time="0" classname="org.bukkit.PerMaterialTest" name="maxDurability[221: SNOW_BALL]"/>
  <testcase time="0" classname="org.bukkit.PerMaterialTest" name="isOccluding[221: SNOW_BALL]"/>
  <testcase time="0" classname="org.bukkit.PerMaterialTest" name="isRecord[221: SNOW_BALL]"/>
  <testcase time="0" classname="org.bukkit.PerMaterialTest" name="isFlammable[221: SNOW_BALL]"/>
  <testcase time="0" classname="org.bukkit.PerMaterialTest" name="maxStackSize[221: SNOW_BALL]"/>
  <testcase time="0.001" classname="org.bukkit.PerMaterialTest" name="isTransparent[221: SNOW_BALL]"/>
  <testcase time="0" classname="org.bukkit.PerMaterialTest" name="isSolid[221: SNOW_BALL]"/>
  <testcase time="0" classname="org.bukkit.PerMaterialTest" name="hasGravity[222: BOAT]"/>
  <testcase time="0" classname="org.bukkit.PerMaterialTest" name="isBurnable[222: BOAT]"/>
  <testcase time="0" classname="org.bukkit.PerMaterialTest" name="isEdible[222: BOAT]"/>
  <testcase time="0" classname="org.bukkit.PerMaterialTest" name="maxDurability[222: BOAT]"/>
  <testcase time="0" classname="org.bukkit.PerMaterialTest" name="isOccluding[222: BOAT]"/>
  <testcase time="0" classname="org.bukkit.PerMaterialTest" name="isRecord[222: BOAT]"/>
  <testcase time="0" classname="org.bukkit.PerMaterialTest" name="isFlammable[222: BOAT]"/>
  <testcase time="0" classname="org.bukkit.PerMaterialTest" name="maxStackSize[222: BOAT]"/>
  <testcase time="0" classname="org.bukkit.PerMaterialTest" name="isTransparent[222: BOAT]"/>
  <testcase time="0" classname="org.bukkit.PerMaterialTest" name="isSolid[222: BOAT]"/>
  <testcase time="0" classname="org.bukkit.PerMaterialTest" name="hasGravity[223: LEATHER]"/>
  <testcase time="0" classname="org.bukkit.PerMaterialTest" name="isBurnable[223: LEATHER]"/>
  <testcase time="0" classname="org.bukkit.PerMaterialTest" name="isEdible[223: LEATHER]"/>
  <testcase time="0" classname="org.bukkit.PerMaterialTest" name="maxDurability[223: LEATHER]"/>
  <testcase time="0" classname="org.bukkit.PerMaterialTest" name="isOccluding[223: LEATHER]"/>
  <testcase time="0" classname="org.bukkit.PerMaterialTest" name="isRecord[223: LEATHER]"/>
  <testcase time="0" classname="org.bukkit.PerMaterialTest" name="isFlammable[223: LEATHER]"/>
  <testcase time="0" classname="org.bukkit.PerMaterialTest" name="maxStackSize[223: LEATHER]"/>
  <testcase time="0" classname="org.bukkit.PerMaterialTest" name="isTransparent[223: LEATHER]"/>
  <testcase time="0" classname="org.bukkit.PerMaterialTest" name="isSolid[223: LEATHER]"/>
  <testcase time="0" classname="org.bukkit.PerMaterialTest" name="hasGravity[224: MILK_BUCKET]"/>
  <testcase time="0.001" classname="org.bukkit.PerMaterialTest" name="isBurnable[224: MILK_BUCKET]"/>
  <testcase time="0" classname="org.bukkit.PerMaterialTest" name="isEdible[224: MILK_BUCKET]"/>
  <testcase time="0" classname="org.bukkit.PerMaterialTest" name="maxDurability[224: MILK_BUCKET]"/>
  <testcase time="0" classname="org.bukkit.PerMaterialTest" name="isOccluding[224: MILK_BUCKET]"/>
  <testcase time="0" classname="org.bukkit.PerMaterialTest" name="isRecord[224: MILK_BUCKET]"/>
  <testcase time="0" classname="org.bukkit.PerMaterialTest" name="isFlammable[224: MILK_BUCKET]"/>
  <testcase time="0" classname="org.bukkit.PerMaterialTest" name="maxStackSize[224: MILK_BUCKET]"/>
  <testcase time="0" classname="org.bukkit.PerMaterialTest" name="isTransparent[224: MILK_BUCKET]"/>
  <testcase time="0" classname="org.bukkit.PerMaterialTest" name="isSolid[224: MILK_BUCKET]"/>
  <testcase time="0" classname="org.bukkit.PerMaterialTest" name="hasGravity[225: CLAY_BRICK]"/>
  <testcase time="0" classname="org.bukkit.PerMaterialTest" name="isBurnable[225: CLAY_BRICK]"/>
  <testcase time="0" classname="org.bukkit.PerMaterialTest" name="isEdible[225: CLAY_BRICK]"/>
  <testcase time="0.001" classname="org.bukkit.PerMaterialTest" name="maxDurability[225: CLAY_BRICK]"/>
  <testcase time="0" classname="org.bukkit.PerMaterialTest" name="isOccluding[225: CLAY_BRICK]"/>
  <testcase time="0" classname="org.bukkit.PerMaterialTest" name="isRecord[225: CLAY_BRICK]"/>
  <testcase time="0" classname="org.bukkit.PerMaterialTest" name="isFlammable[225: CLAY_BRICK]"/>
  <testcase time="0" classname="org.bukkit.PerMaterialTest" name="maxStackSize[225: CLAY_BRICK]"/>
  <testcase time="0" classname="org.bukkit.PerMaterialTest" name="isTransparent[225: CLAY_BRICK]"/>
  <testcase time="0" classname="org.bukkit.PerMaterialTest" name="isSolid[225: CLAY_BRICK]"/>
  <testcase time="0" classname="org.bukkit.PerMaterialTest" name="hasGravity[226: CLAY_BALL]"/>
  <testcase time="0" classname="org.bukkit.PerMaterialTest" name="isBurnable[226: CLAY_BALL]"/>
  <testcase time="0" classname="org.bukkit.PerMaterialTest" name="isEdible[226: CLAY_BALL]"/>
  <testcase time="0" classname="org.bukkit.PerMaterialTest" name="maxDurability[226: CLAY_BALL]"/>
  <testcase time="0" classname="org.bukkit.PerMaterialTest" name="isOccluding[226: CLAY_BALL]"/>
  <testcase time="0" classname="org.bukkit.PerMaterialTest" name="isRecord[226: CLAY_BALL]"/>
  <testcase time="0" classname="org.bukkit.PerMaterialTest" name="isFlammable[226: CLAY_BALL]"/>
  <testcase time="0" classname="org.bukkit.PerMaterialTest" name="maxStackSize[226: CLAY_BALL]"/>
  <testcase time="0" classname="org.bukkit.PerMaterialTest" name="isTransparent[226: CLAY_BALL]"/>
  <testcase time="0" classname="org.bukkit.PerMaterialTest" name="isSolid[226: CLAY_BALL]"/>
  <testcase time="0" classname="org.bukkit.PerMaterialTest" name="hasGravity[227: SUGAR_CANE]"/>
  <testcase time="0" classname="org.bukkit.PerMaterialTest" name="isBurnable[227: SUGAR_CANE]"/>
  <testcase time="0" classname="org.bukkit.PerMaterialTest" name="isEdible[227: SUGAR_CANE]"/>
  <testcase time="0" classname="org.bukkit.PerMaterialTest" name="maxDurability[227: SUGAR_CANE]"/>
  <testcase time="0" classname="org.bukkit.PerMaterialTest" name="isOccluding[227: SUGAR_CANE]"/>
  <testcase time="0" classname="org.bukkit.PerMaterialTest" name="isRecord[227: SUGAR_CANE]"/>
  <testcase time="0" classname="org.bukkit.PerMaterialTest" name="isFlammable[227: SUGAR_CANE]"/>
  <testcase time="0" classname="org.bukkit.PerMaterialTest" name="maxStackSize[227: SUGAR_CANE]"/>
  <testcase time="0" classname="org.bukkit.PerMaterialTest" name="isTransparent[227: SUGAR_CANE]"/>
  <testcase time="0" classname="org.bukkit.PerMaterialTest" name="isSolid[227: SUGAR_CANE]"/>
  <testcase time="0" classname="org.bukkit.PerMaterialTest" name="hasGravity[228: PAPER]"/>
  <testcase time="0" classname="org.bukkit.PerMaterialTest" name="isBurnable[228: PAPER]"/>
  <testcase time="0" classname="org.bukkit.PerMaterialTest" name="isEdible[228: PAPER]"/>
  <testcase time="0" classname="org.bukkit.PerMaterialTest" name="maxDurability[228: PAPER]"/>
  <testcase time="0" classname="org.bukkit.PerMaterialTest" name="isOccluding[228: PAPER]"/>
  <testcase time="0" classname="org.bukkit.PerMaterialTest" name="isRecord[228: PAPER]"/>
  <testcase time="0" classname="org.bukkit.PerMaterialTest" name="isFlammable[228: PAPER]"/>
  <testcase time="0" classname="org.bukkit.PerMaterialTest" name="maxStackSize[228: PAPER]"/>
  <testcase time="0" classname="org.bukkit.PerMaterialTest" name="isTransparent[228: PAPER]"/>
  <testcase time="0" classname="org.bukkit.PerMaterialTest" name="isSolid[228: PAPER]"/>
  <testcase time="0" classname="org.bukkit.PerMaterialTest" name="hasGravity[229: BOOK]"/>
  <testcase time="0" classname="org.bukkit.PerMaterialTest" name="isBurnable[229: BOOK]"/>
  <testcase time="0" classname="org.bukkit.PerMaterialTest" name="isEdible[229: BOOK]"/>
  <testcase time="0" classname="org.bukkit.PerMaterialTest" name="maxDurability[229: BOOK]"/>
  <testcase time="0" classname="org.bukkit.PerMaterialTest" name="isOccluding[229: BOOK]"/>
  <testcase time="0" classname="org.bukkit.PerMaterialTest" name="isRecord[229: BOOK]"/>
  <testcase time="0" classname="org.bukkit.PerMaterialTest" name="isFlammable[229: BOOK]"/>
  <testcase time="0" classname="org.bukkit.PerMaterialTest" name="maxStackSize[229: BOOK]"/>
  <testcase time="0" classname="org.bukkit.PerMaterialTest" name="isTransparent[229: BOOK]"/>
  <testcase time="0" classname="org.bukkit.PerMaterialTest" name="isSolid[229: BOOK]"/>
  <testcase time="0" classname="org.bukkit.PerMaterialTest" name="hasGravity[230: SLIME_BALL]"/>
  <testcase time="0" classname="org.bukkit.PerMaterialTest" name="isBurnable[230: SLIME_BALL]"/>
  <testcase time="0" classname="org.bukkit.PerMaterialTest" name="isEdible[230: SLIME_BALL]"/>
  <testcase time="0" classname="org.bukkit.PerMaterialTest" name="maxDurability[230: SLIME_BALL]"/>
  <testcase time="0" classname="org.bukkit.PerMaterialTest" name="isOccluding[230: SLIME_BALL]"/>
  <testcase time="0" classname="org.bukkit.PerMaterialTest" name="isRecord[230: SLIME_BALL]"/>
  <testcase time="0" classname="org.bukkit.PerMaterialTest" name="isFlammable[230: SLIME_BALL]"/>
  <testcase time="0" classname="org.bukkit.PerMaterialTest" name="maxStackSize[230: SLIME_BALL]"/>
  <testcase time="0" classname="org.bukkit.PerMaterialTest" name="isTransparent[230: SLIME_BALL]"/>
  <testcase time="0" classname="org.bukkit.PerMaterialTest" name="isSolid[230: SLIME_BALL]"/>
  <testcase time="0.002" classname="org.bukkit.PerMaterialTest" name="hasGravity[231: STORAGE_MINECART]"/>
  <testcase time="0" classname="org.bukkit.PerMaterialTest" name="isBurnable[231: STORAGE_MINECART]"/>
  <testcase time="0" classname="org.bukkit.PerMaterialTest" name="isEdible[231: STORAGE_MINECART]"/>
  <testcase time="0" classname="org.bukkit.PerMaterialTest" name="maxDurability[231: STORAGE_MINECART]"/>
  <testcase time="0" classname="org.bukkit.PerMaterialTest" name="isOccluding[231: STORAGE_MINECART]"/>
  <testcase time="0" classname="org.bukkit.PerMaterialTest" name="isRecord[231: STORAGE_MINECART]"/>
  <testcase time="0" classname="org.bukkit.PerMaterialTest" name="isFlammable[231: STORAGE_MINECART]"/>
  <testcase time="0" classname="org.bukkit.PerMaterialTest" name="maxStackSize[231: STORAGE_MINECART]"/>
  <testcase time="0" classname="org.bukkit.PerMaterialTest" name="isTransparent[231: STORAGE_MINECART]"/>
  <testcase time="0" classname="org.bukkit.PerMaterialTest" name="isSolid[231: STORAGE_MINECART]"/>
  <testcase time="0" classname="org.bukkit.PerMaterialTest" name="hasGravity[232: POWERED_MINECART]"/>
  <testcase time="0" classname="org.bukkit.PerMaterialTest" name="isBurnable[232: POWERED_MINECART]"/>
  <testcase time="0" classname="org.bukkit.PerMaterialTest" name="isEdible[232: POWERED_MINECART]"/>
  <testcase time="0" classname="org.bukkit.PerMaterialTest" name="maxDurability[232: POWERED_MINECART]"/>
  <testcase time="0" classname="org.bukkit.PerMaterialTest" name="isOccluding[232: POWERED_MINECART]"/>
  <testcase time="0" classname="org.bukkit.PerMaterialTest" name="isRecord[232: POWERED_MINECART]"/>
  <testcase time="0" classname="org.bukkit.PerMaterialTest" name="isFlammable[232: POWERED_MINECART]"/>
  <testcase time="0" classname="org.bukkit.PerMaterialTest" name="maxStackSize[232: POWERED_MINECART]"/>
  <testcase time="0" classname="org.bukkit.PerMaterialTest" name="isTransparent[232: POWERED_MINECART]"/>
  <testcase time="0" classname="org.bukkit.PerMaterialTest" name="isSolid[232: POWERED_MINECART]"/>
  <testcase time="0" classname="org.bukkit.PerMaterialTest" name="hasGravity[233: EGG]"/>
  <testcase time="0" classname="org.bukkit.PerMaterialTest" name="isBurnable[233: EGG]"/>
  <testcase time="0" classname="org.bukkit.PerMaterialTest" name="isEdible[233: EGG]"/>
  <testcase time="0" classname="org.bukkit.PerMaterialTest" name="maxDurability[233: EGG]"/>
  <testcase time="0" classname="org.bukkit.PerMaterialTest" name="isOccluding[233: EGG]"/>
  <testcase time="0" classname="org.bukkit.PerMaterialTest" name="isRecord[233: EGG]"/>
  <testcase time="0" classname="org.bukkit.PerMaterialTest" name="isFlammable[233: EGG]"/>
  <testcase time="0" classname="org.bukkit.PerMaterialTest" name="maxStackSize[233: EGG]"/>
  <testcase time="0" classname="org.bukkit.PerMaterialTest" name="isTransparent[233: EGG]"/>
  <testcase time="0.001" classname="org.bukkit.PerMaterialTest" name="isSolid[233: EGG]"/>
  <testcase time="0" classname="org.bukkit.PerMaterialTest" name="hasGravity[234: COMPASS]"/>
  <testcase time="0" classname="org.bukkit.PerMaterialTest" name="isBurnable[234: COMPASS]"/>
  <testcase time="0" classname="org.bukkit.PerMaterialTest" name="isEdible[234: COMPASS]"/>
  <testcase time="0" classname="org.bukkit.PerMaterialTest" name="maxDurability[234: COMPASS]"/>
  <testcase time="0" classname="org.bukkit.PerMaterialTest" name="isOccluding[234: COMPASS]"/>
  <testcase time="0" classname="org.bukkit.PerMaterialTest" name="isRecord[234: COMPASS]"/>
  <testcase time="0" classname="org.bukkit.PerMaterialTest" name="isFlammable[234: COMPASS]"/>
  <testcase time="0" classname="org.bukkit.PerMaterialTest" name="maxStackSize[234: COMPASS]"/>
  <testcase time="0" classname="org.bukkit.PerMaterialTest" name="isTransparent[234: COMPASS]"/>
  <testcase time="0" classname="org.bukkit.PerMaterialTest" name="isSolid[234: COMPASS]"/>
  <testcase time="0" classname="org.bukkit.PerMaterialTest" name="hasGravity[235: FISHING_ROD]"/>
  <testcase time="0" classname="org.bukkit.PerMaterialTest" name="isBurnable[235: FISHING_ROD]"/>
  <testcase time="0" classname="org.bukkit.PerMaterialTest" name="isEdible[235: FISHING_ROD]"/>
  <testcase time="0" classname="org.bukkit.PerMaterialTest" name="maxDurability[235: FISHING_ROD]"/>
  <testcase time="0" classname="org.bukkit.PerMaterialTest" name="isOccluding[235: FISHING_ROD]"/>
  <testcase time="0" classname="org.bukkit.PerMaterialTest" name="isRecord[235: FISHING_ROD]"/>
  <testcase time="0" classname="org.bukkit.PerMaterialTest" name="isFlammable[235: FISHING_ROD]"/>
  <testcase time="0" classname="org.bukkit.PerMaterialTest" name="maxStackSize[235: FISHING_ROD]"/>
  <testcase time="0" classname="org.bukkit.PerMaterialTest" name="isTransparent[235: FISHING_ROD]"/>
  <testcase time="0" classname="org.bukkit.PerMaterialTest" name="isSolid[235: FISHING_ROD]"/>
  <testcase time="0" classname="org.bukkit.PerMaterialTest" name="hasGravity[236: WATCH]"/>
  <testcase time="0.001" classname="org.bukkit.PerMaterialTest" name="isBurnable[236: WATCH]"/>
  <testcase time="0" classname="org.bukkit.PerMaterialTest" name="isEdible[236: WATCH]"/>
  <testcase time="0" classname="org.bukkit.PerMaterialTest" name="maxDurability[236: WATCH]"/>
  <testcase time="0" classname="org.bukkit.PerMaterialTest" name="isOccluding[236: WATCH]"/>
  <testcase time="0" classname="org.bukkit.PerMaterialTest" name="isRecord[236: WATCH]"/>
  <testcase time="0" classname="org.bukkit.PerMaterialTest" name="isFlammable[236: WATCH]"/>
  <testcase time="0" classname="org.bukkit.PerMaterialTest" name="maxStackSize[236: WATCH]"/>
  <testcase time="0" classname="org.bukkit.PerMaterialTest" name="isTransparent[236: WATCH]"/>
  <testcase time="0" classname="org.bukkit.PerMaterialTest" name="isSolid[236: WATCH]"/>
  <testcase time="0" classname="org.bukkit.PerMaterialTest" name="hasGravity[237: GLOWSTONE_DUST]"/>
  <testcase time="0" classname="org.bukkit.PerMaterialTest" name="isBurnable[237: GLOWSTONE_DUST]"/>
  <testcase time="0" classname="org.bukkit.PerMaterialTest" name="isEdible[237: GLOWSTONE_DUST]"/>
  <testcase time="0" classname="org.bukkit.PerMaterialTest" name="maxDurability[237: GLOWSTONE_DUST]"/>
  <testcase time="0" classname="org.bukkit.PerMaterialTest" name="isOccluding[237: GLOWSTONE_DUST]"/>
  <testcase time="0" classname="org.bukkit.PerMaterialTest" name="isRecord[237: GLOWSTONE_DUST]"/>
  <testcase time="0" classname="org.bukkit.PerMaterialTest" name="isFlammable[237: GLOWSTONE_DUST]"/>
  <testcase time="0" classname="org.bukkit.PerMaterialTest" name="maxStackSize[237: GLOWSTONE_DUST]"/>
  <testcase time="0" classname="org.bukkit.PerMaterialTest" name="isTransparent[237: GLOWSTONE_DUST]"/>
  <testcase time="0" classname="org.bukkit.PerMaterialTest" name="isSolid[237: GLOWSTONE_DUST]"/>
  <testcase time="0" classname="org.bukkit.PerMaterialTest" name="hasGravity[238: RAW_FISH]"/>
  <testcase time="0" classname="org.bukkit.PerMaterialTest" name="isBurnable[238: RAW_FISH]"/>
  <testcase time="0" classname="org.bukkit.PerMaterialTest" name="isEdible[238: RAW_FISH]"/>
  <testcase time="0" classname="org.bukkit.PerMaterialTest" name="maxDurability[238: RAW_FISH]"/>
  <testcase time="0" classname="org.bukkit.PerMaterialTest" name="isOccluding[238: RAW_FISH]"/>
  <testcase time="0" classname="org.bukkit.PerMaterialTest" name="isRecord[238: RAW_FISH]"/>
  <testcase time="0" classname="org.bukkit.PerMaterialTest" name="isFlammable[238: RAW_FISH]"/>
  <testcase time="0" classname="org.bukkit.PerMaterialTest" name="maxStackSize[238: RAW_FISH]"/>
  <testcase time="0" classname="org.bukkit.PerMaterialTest" name="isTransparent[238: RAW_FISH]"/>
  <testcase time="0" classname="org.bukkit.PerMaterialTest" name="isSolid[238: RAW_FISH]"/>
  <testcase time="0" classname="org.bukkit.PerMaterialTest" name="hasGravity[239: COOKED_FISH]"/>
  <testcase time="0" classname="org.bukkit.PerMaterialTest" name="isBurnable[239: COOKED_FISH]"/>
  <testcase time="0" classname="org.bukkit.PerMaterialTest" name="isEdible[239: COOKED_FISH]"/>
  <testcase time="0" classname="org.bukkit.PerMaterialTest" name="maxDurability[239: COOKED_FISH]"/>
  <testcase time="0" classname="org.bukkit.PerMaterialTest" name="isOccluding[239: COOKED_FISH]"/>
  <testcase time="0.001" classname="org.bukkit.PerMaterialTest" name="isRecord[239: COOKED_FISH]"/>
  <testcase time="0" classname="org.bukkit.PerMaterialTest" name="isFlammable[239: COOKED_FISH]"/>
  <testcase time="0" classname="org.bukkit.PerMaterialTest" name="maxStackSize[239: COOKED_FISH]"/>
  <testcase time="0" classname="org.bukkit.PerMaterialTest" name="isTransparent[239: COOKED_FISH]"/>
  <testcase time="0" classname="org.bukkit.PerMaterialTest" name="isSolid[239: COOKED_FISH]"/>
  <testcase time="0" classname="org.bukkit.PerMaterialTest" name="hasGravity[240: INK_SACK]"/>
  <testcase time="0" classname="org.bukkit.PerMaterialTest" name="isBurnable[240: INK_SACK]"/>
  <testcase time="0" classname="org.bukkit.PerMaterialTest" name="isEdible[240: INK_SACK]"/>
  <testcase time="0" classname="org.bukkit.PerMaterialTest" name="maxDurability[240: INK_SACK]"/>
  <testcase time="0" classname="org.bukkit.PerMaterialTest" name="isOccluding[240: INK_SACK]"/>
  <testcase time="0" classname="org.bukkit.PerMaterialTest" name="isRecord[240: INK_SACK]"/>
  <testcase time="0" classname="org.bukkit.PerMaterialTest" name="isFlammable[240: INK_SACK]"/>
  <testcase time="0" classname="org.bukkit.PerMaterialTest" name="maxStackSize[240: INK_SACK]"/>
  <testcase time="0" classname="org.bukkit.PerMaterialTest" name="isTransparent[240: INK_SACK]"/>
  <testcase time="0" classname="org.bukkit.PerMaterialTest" name="isSolid[240: INK_SACK]"/>
  <testcase time="0" classname="org.bukkit.PerMaterialTest" name="hasGravity[241: BONE]"/>
  <testcase time="0" classname="org.bukkit.PerMaterialTest" name="isBurnable[241: BONE]"/>
  <testcase time="0" classname="org.bukkit.PerMaterialTest" name="isEdible[241: BONE]"/>
  <testcase time="0" classname="org.bukkit.PerMaterialTest" name="maxDurability[241: BONE]"/>
  <testcase time="0" classname="org.bukkit.PerMaterialTest" name="isOccluding[241: BONE]"/>
  <testcase time="0" classname="org.bukkit.PerMaterialTest" name="isRecord[241: BONE]"/>
  <testcase time="0" classname="org.bukkit.PerMaterialTest" name="isFlammable[241: BONE]"/>
  <testcase time="0" classname="org.bukkit.PerMaterialTest" name="maxStackSize[241: BONE]"/>
  <testcase time="0" classname="org.bukkit.PerMaterialTest" name="isTransparent[241: BONE]"/>
  <testcase time="0" classname="org.bukkit.PerMaterialTest" name="isSolid[241: BONE]"/>
  <testcase time="0" classname="org.bukkit.PerMaterialTest" name="hasGravity[242: SUGAR]"/>
  <testcase time="0" classname="org.bukkit.PerMaterialTest" name="isBurnable[242: SUGAR]"/>
  <testcase time="0" classname="org.bukkit.PerMaterialTest" name="isEdible[242: SUGAR]"/>
  <testcase time="0" classname="org.bukkit.PerMaterialTest" name="maxDurability[242: SUGAR]"/>
  <testcase time="0" classname="org.bukkit.PerMaterialTest" name="isOccluding[242: SUGAR]"/>
  <testcase time="0" classname="org.bukkit.PerMaterialTest" name="isRecord[242: SUGAR]"/>
  <testcase time="0" classname="org.bukkit.PerMaterialTest" name="isFlammable[242: SUGAR]"/>
  <testcase time="0" classname="org.bukkit.PerMaterialTest" name="maxStackSize[242: SUGAR]"/>
  <testcase time="0" classname="org.bukkit.PerMaterialTest" name="isTransparent[242: SUGAR]"/>
  <testcase time="0" classname="org.bukkit.PerMaterialTest" name="isSolid[242: SUGAR]"/>
  <testcase time="0" classname="org.bukkit.PerMaterialTest" name="hasGravity[243: CAKE]"/>
  <testcase time="0" classname="org.bukkit.PerMaterialTest" name="isBurnable[243: CAKE]"/>
  <testcase time="0" classname="org.bukkit.PerMaterialTest" name="isEdible[243: CAKE]"/>
  <testcase time="0" classname="org.bukkit.PerMaterialTest" name="maxDurability[243: CAKE]"/>
  <testcase time="0" classname="org.bukkit.PerMaterialTest" name="isOccluding[243: CAKE]"/>
  <testcase time="0" classname="org.bukkit.PerMaterialTest" name="isRecord[243: CAKE]"/>
  <testcase time="0" classname="org.bukkit.PerMaterialTest" name="isFlammable[243: CAKE]"/>
  <testcase time="0" classname="org.bukkit.PerMaterialTest" name="maxStackSize[243: CAKE]"/>
  <testcase time="0" classname="org.bukkit.PerMaterialTest" name="isTransparent[243: CAKE]"/>
  <testcase time="0" classname="org.bukkit.PerMaterialTest" name="isSolid[243: CAKE]"/>
  <testcase time="0" classname="org.bukkit.PerMaterialTest" name="hasGravity[244: BED]"/>
  <testcase time="0" classname="org.bukkit.PerMaterialTest" name="isBurnable[244: BED]"/>
  <testcase time="0" classname="org.bukkit.PerMaterialTest" name="isEdible[244: BED]"/>
  <testcase time="0" classname="org.bukkit.PerMaterialTest" name="maxDurability[244: BED]"/>
  <testcase time="0" classname="org.bukkit.PerMaterialTest" name="isOccluding[244: BED]"/>
  <testcase time="0" classname="org.bukkit.PerMaterialTest" name="isRecord[244: BED]"/>
  <testcase time="0" classname="org.bukkit.PerMaterialTest" name="isFlammable[244: BED]"/>
  <testcase time="0" classname="org.bukkit.PerMaterialTest" name="maxStackSize[244: BED]"/>
  <testcase time="0" classname="org.bukkit.PerMaterialTest" name="isTransparent[244: BED]"/>
  <testcase time="0" classname="org.bukkit.PerMaterialTest" name="isSolid[244: BED]"/>
  <testcase time="0" classname="org.bukkit.PerMaterialTest" name="hasGravity[245: DIODE]"/>
  <testcase time="0" classname="org.bukkit.PerMaterialTest" name="isBurnable[245: DIODE]"/>
  <testcase time="0" classname="org.bukkit.PerMaterialTest" name="isEdible[245: DIODE]"/>
  <testcase time="0" classname="org.bukkit.PerMaterialTest" name="maxDurability[245: DIODE]"/>
  <testcase time="0" classname="org.bukkit.PerMaterialTest" name="isOccluding[245: DIODE]"/>
  <testcase time="0" classname="org.bukkit.PerMaterialTest" name="isRecord[245: DIODE]"/>
  <testcase time="0" classname="org.bukkit.PerMaterialTest" name="isFlammable[245: DIODE]"/>
  <testcase time="0" classname="org.bukkit.PerMaterialTest" name="maxStackSize[245: DIODE]"/>
  <testcase time="0" classname="org.bukkit.PerMaterialTest" name="isTransparent[245: DIODE]"/>
  <testcase time="0" classname="org.bukkit.PerMaterialTest" name="isSolid[245: DIODE]"/>
  <testcase time="0" classname="org.bukkit.PerMaterialTest" name="hasGravity[246: COOKIE]"/>
  <testcase time="0" classname="org.bukkit.PerMaterialTest" name="isBurnable[246: COOKIE]"/>
  <testcase time="0" classname="org.bukkit.PerMaterialTest" name="isEdible[246: COOKIE]"/>
  <testcase time="0" classname="org.bukkit.PerMaterialTest" name="maxDurability[246: COOKIE]"/>
  <testcase time="0" classname="org.bukkit.PerMaterialTest" name="isOccluding[246: COOKIE]"/>
  <testcase time="0" classname="org.bukkit.PerMaterialTest" name="isRecord[246: COOKIE]"/>
  <testcase time="0" classname="org.bukkit.PerMaterialTest" name="isFlammable[246: COOKIE]"/>
  <testcase time="0" classname="org.bukkit.PerMaterialTest" name="maxStackSize[246: COOKIE]"/>
  <testcase time="0" classname="org.bukkit.PerMaterialTest" name="isTransparent[246: COOKIE]"/>
  <testcase time="0" classname="org.bukkit.PerMaterialTest" name="isSolid[246: COOKIE]"/>
  <testcase time="0" classname="org.bukkit.PerMaterialTest" name="hasGravity[247: MAP]"/>
  <testcase time="0" classname="org.bukkit.PerMaterialTest" name="isBurnable[247: MAP]"/>
  <testcase time="0" classname="org.bukkit.PerMaterialTest" name="isEdible[247: MAP]"/>
  <testcase time="0" classname="org.bukkit.PerMaterialTest" name="maxDurability[247: MAP]"/>
  <testcase time="0" classname="org.bukkit.PerMaterialTest" name="isOccluding[247: MAP]"/>
  <testcase time="0" classname="org.bukkit.PerMaterialTest" name="isRecord[247: MAP]"/>
  <testcase time="0" classname="org.bukkit.PerMaterialTest" name="isFlammable[247: MAP]"/>
  <testcase time="0" classname="org.bukkit.PerMaterialTest" name="maxStackSize[247: MAP]"/>
  <testcase time="0" classname="org.bukkit.PerMaterialTest" name="isTransparent[247: MAP]"/>
  <testcase time="0" classname="org.bukkit.PerMaterialTest" name="isSolid[247: MAP]"/>
  <testcase time="0" classname="org.bukkit.PerMaterialTest" name="hasGravity[248: SHEARS]"/>
  <testcase time="0" classname="org.bukkit.PerMaterialTest" name="isBurnable[248: SHEARS]"/>
  <testcase time="0.001" classname="org.bukkit.PerMaterialTest" name="isEdible[248: SHEARS]"/>
  <testcase time="0" classname="org.bukkit.PerMaterialTest" name="maxDurability[248: SHEARS]"/>
  <testcase time="0" classname="org.bukkit.PerMaterialTest" name="isOccluding[248: SHEARS]"/>
  <testcase time="0" classname="org.bukkit.PerMaterialTest" name="isRecord[248: SHEARS]"/>
  <testcase time="0" classname="org.bukkit.PerMaterialTest" name="isFlammable[248: SHEARS]"/>
  <testcase time="0" classname="org.bukkit.PerMaterialTest" name="maxStackSize[248: SHEARS]"/>
  <testcase time="0" classname="org.bukkit.PerMaterialTest" name="isTransparent[248: SHEARS]"/>
  <testcase time="0" classname="org.bukkit.PerMaterialTest" name="isSolid[248: SHEARS]"/>
  <testcase time="0" classname="org.bukkit.PerMaterialTest" name="hasGravity[249: MELON]"/>
  <testcase time="0" classname="org.bukkit.PerMaterialTest" name="isBurnable[249: MELON]"/>
  <testcase time="0" classname="org.bukkit.PerMaterialTest" name="isEdible[249: MELON]"/>
  <testcase time="0" classname="org.bukkit.PerMaterialTest" name="maxDurability[249: MELON]"/>
  <testcase time="0.001" classname="org.bukkit.PerMaterialTest" name="isOccluding[249: MELON]"/>
  <testcase time="0" classname="org.bukkit.PerMaterialTest" name="isRecord[249: MELON]"/>
  <testcase time="0" classname="org.bukkit.PerMaterialTest" name="isFlammable[249: MELON]"/>
  <testcase time="0" classname="org.bukkit.PerMaterialTest" name="maxStackSize[249: MELON]"/>
  <testcase time="0" classname="org.bukkit.PerMaterialTest" name="isTransparent[249: MELON]"/>
  <testcase time="0" classname="org.bukkit.PerMaterialTest" name="isSolid[249: MELON]"/>
  <testcase time="0" classname="org.bukkit.PerMaterialTest" name="hasGravity[250: PUMPKIN_SEEDS]"/>
  <testcase time="0" classname="org.bukkit.PerMaterialTest" name="isBurnable[250: PUMPKIN_SEEDS]"/>
  <testcase time="0" classname="org.bukkit.PerMaterialTest" name="isEdible[250: PUMPKIN_SEEDS]"/>
  <testcase time="0" classname="org.bukkit.PerMaterialTest" name="maxDurability[250: PUMPKIN_SEEDS]"/>
  <testcase time="0" classname="org.bukkit.PerMaterialTest" name="isOccluding[250: PUMPKIN_SEEDS]"/>
  <testcase time="0" classname="org.bukkit.PerMaterialTest" name="isRecord[250: PUMPKIN_SEEDS]"/>
  <testcase time="0" classname="org.bukkit.PerMaterialTest" name="isFlammable[250: PUMPKIN_SEEDS]"/>
  <testcase time="0" classname="org.bukkit.PerMaterialTest" name="maxStackSize[250: PUMPKIN_SEEDS]"/>
  <testcase time="0" classname="org.bukkit.PerMaterialTest" name="isTransparent[250: PUMPKIN_SEEDS]"/>
  <testcase time="0" classname="org.bukkit.PerMaterialTest" name="isSolid[250: PUMPKIN_SEEDS]"/>
  <testcase time="0" classname="org.bukkit.PerMaterialTest" name="hasGravity[251: MELON_SEEDS]"/>
  <testcase time="0" classname="org.bukkit.PerMaterialTest" name="isBurnable[251: MELON_SEEDS]"/>
  <testcase time="0" classname="org.bukkit.PerMaterialTest" name="isEdible[251: MELON_SEEDS]"/>
  <testcase time="0" classname="org.bukkit.PerMaterialTest" name="maxDurability[251: MELON_SEEDS]"/>
  <testcase time="0" classname="org.bukkit.PerMaterialTest" name="isOccluding[251: MELON_SEEDS]"/>
  <testcase time="0" classname="org.bukkit.PerMaterialTest" name="isRecord[251: MELON_SEEDS]"/>
  <testcase time="0" classname="org.bukkit.PerMaterialTest" name="isFlammable[251: MELON_SEEDS]"/>
  <testcase time="0" classname="org.bukkit.PerMaterialTest" name="maxStackSize[251: MELON_SEEDS]"/>
  <testcase time="0" classname="org.bukkit.PerMaterialTest" name="isTransparent[251: MELON_SEEDS]"/>
  <testcase time="0" classname="org.bukkit.PerMaterialTest" name="isSolid[251: MELON_SEEDS]"/>
  <testcase time="0" classname="org.bukkit.PerMaterialTest" name="hasGravity[252: RAW_BEEF]"/>
  <testcase time="0" classname="org.bukkit.PerMaterialTest" name="isBurnable[252: RAW_BEEF]"/>
  <testcase time="0" classname="org.bukkit.PerMaterialTest" name="isEdible[252: RAW_BEEF]"/>
  <testcase time="0" classname="org.bukkit.PerMaterialTest" name="maxDurability[252: RAW_BEEF]"/>
  <testcase time="0" classname="org.bukkit.PerMaterialTest" name="isOccluding[252: RAW_BEEF]"/>
  <testcase time="0" classname="org.bukkit.PerMaterialTest" name="isRecord[252: RAW_BEEF]"/>
  <testcase time="0" classname="org.bukkit.PerMaterialTest" name="isFlammable[252: RAW_BEEF]"/>
  <testcase time="0" classname="org.bukkit.PerMaterialTest" name="maxStackSize[252: RAW_BEEF]"/>
  <testcase time="0" classname="org.bukkit.PerMaterialTest" name="isTransparent[252: RAW_BEEF]"/>
  <testcase time="0" classname="org.bukkit.PerMaterialTest" name="isSolid[252: RAW_BEEF]"/>
  <testcase time="0" classname="org.bukkit.PerMaterialTest" name="hasGravity[253: COOKED_BEEF]"/>
  <testcase time="0" classname="org.bukkit.PerMaterialTest" name="isBurnable[253: COOKED_BEEF]"/>
  <testcase time="0" classname="org.bukkit.PerMaterialTest" name="isEdible[253: COOKED_BEEF]"/>
  <testcase time="0" classname="org.bukkit.PerMaterialTest" name="maxDurability[253: COOKED_BEEF]"/>
  <testcase time="0" classname="org.bukkit.PerMaterialTest" name="isOccluding[253: COOKED_BEEF]"/>
  <testcase time="0" classname="org.bukkit.PerMaterialTest" name="isRecord[253: COOKED_BEEF]"/>
  <testcase time="0" classname="org.bukkit.PerMaterialTest" name="isFlammable[253: COOKED_BEEF]"/>
  <testcase time="0" classname="org.bukkit.PerMaterialTest" name="maxStackSize[253: COOKED_BEEF]"/>
  <testcase time="0" classname="org.bukkit.PerMaterialTest" name="isTransparent[253: COOKED_BEEF]"/>
  <testcase time="0" classname="org.bukkit.PerMaterialTest" name="isSolid[253: COOKED_BEEF]"/>
  <testcase time="0" classname="org.bukkit.PerMaterialTest" name="hasGravity[254: RAW_CHICKEN]"/>
  <testcase time="0" classname="org.bukkit.PerMaterialTest" name="isBurnable[254: RAW_CHICKEN]"/>
  <testcase time="0" classname="org.bukkit.PerMaterialTest" name="isEdible[254: RAW_CHICKEN]"/>
  <testcase time="0" classname="org.bukkit.PerMaterialTest" name="maxDurability[254: RAW_CHICKEN]"/>
  <testcase time="0" classname="org.bukkit.PerMaterialTest" name="isOccluding[254: RAW_CHICKEN]"/>
  <testcase time="0" classname="org.bukkit.PerMaterialTest" name="isRecord[254: RAW_CHICKEN]"/>
  <testcase time="0" classname="org.bukkit.PerMaterialTest" name="isFlammable[254: RAW_CHICKEN]"/>
  <testcase time="0" classname="org.bukkit.PerMaterialTest" name="maxStackSize[254: RAW_CHICKEN]"/>
  <testcase time="0" classname="org.bukkit.PerMaterialTest" name="isTransparent[254: RAW_CHICKEN]"/>
  <testcase time="0" classname="org.bukkit.PerMaterialTest" name="isSolid[254: RAW_CHICKEN]"/>
  <testcase time="0" classname="org.bukkit.PerMaterialTest" name="hasGravity[255: COOKED_CHICKEN]"/>
  <testcase time="0" classname="org.bukkit.PerMaterialTest" name="isBurnable[255: COOKED_CHICKEN]"/>
  <testcase time="0" classname="org.bukkit.PerMaterialTest" name="isEdible[255: COOKED_CHICKEN]"/>
  <testcase time="0" classname="org.bukkit.PerMaterialTest" name="maxDurability[255: COOKED_CHICKEN]"/>
  <testcase time="0" classname="org.bukkit.PerMaterialTest" name="isOccluding[255: COOKED_CHICKEN]"/>
  <testcase time="0" classname="org.bukkit.PerMaterialTest" name="isRecord[255: COOKED_CHICKEN]"/>
  <testcase time="0" classname="org.bukkit.PerMaterialTest" name="isFlammable[255: COOKED_CHICKEN]"/>
  <testcase time="0" classname="org.bukkit.PerMaterialTest" name="maxStackSize[255: COOKED_CHICKEN]"/>
  <testcase time="0" classname="org.bukkit.PerMaterialTest" name="isTransparent[255: COOKED_CHICKEN]"/>
  <testcase time="0" classname="org.bukkit.PerMaterialTest" name="isSolid[255: COOKED_CHICKEN]"/>
  <testcase time="0" classname="org.bukkit.PerMaterialTest" name="hasGravity[256: ROTTEN_FLESH]"/>
  <testcase time="0" classname="org.bukkit.PerMaterialTest" name="isBurnable[256: ROTTEN_FLESH]"/>
  <testcase time="0" classname="org.bukkit.PerMaterialTest" name="isEdible[256: ROTTEN_FLESH]"/>
  <testcase time="0" classname="org.bukkit.PerMaterialTest" name="maxDurability[256: ROTTEN_FLESH]"/>
  <testcase time="0" classname="org.bukkit.PerMaterialTest" name="isOccluding[256: ROTTEN_FLESH]"/>
  <testcase time="0" classname="org.bukkit.PerMaterialTest" name="isRecord[256: ROTTEN_FLESH]"/>
  <testcase time="0" classname="org.bukkit.PerMaterialTest" name="isFlammable[256: ROTTEN_FLESH]"/>
  <testcase time="0" classname="org.bukkit.PerMaterialTest" name="maxStackSize[256: ROTTEN_FLESH]"/>
  <testcase time="0" classname="org.bukkit.PerMaterialTest" name="isTransparent[256: ROTTEN_FLESH]"/>
  <testcase time="0" classname="org.bukkit.PerMaterialTest" name="isSolid[256: ROTTEN_FLESH]"/>
  <testcase time="0" classname="org.bukkit.PerMaterialTest" name="hasGravity[257: ENDER_PEARL]"/>
  <testcase time="0" classname="org.bukkit.PerMaterialTest" name="isBurnable[257: ENDER_PEARL]"/>
  <testcase time="0" classname="org.bukkit.PerMaterialTest" name="isEdible[257: ENDER_PEARL]"/>
  <testcase time="0" classname="org.bukkit.PerMaterialTest" name="maxDurability[257: ENDER_PEARL]"/>
  <testcase time="0" classname="org.bukkit.PerMaterialTest" name="isOccluding[257: ENDER_PEARL]"/>
  <testcase time="0" classname="org.bukkit.PerMaterialTest" name="isRecord[257: ENDER_PEARL]"/>
  <testcase time="0" classname="org.bukkit.PerMaterialTest" name="isFlammable[257: ENDER_PEARL]"/>
  <testcase time="0" classname="org.bukkit.PerMaterialTest" name="maxStackSize[257: ENDER_PEARL]"/>
  <testcase time="0" classname="org.bukkit.PerMaterialTest" name="isTransparent[257: ENDER_PEARL]"/>
  <testcase time="0" classname="org.bukkit.PerMaterialTest" name="isSolid[257: ENDER_PEARL]"/>
  <testcase time="0" classname="org.bukkit.PerMaterialTest" name="hasGravity[258: BLAZE_ROD]"/>
  <testcase time="0" classname="org.bukkit.PerMaterialTest" name="isBurnable[258: BLAZE_ROD]"/>
  <testcase time="0" classname="org.bukkit.PerMaterialTest" name="isEdible[258: BLAZE_ROD]"/>
  <testcase time="0" classname="org.bukkit.PerMaterialTest" name="maxDurability[258: BLAZE_ROD]"/>
  <testcase time="0" classname="org.bukkit.PerMaterialTest" name="isOccluding[258: BLAZE_ROD]"/>
  <testcase time="0" classname="org.bukkit.PerMaterialTest" name="isRecord[258: BLAZE_ROD]"/>
  <testcase time="0" classname="org.bukkit.PerMaterialTest" name="isFlammable[258: BLAZE_ROD]"/>
  <testcase time="0" classname="org.bukkit.PerMaterialTest" name="maxStackSize[258: BLAZE_ROD]"/>
  <testcase time="0" classname="org.bukkit.PerMaterialTest" name="isTransparent[258: BLAZE_ROD]"/>
  <testcase time="0" classname="org.bukkit.PerMaterialTest" name="isSolid[258: BLAZE_ROD]"/>
  <testcase time="0" classname="org.bukkit.PerMaterialTest" name="hasGravity[259: GHAST_TEAR]"/>
  <testcase time="0" classname="org.bukkit.PerMaterialTest" name="isBurnable[259: GHAST_TEAR]"/>
  <testcase time="0" classname="org.bukkit.PerMaterialTest" name="isEdible[259: GHAST_TEAR]"/>
  <testcase time="0" classname="org.bukkit.PerMaterialTest" name="maxDurability[259: GHAST_TEAR]"/>
  <testcase time="0" classname="org.bukkit.PerMaterialTest" name="isOccluding[259: GHAST_TEAR]"/>
  <testcase time="0" classname="org.bukkit.PerMaterialTest" name="isRecord[259: GHAST_TEAR]"/>
  <testcase time="0" classname="org.bukkit.PerMaterialTest" name="isFlammable[259: GHAST_TEAR]"/>
  <testcase time="0" classname="org.bukkit.PerMaterialTest" name="maxStackSize[259: GHAST_TEAR]"/>
  <testcase time="0" classname="org.bukkit.PerMaterialTest" name="isTransparent[259: GHAST_TEAR]"/>
  <testcase time="0" classname="org.bukkit.PerMaterialTest" name="isSolid[259: GHAST_TEAR]"/>
  <testcase time="0" classname="org.bukkit.PerMaterialTest" name="hasGravity[260: GOLD_NUGGET]"/>
  <testcase time="0" classname="org.bukkit.PerMaterialTest" name="isBurnable[260: GOLD_NUGGET]"/>
  <testcase time="0.001" classname="org.bukkit.PerMaterialTest" name="isEdible[260: GOLD_NUGGET]"/>
  <testcase time="0" classname="org.bukkit.PerMaterialTest" name="maxDurability[260: GOLD_NUGGET]"/>
  <testcase time="0" classname="org.bukkit.PerMaterialTest" name="isOccluding[260: GOLD_NUGGET]"/>
  <testcase time="0" classname="org.bukkit.PerMaterialTest" name="isRecord[260: GOLD_NUGGET]"/>
  <testcase time="0" classname="org.bukkit.PerMaterialTest" name="isFlammable[260: GOLD_NUGGET]"/>
  <testcase time="0" classname="org.bukkit.PerMaterialTest" name="maxStackSize[260: GOLD_NUGGET]"/>
  <testcase time="0" classname="org.bukkit.PerMaterialTest" name="isTransparent[260: GOLD_NUGGET]"/>
  <testcase time="0" classname="org.bukkit.PerMaterialTest" name="isSolid[260: GOLD_NUGGET]"/>
  <testcase time="0" classname="org.bukkit.PerMaterialTest" name="hasGravity[261: NETHER_STALK]"/>
  <testcase time="0" classname="org.bukkit.PerMaterialTest" name="isBurnable[261: NETHER_STALK]"/>
  <testcase time="0" classname="org.bukkit.PerMaterialTest" name="isEdible[261: NETHER_STALK]"/>
  <testcase time="0" classname="org.bukkit.PerMaterialTest" name="maxDurability[261: NETHER_STALK]"/>
  <testcase time="0" classname="org.bukkit.PerMaterialTest" name="isOccluding[261: NETHER_STALK]"/>
  <testcase time="0" classname="org.bukkit.PerMaterialTest" name="isRecord[261: NETHER_STALK]"/>
  <testcase time="0" classname="org.bukkit.PerMaterialTest" name="isFlammable[261: NETHER_STALK]"/>
  <testcase time="0" classname="org.bukkit.PerMaterialTest" name="maxStackSize[261: NETHER_STALK]"/>
  <testcase time="0" classname="org.bukkit.PerMaterialTest" name="isTransparent[261: NETHER_STALK]"/>
  <testcase time="0" classname="org.bukkit.PerMaterialTest" name="isSolid[261: NETHER_STALK]"/>
  <testcase time="0" classname="org.bukkit.PerMaterialTest" name="hasGravity[262: POTION]"/>
  <testcase time="0" classname="org.bukkit.PerMaterialTest" name="isBurnable[262: POTION]"/>
  <testcase time="0" classname="org.bukkit.PerMaterialTest" name="isEdible[262: POTION]"/>
  <testcase time="0" classname="org.bukkit.PerMaterialTest" name="maxDurability[262: POTION]"/>
  <testcase time="0" classname="org.bukkit.PerMaterialTest" name="isOccluding[262: POTION]"/>
  <testcase time="0" classname="org.bukkit.PerMaterialTest" name="isRecord[262: POTION]"/>
  <testcase time="0" classname="org.bukkit.PerMaterialTest" name="isFlammable[262: POTION]"/>
  <testcase time="0" classname="org.bukkit.PerMaterialTest" name="maxStackSize[262: POTION]"/>
  <testcase time="0" classname="org.bukkit.PerMaterialTest" name="isTransparent[262: POTION]"/>
  <testcase time="0" classname="org.bukkit.PerMaterialTest" name="isSolid[262: POTION]"/>
  <testcase time="0" classname="org.bukkit.PerMaterialTest" name="hasGravity[263: GLASS_BOTTLE]"/>
  <testcase time="0" classname="org.bukkit.PerMaterialTest" name="isBurnable[263: GLASS_BOTTLE]"/>
  <testcase time="0" classname="org.bukkit.PerMaterialTest" name="isEdible[263: GLASS_BOTTLE]"/>
  <testcase time="0" classname="org.bukkit.PerMaterialTest" name="maxDurability[263: GLASS_BOTTLE]"/>
  <testcase time="0" classname="org.bukkit.PerMaterialTest" name="isOccluding[263: GLASS_BOTTLE]"/>
  <testcase time="0" classname="org.bukkit.PerMaterialTest" name="isRecord[263: GLASS_BOTTLE]"/>
  <testcase time="0" classname="org.bukkit.PerMaterialTest" name="isFlammable[263: GLASS_BOTTLE]"/>
  <testcase time="0" classname="org.bukkit.PerMaterialTest" name="maxStackSize[263: GLASS_BOTTLE]"/>
  <testcase time="0" classname="org.bukkit.PerMaterialTest" name="isTransparent[263: GLASS_BOTTLE]"/>
  <testcase time="0" classname="org.bukkit.PerMaterialTest" name="isSolid[263: GLASS_BOTTLE]"/>
  <testcase time="0" classname="org.bukkit.PerMaterialTest" name="hasGravity[264: SPIDER_EYE]"/>
  <testcase time="0" classname="org.bukkit.PerMaterialTest" name="isBurnable[264: SPIDER_EYE]"/>
  <testcase time="0" classname="org.bukkit.PerMaterialTest" name="isEdible[264: SPIDER_EYE]"/>
  <testcase time="0" classname="org.bukkit.PerMaterialTest" name="maxDurability[264: SPIDER_EYE]"/>
  <testcase time="0" classname="org.bukkit.PerMaterialTest" name="isOccluding[264: SPIDER_EYE]"/>
  <testcase time="0" classname="org.bukkit.PerMaterialTest" name="isRecord[264: SPIDER_EYE]"/>
  <testcase time="0" classname="org.bukkit.PerMaterialTest" name="isFlammable[264: SPIDER_EYE]"/>
  <testcase time="0" classname="org.bukkit.PerMaterialTest" name="maxStackSize[264: SPIDER_EYE]"/>
  <testcase time="0" classname="org.bukkit.PerMaterialTest" name="isTransparent[264: SPIDER_EYE]"/>
  <testcase time="0" classname="org.bukkit.PerMaterialTest" name="isSolid[264: SPIDER_EYE]"/>
  <testcase time="0" classname="org.bukkit.PerMaterialTest" name="hasGravity[265: FERMENTED_SPIDER_EYE]"/>
  <testcase time="0" classname="org.bukkit.PerMaterialTest" name="isBurnable[265: FERMENTED_SPIDER_EYE]"/>
  <testcase time="0" classname="org.bukkit.PerMaterialTest" name="isEdible[265: FERMENTED_SPIDER_EYE]"/>
  <testcase time="0" classname="org.bukkit.PerMaterialTest" name="maxDurability[265: FERMENTED_SPIDER_EYE]"/>
  <testcase time="0" classname="org.bukkit.PerMaterialTest" name="isOccluding[265: FERMENTED_SPIDER_EYE]"/>
  <testcase time="0" classname="org.bukkit.PerMaterialTest" name="isRecord[265: FERMENTED_SPIDER_EYE]"/>
  <testcase time="0" classname="org.bukkit.PerMaterialTest" name="isFlammable[265: FERMENTED_SPIDER_EYE]"/>
  <testcase time="0" classname="org.bukkit.PerMaterialTest" name="maxStackSize[265: FERMENTED_SPIDER_EYE]"/>
  <testcase time="0" classname="org.bukkit.PerMaterialTest" name="isTransparent[265: FERMENTED_SPIDER_EYE]"/>
  <testcase time="0" classname="org.bukkit.PerMaterialTest" name="isSolid[265: FERMENTED_SPIDER_EYE]"/>
  <testcase time="0" classname="org.bukkit.PerMaterialTest" name="hasGravity[266: BLAZE_POWDER]"/>
  <testcase time="0" classname="org.bukkit.PerMaterialTest" name="isBurnable[266: BLAZE_POWDER]"/>
  <testcase time="0" classname="org.bukkit.PerMaterialTest" name="isEdible[266: BLAZE_POWDER]"/>
  <testcase time="0" classname="org.bukkit.PerMaterialTest" name="maxDurability[266: BLAZE_POWDER]"/>
  <testcase time="0" classname="org.bukkit.PerMaterialTest" name="isOccluding[266: BLAZE_POWDER]"/>
  <testcase time="0" classname="org.bukkit.PerMaterialTest" name="isRecord[266: BLAZE_POWDER]"/>
  <testcase time="0" classname="org.bukkit.PerMaterialTest" name="isFlammable[266: BLAZE_POWDER]"/>
  <testcase time="0" classname="org.bukkit.PerMaterialTest" name="maxStackSize[266: BLAZE_POWDER]"/>
  <testcase time="0" classname="org.bukkit.PerMaterialTest" name="isTransparent[266: BLAZE_POWDER]"/>
  <testcase time="0" classname="org.bukkit.PerMaterialTest" name="isSolid[266: BLAZE_POWDER]"/>
  <testcase time="0" classname="org.bukkit.PerMaterialTest" name="hasGravity[267: MAGMA_CREAM]"/>
  <testcase time="0" classname="org.bukkit.PerMaterialTest" name="isBurnable[267: MAGMA_CREAM]"/>
  <testcase time="0" classname="org.bukkit.PerMaterialTest" name="isEdible[267: MAGMA_CREAM]"/>
  <testcase time="0" classname="org.bukkit.PerMaterialTest" name="maxDurability[267: MAGMA_CREAM]"/>
  <testcase time="0" classname="org.bukkit.PerMaterialTest" name="isOccluding[267: MAGMA_CREAM]"/>
  <testcase time="0.001" classname="org.bukkit.PerMaterialTest" name="isRecord[267: MAGMA_CREAM]"/>
  <testcase time="0" classname="org.bukkit.PerMaterialTest" name="isFlammable[267: MAGMA_CREAM]"/>
  <testcase time="0" classname="org.bukkit.PerMaterialTest" name="maxStackSize[267: MAGMA_CREAM]"/>
  <testcase time="0" classname="org.bukkit.PerMaterialTest" name="isTransparent[267: MAGMA_CREAM]"/>
  <testcase time="0" classname="org.bukkit.PerMaterialTest" name="isSolid[267: MAGMA_CREAM]"/>
  <testcase time="0" classname="org.bukkit.PerMaterialTest" name="hasGravity[268: BREWING_STAND_ITEM]"/>
  <testcase time="0" classname="org.bukkit.PerMaterialTest" name="isBurnable[268: BREWING_STAND_ITEM]"/>
  <testcase time="0" classname="org.bukkit.PerMaterialTest" name="isEdible[268: BREWING_STAND_ITEM]"/>
  <testcase time="0" classname="org.bukkit.PerMaterialTest" name="maxDurability[268: BREWING_STAND_ITEM]"/>
  <testcase time="0" classname="org.bukkit.PerMaterialTest" name="isOccluding[268: BREWING_STAND_ITEM]"/>
  <testcase time="0" classname="org.bukkit.PerMaterialTest" name="isRecord[268: BREWING_STAND_ITEM]"/>
  <testcase time="0" classname="org.bukkit.PerMaterialTest" name="isFlammable[268: BREWING_STAND_ITEM]"/>
  <testcase time="0.001" classname="org.bukkit.PerMaterialTest" name="maxStackSize[268: BREWING_STAND_ITEM]"/>
  <testcase time="0" classname="org.bukkit.PerMaterialTest" name="isTransparent[268: BREWING_STAND_ITEM]"/>
  <testcase time="0" classname="org.bukkit.PerMaterialTest" name="isSolid[268: BREWING_STAND_ITEM]"/>
  <testcase time="0" classname="org.bukkit.PerMaterialTest" name="hasGravity[269: CAULDRON_ITEM]"/>
  <testcase time="0" classname="org.bukkit.PerMaterialTest" name="isBurnable[269: CAULDRON_ITEM]"/>
  <testcase time="0" classname="org.bukkit.PerMaterialTest" name="isEdible[269: CAULDRON_ITEM]"/>
  <testcase time="0" classname="org.bukkit.PerMaterialTest" name="maxDurability[269: CAULDRON_ITEM]"/>
  <testcase time="0" classname="org.bukkit.PerMaterialTest" name="isOccluding[269: CAULDRON_ITEM]"/>
  <testcase time="0" classname="org.bukkit.PerMaterialTest" name="isRecord[269: CAULDRON_ITEM]"/>
  <testcase time="0" classname="org.bukkit.PerMaterialTest" name="isFlammable[269: CAULDRON_ITEM]"/>
  <testcase time="0" classname="org.bukkit.PerMaterialTest" name="maxStackSize[269: CAULDRON_ITEM]"/>
  <testcase time="0" classname="org.bukkit.PerMaterialTest" name="isTransparent[269: CAULDRON_ITEM]"/>
  <testcase time="0.001" classname="org.bukkit.PerMaterialTest" name="isSolid[269: CAULDRON_ITEM]"/>
  <testcase time="0" classname="org.bukkit.PerMaterialTest" name="hasGravity[270: EYE_OF_ENDER]"/>
  <testcase time="0" classname="org.bukkit.PerMaterialTest" name="isBurnable[270: EYE_OF_ENDER]"/>
  <testcase time="0" classname="org.bukkit.PerMaterialTest" name="isEdible[270: EYE_OF_ENDER]"/>
  <testcase time="0" classname="org.bukkit.PerMaterialTest" name="maxDurability[270: EYE_OF_ENDER]"/>
  <testcase time="0" classname="org.bukkit.PerMaterialTest" name="isOccluding[270: EYE_OF_ENDER]"/>
  <testcase time="0" classname="org.bukkit.PerMaterialTest" name="isRecord[270: EYE_OF_ENDER]"/>
  <testcase time="0" classname="org.bukkit.PerMaterialTest" name="isFlammable[270: EYE_OF_ENDER]"/>
  <testcase time="0" classname="org.bukkit.PerMaterialTest" name="maxStackSize[270: EYE_OF_ENDER]"/>
  <testcase time="0" classname="org.bukkit.PerMaterialTest" name="isTransparent[270: EYE_OF_ENDER]"/>
  <testcase time="0" classname="org.bukkit.PerMaterialTest" name="isSolid[270: EYE_OF_ENDER]"/>
  <testcase time="0" classname="org.bukkit.PerMaterialTest" name="hasGravity[271: SPECKLED_MELON]"/>
  <testcase time="0.001" classname="org.bukkit.PerMaterialTest" name="isBurnable[271: SPECKLED_MELON]"/>
  <testcase time="0" classname="org.bukkit.PerMaterialTest" name="isEdible[271: SPECKLED_MELON]"/>
  <testcase time="0" classname="org.bukkit.PerMaterialTest" name="maxDurability[271: SPECKLED_MELON]"/>
  <testcase time="0" classname="org.bukkit.PerMaterialTest" name="isOccluding[271: SPECKLED_MELON]"/>
  <testcase time="0" classname="org.bukkit.PerMaterialTest" name="isRecord[271: SPECKLED_MELON]"/>
  <testcase time="0" classname="org.bukkit.PerMaterialTest" name="isFlammable[271: SPECKLED_MELON]"/>
  <testcase time="0" classname="org.bukkit.PerMaterialTest" name="maxStackSize[271: SPECKLED_MELON]"/>
  <testcase time="0" classname="org.bukkit.PerMaterialTest" name="isTransparent[271: SPECKLED_MELON]"/>
  <testcase time="0" classname="org.bukkit.PerMaterialTest" name="isSolid[271: SPECKLED_MELON]"/>
  <testcase time="0" classname="org.bukkit.PerMaterialTest" name="hasGravity[272: MONSTER_EGG]"/>
  <testcase time="0" classname="org.bukkit.PerMaterialTest" name="isBurnable[272: MONSTER_EGG]"/>
  <testcase time="0" classname="org.bukkit.PerMaterialTest" name="isEdible[272: MONSTER_EGG]"/>
  <testcase time="0" classname="org.bukkit.PerMaterialTest" name="maxDurability[272: MONSTER_EGG]"/>
  <testcase time="0" classname="org.bukkit.PerMaterialTest" name="isOccluding[272: MONSTER_EGG]"/>
  <testcase time="0" classname="org.bukkit.PerMaterialTest" name="isRecord[272: MONSTER_EGG]"/>
  <testcase time="0" classname="org.bukkit.PerMaterialTest" name="isFlammable[272: MONSTER_EGG]"/>
  <testcase time="0" classname="org.bukkit.PerMaterialTest" name="maxStackSize[272: MONSTER_EGG]"/>
  <testcase time="0" classname="org.bukkit.PerMaterialTest" name="isTransparent[272: MONSTER_EGG]"/>
  <testcase time="0" classname="org.bukkit.PerMaterialTest" name="isSolid[272: MONSTER_EGG]"/>
  <testcase time="0" classname="org.bukkit.PerMaterialTest" name="hasGravity[273: EXP_BOTTLE]"/>
  <testcase time="0" classname="org.bukkit.PerMaterialTest" name="isBurnable[273: EXP_BOTTLE]"/>
  <testcase time="0" classname="org.bukkit.PerMaterialTest" name="isEdible[273: EXP_BOTTLE]"/>
  <testcase time="0" classname="org.bukkit.PerMaterialTest" name="maxDurability[273: EXP_BOTTLE]"/>
  <testcase time="0" classname="org.bukkit.PerMaterialTest" name="isOccluding[273: EXP_BOTTLE]"/>
  <testcase time="0" classname="org.bukkit.PerMaterialTest" name="isRecord[273: EXP_BOTTLE]"/>
  <testcase time="0" classname="org.bukkit.PerMaterialTest" name="isFlammable[273: EXP_BOTTLE]"/>
  <testcase time="0" classname="org.bukkit.PerMaterialTest" name="maxStackSize[273: EXP_BOTTLE]"/>
  <testcase time="0" classname="org.bukkit.PerMaterialTest" name="isTransparent[273: EXP_BOTTLE]"/>
  <testcase time="0" classname="org.bukkit.PerMaterialTest" name="isSolid[273: EXP_BOTTLE]"/>
  <testcase time="0" classname="org.bukkit.PerMaterialTest" name="hasGravity[274: FIREBALL]"/>
  <testcase time="0" classname="org.bukkit.PerMaterialTest" name="isBurnable[274: FIREBALL]"/>
  <testcase time="0" classname="org.bukkit.PerMaterialTest" name="isEdible[274: FIREBALL]"/>
  <testcase time="0" classname="org.bukkit.PerMaterialTest" name="maxDurability[274: FIREBALL]"/>
  <testcase time="0" classname="org.bukkit.PerMaterialTest" name="isOccluding[274: FIREBALL]"/>
  <testcase time="0" classname="org.bukkit.PerMaterialTest" name="isRecord[274: FIREBALL]"/>
  <testcase time="0" classname="org.bukkit.PerMaterialTest" name="isFlammable[274: FIREBALL]"/>
  <testcase time="0" classname="org.bukkit.PerMaterialTest" name="maxStackSize[274: FIREBALL]"/>
  <testcase time="0" classname="org.bukkit.PerMaterialTest" name="isTransparent[274: FIREBALL]"/>
  <testcase time="0" classname="org.bukkit.PerMaterialTest" name="isSolid[274: FIREBALL]"/>
  <testcase time="0" classname="org.bukkit.PerMaterialTest" name="hasGravity[275: BOOK_AND_QUILL]"/>
  <testcase time="0" classname="org.bukkit.PerMaterialTest" name="isBurnable[275: BOOK_AND_QUILL]"/>
  <testcase time="0" classname="org.bukkit.PerMaterialTest" name="isEdible[275: BOOK_AND_QUILL]"/>
  <testcase time="0" classname="org.bukkit.PerMaterialTest" name="maxDurability[275: BOOK_AND_QUILL]"/>
  <testcase time="0" classname="org.bukkit.PerMaterialTest" name="isOccluding[275: BOOK_AND_QUILL]"/>
  <testcase time="0" classname="org.bukkit.PerMaterialTest" name="isRecord[275: BOOK_AND_QUILL]"/>
  <testcase time="0" classname="org.bukkit.PerMaterialTest" name="isFlammable[275: BOOK_AND_QUILL]"/>
  <testcase time="0" classname="org.bukkit.PerMaterialTest" name="maxStackSize[275: BOOK_AND_QUILL]"/>
  <testcase time="0" classname="org.bukkit.PerMaterialTest" name="isTransparent[275: BOOK_AND_QUILL]"/>
  <testcase time="0" classname="org.bukkit.PerMaterialTest" name="isSolid[275: BOOK_AND_QUILL]"/>
  <testcase time="0" classname="org.bukkit.PerMaterialTest" name="hasGravity[276: WRITTEN_BOOK]"/>
  <testcase time="0" classname="org.bukkit.PerMaterialTest" name="isBurnable[276: WRITTEN_BOOK]"/>
  <testcase time="0" classname="org.bukkit.PerMaterialTest" name="isEdible[276: WRITTEN_BOOK]"/>
  <testcase time="0" classname="org.bukkit.PerMaterialTest" name="maxDurability[276: WRITTEN_BOOK]"/>
  <testcase time="0" classname="org.bukkit.PerMaterialTest" name="isOccluding[276: WRITTEN_BOOK]"/>
  <testcase time="0" classname="org.bukkit.PerMaterialTest" name="isRecord[276: WRITTEN_BOOK]"/>
  <testcase time="0" classname="org.bukkit.PerMaterialTest" name="isFlammable[276: WRITTEN_BOOK]"/>
  <testcase time="0" classname="org.bukkit.PerMaterialTest" name="maxStackSize[276: WRITTEN_BOOK]"/>
  <testcase time="0" classname="org.bukkit.PerMaterialTest" name="isTransparent[276: WRITTEN_BOOK]"/>
  <testcase time="0" classname="org.bukkit.PerMaterialTest" name="isSolid[276: WRITTEN_BOOK]"/>
  <testcase time="0" classname="org.bukkit.PerMaterialTest" name="hasGravity[277: EMERALD]"/>
  <testcase time="0" classname="org.bukkit.PerMaterialTest" name="isBurnable[277: EMERALD]"/>
  <testcase time="0" classname="org.bukkit.PerMaterialTest" name="isEdible[277: EMERALD]"/>
  <testcase time="0" classname="org.bukkit.PerMaterialTest" name="maxDurability[277: EMERALD]"/>
  <testcase time="0" classname="org.bukkit.PerMaterialTest" name="isOccluding[277: EMERALD]"/>
  <testcase time="0" classname="org.bukkit.PerMaterialTest" name="isRecord[277: EMERALD]"/>
  <testcase time="0" classname="org.bukkit.PerMaterialTest" name="isFlammable[277: EMERALD]"/>
  <testcase time="0" classname="org.bukkit.PerMaterialTest" name="maxStackSize[277: EMERALD]"/>
  <testcase time="0" classname="org.bukkit.PerMaterialTest" name="isTransparent[277: EMERALD]"/>
  <testcase time="0" classname="org.bukkit.PerMaterialTest" name="isSolid[277: EMERALD]"/>
  <testcase time="0" classname="org.bukkit.PerMaterialTest" name="hasGravity[278: ITEM_FRAME]"/>
  <testcase time="0" classname="org.bukkit.PerMaterialTest" name="isBurnable[278: ITEM_FRAME]"/>
  <testcase time="0" classname="org.bukkit.PerMaterialTest" name="isEdible[278: ITEM_FRAME]"/>
  <testcase time="0" classname="org.bukkit.PerMaterialTest" name="maxDurability[278: ITEM_FRAME]"/>
  <testcase time="0" classname="org.bukkit.PerMaterialTest" name="isOccluding[278: ITEM_FRAME]"/>
  <testcase time="0" classname="org.bukkit.PerMaterialTest" name="isRecord[278: ITEM_FRAME]"/>
  <testcase time="0" classname="org.bukkit.PerMaterialTest" name="isFlammable[278: ITEM_FRAME]"/>
  <testcase time="0" classname="org.bukkit.PerMaterialTest" name="maxStackSize[278: ITEM_FRAME]"/>
  <testcase time="0" classname="org.bukkit.PerMaterialTest" name="isTransparent[278: ITEM_FRAME]"/>
  <testcase time="0" classname="org.bukkit.PerMaterialTest" name="isSolid[278: ITEM_FRAME]"/>
  <testcase time="0" classname="org.bukkit.PerMaterialTest" name="hasGravity[279: FLOWER_POT_ITEM]"/>
  <testcase time="0" classname="org.bukkit.PerMaterialTest" name="isBurnable[279: FLOWER_POT_ITEM]"/>
  <testcase time="0" classname="org.bukkit.PerMaterialTest" name="isEdible[279: FLOWER_POT_ITEM]"/>
  <testcase time="0" classname="org.bukkit.PerMaterialTest" name="maxDurability[279: FLOWER_POT_ITEM]"/>
  <testcase time="0" classname="org.bukkit.PerMaterialTest" name="isOccluding[279: FLOWER_POT_ITEM]"/>
  <testcase time="0" classname="org.bukkit.PerMaterialTest" name="isRecord[279: FLOWER_POT_ITEM]"/>
  <testcase time="0.001" classname="org.bukkit.PerMaterialTest" name="isFlammable[279: FLOWER_POT_ITEM]"/>
  <testcase time="0" classname="org.bukkit.PerMaterialTest" name="maxStackSize[279: FLOWER_POT_ITEM]"/>
  <testcase time="0" classname="org.bukkit.PerMaterialTest" name="isTransparent[279: FLOWER_POT_ITEM]"/>
  <testcase time="0" classname="org.bukkit.PerMaterialTest" name="isSolid[279: FLOWER_POT_ITEM]"/>
  <testcase time="0" classname="org.bukkit.PerMaterialTest" name="hasGravity[280: CARROT_ITEM]"/>
  <testcase time="0" classname="org.bukkit.PerMaterialTest" name="isBurnable[280: CARROT_ITEM]"/>
  <testcase time="0" classname="org.bukkit.PerMaterialTest" name="isEdible[280: CARROT_ITEM]"/>
  <testcase time="0" classname="org.bukkit.PerMaterialTest" name="maxDurability[280: CARROT_ITEM]"/>
  <testcase time="0" classname="org.bukkit.PerMaterialTest" name="isOccluding[280: CARROT_ITEM]"/>
  <testcase time="0" classname="org.bukkit.PerMaterialTest" name="isRecord[280: CARROT_ITEM]"/>
  <testcase time="0" classname="org.bukkit.PerMaterialTest" name="isFlammable[280: CARROT_ITEM]"/>
  <testcase time="0" classname="org.bukkit.PerMaterialTest" name="maxStackSize[280: CARROT_ITEM]"/>
  <testcase time="0.001" classname="org.bukkit.PerMaterialTest" name="isTransparent[280: CARROT_ITEM]"/>
  <testcase time="0" classname="org.bukkit.PerMaterialTest" name="isSolid[280: CARROT_ITEM]"/>
  <testcase time="0" classname="org.bukkit.PerMaterialTest" name="hasGravity[281: POTATO_ITEM]"/>
  <testcase time="0" classname="org.bukkit.PerMaterialTest" name="isBurnable[281: POTATO_ITEM]"/>
  <testcase time="0" classname="org.bukkit.PerMaterialTest" name="isEdible[281: POTATO_ITEM]"/>
  <testcase time="0" classname="org.bukkit.PerMaterialTest" name="maxDurability[281: POTATO_ITEM]"/>
  <testcase time="0" classname="org.bukkit.PerMaterialTest" name="isOccluding[281: POTATO_ITEM]"/>
  <testcase time="0" classname="org.bukkit.PerMaterialTest" name="isRecord[281: POTATO_ITEM]"/>
  <testcase time="0" classname="org.bukkit.PerMaterialTest" name="isFlammable[281: POTATO_ITEM]"/>
  <testcase time="0" classname="org.bukkit.PerMaterialTest" name="maxStackSize[281: POTATO_ITEM]"/>
  <testcase time="0.002" classname="org.bukkit.PerMaterialTest" name="isTransparent[281: POTATO_ITEM]"/>
  <testcase time="0" classname="org.bukkit.PerMaterialTest" name="isSolid[281: POTATO_ITEM]"/>
  <testcase time="0" classname="org.bukkit.PerMaterialTest" name="hasGravity[282: BAKED_POTATO]"/>
  <testcase time="0" classname="org.bukkit.PerMaterialTest" name="isBurnable[282: BAKED_POTATO]"/>
  <testcase time="0" classname="org.bukkit.PerMaterialTest" name="isEdible[282: BAKED_POTATO]"/>
  <testcase time="0" classname="org.bukkit.PerMaterialTest" name="maxDurability[282: BAKED_POTATO]"/>
  <testcase time="0" classname="org.bukkit.PerMaterialTest" name="isOccluding[282: BAKED_POTATO]"/>
  <testcase time="0" classname="org.bukkit.PerMaterialTest" name="isRecord[282: BAKED_POTATO]"/>
  <testcase time="0" classname="org.bukkit.PerMaterialTest" name="isFlammable[282: BAKED_POTATO]"/>
  <testcase time="0" classname="org.bukkit.PerMaterialTest" name="maxStackSize[282: BAKED_POTATO]"/>
  <testcase time="0" classname="org.bukkit.PerMaterialTest" name="isTransparent[282: BAKED_POTATO]"/>
  <testcase time="0" classname="org.bukkit.PerMaterialTest" name="isSolid[282: BAKED_POTATO]"/>
  <testcase time="0" classname="org.bukkit.PerMaterialTest" name="hasGravity[283: POISONOUS_POTATO]"/>
  <testcase time="0" classname="org.bukkit.PerMaterialTest" name="isBurnable[283: POISONOUS_POTATO]"/>
  <testcase time="0" classname="org.bukkit.PerMaterialTest" name="isEdible[283: POISONOUS_POTATO]"/>
  <testcase time="0" classname="org.bukkit.PerMaterialTest" name="maxDurability[283: POISONOUS_POTATO]"/>
  <testcase time="0" classname="org.bukkit.PerMaterialTest" name="isOccluding[283: POISONOUS_POTATO]"/>
  <testcase time="0" classname="org.bukkit.PerMaterialTest" name="isRecord[283: POISONOUS_POTATO]"/>
  <testcase time="0" classname="org.bukkit.PerMaterialTest" name="isFlammable[283: POISONOUS_POTATO]"/>
  <testcase time="0" classname="org.bukkit.PerMaterialTest" name="maxStackSize[283: POISONOUS_POTATO]"/>
  <testcase time="0" classname="org.bukkit.PerMaterialTest" name="isTransparent[283: POISONOUS_POTATO]"/>
  <testcase time="0" classname="org.bukkit.PerMaterialTest" name="isSolid[283: POISONOUS_POTATO]"/>
  <testcase time="0" classname="org.bukkit.PerMaterialTest" name="hasGravity[284: EMPTY_MAP]"/>
  <testcase time="0" classname="org.bukkit.PerMaterialTest" name="isBurnable[284: EMPTY_MAP]"/>
  <testcase time="0" classname="org.bukkit.PerMaterialTest" name="isEdible[284: EMPTY_MAP]"/>
  <testcase time="0" classname="org.bukkit.PerMaterialTest" name="maxDurability[284: EMPTY_MAP]"/>
  <testcase time="0" classname="org.bukkit.PerMaterialTest" name="isOccluding[284: EMPTY_MAP]"/>
  <testcase time="0" classname="org.bukkit.PerMaterialTest" name="isRecord[284: EMPTY_MAP]"/>
  <testcase time="0" classname="org.bukkit.PerMaterialTest" name="isFlammable[284: EMPTY_MAP]"/>
  <testcase time="0" classname="org.bukkit.PerMaterialTest" name="maxStackSize[284: EMPTY_MAP]"/>
  <testcase time="0" classname="org.bukkit.PerMaterialTest" name="isTransparent[284: EMPTY_MAP]"/>
  <testcase time="0" classname="org.bukkit.PerMaterialTest" name="isSolid[284: EMPTY_MAP]"/>
  <testcase time="0" classname="org.bukkit.PerMaterialTest" name="hasGravity[285: GOLDEN_CARROT]"/>
  <testcase time="0" classname="org.bukkit.PerMaterialTest" name="isBurnable[285: GOLDEN_CARROT]"/>
  <testcase time="0" classname="org.bukkit.PerMaterialTest" name="isEdible[285: GOLDEN_CARROT]"/>
  <testcase time="0" classname="org.bukkit.PerMaterialTest" name="maxDurability[285: GOLDEN_CARROT]"/>
  <testcase time="0" classname="org.bukkit.PerMaterialTest" name="isOccluding[285: GOLDEN_CARROT]"/>
  <testcase time="0" classname="org.bukkit.PerMaterialTest" name="isRecord[285: GOLDEN_CARROT]"/>
  <testcase time="0" classname="org.bukkit.PerMaterialTest" name="isFlammable[285: GOLDEN_CARROT]"/>
  <testcase time="0" classname="org.bukkit.PerMaterialTest" name="maxStackSize[285: GOLDEN_CARROT]"/>
  <testcase time="0" classname="org.bukkit.PerMaterialTest" name="isTransparent[285: GOLDEN_CARROT]"/>
  <testcase time="0" classname="org.bukkit.PerMaterialTest" name="isSolid[285: GOLDEN_CARROT]"/>
  <testcase time="0" classname="org.bukkit.PerMaterialTest" name="hasGravity[286: SKULL_ITEM]"/>
  <testcase time="0" classname="org.bukkit.PerMaterialTest" name="isBurnable[286: SKULL_ITEM]"/>
  <testcase time="0" classname="org.bukkit.PerMaterialTest" name="isEdible[286: SKULL_ITEM]"/>
  <testcase time="0" classname="org.bukkit.PerMaterialTest" name="maxDurability[286: SKULL_ITEM]"/>
  <testcase time="0" classname="org.bukkit.PerMaterialTest" name="isOccluding[286: SKULL_ITEM]"/>
  <testcase time="0" classname="org.bukkit.PerMaterialTest" name="isRecord[286: SKULL_ITEM]"/>
  <testcase time="0" classname="org.bukkit.PerMaterialTest" name="isFlammable[286: SKULL_ITEM]"/>
  <testcase time="0" classname="org.bukkit.PerMaterialTest" name="maxStackSize[286: SKULL_ITEM]"/>
  <testcase time="0" classname="org.bukkit.PerMaterialTest" name="isTransparent[286: SKULL_ITEM]"/>
  <testcase time="0" classname="org.bukkit.PerMaterialTest" name="isSolid[286: SKULL_ITEM]"/>
  <testcase time="0" classname="org.bukkit.PerMaterialTest" name="hasGravity[287: CARROT_STICK]"/>
  <testcase time="0" classname="org.bukkit.PerMaterialTest" name="isBurnable[287: CARROT_STICK]"/>
  <testcase time="0" classname="org.bukkit.PerMaterialTest" name="isEdible[287: CARROT_STICK]"/>
  <testcase time="0" classname="org.bukkit.PerMaterialTest" name="maxDurability[287: CARROT_STICK]"/>
  <testcase time="0" classname="org.bukkit.PerMaterialTest" name="isOccluding[287: CARROT_STICK]"/>
  <testcase time="0" classname="org.bukkit.PerMaterialTest" name="isRecord[287: CARROT_STICK]"/>
  <testcase time="0" classname="org.bukkit.PerMaterialTest" name="isFlammable[287: CARROT_STICK]"/>
  <testcase time="0" classname="org.bukkit.PerMaterialTest" name="maxStackSize[287: CARROT_STICK]"/>
  <testcase time="0" classname="org.bukkit.PerMaterialTest" name="isTransparent[287: CARROT_STICK]"/>
  <testcase time="0" classname="org.bukkit.PerMaterialTest" name="isSolid[287: CARROT_STICK]"/>
  <testcase time="0" classname="org.bukkit.PerMaterialTest" name="hasGravity[288: NETHER_STAR]"/>
  <testcase time="0" classname="org.bukkit.PerMaterialTest" name="isBurnable[288: NETHER_STAR]"/>
  <testcase time="0.001" classname="org.bukkit.PerMaterialTest" name="isEdible[288: NETHER_STAR]"/>
  <testcase time="0" classname="org.bukkit.PerMaterialTest" name="maxDurability[288: NETHER_STAR]"/>
  <testcase time="0" classname="org.bukkit.PerMaterialTest" name="isOccluding[288: NETHER_STAR]"/>
  <testcase time="0" classname="org.bukkit.PerMaterialTest" name="isRecord[288: NETHER_STAR]"/>
  <testcase time="0" classname="org.bukkit.PerMaterialTest" name="isFlammable[288: NETHER_STAR]"/>
  <testcase time="0" classname="org.bukkit.PerMaterialTest" name="maxStackSize[288: NETHER_STAR]"/>
  <testcase time="0" classname="org.bukkit.PerMaterialTest" name="isTransparent[288: NETHER_STAR]"/>
  <testcase time="0" classname="org.bukkit.PerMaterialTest" name="isSolid[288: NETHER_STAR]"/>
  <testcase time="0" classname="org.bukkit.PerMaterialTest" name="hasGravity[289: PUMPKIN_PIE]"/>
  <testcase time="0" classname="org.bukkit.PerMaterialTest" name="isBurnable[289: PUMPKIN_PIE]"/>
  <testcase time="0" classname="org.bukkit.PerMaterialTest" name="isEdible[289: PUMPKIN_PIE]"/>
  <testcase time="0" classname="org.bukkit.PerMaterialTest" name="maxDurability[289: PUMPKIN_PIE]"/>
  <testcase time="0.001" classname="org.bukkit.PerMaterialTest" name="isOccluding[289: PUMPKIN_PIE]"/>
  <testcase time="0" classname="org.bukkit.PerMaterialTest" name="isRecord[289: PUMPKIN_PIE]"/>
  <testcase time="0" classname="org.bukkit.PerMaterialTest" name="isFlammable[289: PUMPKIN_PIE]"/>
  <testcase time="0" classname="org.bukkit.PerMaterialTest" name="maxStackSize[289: PUMPKIN_PIE]"/>
  <testcase time="0" classname="org.bukkit.PerMaterialTest" name="isTransparent[289: PUMPKIN_PIE]"/>
  <testcase time="0" classname="org.bukkit.PerMaterialTest" name="isSolid[289: PUMPKIN_PIE]"/>
  <testcase time="0" classname="org.bukkit.PerMaterialTest" name="hasGravity[290: FIREWORK]"/>
  <testcase time="0" classname="org.bukkit.PerMaterialTest" name="isBurnable[290: FIREWORK]"/>
  <testcase time="0" classname="org.bukkit.PerMaterialTest" name="isEdible[290: FIREWORK]"/>
  <testcase time="0" classname="org.bukkit.PerMaterialTest" name="maxDurability[290: FIREWORK]"/>
  <testcase time="0" classname="org.bukkit.PerMaterialTest" name="isOccluding[290: FIREWORK]"/>
  <testcase time="0" classname="org.bukkit.PerMaterialTest" name="isRecord[290: FIREWORK]"/>
  <testcase time="0" classname="org.bukkit.PerMaterialTest" name="isFlammable[290: FIREWORK]"/>
  <testcase time="0" classname="org.bukkit.PerMaterialTest" name="maxStackSize[290: FIREWORK]"/>
  <testcase time="0" classname="org.bukkit.PerMaterialTest" name="isTransparent[290: FIREWORK]"/>
  <testcase time="0" classname="org.bukkit.PerMaterialTest" name="isSolid[290: FIREWORK]"/>
  <testcase time="0" classname="org.bukkit.PerMaterialTest" name="hasGravity[291: FIREWORK_CHARGE]"/>
  <testcase time="0" classname="org.bukkit.PerMaterialTest" name="isBurnable[291: FIREWORK_CHARGE]"/>
  <testcase time="0" classname="org.bukkit.PerMaterialTest" name="isEdible[291: FIREWORK_CHARGE]"/>
  <testcase time="0" classname="org.bukkit.PerMaterialTest" name="maxDurability[291: FIREWORK_CHARGE]"/>
  <testcase time="0" classname="org.bukkit.PerMaterialTest" name="isOccluding[291: FIREWORK_CHARGE]"/>
  <testcase time="0" classname="org.bukkit.PerMaterialTest" name="isRecord[291: FIREWORK_CHARGE]"/>
  <testcase time="0" classname="org.bukkit.PerMaterialTest" name="isFlammable[291: FIREWORK_CHARGE]"/>
  <testcase time="0" classname="org.bukkit.PerMaterialTest" name="maxStackSize[291: FIREWORK_CHARGE]"/>
  <testcase time="0" classname="org.bukkit.PerMaterialTest" name="isTransparent[291: FIREWORK_CHARGE]"/>
  <testcase time="0" classname="org.bukkit.PerMaterialTest" name="isSolid[291: FIREWORK_CHARGE]"/>
  <testcase time="0" classname="org.bukkit.PerMaterialTest" name="hasGravity[292: ENCHANTED_BOOK]"/>
  <testcase time="0" classname="org.bukkit.PerMaterialTest" name="isBurnable[292: ENCHANTED_BOOK]"/>
  <testcase time="0" classname="org.bukkit.PerMaterialTest" name="isEdible[292: ENCHANTED_BOOK]"/>
  <testcase time="0" classname="org.bukkit.PerMaterialTest" name="maxDurability[292: ENCHANTED_BOOK]"/>
  <testcase time="0" classname="org.bukkit.PerMaterialTest" name="isOccluding[292: ENCHANTED_BOOK]"/>
  <testcase time="0" classname="org.bukkit.PerMaterialTest" name="isRecord[292: ENCHANTED_BOOK]"/>
  <testcase time="0" classname="org.bukkit.PerMaterialTest" name="isFlammable[292: ENCHANTED_BOOK]"/>
  <testcase time="0" classname="org.bukkit.PerMaterialTest" name="maxStackSize[292: ENCHANTED_BOOK]"/>
  <testcase time="0" classname="org.bukkit.PerMaterialTest" name="isTransparent[292: ENCHANTED_BOOK]"/>
  <testcase time="0" classname="org.bukkit.PerMaterialTest" name="isSolid[292: ENCHANTED_BOOK]"/>
  <testcase time="0.001" classname="org.bukkit.PerMaterialTest" name="hasGravity[293: REDSTONE_COMPARATOR]"/>
  <testcase time="0" classname="org.bukkit.PerMaterialTest" name="isBurnable[293: REDSTONE_COMPARATOR]"/>
  <testcase time="0" classname="org.bukkit.PerMaterialTest" name="isEdible[293: REDSTONE_COMPARATOR]"/>
  <testcase time="0" classname="org.bukkit.PerMaterialTest" name="maxDurability[293: REDSTONE_COMPARATOR]"/>
  <testcase time="0" classname="org.bukkit.PerMaterialTest" name="isOccluding[293: REDSTONE_COMPARATOR]"/>
  <testcase time="0" classname="org.bukkit.PerMaterialTest" name="isRecord[293: REDSTONE_COMPARATOR]"/>
  <testcase time="0" classname="org.bukkit.PerMaterialTest" name="isFlammable[293: REDSTONE_COMPARATOR]"/>
  <testcase time="0" classname="org.bukkit.PerMaterialTest" name="maxStackSize[293: REDSTONE_COMPARATOR]"/>
  <testcase time="0" classname="org.bukkit.PerMaterialTest" name="isTransparent[293: REDSTONE_COMPARATOR]"/>
  <testcase time="0" classname="org.bukkit.PerMaterialTest" name="isSolid[293: REDSTONE_COMPARATOR]"/>
  <testcase time="0" classname="org.bukkit.PerMaterialTest" name="hasGravity[294: NETHER_BRICK_ITEM]"/>
  <testcase time="0" classname="org.bukkit.PerMaterialTest" name="isBurnable[294: NETHER_BRICK_ITEM]"/>
  <testcase time="0.001" classname="org.bukkit.PerMaterialTest" name="isEdible[294: NETHER_BRICK_ITEM]"/>
  <testcase time="0" classname="org.bukkit.PerMaterialTest" name="maxDurability[294: NETHER_BRICK_ITEM]"/>
  <testcase time="0" classname="org.bukkit.PerMaterialTest" name="isOccluding[294: NETHER_BRICK_ITEM]"/>
  <testcase time="0" classname="org.bukkit.PerMaterialTest" name="isRecord[294: NETHER_BRICK_ITEM]"/>
  <testcase time="0" classname="org.bukkit.PerMaterialTest" name="isFlammable[294: NETHER_BRICK_ITEM]"/>
  <testcase time="0" classname="org.bukkit.PerMaterialTest" name="maxStackSize[294: NETHER_BRICK_ITEM]"/>
  <testcase time="0" classname="org.bukkit.PerMaterialTest" name="isTransparent[294: NETHER_BRICK_ITEM]"/>
  <testcase time="0" classname="org.bukkit.PerMaterialTest" name="isSolid[294: NETHER_BRICK_ITEM]"/>
  <testcase time="0" classname="org.bukkit.PerMaterialTest" name="hasGravity[295: QUARTZ]"/>
  <testcase time="0" classname="org.bukkit.PerMaterialTest" name="isBurnable[295: QUARTZ]"/>
  <testcase time="0" classname="org.bukkit.PerMaterialTest" name="isEdible[295: QUARTZ]"/>
  <testcase time="0" classname="org.bukkit.PerMaterialTest" name="maxDurability[295: QUARTZ]"/>
  <testcase time="0" classname="org.bukkit.PerMaterialTest" name="isOccluding[295: QUARTZ]"/>
  <testcase time="0" classname="org.bukkit.PerMaterialTest" name="isRecord[295: QUARTZ]"/>
  <testcase time="0" classname="org.bukkit.PerMaterialTest" name="isFlammable[295: QUARTZ]"/>
  <testcase time="0" classname="org.bukkit.PerMaterialTest" name="maxStackSize[295: QUARTZ]"/>
  <testcase time="0" classname="org.bukkit.PerMaterialTest" name="isTransparent[295: QUARTZ]"/>
  <testcase time="0" classname="org.bukkit.PerMaterialTest" name="isSolid[295: QUARTZ]"/>
  <testcase time="0" classname="org.bukkit.PerMaterialTest" name="hasGravity[296: EXPLOSIVE_MINECART]"/>
  <testcase time="0" classname="org.bukkit.PerMaterialTest" name="isBurnable[296: EXPLOSIVE_MINECART]"/>
  <testcase time="0" classname="org.bukkit.PerMaterialTest" name="isEdible[296: EXPLOSIVE_MINECART]"/>
  <testcase time="0" classname="org.bukkit.PerMaterialTest" name="maxDurability[296: EXPLOSIVE_MINECART]"/>
  <testcase time="0" classname="org.bukkit.PerMaterialTest" name="isOccluding[296: EXPLOSIVE_MINECART]"/>
  <testcase time="0" classname="org.bukkit.PerMaterialTest" name="isRecord[296: EXPLOSIVE_MINECART]"/>
  <testcase time="0" classname="org.bukkit.PerMaterialTest" name="isFlammable[296: EXPLOSIVE_MINECART]"/>
  <testcase time="0" classname="org.bukkit.PerMaterialTest" name="maxStackSize[296: EXPLOSIVE_MINECART]"/>
  <testcase time="0" classname="org.bukkit.PerMaterialTest" name="isTransparent[296: EXPLOSIVE_MINECART]"/>
  <testcase time="0" classname="org.bukkit.PerMaterialTest" name="isSolid[296: EXPLOSIVE_MINECART]"/>
  <testcase time="0" classname="org.bukkit.PerMaterialTest" name="hasGravity[297: HOPPER_MINECART]"/>
  <testcase time="0" classname="org.bukkit.PerMaterialTest" name="isBurnable[297: HOPPER_MINECART]"/>
  <testcase time="0" classname="org.bukkit.PerMaterialTest" name="isEdible[297: HOPPER_MINECART]"/>
  <testcase time="0" classname="org.bukkit.PerMaterialTest" name="maxDurability[297: HOPPER_MINECART]"/>
  <testcase time="0" classname="org.bukkit.PerMaterialTest" name="isOccluding[297: HOPPER_MINECART]"/>
  <testcase time="0" classname="org.bukkit.PerMaterialTest" name="isRecord[297: HOPPER_MINECART]"/>
  <testcase time="0" classname="org.bukkit.PerMaterialTest" name="isFlammable[297: HOPPER_MINECART]"/>
  <testcase time="0" classname="org.bukkit.PerMaterialTest" name="maxStackSize[297: HOPPER_MINECART]"/>
  <testcase time="0" classname="org.bukkit.PerMaterialTest" name="isTransparent[297: HOPPER_MINECART]"/>
  <testcase time="0" classname="org.bukkit.PerMaterialTest" name="isSolid[297: HOPPER_MINECART]"/>
  <testcase time="0" classname="org.bukkit.PerMaterialTest" name="hasGravity[298: IRON_BARDING]"/>
  <testcase time="0" classname="org.bukkit.PerMaterialTest" name="isBurnable[298: IRON_BARDING]"/>
  <testcase time="0" classname="org.bukkit.PerMaterialTest" name="isEdible[298: IRON_BARDING]"/>
  <testcase time="0" classname="org.bukkit.PerMaterialTest" name="maxDurability[298: IRON_BARDING]"/>
  <testcase time="0" classname="org.bukkit.PerMaterialTest" name="isOccluding[298: IRON_BARDING]"/>
  <testcase time="0" classname="org.bukkit.PerMaterialTest" name="isRecord[298: IRON_BARDING]"/>
  <testcase time="0" classname="org.bukkit.PerMaterialTest" name="isFlammable[298: IRON_BARDING]"/>
  <testcase time="0" classname="org.bukkit.PerMaterialTest" name="maxStackSize[298: IRON_BARDING]"/>
  <testcase time="0" classname="org.bukkit.PerMaterialTest" name="isTransparent[298: IRON_BARDING]"/>
  <testcase time="0" classname="org.bukkit.PerMaterialTest" name="isSolid[298: IRON_BARDING]"/>
  <testcase time="0" classname="org.bukkit.PerMaterialTest" name="hasGravity[299: GOLD_BARDING]"/>
  <testcase time="0" classname="org.bukkit.PerMaterialTest" name="isBurnable[299: GOLD_BARDING]"/>
  <testcase time="0" classname="org.bukkit.PerMaterialTest" name="isEdible[299: GOLD_BARDING]"/>
  <testcase time="0" classname="org.bukkit.PerMaterialTest" name="maxDurability[299: GOLD_BARDING]"/>
  <testcase time="0" classname="org.bukkit.PerMaterialTest" name="isOccluding[299: GOLD_BARDING]"/>
  <testcase time="0" classname="org.bukkit.PerMaterialTest" name="isRecord[299: GOLD_BARDING]"/>
  <testcase time="0" classname="org.bukkit.PerMaterialTest" name="isFlammable[299: GOLD_BARDING]"/>
  <testcase time="0" classname="org.bukkit.PerMaterialTest" name="maxStackSize[299: GOLD_BARDING]"/>
  <testcase time="0" classname="org.bukkit.PerMaterialTest" name="isTransparent[299: GOLD_BARDING]"/>
  <testcase time="0" classname="org.bukkit.PerMaterialTest" name="isSolid[299: GOLD_BARDING]"/>
  <testcase time="0" classname="org.bukkit.PerMaterialTest" name="hasGravity[300: DIAMOND_BARDING]"/>
  <testcase time="0" classname="org.bukkit.PerMaterialTest" name="isBurnable[300: DIAMOND_BARDING]"/>
  <testcase time="0.001" classname="org.bukkit.PerMaterialTest" name="isEdible[300: DIAMOND_BARDING]"/>
  <testcase time="0" classname="org.bukkit.PerMaterialTest" name="maxDurability[300: DIAMOND_BARDING]"/>
  <testcase time="0" classname="org.bukkit.PerMaterialTest" name="isOccluding[300: DIAMOND_BARDING]"/>
  <testcase time="0" classname="org.bukkit.PerMaterialTest" name="isRecord[300: DIAMOND_BARDING]"/>
  <testcase time="0" classname="org.bukkit.PerMaterialTest" name="isFlammable[300: DIAMOND_BARDING]"/>
  <testcase time="0" classname="org.bukkit.PerMaterialTest" name="maxStackSize[300: DIAMOND_BARDING]"/>
  <testcase time="0" classname="org.bukkit.PerMaterialTest" name="isTransparent[300: DIAMOND_BARDING]"/>
  <testcase time="0" classname="org.bukkit.PerMaterialTest" name="isSolid[300: DIAMOND_BARDING]"/>
  <testcase time="0" classname="org.bukkit.PerMaterialTest" name="hasGravity[301: LEASH]"/>
  <testcase time="0" classname="org.bukkit.PerMaterialTest" name="isBurnable[301: LEASH]"/>
  <testcase time="0" classname="org.bukkit.PerMaterialTest" name="isEdible[301: LEASH]"/>
  <testcase time="0" classname="org.bukkit.PerMaterialTest" name="maxDurability[301: LEASH]"/>
  <testcase time="0" classname="org.bukkit.PerMaterialTest" name="isOccluding[301: LEASH]"/>
  <testcase time="0" classname="org.bukkit.PerMaterialTest" name="isRecord[301: LEASH]"/>
  <testcase time="0" classname="org.bukkit.PerMaterialTest" name="isFlammable[301: LEASH]"/>
  <testcase time="0" classname="org.bukkit.PerMaterialTest" name="maxStackSize[301: LEASH]"/>
  <testcase time="0" classname="org.bukkit.PerMaterialTest" name="isTransparent[301: LEASH]"/>
  <testcase time="0" classname="org.bukkit.PerMaterialTest" name="isSolid[301: LEASH]"/>
  <testcase time="0" classname="org.bukkit.PerMaterialTest" name="hasGravity[302: NAME_TAG]"/>
  <testcase time="0" classname="org.bukkit.PerMaterialTest" name="isBurnable[302: NAME_TAG]"/>
  <testcase time="0" classname="org.bukkit.PerMaterialTest" name="isEdible[302: NAME_TAG]"/>
  <testcase time="0" classname="org.bukkit.PerMaterialTest" name="maxDurability[302: NAME_TAG]"/>
  <testcase time="0" classname="org.bukkit.PerMaterialTest" name="isOccluding[302: NAME_TAG]"/>
  <testcase time="0" classname="org.bukkit.PerMaterialTest" name="isRecord[302: NAME_TAG]"/>
  <testcase time="0" classname="org.bukkit.PerMaterialTest" name="isFlammable[302: NAME_TAG]"/>
  <testcase time="0" classname="org.bukkit.PerMaterialTest" name="maxStackSize[302: NAME_TAG]"/>
  <testcase time="0" classname="org.bukkit.PerMaterialTest" name="isTransparent[302: NAME_TAG]"/>
  <testcase time="0" classname="org.bukkit.PerMaterialTest" name="isSolid[302: NAME_TAG]"/>
  <testcase time="0" classname="org.bukkit.PerMaterialTest" name="hasGravity[303: COMMAND_MINECART]"/>
  <testcase time="0" classname="org.bukkit.PerMaterialTest" name="isBurnable[303: COMMAND_MINECART]"/>
  <testcase time="0" classname="org.bukkit.PerMaterialTest" name="isEdible[303: COMMAND_MINECART]"/>
  <testcase time="0" classname="org.bukkit.PerMaterialTest" name="maxDurability[303: COMMAND_MINECART]"/>
  <testcase time="0" classname="org.bukkit.PerMaterialTest" name="isOccluding[303: COMMAND_MINECART]"/>
  <testcase time="0" classname="org.bukkit.PerMaterialTest" name="isRecord[303: COMMAND_MINECART]"/>
  <testcase time="0" classname="org.bukkit.PerMaterialTest" name="isFlammable[303: COMMAND_MINECART]"/>
  <testcase time="0" classname="org.bukkit.PerMaterialTest" name="maxStackSize[303: COMMAND_MINECART]"/>
  <testcase time="0" classname="org.bukkit.PerMaterialTest" name="isTransparent[303: COMMAND_MINECART]"/>
  <testcase time="0" classname="org.bukkit.PerMaterialTest" name="isSolid[303: COMMAND_MINECART]"/>
  <testcase time="0" classname="org.bukkit.PerMaterialTest" name="hasGravity[304: GOLD_RECORD]"/>
  <testcase time="0" classname="org.bukkit.PerMaterialTest" name="isBurnable[304: GOLD_RECORD]"/>
  <testcase time="0" classname="org.bukkit.PerMaterialTest" name="isEdible[304: GOLD_RECORD]"/>
  <testcase time="0" classname="org.bukkit.PerMaterialTest" name="maxDurability[304: GOLD_RECORD]"/>
  <testcase time="0" classname="org.bukkit.PerMaterialTest" name="isOccluding[304: GOLD_RECORD]"/>
  <testcase time="0" classname="org.bukkit.PerMaterialTest" name="isRecord[304: GOLD_RECORD]"/>
  <testcase time="0" classname="org.bukkit.PerMaterialTest" name="isFlammable[304: GOLD_RECORD]"/>
  <testcase time="0" classname="org.bukkit.PerMaterialTest" name="maxStackSize[304: GOLD_RECORD]"/>
  <testcase time="0" classname="org.bukkit.PerMaterialTest" name="isTransparent[304: GOLD_RECORD]"/>
  <testcase time="0" classname="org.bukkit.PerMaterialTest" name="isSolid[304: GOLD_RECORD]"/>
  <testcase time="0" classname="org.bukkit.PerMaterialTest" name="hasGravity[305: GREEN_RECORD]"/>
  <testcase time="0" classname="org.bukkit.PerMaterialTest" name="isBurnable[305: GREEN_RECORD]"/>
  <testcase time="0" classname="org.bukkit.PerMaterialTest" name="isEdible[305: GREEN_RECORD]"/>
  <testcase time="0" classname="org.bukkit.PerMaterialTest" name="maxDurability[305: GREEN_RECORD]"/>
  <testcase time="0" classname="org.bukkit.PerMaterialTest" name="isOccluding[305: GREEN_RECORD]"/>
  <testcase time="0" classname="org.bukkit.PerMaterialTest" name="isRecord[305: GREEN_RECORD]"/>
  <testcase time="0" classname="org.bukkit.PerMaterialTest" name="isFlammable[305: GREEN_RECORD]"/>
  <testcase time="0" classname="org.bukkit.PerMaterialTest" name="maxStackSize[305: GREEN_RECORD]"/>
  <testcase time="0" classname="org.bukkit.PerMaterialTest" name="isTransparent[305: GREEN_RECORD]"/>
  <testcase time="0" classname="org.bukkit.PerMaterialTest" name="isSolid[305: GREEN_RECORD]"/>
  <testcase time="0" classname="org.bukkit.PerMaterialTest" name="hasGravity[306: RECORD_3]"/>
  <testcase time="0" classname="org.bukkit.PerMaterialTest" name="isBurnable[306: RECORD_3]"/>
  <testcase time="0" classname="org.bukkit.PerMaterialTest" name="isEdible[306: RECORD_3]"/>
  <testcase time="0.001" classname="org.bukkit.PerMaterialTest" name="maxDurability[306: RECORD_3]"/>
  <testcase time="0" classname="org.bukkit.PerMaterialTest" name="isOccluding[306: RECORD_3]"/>
  <testcase time="0" classname="org.bukkit.PerMaterialTest" name="isRecord[306: RECORD_3]"/>
  <testcase time="0" classname="org.bukkit.PerMaterialTest" name="isFlammable[306: RECORD_3]"/>
  <testcase time="0" classname="org.bukkit.PerMaterialTest" name="maxStackSize[306: RECORD_3]"/>
  <testcase time="0" classname="org.bukkit.PerMaterialTest" name="isTransparent[306: RECORD_3]"/>
  <testcase time="0" classname="org.bukkit.PerMaterialTest" name="isSolid[306: RECORD_3]"/>
  <testcase time="0" classname="org.bukkit.PerMaterialTest" name="hasGravity[307: RECORD_4]"/>
  <testcase time="0" classname="org.bukkit.PerMaterialTest" name="isBurnable[307: RECORD_4]"/>
  <testcase time="0" classname="org.bukkit.PerMaterialTest" name="isEdible[307: RECORD_4]"/>
  <testcase time="0" classname="org.bukkit.PerMaterialTest" name="maxDurability[307: RECORD_4]"/>
  <testcase time="0" classname="org.bukkit.PerMaterialTest" name="isOccluding[307: RECORD_4]"/>
  <testcase time="0" classname="org.bukkit.PerMaterialTest" name="isRecord[307: RECORD_4]"/>
  <testcase time="0" classname="org.bukkit.PerMaterialTest" name="isFlammable[307: RECORD_4]"/>
  <testcase time="0" classname="org.bukkit.PerMaterialTest" name="maxStackSize[307: RECORD_4]"/>
  <testcase time="0" classname="org.bukkit.PerMaterialTest" name="isTransparent[307: RECORD_4]"/>
  <testcase time="0" classname="org.bukkit.PerMaterialTest" name="isSolid[307: RECORD_4]"/>
  <testcase time="0" classname="org.bukkit.PerMaterialTest" name="hasGravity[308: RECORD_5]"/>
  <testcase time="0" classname="org.bukkit.PerMaterialTest" name="isBurnable[308: RECORD_5]"/>
  <testcase time="0" classname="org.bukkit.PerMaterialTest" name="isEdible[308: RECORD_5]"/>
  <testcase time="0" classname="org.bukkit.PerMaterialTest" name="maxDurability[308: RECORD_5]"/>
  <testcase time="0" classname="org.bukkit.PerMaterialTest" name="isOccluding[308: RECORD_5]"/>
  <testcase time="0" classname="org.bukkit.PerMaterialTest" name="isRecord[308: RECORD_5]"/>
  <testcase time="0" classname="org.bukkit.PerMaterialTest" name="isFlammable[308: RECORD_5]"/>
  <testcase time="0" classname="org.bukkit.PerMaterialTest" name="maxStackSize[308: RECORD_5]"/>
  <testcase time="0" classname="org.bukkit.PerMaterialTest" name="isTransparent[308: RECORD_5]"/>
  <testcase time="0" classname="org.bukkit.PerMaterialTest" name="isSolid[308: RECORD_5]"/>
  <testcase time="0" classname="org.bukkit.PerMaterialTest" name="hasGravity[309: RECORD_6]"/>
  <testcase time="0" classname="org.bukkit.PerMaterialTest" name="isBurnable[309: RECORD_6]"/>
  <testcase time="0" classname="org.bukkit.PerMaterialTest" name="isEdible[309: RECORD_6]"/>
  <testcase time="0" classname="org.bukkit.PerMaterialTest" name="maxDurability[309: RECORD_6]"/>
  <testcase time="0" classname="org.bukkit.PerMaterialTest" name="isOccluding[309: RECORD_6]"/>
  <testcase time="0" classname="org.bukkit.PerMaterialTest" name="isRecord[309: RECORD_6]"/>
  <testcase time="0" classname="org.bukkit.PerMaterialTest" name="isFlammable[309: RECORD_6]"/>
  <testcase time="0" classname="org.bukkit.PerMaterialTest" name="maxStackSize[309: RECORD_6]"/>
  <testcase time="0" classname="org.bukkit.PerMaterialTest" name="isTransparent[309: RECORD_6]"/>
  <testcase time="0" classname="org.bukkit.PerMaterialTest" name="isSolid[309: RECORD_6]"/>
  <testcase time="0.001" classname="org.bukkit.PerMaterialTest" name="hasGravity[310: RECORD_7]"/>
  <testcase time="0" classname="org.bukkit.PerMaterialTest" name="isBurnable[310: RECORD_7]"/>
  <testcase time="0" classname="org.bukkit.PerMaterialTest" name="isEdible[310: RECORD_7]"/>
  <testcase time="0" classname="org.bukkit.PerMaterialTest" name="maxDurability[310: RECORD_7]"/>
  <testcase time="0" classname="org.bukkit.PerMaterialTest" name="isOccluding[310: RECORD_7]"/>
  <testcase time="0" classname="org.bukkit.PerMaterialTest" name="isRecord[310: RECORD_7]"/>
  <testcase time="0" classname="org.bukkit.PerMaterialTest" name="isFlammable[310: RECORD_7]"/>
  <testcase time="0" classname="org.bukkit.PerMaterialTest" name="maxStackSize[310: RECORD_7]"/>
  <testcase time="0" classname="org.bukkit.PerMaterialTest" name="isTransparent[310: RECORD_7]"/>
  <testcase time="0" classname="org.bukkit.PerMaterialTest" name="isSolid[310: RECORD_7]"/>
  <testcase time="0" classname="org.bukkit.PerMaterialTest" name="hasGravity[311: RECORD_8]"/>
  <testcase time="0" classname="org.bukkit.PerMaterialTest" name="isBurnable[311: RECORD_8]"/>
  <testcase time="0" classname="org.bukkit.PerMaterialTest" name="isEdible[311: RECORD_8]"/>
  <testcase time="0.001" classname="org.bukkit.PerMaterialTest" name="maxDurability[311: RECORD_8]"/>
  <testcase time="0" classname="org.bukkit.PerMaterialTest" name="isOccluding[311: RECORD_8]"/>
  <testcase time="0" classname="org.bukkit.PerMaterialTest" name="isRecord[311: RECORD_8]"/>
  <testcase time="0" classname="org.bukkit.PerMaterialTest" name="isFlammable[311: RECORD_8]"/>
  <testcase time="0" classname="org.bukkit.PerMaterialTest" name="maxStackSize[311: RECORD_8]"/>
  <testcase time="0" classname="org.bukkit.PerMaterialTest" name="isTransparent[311: RECORD_8]"/>
  <testcase time="0" classname="org.bukkit.PerMaterialTest" name="isSolid[311: RECORD_8]"/>
  <testcase time="0" classname="org.bukkit.PerMaterialTest" name="hasGravity[312: RECORD_9]"/>
  <testcase time="0" classname="org.bukkit.PerMaterialTest" name="isBurnable[312: RECORD_9]"/>
  <testcase time="0" classname="org.bukkit.PerMaterialTest" name="isEdible[312: RECORD_9]"/>
  <testcase time="0" classname="org.bukkit.PerMaterialTest" name="maxDurability[312: RECORD_9]"/>
  <testcase time="0" classname="org.bukkit.PerMaterialTest" name="isOccluding[312: RECORD_9]"/>
  <testcase time="0" classname="org.bukkit.PerMaterialTest" name="isRecord[312: RECORD_9]"/>
  <testcase time="0" classname="org.bukkit.PerMaterialTest" name="isFlammable[312: RECORD_9]"/>
  <testcase time="0" classname="org.bukkit.PerMaterialTest" name="maxStackSize[312: RECORD_9]"/>
  <testcase time="0" classname="org.bukkit.PerMaterialTest" name="isTransparent[312: RECORD_9]"/>
  <testcase time="0" classname="org.bukkit.PerMaterialTest" name="isSolid[312: RECORD_9]"/>
  <testcase time="0" classname="org.bukkit.PerMaterialTest" name="hasGravity[313: RECORD_10]"/>
  <testcase time="0" classname="org.bukkit.PerMaterialTest" name="isBurnable[313: RECORD_10]"/>
  <testcase time="0" classname="org.bukkit.PerMaterialTest" name="isEdible[313: RECORD_10]"/>
  <testcase time="0" classname="org.bukkit.PerMaterialTest" name="maxDurability[313: RECORD_10]"/>
  <testcase time="0" classname="org.bukkit.PerMaterialTest" name="isOccluding[313: RECORD_10]"/>
  <testcase time="0" classname="org.bukkit.PerMaterialTest" name="isRecord[313: RECORD_10]"/>
  <testcase time="0" classname="org.bukkit.PerMaterialTest" name="isFlammable[313: RECORD_10]"/>
  <testcase time="0" classname="org.bukkit.PerMaterialTest" name="maxStackSize[313: RECORD_10]"/>
  <testcase time="0" classname="org.bukkit.PerMaterialTest" name="isTransparent[313: RECORD_10]"/>
  <testcase time="0" classname="org.bukkit.PerMaterialTest" name="isSolid[313: RECORD_10]"/>
  <testcase time="0" classname="org.bukkit.PerMaterialTest" name="hasGravity[314: RECORD_11]"/>
  <testcase time="0" classname="org.bukkit.PerMaterialTest" name="isBurnable[314: RECORD_11]"/>
  <testcase time="0" classname="org.bukkit.PerMaterialTest" name="isEdible[314: RECORD_11]"/>
  <testcase time="0" classname="org.bukkit.PerMaterialTest" name="maxDurability[314: RECORD_11]"/>
  <testcase time="0" classname="org.bukkit.PerMaterialTest" name="isOccluding[314: RECORD_11]"/>
  <testcase time="0" classname="org.bukkit.PerMaterialTest" name="isRecord[314: RECORD_11]"/>
  <testcase time="0" classname="org.bukkit.PerMaterialTest" name="isFlammable[314: RECORD_11]"/>
  <testcase time="0" classname="org.bukkit.PerMaterialTest" name="maxStackSize[314: RECORD_11]"/>
  <testcase time="0" classname="org.bukkit.PerMaterialTest" name="isTransparent[314: RECORD_11]"/>
  <testcase time="0" classname="org.bukkit.PerMaterialTest" name="isSolid[314: RECORD_11]"/>
  <testcase time="0" classname="org.bukkit.PerMaterialTest" name="hasGravity[315: RECORD_12]"/>
  <testcase time="0" classname="org.bukkit.PerMaterialTest" name="isBurnable[315: RECORD_12]"/>
  <testcase time="0" classname="org.bukkit.PerMaterialTest" name="isEdible[315: RECORD_12]"/>
  <testcase time="0" classname="org.bukkit.PerMaterialTest" name="maxDurability[315: RECORD_12]"/>
  <testcase time="0" classname="org.bukkit.PerMaterialTest" name="isOccluding[315: RECORD_12]"/>
  <testcase time="0" classname="org.bukkit.PerMaterialTest" name="isRecord[315: RECORD_12]"/>
  <testcase time="0" classname="org.bukkit.PerMaterialTest" name="isFlammable[315: RECORD_12]"/>
  <testcase time="0" classname="org.bukkit.PerMaterialTest" name="maxStackSize[315: RECORD_12]"/>
  <testcase time="0" classname="org.bukkit.PerMaterialTest" name="isTransparent[315: RECORD_12]"/>
  <testcase time="0" classname="org.bukkit.PerMaterialTest" name="isSolid[315: RECORD_12]"/>
</testsuite>