<?xml version="1.0" encoding="UTF-8" ?>
<testsuite failures="0" time="0.001" errors="0" skipped="0" tests="1" name="org.bukkit.plugin.TimedRegisteredListenerTest">
  <properties>
    <property name="java.vendor" value="Oracle Corporation"/>
    <property name="JOB_NAME" value="Spigot"/>
    <property name="PWD" value="/var/lib/jenkins"/>
    <property name="sun.java.launcher" value="SUN_STANDARD"/>
    <property name="sun.management.compiler" value="HotSpot 64-Bit Tiered Compilers"/>
    <property name="JENKINS_HOME" value="/var/lib/jenkins"/>
    <property name="PATH" value="/usr/local/bin:/usr/bin:/bin:/usr/local/games:/usr/games"/>
    <property name="HUDSON_SERVER_COOKIE" value="94eaa43a402a04c2"/>
    <property name="POM_ARTIFACTID" value="spigot-parent"/>
    <property name="os.name" value="Linux"/>
    <property name="sun.boot.class.path" value="/usr/lib/jvm/java-7-openjdk-amd64/jre/lib/resources.jar:/usr/lib/jvm/java-7-openjdk-amd64/jre/lib/rt.jar:/usr/lib/jvm/java-7-openjdk-amd64/jre/lib/sunrsasign.jar:/usr/lib/jvm/java-7-openjdk-amd64/jre/lib/jsse.jar:/usr/lib/jvm/java-7-openjdk-amd64/jre/lib/jce.jar:/usr/lib/jvm/java-7-openjdk-amd64/jre/lib/charsets.jar:/usr/lib/jvm/java-7-openjdk-amd64/jre/lib/rhino.jar:/usr/lib/jvm/java-7-openjdk-amd64/jre/lib/jfr.jar:/usr/lib/jvm/java-7-openjdk-amd64/jre/classes"/>
    <property name="EXECUTOR_NUMBER" value="2"/>
    <property name="build.number" value="1649"/>
    <property name="java.vm.specification.vendor" value="Oracle Corporation"/>
    <property name="POM_DISPLAYNAME" value="Spigot-Parent"/>
    <property name="NODE_LABELS" value="master"/>
    <property name="java.runtime.version" value="1.7.0_65-b32"/>
    <property name="GIT_COMMITTER_EMAIL" value="staff@spigotmc.org"/>
    <property name="user.name" value="jenkins"/>
    <property name="guice.disable.misplaced.annotation.check" value="true"/>
    <property name="XDG_SESSION_COOKIE" value="48df2681aa611a608d379994518a3a3c-1406531790.613283-314715490"/>
    <property name="user.language" value="en"/>
    <property name="BUILD_DISPLAY_NAME" value="#1649"/>
    <property name="sun.boot.library.path" value="/usr/lib/jvm/java-7-openjdk-amd64/jre/lib/amd64"/>
    <property name="java.version" value="1.7.0_65"/>
    <property name="user.timezone" value="America/New_York"/>
    <property name="GIT_AUTHOR_NAME" value="SpigotMC"/>
    <property name="sun.arch.data.model" value="64"/>
    <property name="NODE_NAME" value="master"/>
    <property name="TERM" value="xterm"/>
    <property name="java.endorsed.dirs" value="/usr/lib/jvm/java-7-openjdk-amd64/jre/lib/endorsed"/>
    <property name="BUILD_ID" value="2014-09-04_05-23-53"/>
    <property name="sun.cpu.isalist" value=""/>
    <property name="sun.jnu.encoding" value="UTF-8"/>
    <property name="file.encoding.pkg" value="sun.io"/>
    <property name="SHELL" value="/bin/bash"/>
    <property name="file.separator" value="/"/>
    <property name="java.specification.name" value="Java Platform API Specification"/>
    <property name="java.class.version" value="51.0"/>
    <property name="user.country" value="US"/>
    <property name="securerandom.source" value="file:/dev/./urandom"/>
    <property name="java.home" value="/usr/lib/jvm/java-7-openjdk-amd64/jre"/>
    <property name="java.vm.info" value="mixed mode"/>
    <property name="os.version" value="3.2.0-4-amd64"/>
    <property name="POM_VERSION" value="dev-SNAPSHOT"/>
    <property name="sun.font.fontmanager" value="sun.awt.X11FontManager"/>
    <property name="path.separator" value=":"/>
    <property name="java.vm.version" value="24.65-b04"/>
    <property name="GIT_PREVIOUS_COMMIT" value="32742c697cf6cf4c93ab91ea4c42fce311a41a57"/>
    <property name="SHLVL" value="1"/>
    <property name="_" value="/usr/bin/daemon"/>
    <property name="java.awt.printerjob" value="sun.print.PSPrinterJob"/>
    <property name="sun.io.unicode.encoding" value="UnicodeLittle"/>
    <property name="awt.toolkit" value="sun.awt.X11.XToolkit"/>
    <property name="LOGNAME" value="jenkins"/>
    <property name="POM_PACKAGING" value="pom"/>
    <property name="HOME" value="/var/lib/jenkins"/>
    <property name="POM_GROUPID" value="org.spigotmc"/>
    <property name="user.home" value="/var/lib/jenkins"/>
    <property name="GIT_COMMITTER_NAME" value="SpigotMC"/>
    <property name="BUILD_TAG" value="jenkins-Spigot-1649"/>
    <property name="JENKINS_SERVER_COOKIE" value="94eaa43a402a04c2"/>
    <property name="HUDSON_URL" value="http://ci.md-5.net/"/>
    <property name="java.specification.vendor" value="Oracle Corporation"/>
    <property name="CLASSPATH" value=""/>
    <property name="java.library.path" value="/usr/java/packages/lib/amd64:/usr/lib/x86_64-linux-gnu/jni:/lib/x86_64-linux-gnu:/usr/lib/x86_64-linux-gnu:/usr/lib/jni:/lib:/usr/lib"/>
    <property name="java.vendor.url" value="http://java.oracle.com/"/>
    <property name="java.vm.vendor" value="Oracle Corporation"/>
    <property name="maven.home" value="/var/lib/jenkins/tools/Maven/Maven"/>
    <property name="java.runtime.name" value="OpenJDK Runtime Environment"/>
    <property name="java.class.path" value="/var/lib/jenkins/plugins/maven-plugin/WEB-INF/lib/maven3-agent-1.5.jar:/var/lib/jenkins/tools/Maven/Maven/boot/plexus-classworlds-2.4.jar"/>
    <property name="sun.java.command" value="org.jvnet.hudson.maven3.agent.Maven3Main /var/lib/jenkins/tools/Maven/Maven/ /var/cache/jenkins/war/WEB-INF/lib/remoting-2.43.jar /var/lib/jenkins/plugins/maven-plugin/WEB-INF/lib/maven3-interceptor-1.5.jar /var/lib/jenkins/plugins/maven-plugin/WEB-INF/lib/maven3-interceptor-commons-1.5.jar 39699"/>
    <property name="java.vm.specification.name" value="Java Virtual Machine Specification"/>
    <property name="java.vm.specification.version" value="1.7"/>
    <property name="sun.os.patch.level" value="unknown"/>
    <property name="sun.cpu.endian" value="little"/>
    <property name="M2_HOME" value="/var/lib/jenkins/tools/Maven/Maven/"/>
    <property name="MAIL" value="/var/mail/jenkins"/>
    <property name="java.io.tmpdir" value="/tmp"/>
    <property name="HUDSON_HOME" value="/var/lib/jenkins"/>
    <property name="PATH+MAVEN" value="/var/lib/jenkins/tools/Maven/Maven//bin"/>
    <property name="BUILD_URL" value="http://ci.md-5.net/job/Spigot/1649/"/>
    <property name="java.vendor.url.bug" value="http://bugreport.sun.com/bugreport/"/>
    <property name="MAVEN_OPTS" value="-Dbuild.number=1649"/>
    <property name="java.awt.graphicsenv" value="sun.awt.X11GraphicsEnvironment"/>
    <property name="os.arch" value="amd64"/>
    <property name="java.ext.dirs" value="/usr/lib/jvm/java-7-openjdk-amd64/jre/lib/ext:/usr/java/packages/lib/ext"/>
    <property name="user.dir" value="/var/lib/jenkins/jobs/Spigot/workspace"/>
    <property name="JOB_URL" value="http://ci.md-5.net/job/Spigot/"/>
    <property name="line.separator" value="
"/>
    <property name="MAVEN_HOME" value="/var/lib/jenkins/tools/Maven/Maven/"/>
    <property name="java.vm.name" value="OpenJDK 64-Bit Server VM"/>
    <property name="BUILD_NUMBER" value="1649"/>
    <property name="JENKINS_URL" value="http://ci.md-5.net/"/>
    <property name="GIT_BRANCH" value="origin/master"/>
    <property name="GIT_COMMIT" value="25b4191f0ff904b2c413f16a09a156f7973221b4"/>
    <property name="file.encoding" value="UTF-8"/>
    <property name="LANG" value="en_US.UTF-8"/>
    <property name="maven3.interceptor" value="/var/lib/jenkins/plugins/maven-plugin/WEB-INF/lib/maven3-interceptor-1.5.jar"/>
    <property name="WORKSPACE" value="/var/lib/jenkins/jobs/Spigot/workspace"/>
    <property name="maven3.interceptor.common" value="/var/lib/jenkins/plugins/maven-plugin/WEB-INF/lib/maven3-interceptor-commons-1.5.jar"/>
    <property name="GIT_AUTHOR_EMAIL" value="staff@spigotmc.org"/>
    <property name="java.specification.version" value="1.7"/>
    <property name="USER" value="jenkins"/>
    <property name="GIT_URL" value="https://github.com/SpigotMC/Spigot.git"/>
  </properties>
  <testcase time="0.001" classname="org.bukkit.plugin.TimedRegisteredListenerTest" name="testEventClass"/>
</testsuite>